--------------------------------------------------------------------------------
Welcome to qfep version: 6.0.1
 
This version was compiled using: GCC version 11.5.0 20240719 (Red Hat 11.5.0-2)
 
And using the following compiler options: 
-cpp -D G95=1 -mtune=generic -march=x86-64-v2 -O3 -Wall -Wtabs -std=legacy -funroll-loops -ffree-line-length-none -fcray-pointer -fall-intrinsics -fstack-protector -fpre-include=/usr/include/finclude/math-vector-fortran.h

 
For command line options type qfep --help  or qcalc -h at the terminal.
 
If you are using the interactive mode and want to quit type "quit" or Ctrl-C.
--------------------------------------------------------------------------------
--> Number of energy files: # Number of files                                  =    50
--> No. of states, no. of predefined off-diag elements: # Number of states     =     2
# Number of off-diagonal elements                                              =     0
--> Give kT & num. of pts to skip & calculation mode: # kT                     = 0.592
# Number of data points to skip                                                =    50
# Only QQ interactions will be considered                                      =     0
--> Give number of gap-bins: # Number of gap-bins                              =    50
--> Give minimum # pts/bin: # Minimum number of points per bin                 =    50
--> Give alpha for state  2                                                     # Alpha for state  2              =  0.00
--> Number of off-diagonal elements: # Number of off-diagonal elements         =     0
--> linear combination of states defining reaction coord: # Linear combination coefficients=    1.00    0.00


# Part 0: Average energies for all states in all files
# file             state   pts   lambda    EQtot   EQbond  EQang   EQtor   EQimp    EQel   EQvdW  Eel_qq  EvdW_qq Eel_qp  EvdW_qp Eel_qw EvdW_qw Eqrstr
--> Name of file number   1:                                                     
md_2_1000_0000.en      1    949 1.000000  -92.89    0.00    0.00    0.00    0.00  -66.32  -26.58    5.31    0.86  -71.60  -16.80   -0.03  -10.64    0.00
md_2_1000_0000.en      2    949 0.000000  -75.84    0.00    0.00    0.00    0.00  -67.25   -8.60    4.00    0.98  -70.80   -6.99   -0.44   -2.59    0.00
--> Name of file number   2:                                                     
md_2_0938_0062.en      1    949 0.938000  -91.63    0.00    0.00    0.00    0.00  -67.02  -24.62    5.88    1.09  -74.25  -14.92    1.36  -10.79    0.00
md_2_0938_0062.en      2    949 0.062000  -75.69    0.00    0.00    0.00    0.00  -67.95   -7.74    4.55    1.11  -73.50   -5.97    1.00   -2.88    0.00
--> Name of file number   3:                                                     
md_2_0879_0121.en      1    949 0.879000  -92.62    0.00    0.00    0.00    0.00  -67.72  -24.90    5.41    1.06  -73.42  -15.43    0.29  -10.53    0.00
md_2_0879_0121.en      2    949 0.121000  -76.12    0.00    0.00    0.00    0.00  -68.76   -7.36    4.46    1.05  -73.11   -5.70   -0.10   -2.71    0.00
--> Name of file number   4:                                                     
md_2_0823_0177.en      1    949 0.823000  -91.00    0.00    0.00    0.00    0.00  -65.58  -25.43    4.43    1.19  -66.24  -17.30   -3.76   -9.32    0.00
md_2_0823_0177.en      2    949 0.177000  -74.50    0.00    0.00    0.00    0.00  -66.51   -7.99    3.40    1.14  -65.82   -7.02   -4.09   -2.11    0.00
--> Name of file number   5:                                                     
md_2_0771_0229.en      1    949 0.771000  -91.40    0.00    0.00    0.00    0.00  -65.92  -25.48    4.80    1.05  -68.85  -16.42   -1.86  -10.11    0.00
md_2_0771_0229.en      2    949 0.229000  -74.99    0.00    0.00    0.00    0.00  -66.93   -8.06    3.72    1.09  -68.67   -6.61   -1.98   -2.54    0.00
--> Name of file number   6:                                                     
md_2_0722_0278.en      1    949 0.722000  -91.36    0.00    0.00    0.00    0.00  -66.79  -24.57    4.46    1.39  -66.43  -16.73   -4.82   -9.23    0.00
md_2_0722_0278.en      2    949 0.278000  -75.57    0.00    0.00    0.00    0.00  -67.71   -7.86    3.55    1.21  -66.28   -7.01   -4.98   -2.07    0.00
--> Name of file number   7:                                                     
md_2_0676_0324.en      1    949 0.676000  -90.78    0.00    0.00    0.00    0.00  -65.96  -24.82    4.87    1.22  -68.54  -16.86   -2.29   -9.18    0.00
md_2_0676_0324.en      2    949 0.324000  -75.22    0.00    0.00    0.00    0.00  -66.95   -8.27    3.83    1.02  -68.27   -7.22   -2.51   -2.07    0.00
--> Name of file number   8:                                                     
md_2_0633_0367.en      1    949 0.633000  -90.13    0.00    0.00    0.00    0.00  -65.97  -24.15    4.41    1.37  -66.24  -17.01   -4.15   -8.51    0.00
md_2_0633_0367.en      2    949 0.367000  -74.96    0.00    0.00    0.00    0.00  -66.94   -8.02    3.43    1.11  -65.91   -7.14   -4.46   -1.99    0.00
--> Name of file number   9:                                                     
md_2_0592_0408.en      1    949 0.592000  -90.63    0.00    0.00    0.00    0.00  -66.47  -24.16    5.42    1.47  -71.64  -15.70   -0.25   -9.93    0.00
md_2_0592_0408.en      2    949 0.408000  -75.75    0.00    0.00    0.00    0.00  -67.46   -8.30    4.34    0.94  -71.41   -6.52   -0.39   -2.72    0.00
--> Name of file number  10:                                                     
md_2_0554_0446.en      1    949 0.554000  -90.89    0.00    0.00    0.00    0.00  -68.62  -22.27    5.34    1.59  -73.58  -14.34   -0.38   -9.52    0.00
md_2_0554_0446.en      2    949 0.446000  -76.55    0.00    0.00    0.00    0.00  -69.70   -6.85    4.35    1.04  -73.32   -5.36   -0.73   -2.53    0.00
--> Name of file number  11:                                                     
md_2_0518_0482.en      1    949 0.518000  -91.16    0.00    0.00    0.00    0.00  -67.89  -23.27    5.27    1.50  -70.76  -15.13   -2.39   -9.64    0.00
md_2_0518_0482.en      2    949 0.482000  -76.77    0.00    0.00    0.00    0.00  -68.88   -7.88    4.27    0.97  -70.47   -6.39   -2.69   -2.47    0.00
--> Name of file number  12:                                                     
md_2_0484_0516.en      1    949 0.484000  -89.35    0.00    0.00    0.00    0.00  -66.62  -22.73    5.58    1.18  -70.64  -14.35   -1.56   -9.55    0.00
md_2_0484_0516.en      2    949 0.516000  -75.86    0.00    0.00    0.00    0.00  -67.51   -8.35    4.14    0.92  -69.90   -6.94   -1.75   -2.34    0.00
--> Name of file number  13:                                                     
md_2_0452_0548.en      1    949 0.452000  -89.15    0.00    0.00    0.00    0.00  -68.43  -20.72    6.16    1.54  -73.21  -12.72   -1.37   -9.55    0.00
md_2_0452_0548.en      2    949 0.548000  -76.36    0.00    0.00    0.00    0.00  -69.31   -7.05    4.71    0.97  -72.19   -5.40   -1.83   -2.62    0.00
--> Name of file number  14:                                                     
md_2_0422_0578.en      1    949 0.422000  -89.47    0.00    0.00    0.00    0.00  -68.34  -21.13    6.06    1.68  -72.47  -13.26   -1.94   -9.55    0.00
md_2_0422_0578.en      2    949 0.578000  -76.61    0.00    0.00    0.00    0.00  -69.18   -7.43    4.69    0.97  -71.49   -5.44   -2.37   -2.96    0.00
--> Name of file number  15:                                                     
md_2_0394_0606.en      1    949 0.394000  -87.94    0.00    0.00    0.00    0.00  -66.69  -21.25    5.71    1.58  -71.97  -13.94   -0.43   -8.89    0.00
md_2_0394_0606.en      2    949 0.606000  -75.76    0.00    0.00    0.00    0.00  -67.62   -8.14    4.36    0.93  -71.23   -6.57   -0.75   -2.50    0.00
--> Name of file number  16:                                                     
md_2_0368_0632.en      1    949 0.368000  -87.25    0.00    0.00    0.00    0.00  -66.86  -20.38    5.90    1.47  -72.46  -13.17   -0.30   -8.68    0.00
md_2_0368_0632.en      2    949 0.632000  -75.91    0.00    0.00    0.00    0.00  -67.78   -8.12    4.43    1.00  -71.52   -6.13   -0.70   -2.99    0.00
--> Name of file number  17:                                                     
md_2_0343_0657.en      1    949 0.343000  -88.15    0.00    0.00    0.00    0.00  -68.32  -19.84    6.21    1.63  -73.11  -12.71   -1.41   -8.76    0.00
md_2_0343_0657.en      2    949 0.657000  -76.95    0.00    0.00    0.00    0.00  -69.19   -7.76    4.69    1.02  -71.99   -6.00   -1.88   -2.78    0.00
--> Name of file number  18:                                                     
md_2_0319_0681.en      1    949 0.319000  -85.85    0.00    0.00    0.00    0.00  -66.60  -19.25    5.43    1.70  -70.88  -13.98   -1.16   -6.96    0.00
md_2_0319_0681.en      2    949 0.681000  -75.83    0.00    0.00    0.00    0.00  -67.58   -8.24    4.10    0.94  -70.15   -6.73   -1.54   -2.45    0.00
--> Name of file number  19:                                                     
md_2_0297_0703.en      1    949 0.297000  -86.26    0.00    0.00    0.00    0.00  -66.38  -19.88    5.03    2.03  -68.59  -14.52   -2.82   -7.39    0.00
md_2_0297_0703.en      2    949 0.703000  -75.40    0.00    0.00    0.00    0.00  -67.30   -8.09    4.02    1.01  -68.23   -6.79   -3.09   -2.31    0.00
--> Name of file number  20:                                                     
md_2_0276_0724.en      1    949 0.276000  -84.70    0.00    0.00    0.00    0.00  -65.86  -18.84    4.87    2.11  -67.95  -14.12   -2.78   -6.83    0.00
md_2_0276_0724.en      2    949 0.724000  -75.19    0.00    0.00    0.00    0.00  -66.77   -8.42    3.72    0.99  -67.53   -7.05   -2.96   -2.36    0.00
--> Name of file number  21:                                                     
md_2_0257_0743.en      1    949 0.257000  -83.54    0.00    0.00    0.00    0.00  -66.43  -17.11    4.85    2.00  -69.44  -13.33   -1.84   -5.78    0.00
md_2_0257_0743.en      2    949 0.743000  -75.41    0.00    0.00    0.00    0.00  -67.41   -7.99    3.70    1.01  -69.07   -6.69   -2.04   -2.31    0.00
--> Name of file number  22:                                                     
md_2_0239_0761.en      1    949 0.239000  -81.42    0.00    0.00    0.00    0.00  -66.58  -14.84    4.87    2.20  -67.21  -15.14   -4.23   -1.89    0.00
md_2_0239_0761.en      2    949 0.761000  -76.19    0.00    0.00    0.00    0.00  -67.40   -8.79    3.53    0.94  -66.64   -7.53   -4.29   -2.21    0.00
--> Name of file number  23:                                                     
md_2_0221_0779.en      1    949 0.221000  -80.49    0.00    0.00    0.00    0.00  -66.12  -14.36    5.27    2.37  -68.46  -14.45   -2.93   -2.28    0.00
md_2_0221_0779.en      2    949 0.779000  -75.67    0.00    0.00    0.00    0.00  -66.92   -8.76    3.87    0.90  -67.74   -7.19   -3.04   -2.47    0.00
--> Name of file number  24:                                                     
md_2_0205_0795.en      1    949 0.205000  -79.77    0.00    0.00    0.00    0.00  -66.78  -12.99    4.80    1.89  -68.11  -13.27   -3.46   -1.61    0.00
md_2_0205_0795.en      2    949 0.795000  -76.38    0.00    0.00    0.00    0.00  -67.61   -8.76    3.47    1.05  -67.65   -7.18   -3.44   -2.63    0.00
--> Name of file number  25:                                                     
md_2_0190_0810.en      1    949 0.190000  -79.85    0.00    0.00    0.00    0.00  -66.18  -13.67    4.75    1.87  -67.35  -13.69   -3.58   -1.85    0.00
md_2_0190_0810.en      2    949 0.810000  -75.83    0.00    0.00    0.00    0.00  -67.00   -8.83    3.43    0.98  -66.95   -7.19   -3.48   -2.61    0.00
--> Name of file number  26:                                                     
md_2_0175_0825.en      1    949 0.175000  -81.06    0.00    0.00    0.00    0.00  -66.40  -14.66    4.56    1.92  -67.37  -13.40   -3.59   -3.18    0.00
md_2_0175_0825.en      2    949 0.825000  -75.82    0.00    0.00    0.00    0.00  -67.27   -8.55    3.27    1.07  -66.94   -7.33   -3.60   -2.28    0.00
--> Name of file number  27:                                                     
md_2_0162_0838.en      1    949 0.162000  -75.51    0.00    0.00    0.00    0.00  -65.55   -9.97    4.90    2.07  -69.14  -11.39   -1.31   -0.64    0.00
md_2_0162_0838.en      2    949 0.838000  -75.01    0.00    0.00    0.00    0.00  -66.37   -8.65    3.55    1.03  -68.54   -6.79   -1.38   -2.89    0.00
--> Name of file number  28:                                                     
md_2_0149_0851.en      1    949 0.149000  -72.14    0.00    0.00    0.00    0.00  -65.84   -6.30    4.41    1.77  -67.37   -9.06   -2.87    0.99    0.00
md_2_0149_0851.en      2    949 0.851000  -75.35    0.00    0.00    0.00    0.00  -66.66   -8.69    3.17    1.05  -66.84   -7.34   -2.99   -2.40    0.00
--> Name of file number  29:                                                     
md_2_0137_0863.en      1    949 0.137000  -70.73    0.00    0.00    0.00    0.00  -65.93   -4.81    3.32    2.04  -64.28  -10.27   -4.96    3.41    0.00
md_2_0137_0863.en      2    949 0.863000  -75.50    0.00    0.00    0.00    0.00  -66.77   -8.73    2.31    1.37  -64.08   -7.38   -4.99   -2.73    0.00
--> Name of file number  30:                                                     
md_2_0126_0874.en      1    949 0.126000  -69.59    0.00    0.00    0.00    0.00  -66.12   -3.47    3.97    2.40  -65.13  -12.12   -4.95    6.25    0.00
md_2_0126_0874.en      2    949 0.874000  -75.65    0.00    0.00    0.00    0.00  -66.99   -8.66    2.84    1.13  -64.64   -7.52   -5.19   -2.27    0.00
--> Name of file number  31:                                                     
md_2_0115_0885.en      1    949 0.115000  -69.61    0.00    0.00    0.00    0.00  -66.12   -3.49    4.57    2.43  -66.42  -12.37   -4.28    6.45    0.00
md_2_0115_0885.en      2    949 0.885000  -75.42    0.00    0.00    0.00    0.00  -66.98   -8.45    3.30    1.09  -66.05   -6.93   -4.23   -2.60    0.00
--> Name of file number  32:                                                     
md_2_0105_0895.en      1    949 0.105000  -65.38    0.00    0.00    0.00    0.00  -65.44    0.06    5.44    2.88  -68.78  -12.06   -2.09    9.24    0.00
md_2_0105_0895.en      2    949 0.895000  -74.91    0.00    0.00    0.00    0.00  -66.29   -8.62    3.99    1.00  -68.36   -6.72   -1.92   -2.90    0.00
--> Name of file number  33:                                                     
md_2_0096_0904.en      1    949 0.096000  -65.45    0.00    0.00    0.00    0.00  -66.95    1.50    5.86    2.85  -72.07   -7.28   -0.73    5.94    0.00
md_2_0096_0904.en      2    949 0.904000  -76.46    0.00    0.00    0.00    0.00  -67.84   -8.62    4.32    1.00  -71.56   -6.51   -0.61   -3.11    0.00
--> Name of file number  34:                                                     
md_2_0087_0913.en      1    949 0.087000  -56.48    0.00    0.00    0.00    0.00  -67.18   10.69    5.82    2.92  -71.04   -2.65   -1.95   10.42    0.00
md_2_0087_0913.en      2    949 0.913000  -76.54    0.00    0.00    0.00    0.00  -68.00   -8.54    4.29    1.01  -70.31   -6.54   -1.98   -3.01    0.00
--> Name of file number  35:                                                     
md_2_0079_0921.en      1    949 0.079000  -57.00    0.00    0.00    0.00    0.00  -65.47    8.46    4.91    2.12  -68.38   -1.65   -1.99    7.99    0.00
md_2_0079_0921.en      2    949 0.921000  -75.20    0.00    0.00    0.00    0.00  -66.44   -8.76    3.60    0.97  -67.81   -6.97   -2.23   -2.76    0.00
--> Name of file number  36:                                                     
md_2_0071_0929.en      1    949 0.071000  -51.24    0.00    0.00    0.00    0.00  -66.62   15.39    6.30    3.04  -70.71   -2.69   -2.21   15.04    0.00
md_2_0071_0929.en      2    949 0.929000  -75.66    0.00    0.00    0.00    0.00  -67.52   -8.14    4.71    0.97  -69.70   -6.44   -2.53   -2.67    0.00
--> Name of file number  37:                                                     
md_2_0064_0936.en      1    949 0.064000  -52.25    0.00    0.00    0.00    0.00  -66.63   14.38    6.18    3.06  -70.13   -4.29   -2.68   15.61    0.00
md_2_0064_0936.en      2    949 0.936000  -75.73    0.00    0.00    0.00    0.00  -67.49   -8.24    4.60    0.99  -69.31   -6.18   -2.77   -3.06    0.00
--> Name of file number  38:                                                     
md_2_0057_0943.en      1    949 0.057000  -28.65    0.00    0.00    0.00    0.00  -65.48   36.82    3.51    2.63  -64.79    0.98   -4.20   33.21    0.00
md_2_0057_0943.en      2    949 0.943000  -75.12    0.00    0.00    0.00    0.00  -66.44   -8.68    2.52    1.28  -64.74   -7.02   -4.22   -2.94    0.00
--> Name of file number  39:                                                     
md_2_0050_0950.en      1    949 0.050000   -1.20    0.00    0.00    0.00    0.00  -65.37   64.17    3.55    2.36  -64.10   14.86   -4.81   46.95    0.00
md_2_0050_0950.en      2    949 0.950000  -75.07    0.00    0.00    0.00    0.00  -66.35   -8.72    2.49    1.28  -64.03   -7.28   -4.81   -2.72    0.00
--> Name of file number  40:                                                     
md_2_0044_0956.en      1    949 0.044000   -5.22    0.00    0.00    0.00    0.00  -65.83   60.61    4.37    2.32  -66.11   13.93   -4.09   44.35    0.00
md_2_0044_0956.en      2    949 0.956000  -74.95    0.00    0.00    0.00    0.00  -66.75   -8.19    3.14    1.05  -65.60   -7.16   -4.29   -2.08    0.00
--> Name of file number  41:                                                     
md_2_0039_0961.en      1    949 0.039000    1.44    0.00    0.00    0.00    0.00  -64.69   66.12    4.75    2.01  -65.84   21.49   -3.60   42.63    0.00
md_2_0039_0961.en      2    949 0.961000  -74.80    0.00    0.00    0.00    0.00  -65.51   -9.29    3.47    1.08  -65.30   -7.32   -3.68   -3.05    0.00
--> Name of file number  42:                                                     
md_2_0033_0967.en      1    949 0.033000   30.55    0.00    0.00    0.00    0.00  -65.94   96.49    6.11    3.49  -69.01   13.38   -3.03   79.62    0.00
md_2_0033_0967.en      2    949 0.967000  -75.70    0.00    0.00    0.00    0.00  -66.82   -8.88    4.52    1.02  -67.97   -7.15   -3.37   -2.75    0.00
--> Name of file number  43:                                                     
md_2_0028_0972.en      1    949 0.028000   33.13    0.00    0.00    0.00    0.00  -64.94   98.07    5.16    2.86  -65.70   13.07   -4.40   82.14    0.00
md_2_0028_0972.en      2    949 0.972000  -74.65    0.00    0.00    0.00    0.00  -65.76   -8.89    3.76    1.08  -64.81   -7.37   -4.71   -2.60    0.00
--> Name of file number  44:                                                     
md_2_0023_0977.en      1    949 0.023000   35.02    0.00    0.00    0.00    0.00  -67.31  102.32    6.32    5.19  -70.28    2.95   -3.35   94.19    0.00
md_2_0023_0977.en      2    949 0.977000  -76.11    0.00    0.00    0.00    0.00  -68.18   -7.93    4.73    0.94  -69.33   -6.22   -3.58   -2.65    0.00
--> Name of file number  45:                                                     
md_2_0019_0981.en      1    949 0.019000   48.86    0.00    0.00    0.00    0.00  -66.50  115.37    5.79    4.28  -68.69   19.34   -3.61   91.75    0.00
md_2_0019_0981.en      2    949 0.981000  -76.12    0.00    0.00    0.00    0.00  -67.34   -8.79    4.28    0.97  -67.69   -7.24   -3.93   -2.52    0.00
--> Name of file number  46:                                                     
md_2_0015_0985.en      1    949 0.015000   74.95    0.00    0.00    0.00    0.00  -65.38  140.33    5.55    3.34  -68.94   42.19   -1.99   94.80    0.00
md_2_0015_0985.en      2    949 0.985000  -75.73    0.00    0.00    0.00    0.00  -66.27   -9.46    4.08    0.95  -68.03   -7.46   -2.32   -2.95    0.00
--> Name of file number  47:                                                     
md_2_0011_0989.en      1    949 0.011000   62.06    0.00    0.00    0.00    0.00  -66.89  128.95    6.15    4.89  -71.64   36.45   -1.41   87.61    0.00
md_2_0011_0989.en      2    949 0.989000  -76.51    0.00    0.00    0.00    0.00  -67.85   -8.66    4.58    1.09  -70.83   -6.46   -1.60   -3.29    0.00
--> Name of file number  48:                                                     
md_2_0007_0993.en      1    949 0.007000  126.81    0.00    0.00    0.00    0.00  -66.06  192.87    6.49    5.51  -70.42  100.01   -2.13   87.36    0.00
md_2_0007_0993.en      2    949 0.993000  -75.20    0.00    0.00    0.00    0.00  -66.96   -8.23    4.82    1.09  -69.15   -6.81   -2.64   -2.51    0.00
--> Name of file number  49:                                                     
md_2_0003_0997.en      1    949 0.003000  142.55    0.00    0.00    0.00    0.00  -65.64  208.19    5.72   14.80  -68.71  108.74   -2.65   84.65    0.00
md_2_0003_0997.en      2    949 0.997000  -75.16    0.00    0.00    0.00    0.00  -66.52   -8.64    4.22    1.03  -67.55   -6.77   -3.19   -2.90    0.00
--> Name of file number  50:                                                     
md_2_0000_1000.en      1    949 0.000000  250.69    0.00    0.00    0.00    0.00  -65.45  316.14    5.47    9.06  -66.92  279.12   -3.99   27.97    0.00
md_2_0000_1000.en      2    949 1.000000  -75.39    0.00    0.00    0.00    0.00  -66.33   -9.06    4.01    1.05  -65.83   -7.17   -4.51   -2.94    0.00


# Part 1: Free energy perturbation summary:
# lambda(1)      dGf sum(dGf)      dGr sum(dGr)     <dG>
   1.000000    0.000    0.000   -0.997   -2.951    0.000
   0.938000    1.049    1.049   -0.979   -1.954    1.023
   0.879000    0.933    1.982   -0.932   -0.975    1.979
   0.823000    0.919    2.901   -0.859   -0.043    2.905
   0.771000    0.851    3.752   -0.780    0.816    3.760
   0.722000    0.798    4.550   -0.722    1.596    4.549
   0.676000    0.720    5.270   -0.661    2.318    5.270
   0.633000    0.663    5.933   -0.616    2.979    5.931
   0.592000    0.614    6.547   -0.551    3.595    6.546
   0.554000    0.560    7.106   -0.523    4.146    7.102
   0.518000    0.511    7.617   -0.465    4.669    7.618
   0.484000    0.485    8.102   -0.414    5.134    8.093
   0.452000    0.426    8.528   -0.390    5.548    8.513
   0.422000    0.379    8.907   -0.345    5.938    8.898
   0.394000    0.355    9.262   -0.302    6.283    9.248
   0.368000    0.312    9.575   -0.286    6.585    9.556
   0.343000    0.277    9.852   -0.250    6.871    9.837
   0.319000    0.263   10.114   -0.245    7.121   10.093
   0.297000    0.212   10.326   -0.206    7.366   10.322
   0.276000    0.222   10.548   -0.160    7.572   10.536
   0.257000    0.175   10.723   -0.104    7.732   10.703
   0.239000    0.141   10.865   -0.097    7.836   10.826
   0.221000    0.084   10.948   -0.064    7.933   10.916
   0.205000    0.068   11.016   -0.068    7.997   10.982
   0.190000    0.041   11.058   -0.087    8.065   11.037
   0.175000    0.052   11.110   -0.017    8.152   11.106
   0.162000    0.061   11.171    0.031    8.169   11.145
   0.149000   -0.005   11.166    0.045    8.137   11.127
   0.137000   -0.048   11.118    0.051    8.093   11.081
   0.126000   -0.064   11.054    0.051    8.041   11.023
   0.115000   -0.085   10.969    0.084    7.991   10.955
   0.105000   -0.070   10.899    0.084    7.906   10.878
   0.096000   -0.096   10.804    0.166    7.822   10.788
   0.087000   -0.116   10.687    0.133    7.656   10.647
   0.079000   -0.173   10.514    0.181    7.523   10.494
   0.071000   -0.160   10.354    0.150    7.342   10.323
   0.064000   -0.183   10.171    0.293    7.192   10.157
   0.057000   -0.180    9.990    0.483    6.899    9.920
   0.050000   -0.364    9.627    0.380    6.416    9.497
   0.044000   -0.468    9.158    0.352    6.035    9.072
   0.039000   -0.379    8.779    0.599    5.683    8.706
   0.033000   -0.502    8.277    0.506    5.084    8.156
   0.028000   -0.557    7.720    0.520    4.578    7.624
   0.023000   -0.573    7.147    0.480    4.057    7.078
   0.019000   -0.467    6.680    0.580    3.577    6.604
   0.015000   -0.518    6.162    0.538    2.997    6.055
   0.011000   -0.627    5.536    0.748    2.459    5.473
   0.007000   -0.571    4.965    0.802    1.711    4.813
   0.003000   -0.884    4.081    0.909    0.909    3.970
   0.000000   -0.723    3.358    0.000    0.000    3.155

# Min energy-gap is:   -100.55
# Max energy-gap is:    716.92


# Part 2: Reaction free energy summary:
# Lambda(1)  bin Energy gap      dGa     dGb     dGg    # pts    c1**2    c2**2
   1.000000    1     -92.37     0.00    13.97    -0.00    948    0.000    0.000
   0.938000    1     -92.37     0.03    12.90     0.03    945    0.000    0.000
   0.879000    1     -92.37    -0.04    14.80    -0.04    948    0.000    0.000
   0.823000    1     -92.37    -0.09    13.58    -0.09    942    0.000    0.000
   0.771000    1     -92.37    -0.11    14.73    -0.11    942    0.000    0.000
   0.722000    1     -92.37    -0.04    14.10    -0.04    938    0.000    0.000
   0.676000    1     -92.37    -0.06    13.79    -0.06    936    0.000    0.000
   0.633000    1     -92.37    -0.18    13.51    -0.18    925    0.000    0.000
   0.592000    1     -92.37    -0.02    14.13    -0.02    929    0.000    0.000
   0.554000    1     -92.37     0.07    13.73     0.07    936    0.000    0.000
   0.518000    1     -92.37    -0.01    13.96    -0.01    934    0.000    0.000
   0.484000    1     -92.37     0.09    13.70     0.09    889    0.000    0.000
   0.484000    2     -76.02     2.13    11.14     2.13     60    0.000    0.000
   0.452000    1     -92.37     0.43    13.40     0.43    896    0.000    0.000
   0.452000    2     -76.02     2.58    11.82     2.58     53    0.000    0.000
   0.422000    1     -92.37     0.28    13.51     0.28    895    0.000    0.000
   0.422000    2     -76.02     2.69    11.57     2.69     54    0.000    0.000
   0.394000    1     -92.37     0.40    13.56     0.40    826    0.000    0.000
   0.394000    2     -76.02     2.52    11.81     2.52    123    0.000    0.000
   0.368000    1     -92.37    -0.07    13.44    -0.07    745    0.000    0.000
   0.368000    2     -76.02     3.19    11.11     3.19    203    0.000    0.000
   0.343000    1     -92.37     0.28    13.35     0.28    810    0.000    0.000
   0.343000    2     -76.02     3.74    10.70     3.74    139    0.000    0.000
   0.319000    1     -92.37    -0.10    13.46    -0.10    651    0.000    0.000
   0.319000    2     -76.02     3.31     9.72     3.31    296    0.000    0.000
   0.297000    1     -92.37    -0.34    13.68    -0.34    677    0.000    0.000
   0.297000    2     -76.02     3.17    10.92     3.17    272    0.000    0.000
   0.276000    1     -92.37    -0.31    13.43    -0.31    561    0.000    0.000
   0.276000    2     -76.02     3.30    11.04     3.30    388    0.000    0.000
   0.257000    1     -92.37     0.52    13.31     0.52    450    0.000    0.000
   0.257000    2     -76.02     3.33    11.05     3.33    497    0.000    0.000
   0.239000    1     -92.37     0.57    12.96     0.57    341    0.000    0.000
   0.239000    2     -76.02     3.89    10.29     3.89    590    0.000    0.000
   0.221000    1     -92.37     0.32    13.04     0.32    314    0.000    0.000
   0.221000    2     -76.02     4.19    10.68     4.19    593    0.000    0.000
   0.205000    1     -92.37     0.20    12.90     0.20    285    0.000    0.000
   0.205000    2     -76.02     4.64    10.52     4.64    606    0.000    0.000
   0.205000    3     -59.67    16.76     8.19     8.19     58    0.000    0.000
   0.190000    1     -92.37    -1.34    12.88    -1.34    286    0.000    0.000
   0.190000    2     -76.02     3.85    10.84     3.85    615    0.000    0.000
   0.175000    1     -92.37    -1.13    12.90    -1.13    347    0.000    0.000
   0.175000    2     -76.02     3.63    11.07     3.63    567    0.000    0.000
   0.162000    1     -92.37    -0.63    12.81    -0.63    160    0.000    0.000
   0.162000    2     -76.02     3.56    10.96     3.56    621    0.000    0.000
   0.162000    3     -59.67    16.64     8.66     8.66    158    0.000    0.000
   0.149000    1     -92.37    -0.49    12.57    -0.49     53    0.000    0.000
   0.149000    2     -76.02     4.64    10.79     4.64    634    0.000    0.000
   0.149000    3     -59.67    16.40     8.78     8.78    241    0.000    0.000
   0.137000    1     -92.37    -1.50    12.38    -1.50     67    0.000    0.000
   0.137000    2     -76.02     2.20    10.73     2.20    555    0.000    0.000
   0.137000    3     -59.67    14.25     8.75     8.75    278    0.000    0.000
   0.126000    1     -92.37    -1.90    12.26    -1.90     87    0.000    0.000
   0.126000    2     -76.02     5.06    10.76     5.06    524    0.000    0.000
   0.126000    3     -59.67    16.96     8.87     8.87    257    0.000    0.000
   0.126000    4     -43.32    31.40     6.93     6.93     58    0.000    0.000
   0.115000    1     -92.37    -1.53    12.12    -1.53     93    0.000    0.000
   0.115000    2     -76.02     4.01    10.70     4.01    466    0.000    0.000
   0.115000    3     -59.67    15.52     9.06     9.06    318    0.000    0.000
   0.115000    4     -43.32    31.94     7.24     7.24     70    0.000    0.000
   0.105000    2     -76.02     4.29    10.59     4.29    406    0.000    0.000
   0.105000    3     -59.67    16.19     9.21     9.21    387    0.000    0.000
   0.105000    4     -43.32    29.52     7.71     7.71    100    0.000    0.000
   0.096000    1     -92.37    -0.02    11.60    -0.02     61    0.000    0.000
   0.096000    2     -76.02     4.58    10.54     4.58    419    0.000    0.000
   0.096000    3     -59.67    18.14     9.13     9.13    296    0.000    0.000
   0.096000    4     -43.32    32.10     7.58     7.58    136    0.000    0.000
   0.087000    2     -76.02     5.69    10.24     5.69    234    0.000    0.000
   0.087000    3     -59.67    15.04     9.07     9.07    410    0.000    0.000
   0.087000    4     -43.32    33.71     7.65     7.65    203    0.000    0.000
   0.087000    5     -26.97    47.10     6.50     6.50     88    0.000    0.000
   0.079000    2     -76.02     4.64    10.26     4.64    254    0.000    0.000
   0.079000    3     -59.67    16.43     9.16     9.16    388    0.000    0.000
   0.079000    4     -43.32    31.70     7.95     7.95    229    0.000    0.000
   0.079000    5     -26.97    47.34     6.73     6.73     54    0.000    0.000
   0.071000    2     -76.02     1.99    10.07     1.99    147    0.000    0.000
   0.071000    3     -59.67    17.71     9.07     9.07    357    0.000    0.000
   0.071000    4     -43.32    32.61     8.01     8.01    293    0.000    0.000
   0.071000    5     -26.97    47.32     6.85     6.85    109    0.000    0.000
   0.064000    2     -76.02     3.26    10.00     3.26    177    0.000    0.000
   0.064000    3     -59.67    16.75     9.06     9.06    314    0.000    0.000
   0.064000    4     -43.32    31.49     8.04     8.04    284    0.000    0.000
   0.064000    5     -26.97    47.00     7.08     7.08    118    0.000    0.000
   0.057000    2     -76.02     7.16     9.67     7.15     56    0.000    0.000
   0.057000    3     -59.67    16.97     8.91     8.91    183    0.000    0.000
   0.057000    4     -43.32    32.68     8.01     8.01    203    0.000    0.000
   0.057000    5     -26.97    46.94     7.17     7.17    194    0.000    0.000
   0.057000    6     -10.63    62.13     6.22     6.22    133    0.000    0.000
   0.057000    7       5.72    74.08     5.33     5.33     92    0.000    0.000
   0.050000    4     -43.32    32.34     7.81     7.81    106    0.000    0.000
   0.050000    5     -26.97    47.21     7.02     7.02    150    0.000    0.000
   0.050000    6     -10.63    63.58     6.23     6.23    187    0.000    0.000
   0.050000    7       5.72    79.32     5.37     5.37    162    0.000    0.000
   0.050000    8      22.07    94.21     4.62     4.62    160    0.000    0.000
   0.050000    9      38.42   108.80     3.85     3.85    119    0.000    0.000
   0.044000    3     -59.67    17.76     8.35     8.35     58    0.000    0.000
   0.044000    4     -43.32    30.51     7.60     7.60    151    0.000    0.000
   0.044000    5     -26.97    46.30     6.95     6.95    160    0.000    0.000
   0.044000    6     -10.63    62.95     6.21     6.21    163    0.000    0.000
   0.044000    7       5.72    78.64     5.53     5.53    147    0.000    0.000
   0.044000    8      22.07    94.30     4.81     4.81    107    0.000    0.000
   0.044000    9      38.42   108.98     4.07     4.07     59    0.000    0.000
   0.039000    3     -59.67    18.27     7.98     7.98     57    0.000    0.000
   0.039000    4     -43.32    32.77     7.39     7.39    111    0.000    0.000
   0.039000    5     -26.97    47.01     6.78     6.78    159    0.000    0.000
   0.039000    6     -10.63    60.82     6.15     6.15    134    0.000    0.000
   0.039000    7       5.72    76.57     5.53     5.53    137    0.000    0.000
   0.039000    8      22.07    93.12     4.90     4.90    107    0.000    0.000
   0.039000    9      38.42   105.83     4.31     4.31     98    0.000    0.000
   0.039000   10      54.77   123.31     3.65     3.65     78    0.000    0.000
   0.033000    5     -26.97    46.84     6.51     6.51     65    0.000    0.000
   0.033000    6     -10.63    61.18     5.99     5.99     85    0.000    0.000
   0.033000    7       5.72    79.47     5.44     5.44    109    0.000    0.000
   0.033000    8      22.07    95.32     4.85     4.85    156    0.000    0.000
   0.033000    9      38.42   110.41     4.39     4.39    149    0.000    0.000
   0.033000   10      54.77   126.25     3.84     3.84    184    0.000    0.000
   0.033000   11      71.12   141.77     3.33     3.33     99    0.000    0.000
   0.028000    5     -26.97    42.99     6.25     6.25     94    0.000    0.000
   0.028000    6     -10.63    61.42     5.80     5.80    104    0.000    0.000
   0.028000    7       5.72    76.58     5.37     5.37    105    0.000    0.000
   0.028000    8      22.07    92.93     4.88     4.88    115    0.000    0.000
   0.028000    9      38.42   110.26     4.43     4.43    158    0.000    0.000
   0.028000   10      54.77   124.69     4.00     4.00    131    0.000    0.000
   0.028000   11      71.12   138.95     3.57     3.57    101    0.000    0.000
   0.028000   12      87.47   155.68     3.08     3.08     57    0.000    0.000
   0.023000    5     -26.97    47.63     5.90     5.90     57    0.000    0.000
   0.023000    6     -10.63    63.46     5.55     5.55     92    0.000    0.000
   0.023000    7       5.72    79.26     5.17     5.17    105    0.000    0.000
   0.023000    8      22.07    95.10     4.79     4.79    102    0.000    0.000
   0.023000    9      38.42   111.06     4.41     4.41    152    0.000    0.000
   0.023000   10      54.77   125.69     4.06     4.06    151    0.000    0.000
   0.023000   11      71.12   140.15     3.70     3.70    134    0.000    0.000
   0.023000   12      87.47   155.71     3.32     3.32     87    0.000    0.000
   0.019000    8      22.07    94.84     4.69     4.69     73    0.000    0.000
   0.019000    9      38.42   109.02     4.40     4.40    199    0.000    0.000
   0.019000   10      54.77   125.03     4.11     4.11    213    0.000    0.000
   0.019000   11      71.12   142.34     3.80     3.80    174    0.000    0.000
   0.019000   12      87.47   157.30     3.51     3.51    105    0.000    0.000
   0.015000    8      22.07    94.99     4.58     4.58     71    0.000    0.000
   0.015000    9      38.42   110.58     4.33     4.33    112    0.000    0.000
   0.015000   10      54.77   126.30     4.07     4.07    132    0.000    0.000
   0.015000   11      71.12   142.48     3.85     3.85    189    0.000    0.000
   0.015000   12      87.47   156.59     3.61     3.61    120    0.000    0.000
   0.015000   13     103.82   173.52     3.36     3.36    111    0.000    0.000
   0.015000   14     120.17   189.38     3.13     3.13     65    0.000    0.000
   0.011000    8      22.07    96.41     4.37     4.37    122    0.000    0.000
   0.011000    9      38.42   111.82     4.20     4.20    133    0.000    0.000
   0.011000   10      54.77   125.02     4.02     4.02    165    0.000    0.000
   0.011000   11      71.12   139.85     3.87     3.87    179    0.000    0.000
   0.011000   12      87.47   159.13     3.67     3.67    115    0.000    0.000
   0.011000   13     103.82   174.64     3.50     3.50     90    0.000    0.000
   0.007000   10      54.77   127.52     3.89     3.89     74    0.000    0.000
   0.007000   11      71.12   141.04     3.79     3.79    119    0.000    0.000
   0.007000   12      87.47   157.56     3.67     3.67    107    0.000    0.000
   0.007000   13     103.82   174.82     3.56     3.56    103    0.000    0.000
   0.007000   14     120.17   190.40     3.45     3.45     94    0.000    0.000
   0.007000   15     136.52   206.01     3.33     3.33     77    0.000    0.000
   0.007000   16     152.87   220.50     3.22     3.22     54    0.000    0.000
   0.003000   11      71.12   140.78     3.53     3.53     96    0.000    0.000
   0.003000   12      87.47   154.52     3.49     3.49     86    0.000    0.000
   0.003000   13     103.82   171.76     3.43     3.43     87    0.000    0.000
   0.003000   14     120.17   190.39     3.38     3.38    102    0.000    0.000
   0.003000   15     136.52   207.12     3.34     3.34     90    0.000    0.000
   0.003000   16     152.87   223.92     3.29     3.29     73    0.000    0.000
   0.003000   17     169.22   240.69     3.23     3.23     56    0.000    0.000
   0.003000   19     201.92   271.94     3.14     3.14     56    0.000    0.000
   0.003000   20     218.27   287.98     3.10     3.10     52    0.000    0.000
   0.000000   18     185.57   254.51     3.15     3.15     72    0.000    0.000
   0.000000   19     201.92   268.77     3.15     3.15     99    0.000    0.000
   0.000000   20     218.27   283.47     3.15     3.15     94    0.000    0.000
   0.000000   21     234.62   304.09     3.15     3.15     70    0.000    0.000
   0.000000   22     250.96   321.10     3.15     3.15     53    0.000    0.000
   0.000000   29     365.41   438.04     3.15     3.15     50    0.000    0.000


# Part 3: Bin-averaged summary:
# bin  energy gap  <dGg> <dGg norm> pts  <c1**2> <c2**2> <r_xy>
   1    -92.37    -0.02     0.00  19817   0.000   0.000   0.000
   2    -76.02     3.88     3.90   9549   0.000   0.000   0.000
   3    -59.67     8.98     8.99   3760   0.000   0.000   0.000
   4    -43.32     7.79     7.81   1944   0.000   0.000   0.000
   5    -26.97     6.81     6.83   1248   0.000   0.000   0.000
   6    -10.63     6.07     6.09    898   0.000   0.000   0.000
   7      5.72     5.40     5.42    857   0.000   0.000   0.000
   8     22.07     4.72     4.74   1013   0.000   0.000   0.000
   9     38.42     4.30     4.32   1179   0.000   0.000   0.000
  10     54.77     3.98     4.00   1128   0.000   0.000   0.000
  11     71.12     3.72     3.74   1091   0.000   0.000   0.000
  12     87.47     3.52     3.54    677   0.000   0.000   0.000
  13    103.82     3.46     3.48    391   0.000   0.000   0.000
  14    120.17     3.34     3.36    261   0.000   0.000   0.000
  15    136.52     3.33     3.35    167   0.000   0.000   0.000
  16    152.87     3.26     3.28    127   0.000   0.000   0.000
  17    169.22     3.23     3.25     56   0.000   0.000   0.000
  18    185.57     3.15     3.17     72   0.000   0.000   0.000
  19    201.92     3.15     3.17    155   0.000   0.000   0.000
  20    218.27     3.13     3.15    146   0.000   0.000   0.000
  21    234.62     3.15     3.17     70   0.000   0.000   0.000
  22    250.96     3.15     3.17     53   0.000   0.000   0.000
  29    365.41     3.15     3.17     50   0.000   0.000   0.000


# Part 4: Termodynamic integration:
# lambda(1)      dGti    sum(dGti) 
   1.000000    0.000    0.000
   0.938000   17.052    1.023
   0.879000   15.949    1.980
   0.823000   16.500    2.904
   0.771000   16.506    3.760
   0.722000   16.404    4.549
   0.676000   15.784    5.270
   0.633000   15.557    5.930
   0.592000   15.165    6.546
   0.554000   14.879    7.101
   0.518000   14.339    7.618
   0.484000   14.392    8.092
   0.452000   13.493    8.513
   0.422000   12.789    8.897
   0.394000   12.852    9.248
   0.368000   12.175    9.554
   0.343000   11.342    9.835
   0.319000   11.203   10.090
   0.297000   10.024   10.320
   0.276000   10.862   10.534
   0.257000    9.514   10.701
   0.239000    8.138   10.822
   0.221000    5.226   10.912
   0.205000    4.812   10.978
   0.190000    3.390   11.033
   0.175000    4.023   11.103
   0.162000    5.241   11.140
   0.149000    0.501   11.122
   0.137000   -3.213   11.075
   0.126000   -4.765   11.015
   0.115000   -6.060   10.950
   0.105000   -5.812   10.873
   0.096000   -9.528   10.781
   0.087000  -11.016   10.641
   0.079000  -20.053   10.488
   0.071000  -18.200   10.317
   0.064000  -24.418   10.150
   0.057000  -23.480    9.905
   0.050000  -46.470    9.484
   0.044000  -73.868    9.053
   0.039000  -69.721    8.688
   0.033000  -76.238    8.141
   0.028000 -106.252    7.605
   0.023000 -107.781    7.058
   0.019000 -111.130    6.586
   0.015000 -124.986    6.035
   0.011000 -150.671    5.456
   0.007000 -138.565    4.775
   0.003000 -202.010    3.936
   0.000000 -217.709    3.120


# Part 5: Overlap sampling Lu et al:
# lambda(1)      dG    sum(dG) 
   1.000000    0.000    0.000
   0.938000    1.023    1.023
   0.879000    0.957    1.980
   0.823000    0.925    2.905
   0.771000    0.855    3.760
   0.722000    0.789    4.549
   0.676000    0.721    5.270
   0.633000    0.661    5.931
   0.592000    0.615    6.547
   0.554000    0.555    7.102
   0.518000    0.517    7.619
   0.484000    0.474    8.093
   0.452000    0.420    8.514
   0.422000    0.385    8.898
   0.394000    0.350    9.249
   0.368000    0.307    9.555
   0.343000    0.282    9.837
   0.319000    0.256   10.093
   0.297000    0.229   10.322
   0.276000    0.214   10.536
   0.257000    0.168   10.703
   0.239000    0.121   10.825
   0.221000    0.090   10.915
   0.205000    0.066   10.981
   0.190000    0.055   11.037
   0.175000    0.070   11.106
   0.162000    0.038   11.144
   0.149000   -0.018   11.127
   0.137000   -0.047   11.080
   0.126000   -0.058   11.021
   0.115000   -0.066   10.955
   0.105000   -0.077   10.878
   0.096000   -0.091   10.787
   0.087000   -0.140   10.647
   0.079000   -0.153   10.494
   0.071000   -0.170   10.324
   0.064000   -0.167   10.157
   0.057000   -0.240    9.917
   0.050000   -0.422    9.495
   0.044000   -0.427    9.068
   0.039000   -0.365    8.703
   0.033000   -0.549    8.154
   0.028000   -0.533    7.620
   0.023000   -0.547    7.073
   0.019000   -0.473    6.600
   0.015000   -0.550    6.050
   0.011000   -0.580    5.470
   0.007000   -0.669    4.801
   0.003000   -0.838    3.962
   0.000000   -0.812    3.150


# lambda(1)      dG    sum(dG) 
# Part 6: BAR Bennet:
   1.000000    0.000    0.000
   0.938000    1.023    1.023
   0.879000    0.957    1.980
   0.823000    0.924    2.905
   0.771000    0.856    3.761
   0.722000    0.789    4.549
   0.676000    0.721    5.270
   0.633000    0.661    5.931
   0.592000    0.616    6.547
   0.554000    0.555    7.102
   0.518000    0.517    7.619
   0.484000    0.474    8.093
   0.452000    0.421    8.514
   0.422000    0.385    8.899
   0.394000    0.350    9.249
   0.368000    0.306    9.555
   0.343000    0.282    9.837
   0.319000    0.255   10.092
   0.297000    0.230   10.322
   0.276000    0.214   10.536
   0.257000    0.168   10.704
   0.239000    0.120   10.824
   0.221000    0.091   10.915
   0.205000    0.066   10.981
   0.190000    0.056   11.036
   0.175000    0.070   11.106
   0.162000    0.038   11.143
   0.149000   -0.017   11.126
   0.137000   -0.048   11.078
   0.126000   -0.059   11.019
   0.115000   -0.065   10.955
   0.105000   -0.076   10.878
   0.096000   -0.092   10.786
   0.087000   -0.139   10.647
   0.079000   -0.153   10.494
   0.071000   -0.170   10.324
   0.064000   -0.167   10.157
   0.057000   -0.243    9.914
   0.050000   -0.420    9.493
   0.044000   -0.430    9.063
   0.039000   -0.364    8.699
   0.033000   -0.547    8.152
   0.028000   -0.535    7.617
   0.023000   -0.547    7.069
   0.019000   -0.473    6.597
   0.015000   -0.551    6.046
   0.011000   -0.578    5.467
   0.007000   -0.677    4.791
   0.003000   -0.833    3.957
   0.000000   -0.811    3.146
