--------------------------------------------------------------------------------
Welcome to qfep version: 6.0.1
 
This version was compiled using: GCC version 11.5.0 20240719 (Red Hat 11.5.0-2)
 
And using the following compiler options: 
-cpp -D G95=1 -mtune=generic -march=x86-64-v2 -O3 -Wall -Wtabs -std=legacy -funroll-loops -ffree-line-length-none -fcray-pointer -fall-intrinsics -fstack-protector -fpre-include=/usr/include/finclude/math-vector-fortran.h

 
For command line options type qfep --help  or qcalc -h at the terminal.
 
If you are using the interactive mode and want to quit type "quit" or Ctrl-C.
--------------------------------------------------------------------------------
--> Number of energy files: # Number of files                                  =    50
--> No. of states, no. of predefined off-diag elements: # Number of states     =     2
# Number of off-diagonal elements                                              =     0
--> Give kT & num. of pts to skip & calculation mode: # kT                     = 0.592
# Number of data points to skip                                                =    50
# Only QQ interactions will be considered                                      =     0
--> Give number of gap-bins: # Number of gap-bins                              =    50
--> Give minimum # pts/bin: # Minimum number of points per bin                 =    50
--> Give alpha for state  2                                                     # Alpha for state  2              =  0.00
--> Number of off-diagonal elements: # Number of off-diagonal elements         =     0
--> linear combination of states defining reaction coord: # Linear combination coefficients=    1.00    0.00


# Part 0: Average energies for all states in all files
# file             state   pts   lambda    EQtot   EQbond  EQang   EQtor   EQimp    EQel   EQvdW  Eel_qq  EvdW_qq Eel_qp  EvdW_qp Eel_qw EvdW_qw Eqrstr
--> Name of file number   1:                                                     
md_2_1000_0000.en      1    949 1.000000  -92.71    0.00    0.00    0.00    0.00  -65.68  -27.03    5.07    0.85  -67.68  -17.19   -3.08  -10.69    0.00
md_2_1000_0000.en      2    949 0.000000  -74.00    0.00    0.00    0.00    0.00  -66.62   -7.38    3.92    1.08  -66.75   -5.98   -3.78   -2.48    0.00
--> Name of file number   2:                                                     
md_2_0938_0062.en      1    949 0.938000  -92.52    0.00    0.00    0.00    0.00  -65.80  -26.72    4.78    1.27  -64.78  -17.48   -5.80  -10.52    0.00
md_2_0938_0062.en      2    949 0.062000  -74.53    0.00    0.00    0.00    0.00  -66.75   -7.78    3.82    1.24  -64.23   -6.62   -6.34   -2.40    0.00
--> Name of file number   3:                                                     
md_2_0879_0121.en      1    949 0.879000  -92.21    0.00    0.00    0.00    0.00  -65.48  -26.73    4.55    1.07  -62.76  -17.15   -7.27  -10.65    0.00
md_2_0879_0121.en      2    949 0.121000  -74.46    0.00    0.00    0.00    0.00  -66.23   -8.22    3.70    1.06  -62.11   -6.40   -7.83   -2.89    0.00
--> Name of file number   4:                                                     
md_2_0823_0177.en      1    949 0.823000  -90.71    0.00    0.00    0.00    0.00  -65.80  -24.91    4.01    1.34  -61.92  -16.10   -7.89  -10.14    0.00
md_2_0823_0177.en      2    949 0.177000  -74.43    0.00    0.00    0.00    0.00  -66.61   -7.83    3.09    1.28  -61.11   -6.52   -8.59   -2.59    0.00
--> Name of file number   5:                                                     
md_2_0771_0229.en      1    949 0.771000  -89.65    0.00    0.00    0.00    0.00  -65.97  -23.68    5.40    1.16  -68.12  -13.11   -3.25  -11.73    0.00
md_2_0771_0229.en      2    949 0.229000  -74.76    0.00    0.00    0.00    0.00  -66.78   -7.98    3.98    1.04  -66.97   -5.84   -3.79   -3.19    0.00
--> Name of file number   6:                                                     
md_2_0722_0278.en      1    949 0.722000  -90.23    0.00    0.00    0.00    0.00  -66.97  -23.26    6.10    1.07  -70.41  -11.78   -2.66  -12.55    0.00
md_2_0722_0278.en      2    949 0.278000  -75.53    0.00    0.00    0.00    0.00  -67.85   -7.68    4.54    1.03  -69.10   -5.06   -3.29   -3.65    0.00
--> Name of file number   7:                                                     
md_2_0676_0324.en      1    949 0.676000  -90.01    0.00    0.00    0.00    0.00  -67.52  -22.48    5.64    1.17  -69.38  -11.87   -3.78  -11.78    0.00
md_2_0676_0324.en      2    949 0.324000  -76.00    0.00    0.00    0.00    0.00  -68.44   -7.56    4.15    0.99  -68.30   -5.39   -4.30   -3.16    0.00
--> Name of file number   8:                                                     
md_2_0633_0367.en      1    949 0.633000  -90.52    0.00    0.00    0.00    0.00  -67.33  -23.19    4.22    1.25  -67.72  -13.63   -3.82  -10.81    0.00
md_2_0633_0367.en      2    949 0.367000  -76.26    0.00    0.00    0.00    0.00  -68.25   -8.02    3.04    1.14  -67.37   -6.52   -3.91   -2.64    0.00
--> Name of file number   9:                                                     
md_2_0592_0408.en      1    949 0.592000  -90.02    0.00    0.00    0.00    0.00  -66.28  -23.75    4.28    1.09  -68.31  -13.25   -2.25  -11.59    0.00
md_2_0592_0408.en      2    949 0.408000  -76.01    0.00    0.00    0.00    0.00  -67.36   -8.65    3.06    1.10  -67.91   -6.78   -2.51   -2.97    0.00
--> Name of file number  10:                                                     
md_2_0554_0446.en      1    949 0.554000  -88.88    0.00    0.00    0.00    0.00  -65.58  -23.29    3.99    1.29  -67.87  -12.96   -1.71  -11.62    0.00
md_2_0554_0446.en      2    949 0.446000  -75.23    0.00    0.00    0.00    0.00  -66.62   -8.61    2.82    1.18  -67.62   -6.54   -1.82   -3.25    0.00
--> Name of file number  11:                                                     
md_2_0518_0482.en      1    949 0.518000  -89.89    0.00    0.00    0.00    0.00  -67.56  -22.34    3.97    1.34  -68.21  -12.61   -3.31  -11.07    0.00
md_2_0518_0482.en      2    949 0.482000  -76.94    0.00    0.00    0.00    0.00  -68.54   -8.40    2.80    1.22  -68.03   -6.67   -3.31   -2.95    0.00
--> Name of file number  12:                                                     
md_2_0484_0516.en      1    949 0.484000  -89.66    0.00    0.00    0.00    0.00  -66.28  -23.37    3.70    1.54  -66.80  -13.66   -3.17  -11.25    0.00
md_2_0484_0516.en      2    949 0.516000  -76.24    0.00    0.00    0.00    0.00  -67.31   -8.92    2.64    1.27  -66.80   -7.10   -3.15   -3.09    0.00
--> Name of file number  13:                                                     
md_2_0452_0548.en      1    949 0.452000  -87.94    0.00    0.00    0.00    0.00  -65.87  -22.06    4.26    1.32  -67.65  -12.29   -2.48  -11.09    0.00
md_2_0452_0548.en      2    949 0.548000  -75.79    0.00    0.00    0.00    0.00  -66.89   -8.90    3.07    1.04  -67.49   -6.45   -2.47   -3.49    0.00
--> Name of file number  14:                                                     
md_2_0422_0578.en      1    949 0.422000  -87.34    0.00    0.00    0.00    0.00  -65.76  -21.58    3.97    1.36  -66.61  -12.45   -3.12  -10.48    0.00
md_2_0422_0578.en      2    949 0.578000  -75.71    0.00    0.00    0.00    0.00  -66.79   -8.93    2.85    1.09  -66.46   -6.87   -3.18   -3.14    0.00
--> Name of file number  15:                                                     
md_2_0394_0606.en      1    949 0.394000  -89.10    0.00    0.00    0.00    0.00  -66.30  -22.80    4.02    1.26  -66.46  -12.92   -3.86  -11.13    0.00
md_2_0394_0606.en      2    949 0.606000  -76.37    0.00    0.00    0.00    0.00  -67.35   -9.03    2.92    1.09  -66.31   -6.87   -3.95   -3.24    0.00
--> Name of file number  16:                                                     
md_2_0368_0632.en      1    949 0.368000  -88.48    0.00    0.00    0.00    0.00  -66.29  -22.19    4.19    1.38  -67.00  -13.07   -3.47  -10.51    0.00
md_2_0368_0632.en      2    949 0.632000  -76.34    0.00    0.00    0.00    0.00  -67.33   -9.02    3.04    1.01  -67.08   -6.88   -3.29   -3.15    0.00
--> Name of file number  17:                                                     
md_2_0343_0657.en      1    949 0.343000  -88.38    0.00    0.00    0.00    0.00  -66.11  -22.27    4.23    1.37  -67.27  -14.15   -3.06   -9.49    0.00
md_2_0343_0657.en      2    949 0.657000  -76.37    0.00    0.00    0.00    0.00  -67.19   -9.17    3.10    1.03  -67.26   -6.91   -3.02   -3.30    0.00
--> Name of file number  18:                                                     
md_2_0319_0681.en      1    949 0.319000  -87.82    0.00    0.00    0.00    0.00  -66.23  -21.59    4.26    1.39  -68.36  -13.03   -2.13   -9.95    0.00
md_2_0319_0681.en      2    949 0.681000  -76.46    0.00    0.00    0.00    0.00  -67.32   -9.15    3.08    1.02  -68.31   -6.64   -2.08   -3.52    0.00
--> Name of file number  19:                                                     
md_2_0297_0703.en      1    949 0.297000  -84.68    0.00    0.00    0.00    0.00  -65.08  -19.61    4.20    1.55  -67.88  -12.17   -1.40   -8.99    0.00
md_2_0297_0703.en      2    949 0.703000  -75.22    0.00    0.00    0.00    0.00  -66.10   -9.12    3.04    1.04  -67.82   -6.69   -1.32   -3.47    0.00
--> Name of file number  20:                                                     
md_2_0276_0724.en      1    949 0.276000  -84.99    0.00    0.00    0.00    0.00  -65.79  -19.20    4.03    1.48  -66.69  -12.55   -3.13   -8.13    0.00
md_2_0276_0724.en      2    949 0.724000  -75.67    0.00    0.00    0.00    0.00  -66.77   -8.89    2.88    1.07  -66.46   -6.79   -3.19   -3.17    0.00
--> Name of file number  21:                                                     
md_2_0257_0743.en      1    949 0.257000  -84.37    0.00    0.00    0.00    0.00  -65.59  -18.78    3.86    1.68  -66.90  -12.15   -2.54   -8.31    0.00
md_2_0257_0743.en      2    949 0.743000  -75.76    0.00    0.00    0.00    0.00  -66.64   -9.12    2.73    1.13  -66.68   -6.88   -2.69   -3.37    0.00
--> Name of file number  22:                                                     
md_2_0239_0761.en      1    949 0.239000  -83.90    0.00    0.00    0.00    0.00  -64.11  -19.79    3.94    1.63  -67.34  -12.66   -0.72   -8.75    0.00
md_2_0239_0761.en      2    949 0.761000  -74.71    0.00    0.00    0.00    0.00  -65.18   -9.53    2.81    1.14  -67.15   -6.94   -0.83   -3.73    0.00
--> Name of file number  23:                                                     
md_2_0221_0779.en      1    949 0.221000  -79.90    0.00    0.00    0.00    0.00  -64.42  -15.48    4.41    1.64  -67.64  -12.87   -1.19   -4.25    0.00
md_2_0221_0779.en      2    949 0.779000  -74.40    0.00    0.00    0.00    0.00  -65.43   -8.97    3.18    0.96  -67.33   -6.12   -1.29   -3.82    0.00
--> Name of file number  24:                                                     
md_2_0205_0795.en      1    949 0.205000  -83.40    0.00    0.00    0.00    0.00  -65.30  -18.11    4.14    1.48  -66.61  -11.99   -2.83   -7.59    0.00
md_2_0205_0795.en      2    949 0.795000  -75.72    0.00    0.00    0.00    0.00  -66.34   -9.39    3.01    1.03  -66.50   -6.68   -2.85   -3.73    0.00
--> Name of file number  25:                                                     
md_2_0190_0810.en      1    949 0.190000  -78.94    0.00    0.00    0.00    0.00  -64.71  -14.24    4.13    1.83  -66.79  -11.93   -2.04   -4.14    0.00
md_2_0190_0810.en      2    949 0.810000  -74.73    0.00    0.00    0.00    0.00  -65.77   -8.96    2.97    1.09  -66.55   -6.35   -2.19   -3.69    0.00
--> Name of file number  26:                                                     
md_2_0175_0825.en      1    949 0.175000  -75.84    0.00    0.00    0.00    0.00  -63.82  -12.02    4.39    2.45  -67.17  -12.39   -1.04   -2.08    0.00
md_2_0175_0825.en      2    949 0.825000  -73.56    0.00    0.00    0.00    0.00  -64.84   -8.71    3.19    1.03  -66.82   -6.03   -1.22   -3.71    0.00
--> Name of file number  27:                                                     
md_2_0162_0838.en      1    949 0.162000  -75.74    0.00    0.00    0.00    0.00  -64.01  -11.73    4.48    2.33  -67.92  -12.11   -0.57   -1.95    0.00
md_2_0162_0838.en      2    949 0.838000  -73.93    0.00    0.00    0.00    0.00  -65.03   -8.90    3.21    1.02  -67.39   -6.10   -0.85   -3.82    0.00
--> Name of file number  28:                                                     
md_2_0149_0851.en      1    949 0.149000  -77.57    0.00    0.00    0.00    0.00  -65.15  -12.42    4.41    1.70  -68.18  -12.36   -1.38   -1.76    0.00
md_2_0149_0851.en      2    949 0.851000  -74.98    0.00    0.00    0.00    0.00  -66.15   -8.83    3.23    1.00  -67.78   -5.94   -1.60   -3.90    0.00
--> Name of file number  29:                                                     
md_2_0137_0863.en      1    949 0.137000  -68.48    0.00    0.00    0.00    0.00  -62.69   -5.78    3.81    2.11  -66.62  -12.52    0.12    4.62    0.00
md_2_0137_0863.en      2    949 0.863000  -73.55    0.00    0.00    0.00    0.00  -63.80   -9.74    2.71    1.19  -66.52   -7.18    0.01   -3.75    0.00
--> Name of file number  30:                                                     
md_2_0126_0874.en      1    949 0.126000  -67.46    0.00    0.00    0.00    0.00  -62.30   -5.16    4.47    2.38  -69.02  -12.16    2.26    4.62    0.00
md_2_0126_0874.en      2    949 0.874000  -73.20    0.00    0.00    0.00    0.00  -63.39   -9.81    3.22    1.03  -68.77   -7.23    2.17   -3.61    0.00
--> Name of file number  31:                                                     
md_2_0115_0885.en      1    949 0.115000  -65.90    0.00    0.00    0.00    0.00  -61.93   -3.97    4.17    2.92  -67.02  -14.07    0.91    7.18    0.00
md_2_0115_0885.en      2    949 0.885000  -72.99    0.00    0.00    0.00    0.00  -63.01   -9.99    2.96    1.05  -66.75   -7.57    0.78   -3.46    0.00
--> Name of file number  32:                                                     
md_2_0105_0895.en      1    949 0.105000  -62.04    0.00    0.00    0.00    0.00  -61.15   -0.89    3.85    4.03  -65.63  -10.98    0.63    6.07    0.00
md_2_0105_0895.en      2    949 0.895000  -72.22    0.00    0.00    0.00    0.00  -62.29   -9.93    2.74    1.09  -65.55   -7.63    0.52   -3.38    0.00
--> Name of file number  33:                                                     
md_2_0096_0904.en      1    949 0.096000  -57.69    0.00    0.00    0.00    0.00  -62.23    4.54    4.02    3.02  -65.76  -13.13   -0.49   14.65    0.00
md_2_0096_0904.en      2    949 0.904000  -73.32    0.00    0.00    0.00    0.00  -63.26  -10.07    2.87    1.10  -65.35   -7.73   -0.77   -3.44    0.00
--> Name of file number  34:                                                     
md_2_0087_0913.en      1    949 0.087000  -55.64    0.00    0.00    0.00    0.00  -62.97    7.33    4.23    3.01  -66.84  -12.49   -0.36   16.81    0.00
md_2_0087_0913.en      2    949 0.913000  -73.95    0.00    0.00    0.00    0.00  -63.94  -10.01    2.99    1.18  -66.36   -7.74   -0.56   -3.44    0.00
--> Name of file number  35:                                                     
md_2_0079_0921.en      1    949 0.079000  -53.04    0.00    0.00    0.00    0.00  -63.85   10.80    3.61    2.29  -66.00  -10.90   -1.46   19.42    0.00
md_2_0079_0921.en      2    949 0.921000  -74.58    0.00    0.00    0.00    0.00  -64.81   -9.77    2.55    1.30  -65.52   -7.68   -1.84   -3.38    0.00
--> Name of file number  36:                                                     
md_2_0071_0929.en      1    949 0.071000  -52.71    0.00    0.00    0.00    0.00  -63.44   10.73    3.84    2.41  -66.55  -14.09   -0.72   22.41    0.00
md_2_0071_0929.en      2    949 0.929000  -74.15    0.00    0.00    0.00    0.00  -64.34   -9.81    2.70    1.24  -66.05   -7.76   -0.99   -3.29    0.00
--> Name of file number  37:                                                     
md_2_0064_0936.en      1    949 0.064000  -56.05    0.00    0.00    0.00    0.00  -63.61    7.56    3.52    2.46  -66.31  -13.71   -0.83   18.81    0.00
md_2_0064_0936.en      2    949 0.936000  -74.75    0.00    0.00    0.00    0.00  -64.63  -10.12    2.47    1.33  -65.91   -7.90   -1.20   -3.55    0.00
--> Name of file number  38:                                                     
md_2_0057_0943.en      1    949 0.057000  -45.56    0.00    0.00    0.00    0.00  -62.49   16.93    4.07    2.74  -66.37   -9.81   -0.19   24.00    0.00
md_2_0057_0943.en      2    949 0.943000  -73.91    0.00    0.00    0.00    0.00  -63.44  -10.47    2.93    1.09  -65.91   -8.22   -0.47   -3.34    0.00
--> Name of file number  39:                                                     
md_2_0050_0950.en      1    949 0.050000  -18.10    0.00    0.00    0.00    0.00  -62.58   44.48    4.06    2.92  -66.44   -5.60   -0.21   47.16    0.00
md_2_0050_0950.en      2    949 0.950000  -73.42    0.00    0.00    0.00    0.00  -63.52   -9.90    3.06    1.24  -66.20   -7.81   -0.38   -3.34    0.00
--> Name of file number  40:                                                     
md_2_0044_0956.en      1    949 0.044000  -29.17    0.00    0.00    0.00    0.00  -62.20   33.03    3.58    2.83  -65.63   -7.95   -0.15   38.15    0.00
md_2_0044_0956.en      2    949 0.956000  -73.41    0.00    0.00    0.00    0.00  -63.20  -10.21    2.57    1.30  -65.45   -8.29   -0.32   -3.22    0.00
--> Name of file number  41:                                                     
md_2_0039_0961.en      1    949 0.039000   -9.46    0.00    0.00    0.00    0.00  -62.06   52.60    3.49    2.61  -66.16   -9.35    0.61   59.34    0.00
md_2_0039_0961.en      2    949 0.961000  -73.10    0.00    0.00    0.00    0.00  -63.07  -10.03    2.40    1.42  -65.97   -8.07    0.50   -3.38    0.00
--> Name of file number  42:                                                     
md_2_0033_0967.en      1    949 0.033000   23.56    0.00    0.00    0.00    0.00  -61.59   85.15    3.39    3.14  -65.76   -0.31    0.78   82.32    0.00
md_2_0033_0967.en      2    949 0.967000  -72.68    0.00    0.00    0.00    0.00  -62.59  -10.08    2.39    1.44  -65.61   -8.05    0.63   -3.48    0.00
--> Name of file number  43:                                                     
md_2_0028_0972.en      1    949 0.028000   29.29    0.00    0.00    0.00    0.00  -63.05   92.34    3.89    3.07  -67.09   -6.68    0.16   95.95    0.00
md_2_0028_0972.en      2    949 0.972000  -74.03    0.00    0.00    0.00    0.00  -64.13   -9.90    2.95    1.25  -67.00   -7.48   -0.07   -3.66    0.00
--> Name of file number  44:                                                     
md_2_0023_0977.en      1    949 0.023000   11.66    0.00    0.00    0.00    0.00  -63.86   75.51    4.25    2.47  -67.01   -5.38   -1.10   78.42    0.00
md_2_0023_0977.en      2    949 0.977000  -74.61    0.00    0.00    0.00    0.00  -64.71   -9.90    3.01    1.10  -66.49   -7.75   -1.24   -3.25    0.00
--> Name of file number  45:                                                     
md_2_0019_0981.en      1    949 0.019000   69.48    0.00    0.00    0.00    0.00  -63.31  132.79    3.78    3.89  -66.68   11.24   -0.40  117.65    0.00
md_2_0019_0981.en      2    949 0.981000  -74.50    0.00    0.00    0.00    0.00  -64.24  -10.27    2.65    1.27  -66.35   -7.88   -0.54   -3.65    0.00
--> Name of file number  46:                                                     
md_2_0015_0985.en      1    949 0.015000   49.87    0.00    0.00    0.00    0.00  -63.07  112.94    3.85    3.37  -67.31    2.40    0.39  107.17    0.00
md_2_0015_0985.en      2    949 0.985000  -74.44    0.00    0.00    0.00    0.00  -64.06  -10.37    2.75    1.25  -67.15   -8.11    0.33   -3.52    0.00
--> Name of file number  47:                                                     
md_2_0011_0989.en      1    949 0.011000   69.85    0.00    0.00    0.00    0.00  -64.79  134.64    4.69    5.08  -69.63    1.75    0.15  127.80    0.00
md_2_0011_0989.en      2    949 0.989000  -75.51    0.00    0.00    0.00    0.00  -65.90   -9.62    3.80    1.04  -69.67   -6.95   -0.02   -3.71    0.00
--> Name of file number  48:                                                     
md_2_0007_0993.en      1    949 0.007000   69.75    0.00    0.00    0.00    0.00  -64.54  134.29    4.90    3.15  -70.88    9.85    1.44  121.29    0.00
md_2_0007_0993.en      2    949 0.993000  -74.79    0.00    0.00    0.00    0.00  -65.61   -9.18    3.97    1.03  -70.96   -6.78    1.38   -3.44    0.00
--> Name of file number  49:                                                     
md_2_0003_0997.en      1    949 0.003000  155.60    0.00    0.00    0.00    0.00  -62.89  218.49    4.35    5.93  -67.47   99.84    0.23  112.73    0.00
md_2_0003_0997.en      2    949 0.997000  -73.88    0.00    0.00    0.00    0.00  -63.94   -9.94    3.17    1.19  -67.41   -7.83    0.30   -3.30    0.00
--> Name of file number  50:                                                     
md_2_0000_1000.en      1    949 0.000000   92.36    0.00    0.00    0.00    0.00  -63.44  155.80    4.53    3.15  -66.89   19.94   -1.08  132.71    0.00
md_2_0000_1000.en      2    949 1.000000  -73.96    0.00    0.00    0.00    0.00  -64.43   -9.53    3.32    1.16  -66.49   -7.20   -1.27   -3.49    0.00


# Part 1: Free energy perturbation summary:
# lambda(1)      dGf sum(dGf)      dGr sum(dGr)     <dG>
   1.000000    0.000    0.000   -1.125   -4.194    0.000
   0.938000    1.154    1.154   -1.055   -3.069    1.140
   0.879000    1.053    2.207   -0.919   -2.013    2.194
   0.823000    0.987    3.194   -0.781   -1.094    3.147
   0.771000    0.839    4.033   -0.726   -0.314    3.957
   0.722000    0.724    4.758   -0.650    0.413    4.682
   0.676000    0.670    5.428   -0.618    1.063    5.342
   0.633000    0.597    6.025   -0.580    1.681    5.950
   0.592000    0.580    6.604   -0.524    2.260    6.529
   0.554000    0.527    7.132   -0.473    2.785    7.055
   0.518000    0.485    7.617   -0.462    3.258    7.534
   0.484000    0.434    8.051   -0.394    3.720    7.983
   0.452000    0.424    8.475   -0.354    4.114    8.391
   0.422000    0.359    8.834   -0.360    4.468    8.748
   0.394000    0.321    9.155   -0.320    4.829    9.089
   0.368000    0.327    9.482   -0.306    5.148    9.412
   0.343000    0.299    9.781   -0.277    5.454    9.714
   0.319000    0.283   10.065   -0.215    5.731    9.995
   0.297000    0.245   10.310   -0.204    5.946   10.225
   0.276000    0.192   10.502   -0.169    6.150   10.423
   0.257000    0.170   10.672   -0.170    6.319   10.592
   0.239000    0.150   10.821   -0.109    6.489   10.752
   0.221000    0.160   10.982   -0.128    6.598   10.887
   0.205000    0.079   11.060   -0.071    6.726   10.990
   0.190000    0.111   11.171   -0.042    6.796   11.080
   0.175000    0.055   11.226   -0.029    6.838   11.129
   0.162000    0.024   11.250   -0.041    6.867   11.155
   0.149000    0.018   11.268    0.051    6.907   11.185
   0.137000    0.025   11.293    0.052    6.857   11.172
   0.126000   -0.065   11.227    0.066    6.805   11.113
   0.115000   -0.076   11.151    0.087    6.739   11.042
   0.105000   -0.082   11.069    0.126    6.652   10.958
   0.096000   -0.105   10.964    0.150    6.526   10.842
   0.087000   -0.158   10.806    0.155    6.376   10.688
   0.079000   -0.159   10.647    0.155    6.221   10.531
   0.071000   -0.191   10.456    0.117    6.066   10.358
   0.064000   -0.164   10.292    0.180    5.949   10.217
   0.057000   -0.147   10.145    0.344    5.768   10.053
   0.050000   -0.218    9.927    0.237    5.424    9.772
   0.044000   -0.366    9.561    0.286    5.188    9.471
   0.039000   -0.247    9.314    0.531    4.902    9.205
   0.033000   -0.434    8.880    0.485    4.371    8.722
   0.028000   -0.517    8.362    0.412    3.886    8.221
   0.023000   -0.547    7.815    0.553    3.474    7.742
   0.019000   -0.358    7.457    0.481    2.921    7.286
   0.015000   -0.601    6.856    0.561    2.441    6.745
   0.011000   -0.515    6.341    0.565    1.880    6.208
   0.007000   -0.604    5.737    0.827    1.315    5.623
   0.003000   -0.592    5.145    0.489    0.489    4.914
   0.000000   -0.782    4.363    0.000    0.000    4.278

# Min energy-gap is:   -102.12
# Max energy-gap is:    517.63


# Part 2: Reaction free energy summary:
# Lambda(1)  bin Energy gap      dGa     dGb     dGg    # pts    c1**2    c2**2
   1.000000    1     -95.92     0.00    17.17     0.00    828    0.000    0.000
   1.000000    2     -83.52     0.00    16.04     0.00    121    0.000    0.000
   0.938000    1     -95.92    -0.00    16.58    -0.00    804    0.000    0.000
   0.938000    2     -83.52     0.13    14.57     0.13    145    0.000    0.000
   0.879000    1     -95.92    -0.03    16.74    -0.03    748    0.000    0.000
   0.879000    2     -83.52     0.20    14.92     0.20    201    0.000    0.000
   0.823000    1     -95.92     0.11    15.78     0.11    633    0.000    0.000
   0.823000    2     -83.52     0.39    13.42     0.39    316    0.000    0.000
   0.771000    1     -95.92     0.35    14.60     0.35    473    0.000    0.000
   0.771000    2     -83.52     0.54    13.39     0.54    474    0.000    0.000
   0.722000    1     -95.92     0.32    14.38     0.32    544    0.000    0.000
   0.722000    2     -83.52     0.61    13.00     0.61    405    0.000    0.000
   0.676000    1     -95.92     0.38    13.62     0.38    509    0.000    0.000
   0.676000    2     -83.52     0.83    12.90     0.83    440    0.000    0.000
   0.633000    1     -95.92     0.24    14.58     0.24    571    0.000    0.000
   0.633000    2     -83.52     0.80    13.08     0.80    378    0.000    0.000
   0.592000    1     -95.92     0.20    14.65     0.20    524    0.000    0.000
   0.592000    2     -83.52     0.80    12.89     0.80    425    0.000    0.000
   0.554000    1     -95.92     0.13    14.62     0.13    394    0.000    0.000
   0.554000    2     -83.52     0.80    12.67     0.80    552    0.000    0.000
   0.518000    1     -95.92     0.13    14.18     0.13    497    0.000    0.000
   0.518000    2     -83.52     1.23    11.26     1.23    448    0.000    0.000
   0.484000    1     -95.92    -0.15    14.51    -0.15    480    0.000    0.000
   0.484000    2     -83.52     0.85    12.04     0.85    468    0.000    0.000
   0.452000    1     -95.92     0.31    14.39     0.31    298    0.000    0.000
   0.452000    2     -83.52     1.03    12.33     1.03    648    0.000    0.000
   0.422000    1     -95.92     0.13    14.10     0.13    271    0.000    0.000
   0.422000    2     -83.52     1.29    12.00     1.29    671    0.000    0.000
   0.394000    1     -95.92    -0.12    14.38    -0.12    423    0.000    0.000
   0.394000    2     -83.52     0.91    12.39     0.91    526    0.000    0.000
   0.368000    1     -95.92    -0.21    14.34    -0.21    390    0.000    0.000
   0.368000    2     -83.52     0.74    12.55     0.74    554    0.000    0.000
   0.343000    1     -95.92    -0.42    14.22    -0.42    383    0.000    0.000
   0.343000    2     -83.52     0.82    12.38     0.82    556    0.000    0.000
   0.319000    1     -95.92    -0.32    14.19    -0.32    313    0.000    0.000
   0.319000    2     -83.52     1.12    12.39     1.12    628    0.000    0.000
   0.297000    1     -95.92    -0.64    14.30    -0.64    134    0.000    0.000
   0.297000    2     -83.52     1.29    12.19     1.29    753    0.000    0.000
   0.297000    3     -71.13     7.18     9.35     7.16     61    0.000    0.000
   0.276000    1     -95.92    -1.02    14.13    -1.02    165    0.000    0.000
   0.276000    2     -83.52     1.17    12.10     1.17    702    0.000    0.000
   0.276000    3     -71.13     6.68     9.16     6.67     78    0.000    0.000
   0.257000    1     -95.92    -0.39    13.89    -0.39    107    0.000    0.000
   0.257000    2     -83.52     0.74    12.17     0.74    770    0.000    0.000
   0.257000    3     -71.13     8.51     9.69     8.44     71    0.000    0.000
   0.239000    1     -95.92    -0.58    13.96    -0.58     64    0.000    0.000
   0.239000    2     -83.52     0.55    12.52     0.55    801    0.000    0.000
   0.239000    3     -71.13     7.65    10.49     7.65     81    0.000    0.000
   0.221000    2     -83.52     1.30    12.25     1.30    653    0.000    0.000
   0.221000    3     -71.13     7.79    10.01     7.78    254    0.000    0.000
   0.205000    1     -95.92    -0.45    13.58    -0.45     92    0.000    0.000
   0.205000    2     -83.52     1.14    12.31     1.14    735    0.000    0.000
   0.205000    3     -71.13     8.76    10.39     8.73    120    0.000    0.000
   0.190000    2     -83.52     1.43    12.25     1.43    589    0.000    0.000
   0.190000    3     -71.13     8.10    10.31     8.08    314    0.000    0.000
   0.175000    2     -83.52     1.35    12.19     1.35    427    0.000    0.000
   0.175000    3     -71.13     7.63    10.57     7.63    461    0.000    0.000
   0.175000    4     -58.74    17.10     9.03     9.03     56    0.000    0.000
   0.162000    2     -83.52     2.15    12.09     2.15    427    0.000    0.000
   0.162000    3     -71.13     8.15    10.58     8.14    466    0.000    0.000
   0.162000    4     -58.74    17.45     9.17     9.17     56    0.000    0.000
   0.149000    2     -83.52     0.73    12.05     0.73    507    0.000    0.000
   0.149000    3     -71.13     8.56    10.62     8.55    375    0.000    0.000
   0.137000    2     -83.52     1.42    11.93     1.42    149    0.000    0.000
   0.137000    3     -71.13     7.62    10.63     7.62    514    0.000    0.000
   0.137000    4     -58.74    17.91     9.15     9.15    227    0.000    0.000
   0.126000    2     -83.52     1.80    11.95     1.80    181    0.000    0.000
   0.126000    3     -71.13     7.22    10.64     7.22    416    0.000    0.000
   0.126000    4     -58.74    17.89     9.33     9.33    252    0.000    0.000
   0.126000    5     -46.34    26.65     7.67     7.67     75    0.000    0.000
   0.115000    2     -83.52     0.29    11.80     0.29    120    0.000    0.000
   0.115000    3     -71.13     6.77    10.60     6.77    460    0.000    0.000
   0.115000    4     -58.74    17.66     9.36     9.36    254    0.000    0.000
   0.115000    5     -46.34    29.03     7.89     7.89     90    0.000    0.000
   0.105000    2     -83.52     1.39    11.73     1.39    121    0.000    0.000
   0.105000    3     -71.13     5.53    10.67     5.53    324    0.000    0.000
   0.105000    4     -58.74    17.44     9.45     9.45    281    0.000    0.000
   0.105000    5     -46.34    27.16     8.33     8.33    148    0.000    0.000
   0.105000    6     -33.95    39.30     6.95     6.95     53    0.000    0.000
   0.096000    2     -83.52     2.95    11.23     2.95     67    0.000    0.000
   0.096000    3     -71.13     8.42    10.42     8.40    259    0.000    0.000
   0.096000    4     -58.74    17.03     9.38     9.38    338    0.000    0.000
   0.096000    5     -46.34    29.03     8.22     8.22    172    0.000    0.000
   0.096000    6     -33.95    39.52     7.09     7.09     67    0.000    0.000
   0.087000    2     -83.52     3.08    11.17     3.08     50    0.000    0.000
   0.087000    3     -71.13     7.28    10.24     7.28    216    0.000    0.000
   0.087000    4     -58.74    18.00     9.27     9.27    343    0.000    0.000
   0.087000    5     -46.34    29.45     8.22     8.22    201    0.000    0.000
   0.087000    6     -33.95    40.30     7.16     7.16     91    0.000    0.000
   0.079000    2     -83.52     2.28    10.98     2.28     82    0.000    0.000
   0.079000    3     -71.13     6.65    10.16     6.64    175    0.000    0.000
   0.079000    4     -58.74    19.18     9.19     9.19    264    0.000    0.000
   0.079000    5     -46.34    29.79     8.31     8.31    206    0.000    0.000
   0.079000    6     -33.95    40.64     7.28     7.28    122    0.000    0.000
   0.079000    7     -21.55    53.94     6.29     6.29     69    0.000    0.000
   0.071000    2     -83.52    -0.31    10.69    -0.31     51    0.000    0.000
   0.071000    3     -71.13     8.18    10.11     8.16    208    0.000    0.000
   0.071000    4     -58.74    17.85     9.15     9.15    247    0.000    0.000
   0.071000    5     -46.34    29.37     8.36     8.36    243    0.000    0.000
   0.071000    6     -33.95    41.46     7.43     7.43    109    0.000    0.000
   0.071000    7     -21.55    52.28     6.68     6.68     64    0.000    0.000
   0.064000    2     -83.52     0.85    10.58     0.85     90    0.000    0.000
   0.064000    3     -71.13     8.13     9.95     8.11    248    0.000    0.000
   0.064000    4     -58.74    16.90     9.14     9.14    264    0.000    0.000
   0.064000    5     -46.34    29.90     8.38     8.38    182    0.000    0.000
   0.064000    6     -33.95    41.37     7.60     7.60     99    0.000    0.000
   0.057000    3     -71.13     7.97     9.77     7.95    145    0.000    0.000
   0.057000    4     -58.74    19.16     9.15     9.15    217    0.000    0.000
   0.057000    5     -46.34    28.79     8.43     8.43    189    0.000    0.000
   0.057000    6     -33.95    41.50     7.77     7.77    156    0.000    0.000
   0.057000    7     -21.55    51.66     7.06     7.06    106    0.000    0.000
   0.057000    8      -9.16    64.49     6.36     6.36     58    0.000    0.000
   0.050000    3     -71.13     6.71     9.62     6.70     51    0.000    0.000
   0.050000    4     -58.74    17.07     8.99     8.99     90    0.000    0.000
   0.050000    5     -46.34    25.68     8.40     8.40    129    0.000    0.000
   0.050000    6     -33.95    38.93     7.84     7.84    147    0.000    0.000
   0.050000    7     -21.55    48.96     7.18     7.18     96    0.000    0.000
   0.050000    8      -9.16    63.76     6.48     6.48     98    0.000    0.000
   0.050000    9       3.24    75.10     5.87     5.87    121    0.000    0.000
   0.050000   10      15.63    88.07     5.30     5.30     90    0.000    0.000
   0.050000   11      28.03   100.37     4.59     4.59     67    0.000    0.000
   0.044000    3     -71.13     8.97     9.24     8.70     72    0.000    0.000
   0.044000    4     -58.74    16.93     8.77     8.77    129    0.000    0.000
   0.044000    5     -46.34    29.27     8.21     8.21    221    0.000    0.000
   0.044000    6     -33.95    41.17     7.77     7.77    170    0.000    0.000
   0.044000    7     -21.55    52.62     7.19     7.19    117    0.000    0.000
   0.044000    8      -9.16    62.94     6.69     6.69     66    0.000    0.000
   0.039000    4     -58.74    14.69     8.60     8.60     85    0.000    0.000
   0.039000    5     -46.34    26.62     8.14     8.14    120    0.000    0.000
   0.039000    6     -33.95    39.25     7.69     7.69    117    0.000    0.000
   0.039000    7     -21.55    52.18     7.18     7.18    110    0.000    0.000
   0.039000    8      -9.16    65.08     6.67     6.67     95    0.000    0.000
   0.039000    9       3.24    75.05     6.22     6.22     82    0.000    0.000
   0.039000   10      15.63    89.10     5.70     5.70     68    0.000    0.000
   0.039000   12      40.42   112.63     4.77     4.77     52    0.000    0.000
   0.039000   13      52.82   124.99     4.33     4.33     55    0.000    0.000
   0.033000    7     -21.55    53.18     7.01     7.01     74    0.000    0.000
   0.033000    8      -9.16    64.23     6.60     6.60    111    0.000    0.000
   0.033000    9       3.24    76.06     6.20     6.20    130    0.000    0.000
   0.033000   10      15.63    87.14     5.78     5.78     82    0.000    0.000
   0.033000   11      28.03   100.81     5.37     5.37    121    0.000    0.000
   0.033000   12      40.42   110.81     4.99     4.99     91    0.000    0.000
   0.033000   13      52.82   124.44     4.57     4.57     73    0.000    0.000
   0.033000   14      65.21   135.83     4.17     4.17     60    0.000    0.000
   0.028000    5     -46.34    30.62     7.45     7.45     50    0.000    0.000
   0.028000    8      -9.16    61.07     6.41     6.41     53    0.000    0.000
   0.028000    9       3.24    71.79     6.04     6.04     89    0.000    0.000
   0.028000   10      15.63    88.76     5.67     5.67    105    0.000    0.000
   0.028000   11      28.03   101.75     5.35     5.35    121    0.000    0.000
   0.028000   12      40.42   110.55     5.00     5.00    147    0.000    0.000
   0.028000   13      52.82   124.25     4.67     4.67    134    0.000    0.000
   0.028000   14      65.21   137.07     4.32     4.32     99    0.000    0.000
   0.023000    6     -33.95    41.97     6.75     6.75     60    0.000    0.000
   0.023000    7     -21.55    55.03     6.50     6.50    118    0.000    0.000
   0.023000    8      -9.16    65.21     6.23     6.23    136    0.000    0.000
   0.023000    9       3.24    76.50     5.95     5.95    130    0.000    0.000
   0.023000   10      15.63    89.78     5.68     5.68    145    0.000    0.000
   0.023000   11      28.03   100.53     5.38     5.38    111    0.000    0.000
   0.023000   12      40.42   113.86     5.10     5.10    110    0.000    0.000
   0.019000   11      28.03   101.84     5.32     5.32     62    0.000    0.000
   0.019000   12      40.42   114.11     5.07     5.07     85    0.000    0.000
   0.019000   13      52.82   122.79     4.86     4.86    121    0.000    0.000
   0.019000   14      65.21   138.28     4.62     4.62    134    0.000    0.000
   0.019000   15      77.61   150.19     4.41     4.41    132    0.000    0.000
   0.019000   16      90.00   161.82     4.16     4.16     93    0.000    0.000
   0.019000   17     102.40   174.22     3.93     3.93     56    0.000    0.000
   0.019000   18     114.79   188.55     3.68     3.68     54    0.000    0.000
   0.015000   10      15.63    88.97     5.37     5.37     79    0.000    0.000
   0.015000   11      28.03   101.59     5.20     5.20    137    0.000    0.000
   0.015000   12      40.42   113.66     5.02     5.02    184    0.000    0.000
   0.015000   13      52.82   125.33     4.84     4.84    138    0.000    0.000
   0.015000   14      65.21   137.94     4.65     4.65     96    0.000    0.000
   0.015000   15      77.61   150.66     4.45     4.45     87    0.000    0.000
   0.015000   16      90.00   161.66     4.29     4.29     61    0.000    0.000
   0.011000   10      15.63    89.39     5.19     5.19     66    0.000    0.000
   0.011000   11      28.03   100.84     5.08     5.08    103    0.000    0.000
   0.011000   12      40.42   114.40     4.93     4.93    106    0.000    0.000
   0.011000   13      52.82   126.53     4.80     4.80    121    0.000    0.000
   0.011000   14      65.21   139.43     4.65     4.65    102    0.000    0.000
   0.011000   15      77.61   152.30     4.51     4.51    103    0.000    0.000
   0.011000   16      90.00   165.40     4.39     4.39     79    0.000    0.000
   0.011000   17     102.40   175.36     4.25     4.25     63    0.000    0.000
   0.011000   18     114.79   187.93     4.11     4.11     55    0.000    0.000
   0.011000   19     127.19   198.05     3.99     3.99     57    0.000    0.000
   0.007000   11      28.03   102.36     4.89     4.89     99    0.000    0.000
   0.007000   12      40.42   113.04     4.82     4.82    131    0.000    0.000
   0.007000   13      52.82   125.00     4.73     4.73    124    0.000    0.000
   0.007000   14      65.21   134.96     4.65     4.65    113    0.000    0.000
   0.007000   15      77.61   149.02     4.56     4.56    126    0.000    0.000
   0.007000   16      90.00   161.35     4.46     4.46     99    0.000    0.000
   0.007000   17     102.40   174.94     4.38     4.38     92    0.000    0.000
   0.007000   18     114.79   187.69     4.30     4.30     72    0.000    0.000
   0.003000   14      65.21   138.80     4.49     4.49     64    0.000    0.000
   0.003000   15      77.61   149.35     4.45     4.45     71    0.000    0.000
   0.003000   16      90.00   159.92     4.42     4.42    129    0.000    0.000
   0.003000   17     102.40   173.23     4.39     4.39    125    0.000    0.000
   0.003000   18     114.79   187.42     4.35     4.35     91    0.000    0.000
   0.003000   19     127.19   198.78     4.31     4.31     66    0.000    0.000
   0.000000   12      40.42   113.71     4.28     4.28     58    0.000    0.000
   0.000000   13      52.82   125.20     4.28     4.28     72    0.000    0.000
   0.000000   14      65.21   138.03     4.28     4.28    100    0.000    0.000
   0.000000   15      77.61   150.52     4.28     4.28    117    0.000    0.000
   0.000000   16      90.00   158.78     4.28     4.28    133    0.000    0.000
   0.000000   17     102.40   174.42     4.28     4.28    134    0.000    0.000
   0.000000   18     114.79   187.15     4.28     4.28     92    0.000    0.000
   0.000000   19     127.19   199.60     4.28     4.28     56    0.000    0.000


# Part 3: Bin-averaged summary:
# bin  energy gap  <dGg> <dGg norm> pts  <c1**2> <c2**2> <r_xy>
   1    -95.92     0.02     0.02   9645   0.000   0.000   0.000
   2    -83.52     1.00     1.00  15231   0.000   0.000   0.000
   3    -71.13     7.60     7.60   5369   0.000   0.000   0.000
   4    -58.74     9.21     9.21   3103   0.000   0.000   0.000
   5    -46.34     8.24     8.24   2026   0.000   0.000   0.000
   6    -33.95     7.50     7.50   1191   0.000   0.000   0.000
   7    -21.55     6.92     6.92    754   0.000   0.000   0.000
   8     -9.16     6.48     6.48    617   0.000   0.000   0.000
   9      3.24     6.05     6.05    552   0.000   0.000   0.000
  10     15.63     5.55     5.55    635   0.000   0.000   0.000
  11     28.03     5.18     5.18    821   0.000   0.000   0.000
  12     40.42     4.93     4.93    964   0.000   0.000   0.000
  13     52.82     4.69     4.69    838   0.000   0.000   0.000
  14     65.21     4.50     4.50    768   0.000   0.000   0.000
  15     77.61     4.44     4.44    636   0.000   0.000   0.000
  16     90.00     4.34     4.34    594   0.000   0.000   0.000
  17    102.40     4.28     4.28    470   0.000   0.000   0.000
  18    114.79     4.19     4.19    364   0.000   0.000   0.000
  19    127.19     4.20     4.20    179   0.000   0.000   0.000


# Part 4: Termodynamic integration:
# lambda(1)      dGti    sum(dGti) 
   1.000000    0.000    0.000
   0.938000   18.714    1.138
   0.879000   17.995    2.193
   0.823000   17.755    3.146
   0.771000   16.277    3.956
   0.722000   14.895    4.681
   0.676000   14.697    5.341
   0.633000   14.004    5.949
   0.592000   14.255    6.528
   0.554000   14.009    7.054
   0.518000   13.644    7.532
   0.484000   12.958    7.981
   0.452000   13.420    8.390
   0.422000   12.142    8.746
   0.394000   11.627    9.087
   0.368000   12.726    9.411
   0.343000   12.136    9.712
   0.319000   12.015    9.993
   0.297000   11.354   10.222
   0.276000    9.461   10.419
   0.257000    9.319   10.589
   0.239000    8.611   10.750
   0.221000    9.188   10.882
   0.205000    5.493   10.987
   0.190000    7.678   11.076
   0.175000    4.217   11.125
   0.162000    2.284   11.152
   0.149000    1.813   11.180
   0.137000    2.591   11.165
   0.126000   -5.068   11.106
   0.115000   -5.746   11.035
   0.105000   -7.095   10.949
   0.096000  -10.177   10.833
   0.087000  -15.633   10.680
   0.079000  -18.306   10.521
   0.071000  -21.532   10.349
   0.064000  -21.438   10.208
   0.057000  -18.706   10.044
   0.050000  -28.353    9.751
   0.044000  -55.321    9.452
   0.039000  -44.239    9.182
   0.033000  -63.636    8.703
   0.028000  -96.238    8.204
   0.023000 -103.324    7.730
   0.019000  -86.269    7.269
   0.015000 -143.985    6.733
   0.011000 -124.305    6.193
   0.007000 -145.365    5.614
   0.003000 -144.542    4.866
   0.000000 -229.476    4.272


# Part 5: Overlap sampling Lu et al:
# lambda(1)      dG    sum(dG) 
   1.000000    0.000    0.000
   0.938000    1.139    1.139
   0.879000    1.054    2.193
   0.823000    0.953    3.146
   0.771000    0.810    3.957
   0.722000    0.725    4.682
   0.676000    0.660    5.342
   0.633000    0.607    5.949
   0.592000    0.580    6.529
   0.554000    0.526    7.055
   0.518000    0.479    7.534
   0.484000    0.448    7.982
   0.452000    0.409    8.391
   0.422000    0.357    8.748
   0.394000    0.341    9.089
   0.368000    0.323    9.412
   0.343000    0.302    9.714
   0.319000    0.280    9.995
   0.297000    0.230   10.224
   0.276000    0.198   10.422
   0.257000    0.170   10.592
   0.239000    0.160   10.752
   0.221000    0.134   10.885
   0.205000    0.104   10.990
   0.190000    0.090   11.080
   0.175000    0.049   11.128
   0.162000    0.026   11.155
   0.149000    0.029   11.184
   0.137000   -0.014   11.170
   0.126000   -0.059   11.111
   0.115000   -0.071   11.040
   0.105000   -0.085   10.955
   0.096000   -0.116   10.840
   0.087000   -0.153   10.687
   0.079000   -0.158   10.529
   0.071000   -0.172   10.356
   0.064000   -0.140   10.216
   0.057000   -0.164   10.052
   0.050000   -0.287    9.765
   0.044000   -0.299    9.466
   0.039000   -0.267    9.199
   0.033000   -0.480    8.718
   0.028000   -0.500    8.218
   0.023000   -0.477    7.742
   0.019000   -0.458    7.284
   0.015000   -0.538    6.745
   0.011000   -0.538    6.207
   0.007000   -0.582    5.625
   0.003000   -0.725    4.900
   0.000000   -0.612    4.288


# lambda(1)      dG    sum(dG) 
# Part 6: BAR Bennet:
   1.000000    0.000    0.000
   0.938000    1.138    1.138
   0.879000    1.055    2.193
   0.823000    0.953    3.146
   0.771000    0.811    3.956
   0.722000    0.725    4.682
   0.676000    0.660    5.342
   0.633000    0.608    5.949
   0.592000    0.579    6.529
   0.554000    0.526    7.054
   0.518000    0.479    7.533
   0.484000    0.449    7.982
   0.452000    0.409    8.391
   0.422000    0.357    8.748
   0.394000    0.341    9.089
   0.368000    0.323    9.412
   0.343000    0.302    9.714
   0.319000    0.281    9.994
   0.297000    0.229   10.223
   0.276000    0.197   10.421
   0.257000    0.171   10.591
   0.239000    0.160   10.752
   0.221000    0.132   10.884
   0.205000    0.106   10.990
   0.190000    0.089   11.079
   0.175000    0.049   11.128
   0.162000    0.027   11.155
   0.149000    0.029   11.183
   0.137000   -0.015   11.169
   0.126000   -0.059   11.110
   0.115000   -0.070   11.039
   0.105000   -0.086   10.953
   0.096000   -0.116   10.838
   0.087000   -0.152   10.685
   0.079000   -0.159   10.526
   0.071000   -0.172   10.355
   0.064000   -0.140   10.215
   0.057000   -0.164   10.051
   0.050000   -0.291    9.759
   0.044000   -0.297    9.462
   0.039000   -0.268    9.194
   0.033000   -0.478    8.715
   0.028000   -0.499    8.217
   0.023000   -0.474    7.743
   0.019000   -0.460    7.283
   0.015000   -0.536    6.747
   0.011000   -0.539    6.208
   0.007000   -0.580    5.629
   0.003000   -0.734    4.895
   0.000000   -0.588    4.307
