--------------------------------------------------------------------------------
Welcome to qfep version: 6.0.1
 
This version was compiled using: GCC version 11.5.0 20240719 (Red Hat 11.5.0-2)
 
And using the following compiler options: 
-cpp -D G95=1 -mtune=generic -march=x86-64-v2 -O3 -Wall -Wtabs -std=legacy -funroll-loops -ffree-line-length-none -fcray-pointer -fall-intrinsics -fstack-protector -fpre-include=/usr/include/finclude/math-vector-fortran.h

 
For command line options type qfep --help  or qcalc -h at the terminal.
 
If you are using the interactive mode and want to quit type "quit" or Ctrl-C.
--------------------------------------------------------------------------------
--> Number of energy files: # Number of files                                  =    50
--> No. of states, no. of predefined off-diag elements: # Number of states     =     2
# Number of off-diagonal elements                                              =     0
--> Give kT & num. of pts to skip & calculation mode: # kT                     = 0.592
# Number of data points to skip                                                =    50
# Only QQ interactions will be considered                                      =     0
--> Give number of gap-bins: # Number of gap-bins                              =    50
--> Give minimum # pts/bin: # Minimum number of points per bin                 =    50
--> Give alpha for state  2                                                     # Alpha for state  2              =  0.00
--> Number of off-diagonal elements: # Number of off-diagonal elements         =     0
--> linear combination of states defining reaction coord: # Linear combination coefficients=    1.00    0.00


# Part 0: Average energies for all states in all files
# file             state   pts   lambda    EQtot   EQbond  EQang   EQtor   EQimp    EQel   EQvdW  Eel_qq  EvdW_qq Eel_qp  EvdW_qp Eel_qw EvdW_qw Eqrstr
--> Name of file number   1:                                                     
md_1_1000_0000.en      1    949 1.000000 -221.30    0.00    0.00    0.00    0.00 -211.87   -9.43    3.57    2.03 -132.00   -8.50  -83.44   -2.96    0.00
md_1_1000_0000.en      2    949 0.000000  -92.33    0.00    0.00    0.00    0.00  -68.41  -23.92    5.44    0.68  -74.61  -16.32    0.76   -8.28    0.00
--> Name of file number   2:                                                     
md_1_0997_0003.en      1    949 0.997000 -220.35    0.00    0.00    0.00    0.00 -212.09   -8.26    3.49    2.17 -126.03   -8.48  -89.55   -1.94    0.00
md_1_0997_0003.en      2    949 0.003000  -90.95    0.00    0.00    0.00    0.00  -67.20  -23.75    5.40    0.44  -73.18  -16.44    0.59   -7.75    0.00
--> Name of file number   3:                                                     
md_1_0993_0007.en      1    949 0.993000 -218.69    0.00    0.00    0.00    0.00 -209.24   -9.45    3.62    2.11 -122.31   -9.12  -90.56   -2.44    0.00
md_1_0993_0007.en      2    949 0.007000  -91.84    0.00    0.00    0.00    0.00  -67.25  -24.59    5.46    0.60  -73.29  -17.08    0.59   -8.11    0.00
--> Name of file number   4:                                                     
md_1_0989_0011.en      1    949 0.989000 -219.98    0.00    0.00    0.00    0.00 -211.03   -8.96    3.63    2.18 -125.79   -8.77  -88.86   -2.37    0.00
md_1_0989_0011.en      2    949 0.011000  -91.63    0.00    0.00    0.00    0.00  -67.74  -23.89    5.63    0.70  -74.97  -16.50    1.60   -8.08    0.00
--> Name of file number   5:                                                     
md_1_0985_0015.en      1    949 0.985000 -218.06    0.00    0.00    0.00    0.00 -209.11   -8.95    3.63    2.17 -123.86   -8.71  -88.88   -2.41    0.00
md_1_0985_0015.en      2    949 0.015000  -92.06    0.00    0.00    0.00    0.00  -67.91  -24.15    5.49    0.61  -74.24  -16.63    0.84   -8.13    0.00
--> Name of file number   6:                                                     
md_1_0981_0019.en      1    949 0.981000 -220.71    0.00    0.00    0.00    0.00 -210.82   -9.89    3.59    2.11 -115.60   -9.00  -98.81   -3.00    0.00
md_1_0981_0019.en      2    949 0.019000  -92.68    0.00    0.00    0.00    0.00  -67.71  -24.97    5.44    0.54  -72.69  -16.85   -0.46   -8.66    0.00
--> Name of file number   7:                                                     
md_1_0977_0023.en      1    949 0.977000 -215.75    0.00    0.00    0.00    0.00 -205.88   -9.87    3.62    2.01 -127.07   -8.45  -82.44   -3.43    0.00
md_1_0977_0023.en      2    949 0.023000  -91.63    0.00    0.00    0.00    0.00  -67.23  -24.40    5.27    0.37  -72.42  -16.15   -0.08   -8.62    0.00
--> Name of file number   8:                                                     
md_1_0972_0028.en      1    949 0.972000 -218.15    0.00    0.00    0.00    0.00 -208.90   -9.26    3.65    2.14 -126.27   -8.78  -86.28   -2.62    0.00
md_1_0972_0028.en      2    949 0.028000  -91.61    0.00    0.00    0.00    0.00  -67.46  -24.15    5.37    0.39  -73.12  -16.57    0.29   -7.97    0.00
--> Name of file number   9:                                                     
md_1_0967_0033.en      1    949 0.967000 -217.50    0.00    0.00    0.00    0.00 -207.59   -9.90    3.62    2.22 -122.98   -9.45  -88.24   -2.67    0.00
md_1_0967_0033.en      2    949 0.033000  -92.36    0.00    0.00    0.00    0.00  -67.40  -24.96    5.42    0.45  -73.27  -17.24    0.44   -8.17    0.00
--> Name of file number  10:                                                     
md_1_0961_0039.en      1    949 0.961000 -214.46    0.00    0.00    0.00    0.00 -203.66  -10.81    3.70    2.13 -122.90   -9.82  -84.46   -3.11    0.00
md_1_0961_0039.en      2    949 0.039000  -91.74    0.00    0.00    0.00    0.00  -66.54  -25.20    5.22    0.43  -71.64  -17.41   -0.12   -8.23    0.00
--> Name of file number  11:                                                     
md_1_0956_0044.en      1    949 0.956000 -214.26    0.00    0.00    0.00    0.00 -204.11  -10.15    3.77    2.26 -129.96   -9.09  -77.93   -3.32    0.00
md_1_0956_0044.en      2    949 0.044000  -91.53    0.00    0.00    0.00    0.00  -67.30  -24.23    5.49    0.57  -73.55  -16.50    0.76   -8.29    0.00
--> Name of file number  12:                                                     
md_1_0950_0050.en      1    949 0.950000 -214.93    0.00    0.00    0.00    0.00 -205.87   -9.06    3.61    2.07 -133.89   -8.09  -75.58   -3.04    0.00
md_1_0950_0050.en      2    949 0.050000  -92.28    0.00    0.00    0.00    0.00  -68.71  -23.57    5.81    0.38  -75.97  -15.79    1.44   -8.16    0.00
--> Name of file number  13:                                                     
md_1_0943_0057.en      1    949 0.943000 -211.92    0.00    0.00    0.00    0.00 -200.81  -11.11    3.72    2.11 -122.16   -9.43  -82.37   -3.80    0.00
md_1_0943_0057.en      2    949 0.057000  -91.25    0.00    0.00    0.00    0.00  -66.19  -25.06    4.86    0.37  -70.49  -16.95   -0.56   -8.48    0.00
--> Name of file number  14:                                                     
md_1_0936_0064.en      1    949 0.936000 -213.06    0.00    0.00    0.00    0.00 -203.61   -9.45    4.01    2.34 -140.35   -7.86  -67.27   -3.94    0.00
md_1_0936_0064.en      2    949 0.064000  -91.24    0.00    0.00    0.00    0.00  -67.52  -23.72    5.62    0.64  -74.10  -15.37    0.96   -8.99    0.00
--> Name of file number  15:                                                     
md_1_0929_0071.en      1    949 0.929000 -211.66    0.00    0.00    0.00    0.00 -202.76   -8.90    4.03    2.21 -135.04   -7.16  -71.75   -3.95    0.00
md_1_0929_0071.en      2    949 0.071000  -91.36    0.00    0.00    0.00    0.00  -68.04  -23.32    5.79    0.48  -74.76  -14.67    0.94   -9.13    0.00
--> Name of file number  16:                                                     
md_1_0921_0079.en      1    949 0.921000 -214.70    0.00    0.00    0.00    0.00 -204.45  -10.24    3.71    2.12 -136.25   -8.47  -71.92   -3.89    0.00
md_1_0921_0079.en      2    949 0.079000  -93.44    0.00    0.00    0.00    0.00  -68.77  -24.67    5.79    0.38  -74.56  -16.11   -0.00   -8.94    0.00
--> Name of file number  17:                                                     
md_1_0913_0087.en      1    949 0.913000 -212.81    0.00    0.00    0.00    0.00 -202.41  -10.40    3.65    2.07 -125.01   -8.84  -81.06   -3.62    0.00
md_1_0913_0087.en      2    949 0.087000  -91.65    0.00    0.00    0.00    0.00  -66.79  -24.86    5.21    0.42  -71.74  -16.39   -0.26   -8.89    0.00
--> Name of file number  18:                                                     
md_1_0904_0096.en      1    949 0.904000 -208.55    0.00    0.00    0.00    0.00 -198.10  -10.45    3.66    2.05 -119.76   -9.85  -82.01   -2.65    0.00
md_1_0904_0096.en      2    949 0.096000  -91.51    0.00    0.00    0.00    0.00  -66.67  -24.85    4.79    0.37  -69.76  -17.21   -1.70   -8.00    0.00
--> Name of file number  19:                                                     
md_1_0895_0105.en      1    949 0.895000 -210.88    0.00    0.00    0.00    0.00 -199.80  -11.08    3.69    2.20 -128.40   -9.18  -75.10   -4.09    0.00
md_1_0895_0105.en      2    949 0.105000  -92.36    0.00    0.00    0.00    0.00  -67.07  -25.29    5.71    0.47  -73.18  -16.58    0.39   -9.18    0.00
--> Name of file number  20:                                                     
md_1_0885_0115.en      1    949 0.885000 -203.91    0.00    0.00    0.00    0.00 -192.45  -11.46    3.91    2.27 -119.58   -9.60  -76.77   -4.13    0.00
md_1_0885_0115.en      2    949 0.115000  -91.08    0.00    0.00    0.00    0.00  -65.82  -25.26    5.32    0.60  -70.82  -16.82   -0.33   -9.04    0.00
--> Name of file number  21:                                                     
md_1_0874_0126.en      1    949 0.874000 -205.19    0.00    0.00    0.00    0.00 -193.17  -12.02    3.82    2.01 -117.34   -9.95  -79.65   -4.07    0.00
md_1_0874_0126.en      2    949 0.126000  -91.91    0.00    0.00    0.00    0.00  -65.92  -25.99    5.08    0.34  -70.56  -17.40   -0.44   -8.92    0.00
--> Name of file number  22:                                                     
md_1_0863_0137.en      1    949 0.863000 -203.92    0.00    0.00    0.00    0.00 -191.81  -12.11    3.12    2.36 -112.20  -11.59  -82.72   -2.87    0.00
md_1_0863_0137.en      2    949 0.137000  -93.64    0.00    0.00    0.00    0.00  -67.87  -25.77    3.29    0.82  -63.38  -18.86   -7.78   -7.73    0.00
--> Name of file number  23:                                                     
md_1_0851_0149.en      1    949 0.851000 -196.75    0.00    0.00    0.00    0.00 -185.67  -11.08    3.64    2.26 -126.84   -8.79  -62.46   -4.56    0.00
md_1_0851_0149.en      2    949 0.149000  -90.31    0.00    0.00    0.00    0.00  -66.13  -24.19    4.31    0.56  -66.41  -15.73   -4.03   -9.02    0.00
--> Name of file number  24:                                                     
md_1_0838_0162.en      1    949 0.838000 -202.34    0.00    0.00    0.00    0.00 -190.82  -11.52    3.99    1.96 -117.70  -10.34  -77.12   -3.15    0.00
md_1_0838_0162.en      2    949 0.162000  -92.68    0.00    0.00    0.00    0.00  -67.79  -24.89    4.46    0.36  -66.35  -17.39   -5.89   -7.86    0.00
--> Name of file number  25:                                                     
md_1_0825_0175.en      1    949 0.825000 -201.04    0.00    0.00    0.00    0.00 -189.66  -11.37    3.74    1.86 -117.61   -9.77  -75.79   -3.46    0.00
md_1_0825_0175.en      2    949 0.175000  -91.82    0.00    0.00    0.00    0.00  -66.70  -25.12    5.22    0.24  -67.92  -16.99   -4.00   -8.36    0.00
--> Name of file number  26:                                                     
md_1_0810_0190.en      1    949 0.810000 -197.60    0.00    0.00    0.00    0.00 -186.61  -10.99    3.95    2.00 -115.86   -9.75  -74.70   -3.24    0.00
md_1_0810_0190.en      2    949 0.190000  -91.72    0.00    0.00    0.00    0.00  -67.18  -24.54    5.02    0.33  -66.88  -17.12   -5.33   -7.76    0.00
--> Name of file number  27:                                                     
md_1_0795_0205.en      1    949 0.795000 -196.95    0.00    0.00    0.00    0.00 -184.87  -12.08    4.16    2.25 -120.72  -10.06  -68.30   -4.28    0.00
md_1_0795_0205.en      2    949 0.205000  -92.51    0.00    0.00    0.00    0.00  -66.93  -25.58    4.98    0.45  -69.95  -17.18   -1.95   -8.85    0.00
--> Name of file number  28:                                                     
md_1_0779_0221.en      1    949 0.779000 -193.22    0.00    0.00    0.00    0.00 -180.04  -13.17    4.45    2.65 -113.76  -11.88  -70.73   -3.95    0.00
md_1_0779_0221.en      2    949 0.221000  -94.59    0.00    0.00    0.00    0.00  -69.02  -25.57    3.61    1.02  -63.08  -18.60   -9.56   -7.99    0.00
--> Name of file number  29:                                                     
md_1_0761_0239.en      1    949 0.761000 -193.08    0.00    0.00    0.00    0.00 -181.36  -11.72    3.66    2.39 -122.74   -9.91  -62.28   -4.19    0.00
md_1_0761_0239.en      2    949 0.239000  -93.48    0.00    0.00    0.00    0.00  -68.71  -24.77    3.55    0.71  -65.69  -16.92   -6.57   -8.55    0.00
--> Name of file number  30:                                                     
md_1_0743_0257.en      1    949 0.743000 -191.46    0.00    0.00    0.00    0.00 -177.96  -13.50    4.04    2.19 -109.70  -11.42  -72.30   -4.28    0.00
md_1_0743_0257.en      2    949 0.257000  -92.94    0.00    0.00    0.00    0.00  -66.69  -26.25    4.36    0.48  -67.33  -18.22   -3.72   -8.51    0.00
--> Name of file number  31:                                                     
md_1_0724_0276.en      1    949 0.724000 -187.34    0.00    0.00    0.00    0.00 -173.99  -13.34    4.24    2.17 -114.67  -10.71  -63.56   -4.80    0.00
md_1_0724_0276.en      2    949 0.276000  -91.82    0.00    0.00    0.00    0.00  -65.60  -26.22    5.20    0.36  -70.73  -17.62   -0.06   -8.96    0.00
--> Name of file number  32:                                                     
md_1_0703_0297.en      1    949 0.703000 -185.77    0.00    0.00    0.00    0.00 -171.97  -13.81    4.02    2.15 -129.01   -9.88  -46.97   -6.07    0.00
md_1_0703_0297.en      2    949 0.297000  -91.68    0.00    0.00    0.00    0.00  -65.86  -25.82    5.39    0.37  -73.52  -16.56    2.28   -9.63    0.00
--> Name of file number  33:                                                     
md_1_0681_0319.en      1    949 0.681000 -184.29    0.00    0.00    0.00    0.00 -170.77  -13.52    4.19    2.42 -128.06  -10.66  -46.89   -5.28    0.00
md_1_0681_0319.en      2    949 0.319000  -92.41    0.00    0.00    0.00    0.00  -66.35  -26.06    5.45    0.42  -73.25  -17.23    1.45   -9.25    0.00
--> Name of file number  34:                                                     
md_1_0657_0343.en      1    949 0.657000 -180.05    0.00    0.00    0.00    0.00 -164.95  -15.10    4.39    2.38 -126.00  -11.47  -43.33   -6.01    0.00
md_1_0657_0343.en      2    949 0.343000  -93.91    0.00    0.00    0.00    0.00  -67.21  -26.70    5.62    0.30  -75.32  -17.60    2.48   -9.40    0.00
--> Name of file number  35:                                                     
md_1_0632_0368.en      1    949 0.632000 -176.38    0.00    0.00    0.00    0.00 -161.46  -14.92    4.25    2.30 -122.66  -11.53  -43.06   -5.70    0.00
md_1_0632_0368.en      2    949 0.368000  -93.47    0.00    0.00    0.00    0.00  -66.91  -26.56    5.32    0.36  -72.93  -17.92    0.69   -8.99    0.00
--> Name of file number  36:                                                     
md_1_0606_0394.en      1    949 0.606000 -172.57    0.00    0.00    0.00    0.00 -157.67  -14.90    4.30    2.37 -118.20  -11.68  -43.77   -5.59    0.00
md_1_0606_0394.en      2    949 0.394000  -93.44    0.00    0.00    0.00    0.00  -66.81  -26.63    4.75    0.48  -69.91  -18.21   -1.65   -8.90    0.00
--> Name of file number  37:                                                     
md_1_0578_0422.en      1    949 0.578000 -172.57    0.00    0.00    0.00    0.00 -156.49  -16.07    4.42    2.43 -111.49  -12.13  -49.43   -6.38    0.00
md_1_0578_0422.en      2    949 0.422000  -94.01    0.00    0.00    0.00    0.00  -66.55  -27.45    4.84    0.54  -70.36  -18.44   -1.03   -9.55    0.00
--> Name of file number  38:                                                     
md_1_0548_0452.en      1    949 0.548000 -171.79    0.00    0.00    0.00    0.00 -155.41  -16.38    4.64    2.40 -108.35  -11.53  -51.71   -7.24    0.00
md_1_0548_0452.en      2    949 0.452000  -94.64    0.00    0.00    0.00    0.00  -67.14  -27.50    5.54    0.35  -73.43  -17.94    0.75   -9.91    0.00
--> Name of file number  39:                                                     
md_1_0516_0484.en      1    949 0.516000 -165.96    0.00    0.00    0.00    0.00 -152.31  -13.65    5.61    2.88 -119.21   -9.43  -38.71   -7.10    0.00
md_1_0516_0484.en      2    949 0.484000  -93.29    0.00    0.00    0.00    0.00  -68.27  -25.03    5.99    0.67  -76.28  -15.39    2.01  -10.30    0.00
--> Name of file number  40:                                                     
md_1_0482_0518.en      1    949 0.482000 -159.78    0.00    0.00    0.00    0.00 -143.81  -15.97    5.56    2.94 -110.20  -11.29  -39.17   -7.62    0.00
md_1_0482_0518.en      2    949 0.518000  -94.68    0.00    0.00    0.00    0.00  -68.11  -26.57    5.93    0.64  -75.23  -17.06    1.18  -10.14    0.00
--> Name of file number  41:                                                     
md_1_0446_0554.en      1    949 0.446000 -152.86    0.00    0.00    0.00    0.00 -136.21  -16.65    5.26    2.76 -105.18  -11.55  -36.29   -7.87    0.00
md_1_0446_0554.en      2    949 0.554000  -94.34    0.00    0.00    0.00    0.00  -67.76  -26.57    5.84    0.48  -75.36  -16.85    1.76  -10.20    0.00
--> Name of file number  42:                                                     
md_1_0408_0592.en      1    949 0.408000 -149.89    0.00    0.00    0.00    0.00 -132.18  -17.72    4.64    2.85 -101.75  -13.61  -35.07   -6.96    0.00
md_1_0408_0592.en      2    949 0.592000  -94.77    0.00    0.00    0.00    0.00  -66.56  -28.21    4.88    0.70  -70.18  -19.40   -1.27   -9.50    0.00
--> Name of file number  43:                                                     
md_1_0367_0633.en      1    949 0.367000 -140.10    0.00    0.00    0.00    0.00 -122.98  -17.11    5.02    3.04  -95.63  -12.50  -32.37   -7.65    0.00
md_1_0367_0633.en      2    949 0.633000  -94.09    0.00    0.00    0.00    0.00  -66.90  -27.19    5.76    0.60  -73.13  -17.10    0.47  -10.69    0.00
--> Name of file number  44:                                                     
md_1_0324_0676.en      1    949 0.324000 -141.54    0.00    0.00    0.00    0.00 -122.99  -18.54    4.97    2.86  -95.47  -12.98  -32.50   -8.42    0.00
md_1_0324_0676.en      2    949 0.676000  -95.01    0.00    0.00    0.00    0.00  -67.03  -27.98    5.53    0.55  -72.24  -17.82   -0.32  -10.70    0.00
--> Name of file number  45:                                                     
md_1_0278_0722.en      1    949 0.278000 -127.57    0.00    0.00    0.00    0.00 -110.21  -17.36    4.44    3.17  -78.50  -12.37  -36.15   -8.17    0.00
md_1_0278_0722.en      2    949 0.722000  -92.12    0.00    0.00    0.00    0.00  -65.27  -26.85    5.74    0.74  -72.88  -16.62    1.87  -10.97    0.00
--> Name of file number  46:                                                     
md_1_0229_0771.en      1    949 0.229000 -120.65    0.00    0.00    0.00    0.00 -103.70  -16.95    4.12    2.72  -64.62  -10.55  -43.20   -9.12    0.00
md_1_0229_0771.en      2    949 0.771000  -94.03    0.00    0.00    0.00    0.00  -68.02  -26.00    5.98    0.61  -74.58  -14.52    0.57  -12.09    0.00
--> Name of file number  47:                                                     
md_1_0177_0823.en      1    949 0.177000 -112.17    0.00    0.00    0.00    0.00  -95.56  -16.62    4.65    2.83  -66.90  -10.46  -33.31   -8.99    0.00
md_1_0177_0823.en      2    949 0.823000  -91.99    0.00    0.00    0.00    0.00  -66.49  -25.50    5.77    0.73  -74.74  -14.51    2.48  -11.72    0.00
--> Name of file number  48:                                                     
md_1_0121_0879.en      1    949 0.121000 -105.56    0.00    0.00    0.00    0.00  -88.47  -17.09    5.04    2.71  -76.45  -10.60  -17.07   -9.19    0.00
md_1_0121_0879.en      2    949 0.879000  -93.03    0.00    0.00    0.00    0.00  -67.07  -25.97    5.87    0.70  -76.32  -14.70    3.38  -11.97    0.00
--> Name of file number  49:                                                     
md_1_0062_0938.en      1    949 0.062000  -98.53    0.00    0.00    0.00    0.00  -81.50  -17.03    5.15    2.87  -86.62  -10.82   -0.02   -9.08    0.00
md_1_0062_0938.en      2    949 0.938000  -93.19    0.00    0.00    0.00    0.00  -66.87  -26.32    5.79    0.83  -77.00  -14.77    4.34  -12.38    0.00
--> Name of file number  50:                                                     
md_1_0000_1000.en      1    949 0.000000  -87.62    0.00    0.00    0.00    0.00  -71.77  -15.85    7.36    3.29  -68.59  -10.32  -10.54   -8.82    0.00
md_1_0000_1000.en      2    949 1.000000  -92.29    0.00    0.00    0.00    0.00  -66.29  -25.99    5.92    1.00  -73.59  -14.73    1.38  -12.27    0.00


# Part 1: Free energy perturbation summary:
# lambda(1)      dGf sum(dGf)      dGr sum(dGr)     <dG>
   1.000000    0.000    0.000   -0.389  -65.047    0.000
   0.997000    0.386    0.386   -0.508  -64.659    0.388
   0.993000    0.517    0.903   -0.514  -64.150    0.900
   0.989000    0.506    1.410   -0.505  -63.636    1.411
   0.985000    0.512    1.922   -0.513  -63.131    1.919
   0.981000    0.503    2.425   -0.498  -62.618    2.427
   0.977000    0.511    2.936   -0.634  -62.120    2.932
   0.972000    0.619    3.555   -0.627  -61.486    3.558
   0.967000    0.631    4.187   -0.738  -60.859    4.187
   0.961000    0.748    4.935   -0.615  -60.121    4.931
   0.956000    0.612    5.547   -0.738  -59.506    5.545
   0.950000    0.734    6.282   -0.847  -58.768    6.281
   0.943000    0.856    7.137   -0.856  -57.920    7.132
   0.936000    0.842    7.979   -0.845  -57.064    7.981
   0.929000    0.849    8.829   -0.973  -56.219    8.829
   0.921000    0.958    9.787   -0.973  -55.246    9.794
   0.913000    0.967   10.754   -1.059  -54.272   10.765
   0.904000    1.085   11.839   -1.072  -53.213   11.837
   0.895000    1.048   12.887   -1.135  -52.142   12.896
   0.885000    1.179   14.066   -1.253  -51.007   14.053
   0.874000    1.233   15.299   -1.221  -49.754   15.296
   0.863000    1.239   16.538   -1.287  -48.532   16.526
   0.851000    1.313   17.851   -1.437  -47.246   17.826
   0.838000    1.373   19.224   -1.432  -45.808   19.231
   0.825000    1.414   20.638   -1.600  -44.376   20.655
   0.810000    1.622   22.260   -1.582  -42.776   22.266
   0.795000    1.576   23.836   -1.596  -41.194   23.844
   0.779000    1.654   25.490   -1.813  -39.599   25.469
   0.761000    1.753   27.243   -1.794  -37.786   27.252
   0.743000    1.773   29.016   -1.844  -35.992   29.035
   0.724000    1.849   30.864   -2.004  -34.149   30.882
   0.703000    1.970   32.834   -2.051  -32.145   32.868
   0.681000    2.040   34.875   -2.102  -30.094   34.914
   0.657000    2.169   37.043   -2.113  -27.992   37.049
   0.632000    2.117   39.160   -2.102  -25.879   39.165
   0.606000    2.111   41.272   -2.253  -23.777   41.271
   0.578000    2.161   43.433   -2.373  -21.523   43.478
   0.548000    2.294   45.727   -2.404  -19.150   45.812
   0.516000    2.402   48.129   -2.293  -16.746   48.215
   0.482000    2.386   50.515   -2.211  -14.453   50.555
   0.446000    2.255   52.770   -2.201  -12.242   52.788
   0.408000    2.109   54.880   -2.009  -10.041   54.943
   0.367000    2.140   57.020   -2.123   -8.032   57.018
   0.324000    1.851   58.871   -1.766   -5.909   59.005
   0.278000    1.996   60.867   -1.473   -4.143   60.886
   0.229000    1.577   62.444   -1.221   -2.670   62.411
   0.177000    1.200   63.644   -0.902   -1.449   63.621
   0.121000    0.938   64.583   -0.561   -0.547   64.542
   0.062000    0.510   65.093    0.014    0.014   65.077
   0.000000    0.035   65.128    0.000    0.000   65.088

# Min energy-gap is:   -253.44
# Max energy-gap is:    -49.37


# Part 2: Reaction free energy summary:
# Lambda(1)  bin Energy gap      dGa     dGb     dGg    # pts    c1**2    c2**2
   1.000000    5    -235.07     0.00   138.76     0.00     50    0.000    0.000
   1.000000    6    -230.99     0.00   134.30    -0.00     86    0.000    0.000
   1.000000    7    -226.91     0.00   129.39     0.00    148    0.000    0.000
   1.000000    8    -222.83     0.00   125.27     0.00    185    0.000    0.000
   1.000000    9    -218.74     0.00   121.33    -0.00    165    0.000    0.000
   1.000000   10    -214.66     0.00   118.51     0.00    135    0.000    0.000
   1.000000   11    -210.58     0.00   114.51     0.00     79    0.000    0.000
   0.997000    6    -230.99    -0.03   133.73    -0.03     79    0.000    0.000
   0.997000    7    -226.91    -0.02   129.74    -0.02    135    0.000    0.000
   0.997000    8    -222.83    -0.01   126.83    -0.01    189    0.000    0.000
   0.997000    9    -218.74     0.00   122.42     0.00    191    0.000    0.000
   0.997000   10    -214.66     0.02   118.20     0.02    141    0.000    0.000
   0.997000   11    -210.58     0.03   114.72     0.03     87    0.000    0.000
   0.997000   12    -206.50     0.04   112.25     0.04     58    0.000    0.000
   0.993000    6    -230.99    -0.06   132.79    -0.06     71    0.000    0.000
   0.993000    7    -226.91    -0.04   129.94    -0.04    116    0.000    0.000
   0.993000    8    -222.83    -0.02   125.16    -0.02    142    0.000    0.000
   0.993000    9    -218.74     0.01   122.42     0.01    170    0.000    0.000
   0.993000   10    -214.66     0.04   118.07     0.04    170    0.000    0.000
   0.993000   11    -210.58     0.07   114.18     0.07    107    0.000    0.000
   0.993000   12    -206.50     0.09   110.76     0.09     69    0.000    0.000
   0.989000    6    -230.99    -0.12   134.34    -0.12     72    0.000    0.000
   0.989000    7    -226.91    -0.07   128.47    -0.07    125    0.000    0.000
   0.989000    8    -222.83    -0.03   125.88    -0.03    171    0.000    0.000
   0.989000    9    -218.74     0.01   123.86     0.01    188    0.000    0.000
   0.989000   10    -214.66     0.05   118.52     0.05    150    0.000    0.000
   0.989000   11    -210.58     0.10   115.70     0.10    105    0.000    0.000
   0.985000    6    -230.99    -0.15   131.22    -0.15     64    0.000    0.000
   0.985000    7    -226.91    -0.10   129.92    -0.10    124    0.000    0.000
   0.985000    8    -222.83    -0.04   125.58    -0.04    153    0.000    0.000
   0.985000    9    -218.74     0.02   122.03     0.02    175    0.000    0.000
   0.985000   10    -214.66     0.08   118.42     0.08    127    0.000    0.000
   0.985000   11    -210.58     0.13   114.66     0.13    114    0.000    0.000
   0.985000   12    -206.50     0.19   111.19     0.19     90    0.000    0.000
   0.981000    6    -230.99    -0.19   131.13    -0.19     71    0.000    0.000
   0.981000    7    -226.91    -0.12   129.34    -0.12    164    0.000    0.000
   0.981000    8    -222.83    -0.05   125.07    -0.05    188    0.000    0.000
   0.981000    9    -218.74     0.02   120.75     0.02    175    0.000    0.000
   0.981000   10    -214.66     0.10   116.23     0.10    161    0.000    0.000
   0.981000   11    -210.58     0.17   115.16     0.17     78    0.000    0.000
   0.977000    7    -226.91    -0.18   131.49    -0.18     79    0.000    0.000
   0.977000    8    -222.83    -0.08   125.82    -0.08    133    0.000    0.000
   0.977000    9    -218.74     0.01   122.69     0.01    164    0.000    0.000
   0.977000   10    -214.66     0.09   117.04     0.09    166    0.000    0.000
   0.977000   11    -210.58     0.19   115.78     0.19    156    0.000    0.000
   0.977000   12    -206.50     0.28   111.07     0.28     87    0.000    0.000
   0.977000   13    -202.42     0.38   106.46     0.38     68    0.000    0.000
   0.972000    6    -230.99    -0.32   134.44    -0.32     62    0.000    0.000
   0.972000    7    -226.91    -0.22   129.70    -0.22    107    0.000    0.000
   0.972000    8    -222.83    -0.11   125.58    -0.11    153    0.000    0.000
   0.972000    9    -218.74     0.00   121.42     0.00    199    0.000    0.000
   0.972000   10    -214.66     0.10   119.07     0.10    172    0.000    0.000
   0.972000   11    -210.58     0.20   115.83     0.20    121    0.000    0.000
   0.972000   12    -206.50     0.30   112.57     0.30     69    0.000    0.000
   0.967000    6    -230.99    -0.35   131.93    -0.35     70    0.000    0.000
   0.967000    7    -226.91    -0.23   129.63    -0.23     90    0.000    0.000
   0.967000    8    -222.83    -0.11   125.40    -0.11    145    0.000    0.000
   0.967000    9    -218.74     0.02   121.00     0.02    148    0.000    0.000
   0.967000   10    -214.66     0.13   118.49     0.13    167    0.000    0.000
   0.967000   11    -210.58     0.25   115.19     0.25    145    0.000    0.000
   0.967000   12    -206.50     0.37   110.50     0.37     78    0.000    0.000
   0.961000    7    -226.91    -0.30   128.70    -0.30     63    0.000    0.000
   0.961000    8    -222.83    -0.15   126.37    -0.15    113    0.000    0.000
   0.961000    9    -218.74    -0.02   122.92    -0.02    156    0.000    0.000
   0.961000   10    -214.66     0.13   119.08     0.13    175    0.000    0.000
   0.961000   11    -210.58     0.26   114.82     0.26    176    0.000    0.000
   0.961000   12    -206.50     0.41   112.24     0.41    118    0.000    0.000
   0.961000   13    -202.42     0.53   109.69     0.53     54    0.000    0.000
   0.956000    7    -226.91    -0.38   130.38    -0.38     57    0.000    0.000
   0.956000    8    -222.83    -0.21   124.07    -0.21    112    0.000    0.000
   0.956000    9    -218.74    -0.05   123.20    -0.05    159    0.000    0.000
   0.956000   10    -214.66     0.11   118.13     0.11    189    0.000    0.000
   0.956000   11    -210.58     0.28   115.24     0.28    180    0.000    0.000
   0.956000   12    -206.50     0.44   112.25     0.44    110    0.000    0.000
   0.956000   13    -202.42     0.63   108.11     0.63     55    0.000    0.000
   0.950000    7    -226.91    -0.40   126.66    -0.40     72    0.000    0.000
   0.950000    8    -222.83    -0.23   125.78    -0.23    109    0.000    0.000
   0.950000    9    -218.74    -0.03   122.22    -0.03    148    0.000    0.000
   0.950000   10    -214.66     0.15   117.63     0.15    174    0.000    0.000
   0.950000   11    -210.58     0.33   116.23     0.33    171    0.000    0.000
   0.950000   12    -206.50     0.51   112.13     0.51    124    0.000    0.000
   0.950000   13    -202.42     0.71   107.39     0.71     57    0.000    0.000
   0.943000    8    -222.83    -0.33   126.30    -0.33     74    0.000    0.000
   0.943000    9    -218.74    -0.12   122.91    -0.12    134    0.000    0.000
   0.943000   10    -214.66     0.07   120.16     0.07    156    0.000    0.000
   0.943000   11    -210.58     0.29   116.58     0.29    198    0.000    0.000
   0.943000   12    -206.50     0.51   113.09     0.51    149    0.000    0.000
   0.943000   13    -202.42     0.77   108.35     0.77    100    0.000    0.000
   0.943000   14    -198.34     0.98   105.57     0.98     52    0.000    0.000
   0.936000    7    -226.91    -0.68   129.74    -0.68     69    0.000    0.000
   0.936000    8    -222.83    -0.48   126.70    -0.48    106    0.000    0.000
   0.936000    9    -218.74    -0.18   123.40    -0.18    132    0.000    0.000
   0.936000   10    -214.66     0.07   119.05     0.07    181    0.000    0.000
   0.936000   11    -210.58     0.32   115.80     0.32    155    0.000    0.000
   0.936000   12    -206.50     0.57   111.53     0.57    104    0.000    0.000
   0.936000   13    -202.42     0.76   109.30     0.76     83    0.000    0.000
   0.936000   14    -198.34     1.04   105.85     1.04     56    0.000    0.000
   0.929000    8    -222.83    -0.49   126.24    -0.49     86    0.000    0.000
   0.929000    9    -218.74    -0.22   122.80    -0.22    129    0.000    0.000
   0.929000   10    -214.66     0.06   117.40     0.06    156    0.000    0.000
   0.929000   11    -210.58     0.33   114.47     0.33    175    0.000    0.000
   0.929000   12    -206.50     0.59   111.63     0.59    152    0.000    0.000
   0.929000   13    -202.42     0.82   108.22     0.82     98    0.000    0.000
   0.929000   14    -198.34     1.10   104.74     1.10     56    0.000    0.000
   0.921000    7    -226.91    -0.68   127.52    -0.68     65    0.000    0.000
   0.921000    8    -222.83    -0.40   123.40    -0.40    119    0.000    0.000
   0.921000    9    -218.74    -0.09   120.15    -0.09    156    0.000    0.000
   0.921000   10    -214.66     0.18   117.12     0.18    181    0.000    0.000
   0.921000   11    -210.58     0.45   113.56     0.45    179    0.000    0.000
   0.921000   12    -206.50     0.77   110.37     0.77    119    0.000    0.000
   0.921000   13    -202.42     1.01   107.79     1.01     64    0.000    0.000
   0.913000    8    -222.83    -0.63   125.90    -0.63    110    0.000    0.000
   0.913000    9    -218.74    -0.32   123.13    -0.32    139    0.000    0.000
   0.913000   10    -214.66     0.03   119.45     0.03    148    0.000    0.000
   0.913000   11    -210.58     0.34   116.30     0.34    173    0.000    0.000
   0.913000   12    -206.50     0.64   111.00     0.64    124    0.000    0.000
   0.913000   13    -202.42     1.02   108.51     1.02     98    0.000    0.000
   0.904000    9    -218.74    -0.40   121.34    -0.40     84    0.000    0.000
   0.904000   10    -214.66    -0.06   119.43    -0.06    137    0.000    0.000
   0.904000   11    -210.58     0.33   114.96     0.33    168    0.000    0.000
   0.904000   12    -206.50     0.72   111.54     0.72    196    0.000    0.000
   0.904000   13    -202.42     1.13   107.61     1.13    135    0.000    0.000
   0.904000   14    -198.34     1.52   104.82     1.52     80    0.000    0.000
   0.895000    8    -222.83    -0.77   125.86    -0.77     75    0.000    0.000
   0.895000    9    -218.74    -0.35   122.78    -0.35    106    0.000    0.000
   0.895000   10    -214.66     0.02   118.22     0.02    190    0.000    0.000
   0.895000   11    -210.58     0.38   115.82     0.38    174    0.000    0.000
   0.895000   12    -206.50     0.79   110.26     0.79    135    0.000    0.000
   0.895000   13    -202.42     1.15   108.04     1.15    104    0.000    0.000
   0.895000   14    -198.34     1.61   104.07     1.61     69    0.000    0.000
   0.885000    9    -218.74    -0.57   121.91    -0.57     54    0.000    0.000
   0.885000   10    -214.66    -0.16   118.67    -0.16     86    0.000    0.000
   0.885000   11    -210.58     0.34   115.12     0.34    141    0.000    0.000
   0.885000   12    -206.50     0.68   112.17     0.68    144    0.000    0.000
   0.885000   13    -202.42     1.10   108.77     1.10    187    0.000    0.000
   0.885000   14    -198.34     1.56   106.03     1.56    125    0.000    0.000
   0.885000   15    -194.26     1.97   102.97     1.97     88    0.000    0.000
   0.885000   16    -190.18     2.43    97.65     2.43     62    0.000    0.000
   0.874000    9    -218.74    -0.65   122.53    -0.65     53    0.000    0.000
   0.874000   10    -214.66    -0.17   117.24    -0.17    108    0.000    0.000
   0.874000   11    -210.58     0.28   114.95     0.28    143    0.000    0.000
   0.874000   12    -206.50     0.78   109.40     0.78    171    0.000    0.000
   0.874000   13    -202.42     1.23   109.01     1.23    179    0.000    0.000
   0.874000   14    -198.34     1.66   104.91     1.66    126    0.000    0.000
   0.874000   15    -194.26     2.18   102.38     2.18     78    0.000    0.000
   0.874000   16    -190.18     2.73    98.10     2.73     52    0.000    0.000
   0.863000   10    -214.66    -0.02   117.19    -0.02     86    0.000    0.000
   0.863000   11    -210.58     0.43   113.52     0.43    138    0.000    0.000
   0.863000   12    -206.50     0.91   109.54     0.91    139    0.000    0.000
   0.863000   13    -202.42     1.46   105.89     1.46    160    0.000    0.000
   0.863000   14    -198.34     1.89   103.78     1.89    161    0.000    0.000
   0.863000   15    -194.26     2.48   101.09     2.48     96    0.000    0.000
   0.863000   16    -190.18     3.12    96.89     3.12     60    0.000    0.000
   0.851000   11    -210.58    -0.14   115.41    -0.14     59    0.000    0.000
   0.851000   12    -206.50     0.44   112.33     0.44     98    0.000    0.000
   0.851000   13    -202.42     1.03   109.09     1.03    127    0.000    0.000
   0.851000   14    -198.34     1.66   106.81     1.66    188    0.000    0.000
   0.851000   15    -194.26     2.16   102.82     2.16    161    0.000    0.000
   0.851000   16    -190.18     2.66    99.18     2.66    128    0.000    0.000
   0.851000   17    -186.09     3.32    95.46     3.32     84    0.000    0.000
   0.851000   18    -182.01     3.87    94.30     3.87     52    0.000    0.000
   0.838000   10    -214.66    -0.63   118.57    -0.63     70    0.000    0.000
   0.838000   11    -210.58     0.04   113.35     0.04    117    0.000    0.000
   0.838000   12    -206.50     0.69   110.84     0.69    163    0.000    0.000
   0.838000   13    -202.42     1.27   107.58     1.27    156    0.000    0.000
   0.838000   14    -198.34     1.89   104.34     1.89    151    0.000    0.000
   0.838000   15    -194.26     2.50   102.09     2.50    109    0.000    0.000
   0.838000   16    -190.18     3.19    98.11     3.19     72    0.000    0.000
   0.825000   10    -214.66    -1.08   117.41    -1.08     58    0.000    0.000
   0.825000   11    -210.58    -0.37   115.61    -0.37     91    0.000    0.000
   0.825000   12    -206.50     0.38   111.05     0.38    147    0.000    0.000
   0.825000   13    -202.42     1.06   107.81     1.06    150    0.000    0.000
   0.825000   14    -198.34     1.81   105.10     1.81    165    0.000    0.000
   0.825000   15    -194.26     2.57   101.03     2.57    138    0.000    0.000
   0.825000   16    -190.18     3.12    98.82     3.12     87    0.000    0.000
   0.810000   11    -210.58    -0.28   114.65    -0.28     67    0.000    0.000
   0.810000   12    -206.50     0.39   111.79     0.39     99    0.000    0.000
   0.810000   13    -202.42     1.08   107.70     1.08    162    0.000    0.000
   0.810000   14    -198.34     1.71   105.70     1.71    188    0.000    0.000
   0.810000   15    -194.26     2.48   102.20     2.48    167    0.000    0.000
   0.810000   16    -190.18     3.22    99.17     3.22    121    0.000    0.000
   0.810000   17    -186.09     4.10    96.75     4.10     74    0.000    0.000
   0.795000   11    -210.58    -0.57   114.82    -0.57     60    0.000    0.000
   0.795000   12    -206.50     0.31   110.81     0.31    106    0.000    0.000
   0.795000   13    -202.42     1.09   107.42     1.09    132    0.000    0.000
   0.795000   14    -198.34     1.89   104.54     1.89    158    0.000    0.000
   0.795000   15    -194.26     2.63   101.57     2.63    172    0.000    0.000
   0.795000   16    -190.18     3.43    97.32     3.43    133    0.000    0.000
   0.795000   17    -186.09     4.08    96.19     4.08     96    0.000    0.000
   0.779000   12    -206.50     0.65   109.77     0.65     70    0.000    0.000
   0.779000   13    -202.42     1.38   106.39     1.38     97    0.000    0.000
   0.779000   14    -198.34     2.34   102.56     2.34    126    0.000    0.000
   0.779000   15    -194.26     3.02    99.89     3.02    169    0.000    0.000
   0.779000   16    -190.18     4.04    96.88     4.04    162    0.000    0.000
   0.779000   17    -186.09     4.65    92.66     4.65    145    0.000    0.000
   0.779000   18    -182.01     5.64    90.78     5.64     71    0.000    0.000
   0.761000   12    -206.50    -0.04   109.77    -0.04     62    0.000    0.000
   0.761000   13    -202.42     0.97   106.36     0.97    111    0.000    0.000
   0.761000   14    -198.34     1.86   104.41     1.86    144    0.000    0.000
   0.761000   15    -194.26     2.76   101.53     2.76    165    0.000    0.000
   0.761000   16    -190.18     3.84    97.59     3.84    170    0.000    0.000
   0.761000   17    -186.09     4.53    94.85     4.53    130    0.000    0.000
   0.761000   18    -182.01     5.61    92.72     5.61     88    0.000    0.000
   0.743000   13    -202.42     0.70   105.87     0.70     84    0.000    0.000
   0.743000   14    -198.34     1.59   103.76     1.59    126    0.000    0.000
   0.743000   15    -194.26     2.49   101.24     2.49    160    0.000    0.000
   0.743000   16    -190.18     3.63    98.21     3.63    187    0.000    0.000
   0.743000   17    -186.09     4.33    95.34     4.33    127    0.000    0.000
   0.743000   18    -182.01     5.46    92.72     5.46     99    0.000    0.000
   0.743000   19    -177.93     6.66    89.03     6.66     60    0.000    0.000
   0.724000   14    -198.34     1.30   104.76     1.30     90    0.000    0.000
   0.724000   15    -194.26     2.24   101.80     2.24    112    0.000    0.000
   0.724000   16    -190.18     3.26   100.01     3.26    156    0.000    0.000
   0.724000   17    -186.09     4.26    96.75     4.26    142    0.000    0.000
   0.724000   18    -182.01     5.30    94.46     5.30    148    0.000    0.000
   0.724000   19    -177.93     6.41    90.60     6.41     98    0.000    0.000
   0.724000   20    -173.85     7.56    88.06     7.56     52    0.000    0.000
   0.703000   14    -198.34     0.58   104.91     0.58     62    0.000    0.000
   0.703000   15    -194.26     2.11   101.82     2.11    133    0.000    0.000
   0.703000   16    -190.18     3.23    98.42     3.23    145    0.000    0.000
   0.703000   17    -186.09     4.52    95.92     4.52    169    0.000    0.000
   0.703000   18    -182.01     5.31    93.10     5.31    157    0.000    0.000
   0.703000   19    -177.93     6.56    91.75     6.56    127    0.000    0.000
   0.703000   20    -173.85     7.63    88.35     7.63     62    0.000    0.000
   0.681000   14    -198.34     1.07   103.96     1.07     56    0.000    0.000
   0.681000   15    -194.26     2.20   101.69     2.20    100    0.000    0.000
   0.681000   16    -190.18     3.10    98.21     3.10    145    0.000    0.000
   0.681000   17    -186.09     4.18    94.39     4.18    170    0.000    0.000
   0.681000   18    -182.01     5.65    93.53     5.65    149    0.000    0.000
   0.681000   19    -177.93     6.91    90.91     6.91    135    0.000    0.000
   0.681000   20    -173.85     7.88    89.08     7.88     97    0.000    0.000
   0.657000   15    -194.26     2.22   100.23     2.22     50    0.000    0.000
   0.657000   16    -190.18     3.43    98.53     3.43    101    0.000    0.000
   0.657000   17    -186.09     5.13    94.75     5.13    118    0.000    0.000
   0.657000   18    -182.01     6.24    92.75     6.24    177    0.000    0.000
   0.657000   19    -177.93     7.44    89.99     7.44    199    0.000    0.000
   0.657000   20    -173.85     9.07    87.87     9.07    123    0.000    0.000
   0.657000   21    -169.77     9.78    84.68     9.78     96    0.000    0.000
   0.632000   16    -190.18     2.84    97.95     2.84     53    0.000    0.000
   0.632000   17    -186.09     4.38    95.43     4.38    106    0.000    0.000
   0.632000   18    -182.01     5.51    92.56     5.51    136    0.000    0.000
   0.632000   19    -177.93     7.18    90.26     7.18    164    0.000    0.000
   0.632000   20    -173.85     8.66    87.82     8.66    166    0.000    0.000
   0.632000   21    -169.77    10.07    85.84    10.07    120    0.000    0.000
   0.632000   22    -165.69    11.28    83.56    11.28     93    0.000    0.000
   0.606000   17    -186.09     4.37    95.46     4.37     57    0.000    0.000
   0.606000   18    -182.01     5.74    91.94     5.74     92    0.000    0.000
   0.606000   19    -177.93     6.87    90.32     6.87    157    0.000    0.000
   0.606000   20    -173.85     8.56    87.77     8.56    180    0.000    0.000
   0.606000   21    -169.77     9.57    85.13     9.57    155    0.000    0.000
   0.606000   22    -165.69    11.24    83.76    11.24    126    0.000    0.000
   0.606000   23    -161.61    12.47    81.28    12.47     75    0.000    0.000
   0.578000   17    -186.09     3.43    94.87     3.43     53    0.000    0.000
   0.578000   18    -182.01     5.88    91.83     5.88     98    0.000    0.000
   0.578000   19    -177.93     7.49    89.28     7.49    159    0.000    0.000
   0.578000   20    -173.85     8.49    87.35     8.49    167    0.000    0.000
   0.578000   21    -169.77    10.00    85.65    10.00    152    0.000    0.000
   0.578000   22    -165.69    11.67    82.86    11.67    120    0.000    0.000
   0.578000   23    -161.61    13.49    81.28    13.49     86    0.000    0.000
   0.578000   24    -157.53    15.30    78.20    15.30     55    0.000    0.000
   0.548000   17    -186.09     3.79    93.42     3.79     60    0.000    0.000
   0.548000   18    -182.01     5.47    91.49     5.47     81    0.000    0.000
   0.548000   19    -177.93     6.64    89.64     6.64    130    0.000    0.000
   0.548000   20    -173.85     8.69    87.37     8.69    161    0.000    0.000
   0.548000   21    -169.77    10.40    85.16    10.40    174    0.000    0.000
   0.548000   22    -165.69    12.09    83.34    12.09    136    0.000    0.000
   0.548000   23    -161.61    13.51    80.52    13.51    105    0.000    0.000
   0.516000   19    -177.93     6.37    90.52     6.37     76    0.000    0.000
   0.516000   20    -173.85     8.61    88.33     8.61    109    0.000    0.000
   0.516000   21    -169.77    10.15    86.54    10.15    162    0.000    0.000
   0.516000   22    -165.69    11.95    84.31    11.95    150    0.000    0.000
   0.516000   23    -161.61    14.08    82.61    14.08    157    0.000    0.000
   0.516000   24    -157.53    15.89    80.42    15.89    101    0.000    0.000
   0.516000   25    -153.44    17.71    78.65    17.71     62    0.000    0.000
   0.482000   20    -173.85     8.66    87.22     8.66     58    0.000    0.000
   0.482000   21    -169.77    10.63    85.57    10.63     87    0.000    0.000
   0.482000   22    -165.69    12.83    83.36    12.83    133    0.000    0.000
   0.482000   23    -161.61    14.69    81.59    14.69    174    0.000    0.000
   0.482000   24    -157.53    16.67    79.78    16.67    155    0.000    0.000
   0.482000   25    -153.44    18.11    78.31    18.11    138    0.000    0.000
   0.482000   26    -149.36    20.73    76.01    20.73     86    0.000    0.000
   0.482000   27    -145.28    22.48    74.38    22.48     51    0.000    0.000
   0.446000   22    -165.69    11.87    83.61    11.87     70    0.000    0.000
   0.446000   23    -161.61    14.26    81.59    14.26    100    0.000    0.000
   0.446000   24    -157.53    16.16    79.62    16.16    155    0.000    0.000
   0.446000   25    -153.44    18.07    78.23    18.07    163    0.000    0.000
   0.446000   26    -149.36    20.57    75.85    20.57    124    0.000    0.000
   0.446000   27    -145.28    23.21    74.30    23.21    128    0.000    0.000
   0.446000   28    -141.20    25.17    72.64    25.17     81    0.000    0.000
   0.408000   23    -161.61    13.80    80.27    13.80     74    0.000    0.000
   0.408000   24    -157.53    16.13    79.02    16.13    120    0.000    0.000
   0.408000   25    -153.44    16.86    77.74    16.86    151    0.000    0.000
   0.408000   26    -149.36    18.42    75.92    18.42    149    0.000    0.000
   0.408000   27    -145.28    22.63    74.68    22.63    128    0.000    0.000
   0.408000   28    -141.20    23.48    73.26    23.48    131    0.000    0.000
   0.408000   29    -137.12    27.86    71.81    27.86     62    0.000    0.000
   0.367000   25    -153.44    18.78    77.63    18.78     62    0.000    0.000
   0.367000   26    -149.36    19.59    76.28    19.59     99    0.000    0.000
   0.367000   27    -145.28    22.74    74.95    22.74    130    0.000    0.000
   0.367000   28    -141.20    24.65    73.44    24.65    155    0.000    0.000
   0.367000   29    -137.12    26.94    72.17    26.94    174    0.000    0.000
   0.367000   30    -133.04    30.37    70.79    30.37    104    0.000    0.000
   0.367000   31    -128.96    31.95    69.83    31.95     91    0.000    0.000
   0.367000   32    -124.87    35.38    68.04    35.38     53    0.000    0.000
   0.324000   25    -153.44    17.12    77.02    17.12     81    0.000    0.000
   0.324000   26    -149.36    19.71    75.79    19.71    113    0.000    0.000
   0.324000   27    -145.28    21.78    74.61    21.78    160    0.000    0.000
   0.324000   28    -141.20    24.25    73.53    24.25    173    0.000    0.000
   0.324000   29    -137.12    25.14    71.96    25.14    147    0.000    0.000
   0.324000   30    -133.04    31.11    70.83    31.11    103    0.000    0.000
   0.324000   31    -128.96    33.47    69.67    33.47     69    0.000    0.000
   0.278000   28    -141.20    22.99    73.76    22.99     61    0.000    0.000
   0.278000   29    -137.12    24.69    72.67    24.69     94    0.000    0.000
   0.278000   30    -133.04    26.48    71.62    26.48    152    0.000    0.000
   0.278000   31    -128.96    31.21    70.50    31.21    165    0.000    0.000
   0.278000   32    -124.87    34.06    69.56    34.06    159    0.000    0.000
   0.278000   33    -120.79    36.05    68.60    36.05    131    0.000    0.000
   0.278000   34    -116.71    38.89    67.42    38.89     71    0.000    0.000
   0.278000   35    -112.63    42.30    66.49    42.30     52    0.000    0.000
   0.229000   30    -133.04    30.57    70.72    30.57     67    0.000    0.000
   0.229000   31    -128.96    32.82    69.99    32.82     99    0.000    0.000
   0.229000   32    -124.87    35.93    69.17    35.93    158    0.000    0.000
   0.229000   33    -120.79    39.34    68.19    39.34    153    0.000    0.000
   0.229000   34    -116.71    42.71    67.41    42.71    148    0.000    0.000
   0.229000   35    -112.63    44.83    66.55    44.83    116    0.000    0.000
   0.229000   36    -108.55    48.07    65.84    48.07     87    0.000    0.000
   0.177000   32    -124.87    32.76    69.15    32.76     63    0.000    0.000
   0.177000   33    -120.79    37.79    68.37    37.79    107    0.000    0.000
   0.177000   34    -116.71    40.60    67.72    40.60    145    0.000    0.000
   0.177000   35    -112.63    44.35    67.10    44.35    175    0.000    0.000
   0.177000   36    -108.55    46.57    66.50    46.57    142    0.000    0.000
   0.177000   37    -104.47    49.45    65.77    49.45    136    0.000    0.000
   0.177000   38    -100.39    52.92    65.09    52.92     68    0.000    0.000
   0.121000   34    -116.71    40.24    67.17    40.24     82    0.000    0.000
   0.121000   35    -112.63    44.43    66.79    44.43    129    0.000    0.000
   0.121000   36    -108.55    46.59    66.27    46.59    170    0.000    0.000
   0.121000   37    -104.47    50.64    65.85    50.64    153    0.000    0.000
   0.121000   38    -100.39    53.98    65.44    53.98    147    0.000    0.000
   0.121000   39     -96.31    57.64    64.99    57.64     94    0.000    0.000
   0.121000   40     -92.22    61.02    64.50    61.02     55    0.000    0.000
   0.062000   35    -112.63    45.19    66.20    45.19     51    0.000    0.000
   0.062000   36    -108.55    49.02    65.93    49.02     98    0.000    0.000
   0.062000   37    -104.47    51.74    65.71    51.74    131    0.000    0.000
   0.062000   38    -100.39    52.80    65.50    52.80    160    0.000    0.000
   0.062000   39     -96.31    59.09    65.27    59.09    145    0.000    0.000
   0.062000   40     -92.22    61.34    65.04    61.34    133    0.000    0.000
   0.062000   41     -88.14    65.30    64.80    64.61     76    0.000    0.000
   0.062000   42     -84.06    67.53    64.62    64.62     50    0.000    0.000
   0.000000   38    -100.39    53.52    65.09    53.52     74    0.000    0.000
   0.000000   39     -96.31    57.93    65.09    57.93    101    0.000    0.000
   0.000000   40     -92.22    61.50    65.09    61.50    152    0.000    0.000
   0.000000   41     -88.14    65.26    65.09    64.79    149    0.000    0.000
   0.000000   42     -84.06    68.14    65.09    65.09    147    0.000    0.000
   0.000000   43     -79.98    71.37    65.09    65.09     94    0.000    0.000
   0.000000   44     -75.90    74.92    65.09    65.09     81    0.000    0.000


# Part 3: Bin-averaged summary:
# bin  energy gap  <dGg> <dGg norm> pts  <c1**2> <c2**2> <r_xy>
   5   -235.07     0.00     0.19     50   0.000   0.000   0.000
   6   -230.99    -0.14     0.04    575   0.000   0.000   0.000
   7   -226.91    -0.19     0.00   1414   0.000   0.000   0.000
   8   -222.83    -0.18     0.01   2363   0.000   0.000   0.000
   9   -218.74    -0.09     0.10   3025   0.000   0.000   0.000
  10   -214.66     0.03     0.21   3484   0.000   0.000   0.000
  11   -210.58     0.22     0.40   3557   0.000   0.000   0.000
  12   -206.50     0.53     0.72   2981   0.000   0.000   0.000
  13   -202.42     1.04     1.22   2461   0.000   0.000   0.000
  14   -198.34     1.65     1.84   2179   0.000   0.000   0.000
  15   -194.26     2.45     2.64   1898   0.000   0.000   0.000
  16   -190.18     3.31     3.50   1834   0.000   0.000   0.000
  17   -186.09     4.31     4.49   1531   0.000   0.000   0.000
  18   -182.01     5.56     5.75   1348   0.000   0.000   0.000
  19   -177.93     6.95     7.14   1305   0.000   0.000   0.000
  20   -173.85     8.50     8.68   1175   0.000   0.000   0.000
  21   -169.77    10.07    10.26    946   0.000   0.000   0.000
  22   -165.69    11.88    12.07    828   0.000   0.000   0.000
  23   -161.61    13.91    14.10    771   0.000   0.000   0.000
  24   -157.53    16.16    16.35    586   0.000   0.000   0.000
  25   -153.44    17.72    17.90    657   0.000   0.000   0.000
  26   -149.36    19.69    19.88    571   0.000   0.000   0.000
  27   -145.28    22.54    22.73    597   0.000   0.000   0.000
  28   -141.20    24.18    24.37    601   0.000   0.000   0.000
  29   -137.12    26.06    26.25    477   0.000   0.000   0.000
  30   -133.04    29.19    29.38    426   0.000   0.000   0.000
  31   -128.96    32.11    32.30    424   0.000   0.000   0.000
  32   -124.87    34.71    34.90    433   0.000   0.000   0.000
  33   -120.79    37.81    38.00    391   0.000   0.000   0.000
  34   -116.71    40.96    41.15    446   0.000   0.000   0.000
  35   -112.63    44.35    44.54    523   0.000   0.000   0.000
  36   -108.55    47.32    47.51    497   0.000   0.000   0.000
  37   -104.47    50.60    50.79    420   0.000   0.000   0.000
  38   -100.39    53.33    53.51    449   0.000   0.000   0.000
  39    -96.31    58.35    58.53    340   0.000   0.000   0.000
  40    -92.22    61.36    61.54    340   0.000   0.000   0.000
  41    -88.14    64.73    64.92    225   0.000   0.000   0.000
  42    -84.06    64.97    65.16    197   0.000   0.000   0.000
  43    -79.98    65.09    65.27     94   0.000   0.000   0.000
  44    -75.90    65.09    65.27     81   0.000   0.000   0.000


# Part 4: Termodynamic integration:
# lambda(1)      dGti    sum(dGti) 
   1.000000    0.000    0.000
   0.997000  128.976    0.388
   0.993000  129.403    0.900
   0.989000  126.851    1.410
   0.985000  128.355    1.919
   0.981000  126.001    2.427
   0.977000  128.033    2.932
   0.972000  124.120    3.558
   0.967000  126.543    4.187
   0.961000  125.134    4.931
   0.956000  122.723    5.545
   0.950000  122.732    6.281
   0.943000  122.651    7.132
   0.936000  120.674    7.981
   0.929000  121.821    8.829
   0.921000  120.298    9.795
   0.913000  121.255   10.764
   0.904000  121.157   11.836
   0.895000  117.037   12.896
   0.885000  118.521   14.053
   0.874000  112.825   15.297
   0.863000  113.278   16.526
   0.851000  110.279   17.826
   0.838000  106.436   19.231
   0.825000  109.668   20.654
   0.810000  109.215   22.267
   0.795000  105.873   23.844
   0.779000  104.439   25.469
   0.761000   98.624   27.253
   0.743000   99.601   29.036
   0.724000   98.521   30.879
   0.703000   95.521   32.870
   0.681000   94.097   34.916
   0.657000   91.875   37.052
   0.632000   86.141   39.165
   0.606000   82.911   41.272
   0.578000   79.132   43.480
   0.548000   78.558   45.815
   0.516000   77.153   48.212
   0.482000   72.664   50.554
   0.446000   65.103   52.780
   0.408000   58.526   54.939
   0.367000   55.119   57.012
   0.324000   46.012   59.002
   0.278000   46.529   60.887
   0.229000   35.450   62.408
   0.177000   26.620   63.625
   0.121000   20.181   64.541
   0.062000   12.526   65.068
   0.000000    5.338   65.089


# Part 5: Overlap sampling Lu et al:
# lambda(1)      dG    sum(dG) 
   1.000000    0.000    0.000
   0.997000    0.388    0.388
   0.993000    0.513    0.900
   0.989000    0.510    1.411
   0.985000    0.509    1.919
   0.981000    0.508    2.427
   0.977000    0.504    2.932
   0.972000    0.627    3.558
   0.967000    0.629    4.187
   0.961000    0.743    4.931
   0.956000    0.614    5.545
   0.950000    0.736    6.281
   0.943000    0.852    7.132
   0.936000    0.849    7.981
   0.929000    0.847    8.829
   0.921000    0.966    9.795
   0.913000    0.970   10.765
   0.904000    1.072   11.836
   0.895000    1.060   12.896
   0.885000    1.157   14.053
   0.874000    1.243   15.296
   0.863000    1.230   16.526
   0.851000    1.300   17.826
   0.838000    1.405   19.231
   0.825000    1.423   20.654
   0.810000    1.612   22.266
   0.795000    1.578   23.844
   0.779000    1.625   25.469
   0.761000    1.783   27.253
   0.743000    1.783   29.036
   0.724000    1.845   30.881
   0.703000    1.989   32.870
   0.681000    2.046   34.915
   0.657000    2.136   37.051
   0.632000    2.114   39.165
   0.606000    2.107   41.272
   0.578000    2.208   43.479
   0.548000    2.335   45.814
   0.516000    2.400   48.214
   0.482000    2.340   50.555
   0.446000    2.229   52.784
   0.408000    2.157   54.941
   0.367000    2.073   57.014
   0.324000    1.988   59.002
   0.278000    1.884   60.886
   0.229000    1.523   62.409
   0.177000    1.213   63.622
   0.121000    0.918   64.540
   0.062000    0.533   65.073
   0.000000    0.020   65.093


# lambda(1)      dG    sum(dG) 
# Part 6: BAR Bennet:
   1.000000    0.000    0.000
   0.997000    0.388    0.388
   0.993000    0.513    0.900
   0.989000    0.510    1.410
   0.985000    0.509    1.919
   0.981000    0.508    2.427
   0.977000    0.504    2.932
   0.972000    0.627    3.558
   0.967000    0.629    4.187
   0.961000    0.744    4.931
   0.956000    0.614    5.545
   0.950000    0.736    6.281
   0.943000    0.852    7.132
   0.936000    0.849    7.981
   0.929000    0.847    8.829
   0.921000    0.966    9.795
   0.913000    0.970   10.764
   0.904000    1.072   11.836
   0.895000    1.060   12.896
   0.885000    1.157   14.053
   0.874000    1.244   15.297
   0.863000    1.230   16.526
   0.851000    1.300   17.827
   0.838000    1.405   19.231
   0.825000    1.423   20.654
   0.810000    1.613   22.267
   0.795000    1.577   23.844
   0.779000    1.624   25.469
   0.761000    1.784   27.253
   0.743000    1.783   29.036
   0.724000    1.844   30.880
   0.703000    1.991   32.871
   0.681000    2.046   34.916
   0.657000    2.136   37.052
   0.632000    2.113   39.166
   0.606000    2.107   41.273
   0.578000    2.208   43.481
   0.548000    2.336   45.816
   0.516000    2.397   48.213
   0.482000    2.341   50.555
   0.446000    2.226   52.780
   0.408000    2.159   54.939
   0.367000    2.072   57.011
   0.324000    1.989   59.001
   0.278000    1.886   60.887
   0.229000    1.521   62.408
   0.177000    1.215   63.623
   0.121000    0.916   64.539
   0.062000    0.531   65.070
   0.000000    0.028   65.098
