--------------------------------------------------------------------
This file contains some output information regarding the preperation
process of the protein for spherical boundary conditions in Q.

The command line input was:
protPREP.py -p 1h1s_PrepWiz.pdb -r 22 -c 0.535:26.772:8.819 -w=False -V=True

Date:                                            2022-07-02 14:59:17
Inputfile:                                          1h1s_PrepWiz.pdb
Sphere center:                               0.535   26.772    8.819
Sphere radius:                                                  22.0
Total charge in sphere:                                           -1
--------------------------------------------------------------------
The following residues have been decharged:
Q_RESN    PDB_IN    CHAIN     RESNAME   
2         2         A         GLU       
22        22        A         ARG       
24        24        A         LYS       
38        38        A         ASP       
40        40        A         GLU       
42        42        A         GLU       
50        50        A         ARG       
56        56        A         LYS       
57        57        A         GLU       
73        73        A         GLU       
75        75        A         LYS       
105       105       A         LYS       
122       122       A         ARG       
126       126       A         ARG       
150       150       A         ARG       
157       157       A         ARG       
162       162       A         GLU       
169       169       A         ARG       
172       172       A         GLU       
178       178       A         LYS       
199       199       A         ARG       
200       200       A         ARG       
206       206       A         ASP       
208       208       A         GLU       
210       210       A         ASP       
214       214       A         ARG       
217       217       A         ARG       
223       223       A         ASP       
224       224       A         GLU       
235       235       A         ASP       
237       237       A         LYS       
242       242       A         LYS       
245       245       A         ARG       
247       247       A         ASP       
250       250       A         LYS       
256       256       A         ASP       
257       257       A         GLU       
258       258       A         ASP       
260       260       A         ARG       
270       270       A         ASP       
273       273       A         LYS       
274       274       A         ARG       
278       278       A         LYS       
288       288       A         ASP       
--------------------------------------------------------------------
The following charged residues are in the sphere:
Q_RESN    PDB_IN    CHAIN     RESNAME   
6         6         A         LYS       
8         8         A         GLU       
9         9         A         LYS       
12        12        A         GLU       
20        20        A         LYS       
28        28        A         GLU       
33        33        A         LYS       
34        34        A         LYS       
36        36        A         ARG       
51        51        A         GLU       
65        65        A         LYS       
68        68        A         ASP       
81        81        A         GLU       
86        86        A         ASP       
88        88        A         LYS       
89        89        A         LYS       
92        92        A         ASP       
127       127       A         ASP       
129       129       A         LYS       
138       138       A         GLU       
142       142       A         LYS       
145       145       A         ASP       
185       185       A         ASP       
195       195       A         GLU       
291       291       A         LYS       
--------------------------------------------------------------------
The following S-S bonds have been found:
Q_CYS1    Q_CYS2    PDB_CYS1  CHAIN     PDB_CYS2  CHAIN     
--------------------------------------------------------------------
The following is a mapping of residue numbers in Q and the input 
pdbfile "1h1s_PrepWiz.pdb":
Q_RESN    PDB_IN    CHAIN     RESNAME   
1         1         A         MET       
2         2         A         GLH       
3         3         A         ASN       
4         4         A         PHE       
5         5         A         GLN       
6         6         A         LYS       
7         7         A         VAL       
8         8         A         GLU       
9         9         A         LYS       
10        10        A         ILE       
12        12        A         GLU       
14        14        A         THR       
15        15        A         TYR       
17        17        A         VAL       
18        18        A         VAL       
19        19        A         TYR       
20        20        A         LYS       
21        21        A         ALA       
22        22        A         ARN       
23        23        A         ASN       
24        24        A         LYN       
25        25        A         LEU       
26        26        A         THR       
28        28        A         GLU       
29        29        A         VAL       
30        30        A         VAL       
31        31        A         ALA       
32        32        A         LEU       
33        33        A         LYS       
34        34        A         LYS       
35        35        A         ILE       
36        36        A         ARG       
37        37        A         LEU       
38        38        A         ASH       
39        39        A         THR       
40        40        A         GLH       
41        41        A         THR       
42        42        A         GLH       
44        44        A         VAL       
45        45        A         PRO       
46        46        A         SER       
47        47        A         THR       
48        48        A         ALA       
49        49        A         ILE       
50        50        A         ARN       
51        51        A         GLU       
52        52        A         ILE       
53        53        A         SER       
54        54        A         LEU       
55        55        A         LEU       
56        56        A         LYN       
57        57        A         GLH       
58        58        A         LEU       
59        59        A         ASN       
60        60        A         HID       
61        61        A         PRO       
62        62        A         ASN       
63        63        A         ILE       
64        64        A         VAL       
65        65        A         LYS       
66        66        A         LEU       
67        67        A         LEU       
68        68        A         ASP       
69        69        A         VAL       
70        70        A         ILE       
71        71        A         HID       
72        72        A         THR       
73        73        A         GLH       
74        74        A         ASN       
75        75        A         LYN       
76        76        A         LEU       
77        77        A         TYR       
78        78        A         LEU       
79        79        A         VAL       
80        80        A         PHE       
81        81        A         GLU       
82        82        A         PHE       
83        83        A         LEU       
84        84        A         HID       
85        85        A         GLN       
86        86        A         ASP       
87        87        A         LEU       
88        88        A         LYS       
89        89        A         LYS       
90        90        A         PHE       
91        91        A         MET       
92        92        A         ASP       
93        93        A         ALA       
94        94        A         SER       
95        95        A         ALA       
96        96        A         LEU       
97        97        A         THR       
99        99        A         ILE       
100       100       A         PRO       
101       101       A         LEU       
102       102       A         PRO       
103       103       A         LEU       
104       104       A         ILE       
105       105       A         LYN       
106       106       A         SER       
107       107       A         TYR       
108       108       A         LEU       
109       109       A         PHE       
110       110       A         GLN       
111       111       A         LEU       
112       112       A         LEU       
113       113       A         GLN       
115       115       A         LEU       
116       116       A         ALA       
117       117       A         PHE       
118       118       A         CYS       
119       119       A         HID       
120       120       A         SER       
121       121       A         HID       
122       122       A         ARN       
123       123       A         VAL       
124       124       A         LEU       
125       125       A         HID       
126       126       A         ARN       
127       127       A         ASP       
128       128       A         LEU       
129       129       A         LYS       
130       130       A         PRO       
131       131       A         GLN       
132       132       A         ASN       
133       133       A         LEU       
134       134       A         LEU       
135       135       A         ILE       
136       136       A         ASN       
137       137       A         THR       
138       138       A         GLU       
140       140       A         ALA       
141       141       A         ILE       
142       142       A         LYS       
143       143       A         LEU       
144       144       A         ALA       
145       145       A         ASP       
146       146       A         PHE       
148       148       A         LEU       
149       149       A         ALA       
150       150       A         ARN       
151       151       A         ALA       
152       152       A         PHE       
154       154       A         VAL       
155       155       A         PRO       
156       156       A         VAL       
157       157       A         ARN       
158       158       A         THR       
159       159       A         TYR       
160       160       A         THR       
161       161       A         HIE       
162       162       A         GLH       
163       163       A         VAL       
164       164       A         VAL       
165       165       A         THR       
166       166       A         LEU       
167       167       A         TRP       
168       168       A         TYR       
169       169       A         ARN       
170       170       A         ALA       
171       171       A         PRO       
172       172       A         GLH       
173       173       A         ILE       
174       174       A         LEU       
175       175       A         LEU       
177       177       A         CYS       
178       178       A         LYN       
179       179       A         TYR       
180       180       A         TYR       
181       181       A         SER       
182       182       A         THR       
183       183       A         ALA       
184       184       A         VAL       
185       185       A         ASP       
186       186       A         ILE       
187       187       A         TRP       
188       188       A         SER       
189       189       A         LEU       
191       191       A         CYS       
192       192       A         ILE       
193       193       A         PHE       
194       194       A         ALA       
195       195       A         GLU       
196       196       A         MET       
197       197       A         VAL       
198       198       A         THR       
199       199       A         ARN       
200       200       A         ARN       
201       201       A         ALA       
202       202       A         LEU       
203       203       A         PHE       
204       204       A         PRO       
206       206       A         ASH       
207       207       A         SER       
208       208       A         GLH       
209       209       A         ILE       
210       210       A         ASH       
211       211       A         GLN       
212       212       A         LEU       
213       213       A         PHE       
214       214       A         ARN       
215       215       A         ILE       
216       216       A         PHE       
217       217       A         ARN       
218       218       A         THR       
219       219       A         LEU       
221       221       A         THR       
222       222       A         PRO       
223       223       A         ASH       
224       224       A         GLH       
225       225       A         VAL       
226       226       A         VAL       
227       227       A         TRP       
228       228       A         PRO       
230       230       A         VAL       
231       231       A         THR       
232       232       A         SER       
233       233       A         MET       
234       234       A         PRO       
235       235       A         ASH       
236       236       A         TYR       
237       237       A         LYN       
238       238       A         PRO       
239       239       A         SER       
240       240       A         PHE       
241       241       A         PRO       
242       242       A         LYN       
243       243       A         TRP       
244       244       A         ALA       
245       245       A         ARN       
246       246       A         GLN       
247       247       A         ASH       
248       248       A         PHE       
249       249       A         SER       
250       250       A         LYN       
251       251       A         VAL       
252       252       A         VAL       
253       253       A         PRO       
254       254       A         PRO       
255       255       A         LEU       
256       256       A         ASH       
257       257       A         GLH       
258       258       A         ASH       
260       260       A         ARN       
261       261       A         SER       
262       262       A         LEU       
263       263       A         LEU       
264       264       A         SER       
265       265       A         GLN       
266       266       A         MET       
267       267       A         LEU       
268       268       A         HID       
269       269       A         TYR       
270       270       A         ASH       
271       271       A         PRO       
272       272       A         ASN       
273       273       A         LYN       
274       274       A         ARN       
275       275       A         ILE       
276       276       A         SER       
277       277       A         ALA       
278       278       A         LYN       
279       279       A         ALA       
280       280       A         ALA       
281       281       A         LEU       
282       282       A         ALA       
283       283       A         HIE       
284       284       A         PRO       
285       285       A         PHE       
286       286       A         PHE       
287       287       A         GLN       
288       288       A         ASH       
289       289       A         VAL       
290       290       A         THR       
291       291       A         LYS       
292       292       A         PRO       
293       293       A         VAL       
294       294       A         PRO       
295       295       A         HID       
296       296       A         LEU       
