--------------------------------------------------------------------------------
Welcome to qprep version: 6.0.1
 
This version was compiled using: GCC version 11.2.0
 
And using the following compiler options: 
-mmacosx-version-min=12.3.0 -mlittle-endian -mabi=lp64 -O3 -Wall -Wextra -Wimplicit-interface -fPIC -fmax-errors=1 -ffast-math -funroll-loops

 
For command line options type qprep --help  or qprep -h at the terminal.
 
If you are using the interactive mode you can type "help"
at the prompt. To quit type "quit".
--------------------------------------------------------------------------------

qprep> 
Reading molecular library /Users/pantelismaragoudakis/software/qligfep/FF/OPLS2015.lib

name  atoms  net Q  bonds  rules   imps Q-grps
ALA      10   0.00      9      0      2      3
ARG      24   1.00     23      0      6      4
ARN      23   0.00     22      0      4      4
ASH      13   0.00     12      0      3      3
ASN      14   0.00     13      0      4      5
ASP      12  -1.00     11      0      3      3
CALA     11  -1.00     10      0      2      2
CARG     25  -0.00     24      0      6      3
CARN     24  -0.90     23      0      5      3
>>> Warning: fractional charge = -0.90000 on group no.  1
CASH     14  -1.00     13      0      3      3
CASN     15  -1.00     14      0      4      4
CASP     13  -2.00     12      0      3      2
CCYS     12  -1.00     11      0      2      2
CCYX     11  -1.00     10      0      2      2
CGLH     17  -1.00     16      0      3      3
CGLN     18  -1.00     17      0      4      5
CGLU     16  -2.00     15      0      3      3
CGLY      8  -1.00      7      0      2      1
CHID     18  -1.00     18      0      6      2
CHIE     18  -1.00     18      0      6      2
CHIP     19  -0.00     19      0      7      2
CILE     20  -1.00     19      0      2      5
CL        1  -1.00      0      0      0    none, creating default
CLEU     20  -1.00     19      0      2      5
CLYS     23   0.00     22      0      2      5
CMET     18  -1.00     17      0      2      3
CPHE     21  -1.00     21      0      8      7
CPRO     15  -0.87     15      0      2      3
>>> Warning: fractional charge = -0.87000 on group no.  1
CSER     12  -1.00     11      0      2      2
CTHR     15  -1.00     14      0      2      3
CTRP     25  -1.00     26      0     11      7
CTYR     22  -1.00     22      0      8      7
CVAL     17  -1.00     16      0      2      4
CYS      11   0.00     10      0      2      3
CYX      10   0.00      9      0      2      3
GLH      16   0.00     15      0      3      4
GLN      17   0.00     16      0      4      6
GLU      15  -1.00     14      0      3      4
GLY       7   0.00      6      0      2      2
HID      17  -0.00     17      0      6      3
HIE      17  -0.00     17      0      6      3
HIP      18   1.00     18      0      7      3
ILE      19   0.00     18      0      2      6
LEU      19   0.00     18      0      2      6
LYS      22   1.00     21      0      2      6
LYN      21   0.00     20      0      2      6
MET      17   0.00     16      0      2      4
NALA     12   1.00     11      0      1      3
NARG     26   2.00     25      0      5      4
NASH     15   1.00     14      0      2      3
NASN     16   1.00     15      0      3      5
NASP     14   0.00     13      0      2      3
NCYS     13   1.00     12      0      1      3
NCYX     12   1.00     11      0      1      3
NGLH     18   1.00     17      0      2      4
NGLN     19   1.00     18      0      3      6
NGLU     17   0.00     16      0      2      4
NGLY      9   1.00      8      0      1      2
NHID     19   1.00     19      0      5      3
NHIE     19   1.00     19      0      5      3
NHIP     20   2.00     20      0      6      3
NILE     21   1.00     20      0      1      6
NLEU     21   1.00     20      0      1      6
NLYS     24   2.00     23      0      1      6
NMET     19   1.00     18      0      1      4
NPHE     22   1.00     22      0      7      8
NPRO     17   1.07     17      0      1      4
>>> Warning: fractional charge =  1.07000 on group no.  1
NSER     13   1.00     12      0      1      3
NTHR     16   1.00     15      0      1      4
NTRP     26   1.00     27      0     10      8
NTYR     23   1.00     23      0      7      8
NVAL     18   1.00     17      0      1      5
PHE      20   0.00     20      0      8      8
PRO      14   0.00     14      0      2      4
SER      11   0.00     10      0      2      3
SOD       1   1.00      0      0      0      1
THR      14   0.00     13      0      2      4
TIP3      3   0.00      3      0      0      1
HOH       3   0.00      3      0      0      1
WAT       3   0.00      3      0      0      1
TRP      24   0.00     25      0     11      8
TYR      21   0.00     21      0      8      8
VAL      16   0.00     15      0      2      5
MG2       7   2.00     18      0      0      1
LTRP     25  -1.00     26      0     11      7
Na+       1   1.00      0      0      0    none, creating default
POP      52   0.00     51      0      3     18
PO4       6  -2.00      5      0      0      1
ACE       6  -0.00      5      0      1      2
NMA       6   0.00      5      0      1      1
ZN        1   2.00      0      0      0    none, creating default

Accumulated no. of library entries loaded =  91

qprep> 
Reading force field parameter file.
Forcefield name:               OPLS-AA/M
Forcefield type:               AMBER
Lennard-Jones combination rule:GEOMETRIC
Scaling of 1-4 electrostatics: 0.500
Cut-off rule:                  switching atoms
Improper potential:            PERIODIC
Improper generation:           EXPLICIT
Coulomb constant:              332.0716
Read  102 atom types
>>>>> WARNING: No SYBYL name for one or more atom types.
Read    0 atom type alias names
Read    0 LJ type 2 pairs
Read  191 bond types
Read   51 unique bond parameters
>>>>> WARNING: No SYBYL bond type for one or more bond types.
Read  501 angle types
Read   78  unique angle parameters
Read 1647 torsion types
Read  229 unique torsion parameters
Read  121 improper types
Force field parameters successfully read.

qprep> 
PDB file contains  2378 atoms.
The number of atoms in the topology will be  4798
molecule    1: MET     1 - LEU   296

Successfully read PDB file with    1 molecules,
  296 residues total (  296 in solute).
 4798 atoms total ( 4798 in solute).

Sequence listing:

MET  GLH  ASN  PHE  GLN  LYS  VAL  GLU  LYS  ILE  GLY  GLU  GLY  THR  TYR  GLY 
VAL  VAL  TYR  LYS  ALA  ARN  ASN  LYN  LEU  THR  GLY  GLU  VAL  VAL  ALA  LEU 
LYS  LYS  ILE  ARG  LEU  ASH  THR  GLH  THR  GLH  GLY  VAL  PRO  SER  THR  ALA 
ILE  ARN  GLU  ILE  SER  LEU  LEU  LYN  GLH  LEU  ASN  HID  PRO  ASN  ILE  VAL 
LYS  LEU  LEU  ASP  VAL  ILE  HID  THR  GLH  ASN  LYN  LEU  TYR  LEU  VAL  PHE 
GLU  PHE  LEU  HID  GLN  ASP  LEU  LYS  LYS  PHE  MET  ASP  ALA  SER  ALA  LEU 
THR  GLY  ILE  PRO  LEU  PRO  LEU  ILE  LYN  SER  TYR  LEU  PHE  GLN  LEU  LEU 
GLN  GLY  LEU  ALA  PHE  CYS  HID  SER  HID  ARN  VAL  LEU  HID  ARN  ASP  LEU 
LYS  PRO  GLN  ASN  LEU  LEU  ILE  ASN  THR  GLU  GLY  ALA  ILE  LYS  LEU  ALA 
ASP  PHE  GLY  LEU  ALA  ARN  ALA  PHE  GLY  VAL  PRO  VAL  ARN  THR  TYR  THR 
HIE  GLH  VAL  VAL  THR  LEU  TRP  TYR  ARN  ALA  PRO  GLH  ILE  LEU  LEU  GLY 
CYS  LYN  TYR  TYR  SER  THR  ALA  VAL  ASP  ILE  TRP  SER  LEU  GLY  CYS  ILE 
PHE  ALA  GLU  MET  VAL  THR  ARN  ARN  ALA  LEU  PHE  PRO  GLY  ASH  SER  GLH 
ILE  ASH  GLN  LEU  PHE  ARN  ILE  PHE  ARN  THR  LEU  GLY  THR  PRO  ASH  GLH 
VAL  VAL  TRP  PRO  GLY  VAL  THR  SER  MET  PRO  ASH  TYR  LYN  PRO  SER  PHE 
PRO  LYN  TRP  ALA  ARN  GLN  ASH  PHE  SER  LYN  VAL  VAL  PRO  PRO  LEU  ASH 
GLH  ASH  GLY  ARN  SER  LEU  LEU  SER  GLN  MET  LEU  HID  TYR  ASH  PRO  ASN 
LYN  ARN  ILE  SER  ALA  LYN  ALA  ALA  LEU  ALA  HIE  PRO  PHE  PHE  GLN  ASH 
VAL  THR  LYS  PRO  VAL  PRO  HID  LEU 

qprep> qprep> 
Simulation sphere center                =      0.535  26.772   8.819
Simulation radius                       =     22.000
qprep> 
Solvation sphere center                 =      0.535  26.772   8.819
Library entry used to generate solvent  =       HOH 
Radius of solvent sphere                =      22.00 A
Grid spacing                            =       3.10 A 
No. of solvent molecules in the sphere:  1503
Minimum distance to solute heavy atoms (solvent_pack):  3.00 A
No. of solvent molecules to add to the system:   596
qprep> Assigned  6586 atom types.
Assigned  6586 atomic charges.
Made      4860 solute bonds.
Made         0 extra bonds.
Made      1788 solvent bonds.
Made      8804 solute angles.
Made       596 solvent angles.
Made     17883 solute torsions.
Made         0 solvent torsions.
Made       921 solute impropers.
Made         0 solvent impropers.
Made     12897 entries in the 1-4 neighbour list.
Made         1 entries in the long-range 1-4 neighbour list.
Made     16048 entries in list of excluded neighbours.
Made         0 entries in list of long-range excluded neighbours.
Made      2420 solute hydrogens.
Made      1192 solvent hydrogens.
Made      738 solute  charge groups comprising a total of   2466 atoms.
Made      596 solvent charge groups comprising a total of   1788 atoms.
Skipped   671excluded charge groups comprising a total of   2332 atoms.
Effective water radius                     : 20.42
Topology successfully generated.
qprep> 
---------------------------- Writing topology file ---------------------------
solute atoms                :   4798
solvent atoms               :   1788
coordinates                 :  19758
integer atom codes          :   6586
solute bonds                :   4860
solvent bonds               :   1788
bond parameters             :     33
solute angles               :   8804
solvent angles              :    596
angle parameters            :     59
torsions                    :  17883
torsion parameters          :    184
impropers                   :    921
improper parameters         :     32
charges                     :   6586
total charge of not excluded:  -1.00
charge groups               :   1334
atom type parameters        :    102
polar LJ pairs              :      0
neighbour list              :  12897
long-range neighbour list   :      1
neighbour exclusion list    :  16048
long-range exclusions       :      0
residues                    :    892
molecules                   :    597
Atom type names             :    102
SYBYL type information      :    102
excluded atom list          :   2332

qprep> 

PDB file successfully written.

qprep> The current mask contains  6586 atoms.
Mask cleared.
qprep> The current mask contains     0 atoms.
  4254 atoms added to mask which now contains  4254 atoms.
qprep> 

PDB file successfully written.

qprep> 