--------------------------------------------------------------------------------
Welcome to qfep version: 6.0.1
 
This version was compiled using: GCC version 11.5.0 20240719 (Red Hat 11.5.0-2)
 
And using the following compiler options: 
-cpp -D G95=1 -mtune=generic -march=x86-64-v2 -O3 -Wall -Wtabs -std=legacy -funroll-loops -ffree-line-length-none -fcray-pointer -fall-intrinsics -fstack-protector -fpre-include=/usr/include/finclude/math-vector-fortran.h

 
For command line options type qfep --help  or qcalc -h at the terminal.
 
If you are using the interactive mode and want to quit type "quit" or Ctrl-C.
--------------------------------------------------------------------------------
--> Number of energy files: # Number of files                                  =    50
--> No. of states, no. of predefined off-diag elements: # Number of states     =     2
# Number of off-diagonal elements                                              =     0
--> Give kT & num. of pts to skip & calculation mode: # kT                     = 0.592
# Number of data points to skip                                                =    50
# Only QQ interactions will be considered                                      =     0
--> Give number of gap-bins: # Number of gap-bins                              =    50
--> Give minimum # pts/bin: # Minimum number of points per bin                 =    50
--> Give alpha for state  2                                                     # Alpha for state  2              =  0.00
--> Number of off-diagonal elements: # Number of off-diagonal elements         =     0
--> linear combination of states defining reaction coord: # Linear combination coefficients=    1.00    0.00


# Part 0: Average energies for all states in all files
# file             state   pts   lambda    EQtot   EQbond  EQang   EQtor   EQimp    EQel   EQvdW  Eel_qq  EvdW_qq Eel_qp  EvdW_qp Eel_qw EvdW_qw Eqrstr
--> Name of file number   1:                                                     
md_1_1000_0000.en      1    949 1.000000 -220.06    0.00    0.00    0.00    0.00 -211.73   -8.33    3.49    1.92 -125.43   -8.84  -89.79   -1.41    0.00
md_1_1000_0000.en      2    949 0.000000  -92.98    0.00    0.00    0.00    0.00  -69.15  -23.84    4.29    0.38  -66.40  -16.74   -7.03   -7.48    0.00
--> Name of file number   2:                                                     
md_1_0997_0003.en      1    949 0.997000 -219.58    0.00    0.00    0.00    0.00 -211.21   -8.36    3.15    1.95 -127.68   -9.36  -86.68   -0.96    0.00
md_1_0997_0003.en      2    949 0.003000  -92.83    0.00    0.00    0.00    0.00  -69.18  -23.64    4.02    0.39  -65.37  -17.18   -7.84   -6.85    0.00
--> Name of file number   3:                                                     
md_1_0993_0007.en      1    949 0.993000 -219.27    0.00    0.00    0.00    0.00 -210.76   -8.51    3.05    1.99 -128.31   -8.66  -85.51   -1.84    0.00
md_1_0993_0007.en      2    949 0.007000  -92.96    0.00    0.00    0.00    0.00  -69.66  -23.29    4.26    0.45  -66.48  -16.23   -7.44   -7.51    0.00
--> Name of file number   4:                                                     
md_1_0989_0011.en      1    949 0.989000 -218.26    0.00    0.00    0.00    0.00 -209.63   -8.64    3.40    2.01 -129.81   -8.99  -83.21   -1.65    0.00
md_1_0989_0011.en      2    949 0.011000  -92.54    0.00    0.00    0.00    0.00  -68.50  -24.03    4.26    0.40  -65.45  -16.85   -7.31   -7.59    0.00
--> Name of file number   5:                                                     
md_1_0985_0015.en      1    949 0.985000 -217.15    0.00    0.00    0.00    0.00 -206.84  -10.30    3.23    1.84 -131.69   -9.81  -78.37   -2.33    0.00
md_1_0985_0015.en      2    949 0.015000  -92.87    0.00    0.00    0.00    0.00  -67.61  -25.26    3.93    0.34  -65.06  -17.62   -6.47   -7.97    0.00
--> Name of file number   6:                                                     
md_1_0981_0019.en      1    949 0.981000 -217.74    0.00    0.00    0.00    0.00 -208.65   -9.09    3.34    1.92 -129.83   -8.74  -82.17   -2.27    0.00
md_1_0981_0019.en      2    949 0.019000  -92.03    0.00    0.00    0.00    0.00  -67.97  -24.06    4.39    0.34  -67.02  -16.46   -5.34   -7.94    0.00
--> Name of file number   7:                                                     
md_1_0977_0023.en      1    949 0.977000 -219.62    0.00    0.00    0.00    0.00 -209.79   -9.84    3.56    1.77 -125.87   -9.24  -87.47   -2.37    0.00
md_1_0977_0023.en      2    949 0.023000  -94.72    0.00    0.00    0.00    0.00  -69.75  -24.97    4.62    0.21  -69.20  -16.92   -5.17   -8.26    0.00
--> Name of file number   8:                                                     
md_1_0972_0028.en      1    949 0.972000 -219.58    0.00    0.00    0.00    0.00 -211.08   -8.50    3.67    1.99 -134.95   -8.40  -79.81   -2.08    0.00
md_1_0972_0028.en      2    949 0.028000  -93.47    0.00    0.00    0.00    0.00  -70.07  -23.40    5.12    0.33  -70.01  -15.85   -5.17   -7.88    0.00
--> Name of file number   9:                                                     
md_1_0967_0033.en      1    949 0.967000 -219.04    0.00    0.00    0.00    0.00 -209.56   -9.48    3.45    1.84 -127.39   -8.71  -85.62   -2.61    0.00
md_1_0967_0033.en      2    949 0.033000  -93.70    0.00    0.00    0.00    0.00  -69.30  -24.40    5.07    0.26  -69.00  -16.22   -5.37   -8.44    0.00
--> Name of file number  10:                                                     
md_1_0961_0039.en      1    949 0.961000 -216.21    0.00    0.00    0.00    0.00 -205.89  -10.32    3.35    1.98 -120.69   -9.40  -88.55   -2.90    0.00
md_1_0961_0039.en      2    949 0.039000  -93.61    0.00    0.00    0.00    0.00  -68.68  -24.93    4.35    0.36  -66.73  -16.84   -6.31   -8.45    0.00
--> Name of file number  11:                                                     
md_1_0956_0044.en      1    949 0.956000 -218.91    0.00    0.00    0.00    0.00 -209.13   -9.77    3.82    1.72 -131.51   -8.77  -81.45   -2.72    0.00
md_1_0956_0044.en      2    949 0.044000  -94.58    0.00    0.00    0.00    0.00  -69.95  -24.63    4.42    0.23  -69.87  -16.31   -4.50   -8.56    0.00
--> Name of file number  12:                                                     
md_1_0950_0050.en      1    949 0.950000 -218.14    0.00    0.00    0.00    0.00 -208.40   -9.74    3.94    2.11 -145.48   -8.97  -66.86   -2.87    0.00
md_1_0950_0050.en      2    949 0.050000  -94.79    0.00    0.00    0.00    0.00  -70.57  -24.22    4.92    0.36  -70.88  -16.27   -4.61   -8.31    0.00
--> Name of file number  13:                                                     
md_1_0943_0057.en      1    949 0.943000 -215.90    0.00    0.00    0.00    0.00 -206.23   -9.67    3.53    1.88 -145.18   -9.17  -64.58   -2.38    0.00
md_1_0943_0057.en      2    949 0.057000  -93.80    0.00    0.00    0.00    0.00  -69.39  -24.41    4.70    0.28  -70.44  -16.70   -3.64   -7.99    0.00
--> Name of file number  14:                                                     
md_1_0936_0064.en      1    949 0.936000 -217.92    0.00    0.00    0.00    0.00 -207.56  -10.36    3.68    1.96 -139.60   -9.66  -71.64   -2.65    0.00
md_1_0936_0064.en      2    949 0.064000  -95.45    0.00    0.00    0.00    0.00  -70.56  -24.89    4.75    0.32  -70.54  -17.11   -4.77   -8.10    0.00
--> Name of file number  15:                                                     
md_1_0929_0071.en      1    949 0.929000 -217.70    0.00    0.00    0.00    0.00 -207.89   -9.81    3.86    2.03 -141.31   -8.78  -70.44   -3.06    0.00
md_1_0929_0071.en      2    949 0.071000  -95.63    0.00    0.00    0.00    0.00  -71.06  -24.57    5.26    0.37  -71.52  -16.47   -4.80   -8.47    0.00
--> Name of file number  16:                                                     
md_1_0921_0079.en      1    949 0.921000 -211.13    0.00    0.00    0.00    0.00 -200.03  -11.10    3.47    2.05 -139.44   -9.48  -64.05   -3.67    0.00
md_1_0921_0079.en      2    949 0.079000  -92.69    0.00    0.00    0.00    0.00  -67.62  -25.07    4.56    0.44  -70.69  -16.68   -1.49   -8.83    0.00
--> Name of file number  17:                                                     
md_1_0913_0087.en      1    949 0.913000 -210.96    0.00    0.00    0.00    0.00 -200.63  -10.33    4.04    2.15 -144.86   -9.10  -59.80   -3.38    0.00
md_1_0913_0087.en      2    949 0.087000  -92.22    0.00    0.00    0.00    0.00  -67.65  -24.57    5.09    0.53  -72.01  -16.24   -0.74   -8.86    0.00
--> Name of file number  18:                                                     
md_1_0904_0096.en      1    949 0.904000 -210.70    0.00    0.00    0.00    0.00 -200.40  -10.29    4.13    2.08 -144.90   -8.71  -59.63   -3.67    0.00
md_1_0904_0096.en      2    949 0.096000  -92.36    0.00    0.00    0.00    0.00  -67.89  -24.46    5.15    0.50  -71.73  -15.95   -1.32   -9.02    0.00
--> Name of file number  19:                                                     
md_1_0895_0105.en      1    949 0.895000 -211.92    0.00    0.00    0.00    0.00 -200.23  -11.70    3.61    1.98 -131.95   -9.91  -71.88   -3.76    0.00
md_1_0895_0105.en      2    949 0.105000  -95.54    0.00    0.00    0.00    0.00  -69.99  -25.55    4.63    0.38  -69.82  -17.26   -4.80   -8.68    0.00
--> Name of file number  20:                                                     
md_1_0885_0115.en      1    949 0.885000 -208.77    0.00    0.00    0.00    0.00 -197.60  -11.17    3.79    1.96 -136.20   -9.97  -65.20   -3.16    0.00
md_1_0885_0115.en      2    949 0.115000  -96.08    0.00    0.00    0.00    0.00  -71.27  -24.81    4.49    0.32  -69.57  -17.10   -6.19   -8.03    0.00
--> Name of file number  21:                                                     
md_1_0874_0126.en      1    949 0.874000 -209.71    0.00    0.00    0.00    0.00 -198.74  -10.97    3.83    1.88 -135.61   -9.48  -66.96   -3.37    0.00
md_1_0874_0126.en      2    949 0.126000  -94.98    0.00    0.00    0.00    0.00  -70.04  -24.93    4.68    0.27  -69.68  -16.80   -5.04   -8.40    0.00
--> Name of file number  22:                                                     
md_1_0863_0137.en      1    949 0.863000 -207.60    0.00    0.00    0.00    0.00 -195.11  -12.49    3.72    1.89 -131.82  -10.02  -67.01   -4.36    0.00
md_1_0863_0137.en      2    949 0.137000  -95.83    0.00    0.00    0.00    0.00  -70.30  -25.54    4.64    0.28  -69.98  -17.06   -4.95   -8.75    0.00
--> Name of file number  23:                                                     
md_1_0851_0149.en      1    949 0.851000 -207.31    0.00    0.00    0.00    0.00 -196.66  -10.65    4.00    2.06 -141.99   -8.99  -58.67   -3.72    0.00
md_1_0851_0149.en      2    949 0.149000  -95.44    0.00    0.00    0.00    0.00  -70.74  -24.70    5.65    0.29  -71.75  -16.40   -4.63   -8.59    0.00
--> Name of file number  24:                                                     
md_1_0838_0162.en      1    949 0.838000 -206.26    0.00    0.00    0.00    0.00 -194.97  -11.28    3.83    2.16 -144.23   -9.00  -54.58   -4.44    0.00
md_1_0838_0162.en      2    949 0.162000  -96.48    0.00    0.00    0.00    0.00  -71.53  -24.95    5.27    0.37  -70.37  -16.91   -6.43   -8.40    0.00
--> Name of file number  25:                                                     
md_1_0825_0175.en      1    949 0.825000 -204.62    0.00    0.00    0.00    0.00 -194.46  -10.16    3.95    2.20 -147.28   -9.31  -51.13   -3.05    0.00
md_1_0825_0175.en      2    949 0.175000  -95.27    0.00    0.00    0.00    0.00  -71.08  -24.19    5.02    0.38  -69.30  -17.15   -6.80   -7.42    0.00
--> Name of file number  26:                                                     
md_1_0810_0190.en      1    949 0.810000 -201.69    0.00    0.00    0.00    0.00 -190.07  -11.62    3.93    2.21 -135.84   -9.02  -58.16   -4.81    0.00
md_1_0810_0190.en      2    949 0.190000  -95.75    0.00    0.00    0.00    0.00  -71.33  -24.42    5.39    0.37  -71.46  -16.19   -5.26   -8.60    0.00
--> Name of file number  27:                                                     
md_1_0795_0205.en      1    949 0.795000 -199.24    0.00    0.00    0.00    0.00 -188.45  -10.80    4.07    2.22 -140.43   -8.25  -52.08   -4.77    0.00
md_1_0795_0205.en      2    949 0.205000  -94.14    0.00    0.00    0.00    0.00  -70.77  -23.37    5.04    0.49  -70.60  -14.77   -5.21   -9.09    0.00
--> Name of file number  28:                                                     
md_1_0779_0221.en      1    949 0.779000 -196.73    0.00    0.00    0.00    0.00 -185.87  -10.86    4.30    2.21 -136.77   -8.06  -53.40   -5.01    0.00
md_1_0779_0221.en      2    949 0.221000  -94.69    0.00    0.00    0.00    0.00  -71.04  -23.65    5.30    0.39  -70.85  -15.39   -5.49   -8.65    0.00
--> Name of file number  29:                                                     
md_1_0761_0239.en      1    949 0.761000 -196.86    0.00    0.00    0.00    0.00 -184.78  -12.08    4.18    2.26 -134.27  -10.08  -54.69   -4.26    0.00
md_1_0761_0239.en      2    949 0.239000  -94.96    0.00    0.00    0.00    0.00  -70.35  -24.61    5.28    0.58  -70.80  -16.77   -4.84   -8.41    0.00
--> Name of file number  30:                                                     
md_1_0743_0257.en      1    949 0.743000 -193.10    0.00    0.00    0.00    0.00 -179.37  -13.73    4.13    2.20 -134.25  -11.33  -49.25   -4.60    0.00
md_1_0743_0257.en      2    949 0.257000  -96.31    0.00    0.00    0.00    0.00  -70.35  -25.96    4.49    0.44  -68.74  -17.70   -6.10   -8.71    0.00
--> Name of file number  31:                                                     
md_1_0724_0276.en      1    949 0.724000 -190.72    0.00    0.00    0.00    0.00 -177.36  -13.36    4.39    2.17 -127.41  -10.79  -54.35   -4.75    0.00
md_1_0724_0276.en      2    949 0.276000  -94.95    0.00    0.00    0.00    0.00  -69.18  -25.76    4.89    0.42  -69.62  -17.39   -4.46   -8.79    0.00
--> Name of file number  32:                                                     
md_1_0703_0297.en      1    949 0.703000 -189.72    0.00    0.00    0.00    0.00 -176.04  -13.68    4.10    2.12 -133.53  -10.83  -46.61   -4.97    0.00
md_1_0703_0297.en      2    949 0.297000  -95.06    0.00    0.00    0.00    0.00  -69.13  -25.93    4.91    0.31  -69.24  -17.54   -4.80   -8.70    0.00
--> Name of file number  33:                                                     
md_1_0681_0319.en      1    949 0.681000 -184.89    0.00    0.00    0.00    0.00 -169.74  -15.15    4.08    2.04 -125.87  -11.73  -47.94   -5.47    0.00
md_1_0681_0319.en      2    949 0.319000  -95.20    0.00    0.00    0.00    0.00  -68.12  -27.08    4.23    0.39  -67.72  -18.08   -4.63   -9.38    0.00
--> Name of file number  34:                                                     
md_1_0657_0343.en      1    949 0.657000 -178.97    0.00    0.00    0.00    0.00 -163.34  -15.64    4.05    2.29 -124.92  -11.60  -42.47   -6.33    0.00
md_1_0657_0343.en      2    949 0.343000  -93.62    0.00    0.00    0.00    0.00  -66.93  -26.68    3.82    0.62  -69.10  -17.52   -1.66   -9.78    0.00
--> Name of file number  35:                                                     
md_1_0632_0368.en      1    949 0.632000 -178.33    0.00    0.00    0.00    0.00 -162.21  -16.12    3.84    2.35 -121.74  -11.75  -44.31   -6.72    0.00
md_1_0632_0368.en      2    949 0.368000  -95.27    0.00    0.00    0.00    0.00  -68.00  -27.27    3.86    0.56  -68.12  -17.82   -3.74  -10.01    0.00
--> Name of file number  36:                                                     
md_1_0606_0394.en      1    949 0.606000 -176.85    0.00    0.00    0.00    0.00 -161.05  -15.81    4.43    2.30 -130.35  -11.64  -35.13   -6.47    0.00
md_1_0606_0394.en      2    949 0.394000  -96.75    0.00    0.00    0.00    0.00  -69.78  -26.96    5.10    0.37  -70.70  -17.88   -4.18   -9.45    0.00
--> Name of file number  37:                                                     
md_1_0578_0422.en      1    949 0.578000 -174.90    0.00    0.00    0.00    0.00 -158.48  -16.42    4.51    2.38 -131.33  -11.61  -31.66   -7.19    0.00
md_1_0578_0422.en      2    949 0.422000  -97.47    0.00    0.00    0.00    0.00  -70.58  -26.89    5.28    0.39  -70.44  -17.43   -5.42   -9.84    0.00
--> Name of file number  38:                                                     
md_1_0548_0452.en      1    949 0.548000 -169.89    0.00    0.00    0.00    0.00 -153.05  -16.84    4.52    2.19 -120.33  -12.81  -37.24   -6.22    0.00
md_1_0548_0452.en      2    949 0.452000  -98.38    0.00    0.00    0.00    0.00  -70.73  -27.65    4.42    0.42  -69.30  -18.59   -5.84   -9.48    0.00
--> Name of file number  39:                                                     
md_1_0516_0484.en      1    949 0.516000 -165.00    0.00    0.00    0.00    0.00 -147.78  -17.23    4.66    2.60 -124.84  -12.85  -27.59   -6.97    0.00
md_1_0516_0484.en      2    949 0.484000  -96.17    0.00    0.00    0.00    0.00  -68.85  -27.32    4.77    0.54  -69.57  -18.10   -4.05   -9.76    0.00
--> Name of file number  40:                                                     
md_1_0482_0518.en      1    949 0.482000 -162.27    0.00    0.00    0.00    0.00 -144.91  -17.36    4.47    2.53 -120.51  -12.98  -28.86   -6.92    0.00
md_1_0482_0518.en      2    949 0.518000  -96.31    0.00    0.00    0.00    0.00  -69.04  -27.27    5.24    0.46  -69.89  -18.36   -4.40   -9.37    0.00
--> Name of file number  41:                                                     
md_1_0446_0554.en      1    949 0.446000 -155.68    0.00    0.00    0.00    0.00 -138.91  -16.77    4.38    2.65 -123.92  -12.65  -19.36   -6.77    0.00
md_1_0446_0554.en      2    949 0.554000  -95.60    0.00    0.00    0.00    0.00  -68.46  -27.14    5.12    0.50  -70.20  -17.99   -3.37   -9.65    0.00
--> Name of file number  42:                                                     
md_1_0408_0592.en      1    949 0.408000 -153.03    0.00    0.00    0.00    0.00 -135.48  -17.55    4.13    2.65 -112.08  -12.82  -27.52   -7.38    0.00
md_1_0408_0592.en      2    949 0.592000  -95.19    0.00    0.00    0.00    0.00  -67.67  -27.52    3.94    0.67  -67.46  -18.21   -4.15   -9.98    0.00
--> Name of file number  43:                                                     
md_1_0367_0633.en      1    949 0.367000 -149.12    0.00    0.00    0.00    0.00 -132.04  -17.07    4.85    2.82 -117.22  -12.20  -19.67   -7.70    0.00
md_1_0367_0633.en      2    949 0.633000  -97.99    0.00    0.00    0.00    0.00  -70.92  -27.08    6.03    0.37  -70.53  -17.28   -6.41  -10.17    0.00
--> Name of file number  44:                                                     
md_1_0324_0676.en      1    949 0.324000 -145.16    0.00    0.00    0.00    0.00 -128.55  -16.61    4.50    2.68 -119.56  -12.36  -13.49   -6.93    0.00
md_1_0324_0676.en      2    949 0.676000  -97.95    0.00    0.00    0.00    0.00  -71.36  -26.59    6.03    0.34  -70.00  -17.67   -7.39   -9.26    0.00
--> Name of file number  45:                                                     
md_1_0278_0722.en      1    949 0.278000 -135.10    0.00    0.00    0.00    0.00 -118.06  -17.04    5.05    3.15 -119.46  -12.57   -3.65   -7.62    0.00
md_1_0278_0722.en      2    949 0.722000  -96.54    0.00    0.00    0.00    0.00  -70.10  -26.44    5.85    0.56  -71.61  -17.17   -4.33   -9.84    0.00
--> Name of file number  46:                                                     
md_1_0229_0771.en      1    949 0.229000 -127.13    0.00    0.00    0.00    0.00 -109.02  -18.11    5.33    2.96 -103.43  -13.62  -10.92   -7.45    0.00
md_1_0229_0771.en      2    949 0.771000  -95.79    0.00    0.00    0.00    0.00  -68.91  -26.89    5.18    0.58  -68.86  -17.79   -5.23   -9.67    0.00
--> Name of file number  47:                                                     
md_1_0177_0823.en      1    949 0.177000 -121.02    0.00    0.00    0.00    0.00 -104.42  -16.59    5.92    3.16  -95.30  -13.21  -15.05   -6.54    0.00
md_1_0177_0823.en      2    949 0.823000  -97.40    0.00    0.00    0.00    0.00  -71.74  -25.66    5.28    0.64  -68.01  -17.33   -9.02   -8.96    0.00
--> Name of file number  48:                                                     
md_1_0121_0879.en      1    949 0.121000 -111.68    0.00    0.00    0.00    0.00  -97.34  -14.34    4.93    3.30  -78.49  -11.30  -23.78   -6.33    0.00
md_1_0121_0879.en      2    949 0.879000  -95.33    0.00    0.00    0.00    0.00  -71.30  -24.03    5.46    0.79  -68.04  -15.75   -8.72   -9.07    0.00
--> Name of file number  49:                                                     
md_1_0062_0938.en      1    949 0.062000 -102.65    0.00    0.00    0.00    0.00  -86.76  -15.89    4.34    3.44  -61.79  -12.18  -29.30   -7.15    0.00
md_1_0062_0938.en      2    949 0.938000  -93.88    0.00    0.00    0.00    0.00  -68.76  -25.12    4.33    1.04  -64.38  -16.38   -8.70   -9.78    0.00
--> Name of file number  50:                                                     
md_1_0000_1000.en      1    949 0.000000  -93.04    0.00    0.00    0.00    0.00  -76.93  -16.11    5.17    3.24  -55.94  -11.74  -26.17   -7.61    0.00
md_1_0000_1000.en      2    949 1.000000  -93.11    0.00    0.00    0.00    0.00  -67.51  -25.60    3.82    1.06  -61.41  -16.18   -9.92  -10.48    0.00


# Part 1: Free energy perturbation summary:
# lambda(1)      dGf sum(dGf)      dGr sum(dGr)     <dG>
   1.000000    0.000    0.000   -0.381  -66.437    0.000
   0.997000    0.381    0.381   -0.506  -66.056    0.381
   0.993000    0.506    0.887   -0.504  -65.550    0.887
   0.989000    0.504    1.391   -0.498  -65.046    1.391
   0.985000    0.502    1.893   -0.504  -64.548    1.891
   0.981000    0.496    2.389   -0.501  -64.044    2.391
   0.977000    0.502    2.891   -0.632  -63.544    2.892
   0.972000    0.623    3.514   -0.628  -62.912    3.520
   0.967000    0.629    4.143   -0.738  -62.284    4.148
   0.961000    0.750    4.893   -0.623  -61.546    4.892
   0.956000    0.612    5.505   -0.742  -60.923    5.509
   0.950000    0.744    6.249   -0.857  -60.181    6.252
   0.943000    0.861    7.110   -0.860  -59.324    7.111
   0.936000    0.852    7.962   -0.857  -58.464    7.967
   0.929000    0.855    8.816   -0.952  -57.606    8.824
   0.921000    0.973    9.789   -0.953  -56.655    9.786
   0.913000    0.943   10.733   -1.070  -55.702   10.734
   0.904000    1.065   11.797   -1.053  -54.632   11.801
   0.895000    1.060   12.857   -1.133  -53.579   12.858
   0.885000    1.157   14.014   -1.271  -52.446   14.003
   0.874000    1.232   15.246   -1.238  -51.174   15.254
   0.863000    1.253   16.499   -1.351  -49.937   16.500
   0.851000    1.331   17.830   -1.436  -48.585   17.841
   0.838000    1.444   19.274   -1.432  -47.149   19.281
   0.825000    1.418   20.692   -1.603  -45.717   20.706
   0.810000    1.626   22.317   -1.593  -44.114   22.320
   0.795000    1.575   23.893   -1.651  -42.521   23.904
   0.779000    1.663   25.555   -1.853  -40.870   25.561
   0.761000    1.813   27.369   -1.762  -39.017   27.394
   0.743000    1.815   29.184   -1.844  -37.255   29.183
   0.724000    1.817   31.000   -2.017  -35.411   31.013
   0.703000    1.981   32.982   -2.005  -33.394   33.012
   0.681000    2.050   35.032   -2.084  -31.389   35.040
   0.657000    2.115   37.147   -2.116  -29.306   37.139
   0.632000    2.097   39.243   -2.129  -27.190   39.245
   0.606000    2.117   41.361   -2.223  -25.061   41.368
   0.578000    2.190   43.551   -2.213  -22.838   43.575
   0.548000    2.258   45.809   -2.277  -20.624   45.811
   0.516000    2.208   48.017   -2.316  -18.347   48.053
   0.482000    2.254   50.271   -2.249  -16.031   50.339
   0.446000    2.292   52.564   -2.285  -13.782   52.609
   0.408000    2.189   54.752   -2.195  -11.497   54.847
   0.367000    2.271   57.024   -2.156   -9.301   57.080
   0.324000    2.089   59.112   -1.918   -7.145   59.202
   0.278000    2.030   61.142   -1.683   -5.227   61.176
   0.229000    1.726   62.868   -1.389   -3.544   62.881
   0.177000    1.466   64.334   -1.181   -2.155   64.308
   0.121000    1.137   65.471   -0.739   -0.974   65.467
   0.062000    0.678   66.149   -0.235   -0.235   66.176
   0.000000    0.307   66.455    0.000    0.000   66.446

# Min energy-gap is:   -255.03
# Max energy-gap is:    -59.45


# Part 2: Reaction free energy summary:
# Lambda(1)  bin Energy gap      dGa     dGb     dGg    # pts    c1**2    c2**2
   1.000000    7    -229.60     0.00   130.81    -0.00     87    0.000    0.000
   1.000000    8    -225.69     0.00   127.53    -0.00    146    0.000    0.000
   1.000000    9    -221.78     0.00   123.54     0.00    192    0.000    0.000
   1.000000   10    -217.87     0.00   119.99     0.00    185    0.000    0.000
   1.000000   11    -213.95     0.00   117.63    -0.00    138    0.000    0.000
   1.000000   12    -210.04     0.00   113.15     0.00     72    0.000    0.000
   0.997000    6    -233.51    -0.04   134.95    -0.04     52    0.000    0.000
   0.997000    7    -229.60    -0.03   130.46    -0.03     76    0.000    0.000
   0.997000    8    -225.69    -0.02   127.95    -0.02    137    0.000    0.000
   0.997000    9    -221.78    -0.01   124.52    -0.01    167    0.000    0.000
   0.997000   10    -217.87     0.00   121.19     0.00    167    0.000    0.000
   0.997000   11    -213.95     0.02   117.31     0.02    141    0.000    0.000
   0.997000   12    -210.04     0.03   112.48     0.03     83    0.000    0.000
   0.993000    7    -229.60    -0.06   130.96    -0.06     79    0.000    0.000
   0.993000    8    -225.69    -0.04   127.77    -0.04    136    0.000    0.000
   0.993000    9    -221.78    -0.02   125.40    -0.02    162    0.000    0.000
   0.993000   10    -217.87     0.01   119.92     0.01    192    0.000    0.000
   0.993000   11    -213.95     0.04   117.13     0.04    154    0.000    0.000
   0.993000   12    -210.04     0.06   111.73     0.06    102    0.000    0.000
   0.989000    7    -229.60    -0.11   131.47    -0.11     74    0.000    0.000
   0.989000    8    -225.69    -0.07   127.72    -0.07    123    0.000    0.000
   0.989000    9    -221.78    -0.03   124.96    -0.03    162    0.000    0.000
   0.989000   10    -217.87     0.01   120.65     0.01    172    0.000    0.000
   0.989000   11    -213.95     0.05   117.73     0.05    128    0.000    0.000
   0.989000   12    -210.04     0.09   114.37     0.09    103    0.000    0.000
   0.989000   13    -206.13     0.13   111.26     0.13     75    0.000    0.000
   0.985000    7    -229.60    -0.15   131.63    -0.15     55    0.000    0.000
   0.985000    8    -225.69    -0.10   127.56    -0.10    118    0.000    0.000
   0.985000    9    -221.78    -0.04   122.88    -0.04    140    0.000    0.000
   0.985000   10    -217.87     0.02   119.90     0.02    165    0.000    0.000
   0.985000   11    -213.95     0.07   117.03     0.07    151    0.000    0.000
   0.985000   12    -210.04     0.13   110.79     0.13    125    0.000    0.000
   0.985000   13    -206.13     0.18   109.11     0.18     85    0.000    0.000
   0.981000    8    -225.69    -0.14   128.22    -0.14    119    0.000    0.000
   0.981000    9    -221.78    -0.06   124.43    -0.06    159    0.000    0.000
   0.981000   10    -217.87    -0.01   121.96    -0.01    182    0.000    0.000
   0.981000   11    -213.95     0.06   115.17     0.06    165    0.000    0.000
   0.981000   12    -210.04     0.13   114.63     0.13    124    0.000    0.000
   0.977000    6    -233.51    -0.26   130.30    -0.26     54    0.000    0.000
   0.977000    7    -229.60    -0.18   129.12    -0.18     85    0.000    0.000
   0.977000    8    -225.69    -0.11   125.76    -0.11    139    0.000    0.000
   0.977000    9    -221.78    -0.02   122.20    -0.02    167    0.000    0.000
   0.977000   10    -217.87     0.05   119.55     0.05    169    0.000    0.000
   0.977000   11    -213.95     0.12   115.63     0.12    117    0.000    0.000
   0.977000   12    -210.04     0.20   113.20     0.20     94    0.000    0.000
   0.972000    7    -229.60    -0.28   128.99    -0.28     77    0.000    0.000
   0.972000    8    -225.69    -0.18   125.76    -0.18    135    0.000    0.000
   0.972000    9    -221.78    -0.07   122.76    -0.07    198    0.000    0.000
   0.972000   10    -217.87     0.02   119.20     0.02    167    0.000    0.000
   0.972000   11    -213.95     0.13   115.65     0.13    153    0.000    0.000
   0.972000   12    -210.04     0.24   111.08     0.24     85    0.000    0.000
   0.967000    7    -229.60    -0.30   130.61    -0.30     75    0.000    0.000
   0.967000    8    -225.69    -0.18   126.46    -0.18    150    0.000    0.000
   0.967000    9    -221.78    -0.09   122.29    -0.09    174    0.000    0.000
   0.967000   10    -217.87     0.04   116.99     0.04    187    0.000    0.000
   0.967000   11    -213.95     0.15   117.46     0.15    127    0.000    0.000
   0.967000   12    -210.04     0.25   113.14     0.25     98    0.000    0.000
   0.967000   13    -206.13     0.40   108.94     0.40     51    0.000    0.000
   0.961000    8    -225.69    -0.25   127.85    -0.25     88    0.000    0.000
   0.961000    9    -221.78    -0.10   122.70    -0.10    148    0.000    0.000
   0.961000   10    -217.87     0.05   118.52     0.05    169    0.000    0.000
   0.961000   11    -213.95     0.18   115.47     0.18    170    0.000    0.000
   0.961000   12    -210.04     0.31   113.00     0.31    133    0.000    0.000
   0.961000   13    -206.13     0.45   111.88     0.45     90    0.000    0.000
   0.956000    7    -229.60    -0.39   126.62    -0.39     77    0.000    0.000
   0.956000    8    -225.69    -0.23   125.45    -0.23    133    0.000    0.000
   0.956000    9    -221.78    -0.08   122.18    -0.08    166    0.000    0.000
   0.956000   10    -217.87     0.06   119.46     0.06    188    0.000    0.000
   0.956000   11    -213.95     0.19   116.81     0.19    135    0.000    0.000
   0.956000   12    -210.04     0.38   110.66     0.38     97    0.000    0.000
   0.956000   13    -206.13     0.51   109.18     0.51     52    0.000    0.000
   0.950000    7    -229.60    -0.44   127.97    -0.44     60    0.000    0.000
   0.950000    8    -225.69    -0.27   123.50    -0.27    104    0.000    0.000
   0.950000    9    -221.78    -0.09   121.13    -0.09    184    0.000    0.000
   0.950000   10    -217.87     0.08   118.02     0.08    171    0.000    0.000
   0.950000   11    -213.95     0.23   113.44     0.23    159    0.000    0.000
   0.950000   12    -210.04     0.40   111.45     0.40     98    0.000    0.000
   0.950000   13    -206.13     0.59   107.62     0.59     73    0.000    0.000
   0.943000    7    -229.60    -0.51   129.49    -0.51     69    0.000    0.000
   0.943000    8    -225.69    -0.36   125.15    -0.36     88    0.000    0.000
   0.943000    9    -221.78    -0.16   122.94    -0.16    121    0.000    0.000
   0.943000   10    -217.87     0.01   120.25     0.01    164    0.000    0.000
   0.943000   11    -213.95     0.23   115.95     0.23    181    0.000    0.000
   0.943000   12    -210.04     0.40   112.08     0.40    121    0.000    0.000
   0.943000   13    -206.13     0.55   108.92     0.55    102    0.000    0.000
   0.936000    7    -229.60    -0.52   126.08    -0.52     77    0.000    0.000
   0.936000    8    -225.69    -0.29   123.65    -0.29    113    0.000    0.000
   0.936000    9    -221.78    -0.10   119.33    -0.10    161    0.000    0.000
   0.936000   10    -217.87     0.11   117.45     0.11    173    0.000    0.000
   0.936000   11    -213.95     0.25   112.72     0.25    142    0.000    0.000
   0.936000   12    -210.04     0.51   111.84     0.51    113    0.000    0.000
   0.936000   13    -206.13     0.70   109.78     0.70     63    0.000    0.000
   0.929000    7    -229.60    -0.71   130.10    -0.71     63    0.000    0.000
   0.929000    8    -225.69    -0.39   125.16    -0.39    111    0.000    0.000
   0.929000    9    -221.78    -0.15   121.46    -0.15    160    0.000    0.000
   0.929000   10    -217.87     0.14   118.87     0.14    176    0.000    0.000
   0.929000   11    -213.95     0.38   113.82     0.38    160    0.000    0.000
   0.929000   12    -210.04     0.63   111.56     0.63    133    0.000    0.000
   0.929000   13    -206.13     0.90   109.23     0.90     51    0.000    0.000
   0.921000    8    -225.69    -0.59   126.48    -0.59     61    0.000    0.000
   0.921000    9    -221.78    -0.38   122.44    -0.38     81    0.000    0.000
   0.921000   10    -217.87    -0.12   119.99    -0.12    117    0.000    0.000
   0.921000   11    -213.95     0.21   116.13     0.21    176    0.000    0.000
   0.921000   12    -210.04     0.41   112.14     0.41    149    0.000    0.000
   0.921000   13    -206.13     0.72   110.12     0.72    120    0.000    0.000
   0.921000   14    -202.22     1.01   107.92     1.01     96    0.000    0.000
   0.921000   15    -198.31     1.27   104.64     1.27     66    0.000    0.000
   0.913000    9    -221.78    -0.50   125.14    -0.50     88    0.000    0.000
   0.913000   10    -217.87    -0.19   121.44    -0.19    123    0.000    0.000
   0.913000   11    -213.95     0.14   115.96     0.14    172    0.000    0.000
   0.913000   12    -210.04     0.39   114.54     0.39    179    0.000    0.000
   0.913000   13    -206.13     0.73   110.34     0.73    167    0.000    0.000
   0.913000   14    -202.22     1.03   108.62     1.03     91    0.000    0.000
   0.913000   15    -198.31     1.41   104.11     1.41     53    0.000    0.000
   0.904000    9    -221.78    -0.52   123.74    -0.52     60    0.000    0.000
   0.904000   10    -217.87    -0.25   121.01    -0.25    125    0.000    0.000
   0.904000   11    -213.95     0.08   118.01     0.08    169    0.000    0.000
   0.904000   12    -210.04     0.46   114.07     0.46    175    0.000    0.000
   0.904000   13    -206.13     0.75   110.73     0.75    134    0.000    0.000
   0.904000   14    -202.22     1.04   107.16     1.04     94    0.000    0.000
   0.904000   15    -198.31     1.42   105.99     1.42     62    0.000    0.000
   0.895000    9    -221.78    -0.41   121.99    -0.41    101    0.000    0.000
   0.895000   10    -217.87     0.00   117.52     0.00    130    0.000    0.000
   0.895000   11    -213.95     0.36   114.29     0.36    156    0.000    0.000
   0.895000   12    -210.04     0.76   109.26     0.76    161    0.000    0.000
   0.895000   13    -206.13     1.09   109.24     1.09    123    0.000    0.000
   0.895000   14    -202.22     1.49   103.88     1.49    101    0.000    0.000
   0.885000    9    -221.78    -0.45   121.61    -0.45     52    0.000    0.000
   0.885000   10    -217.87    -0.10   117.69    -0.10    105    0.000    0.000
   0.885000   11    -213.95     0.40   114.26     0.40    151    0.000    0.000
   0.885000   12    -210.04     0.80   109.44     0.80    173    0.000    0.000
   0.885000   13    -206.13     1.21   107.87     1.21    157    0.000    0.000
   0.885000   14    -202.22     1.64   104.34     1.64    142    0.000    0.000
   0.885000   15    -198.31     2.15   100.54     2.15     63    0.000    0.000
   0.874000    9    -221.78    -0.88   122.48    -0.88     72    0.000    0.000
   0.874000   10    -217.87    -0.36   118.40    -0.36    112    0.000    0.000
   0.874000   11    -213.95     0.14   115.30     0.14    149    0.000    0.000
   0.874000   12    -210.04     0.66   111.65     0.66    157    0.000    0.000
   0.874000   13    -206.13     1.11   108.08     1.11    135    0.000    0.000
   0.874000   14    -202.22     1.58   105.60     1.58    114    0.000    0.000
   0.874000   15    -198.31     1.96   102.02     1.96     77    0.000    0.000
   0.863000   10    -217.87    -0.24   117.26    -0.24     89    0.000    0.000
   0.863000   11    -213.95     0.23   112.73     0.23    124    0.000    0.000
   0.863000   12    -210.04     0.72   111.00     0.72    164    0.000    0.000
   0.863000   13    -206.13     1.26   107.95     1.26    157    0.000    0.000
   0.863000   14    -202.22     1.75   104.52     1.75    124    0.000    0.000
   0.863000   15    -198.31     2.20   100.24     2.20    100    0.000    0.000
   0.863000   16    -194.40     2.72    99.09     2.72     63    0.000    0.000
   0.851000   10    -217.87    -0.39   116.98    -0.39     86    0.000    0.000
   0.851000   11    -213.95    -0.00   112.95    -0.00    122    0.000    0.000
   0.851000   12    -210.04     0.65   111.25     0.65    156    0.000    0.000
   0.851000   13    -206.13     1.13   108.47     1.13    171    0.000    0.000
   0.851000   14    -202.22     1.65   105.53     1.65    128    0.000    0.000
   0.851000   15    -198.31     2.22   101.35     2.22    102    0.000    0.000
   0.851000   16    -194.40     2.82    98.93     2.82     55    0.000    0.000
   0.838000   10    -217.87    -0.42   114.85    -0.42     68    0.000    0.000
   0.838000   11    -213.95     0.24   114.09     0.24    114    0.000    0.000
   0.838000   12    -210.04     0.80   110.21     0.80    148    0.000    0.000
   0.838000   13    -206.13     1.26   108.21     1.26    180    0.000    0.000
   0.838000   14    -202.22     1.81   105.00     1.81    165    0.000    0.000
   0.838000   15    -198.31     2.48   101.61     2.48    116    0.000    0.000
   0.838000   16    -194.40     3.04    99.26     3.04     56    0.000    0.000
   0.825000   10    -217.87    -0.69   117.97    -0.69     59    0.000    0.000
   0.825000   11    -213.95    -0.09   114.39    -0.09    113    0.000    0.000
   0.825000   12    -210.04     0.47   111.84     0.47    130    0.000    0.000
   0.825000   13    -206.13     1.18   108.75     1.18    182    0.000    0.000
   0.825000   14    -202.22     1.72   106.02     1.72    151    0.000    0.000
   0.825000   15    -198.31     2.39   102.92     2.39    128    0.000    0.000
   0.825000   16    -194.40     2.91   100.90     2.91     71    0.000    0.000
   0.810000   11    -213.95    -0.21   113.34    -0.21     74    0.000    0.000
   0.810000   12    -210.04     0.36   111.58     0.36    101    0.000    0.000
   0.810000   13    -206.13     1.30   107.27     1.30    155    0.000    0.000
   0.810000   14    -202.22     1.82   103.43     1.82    170    0.000    0.000
   0.810000   15    -198.31     2.50   102.51     2.50    151    0.000    0.000
   0.810000   16    -194.40     3.26   100.40     3.26    117    0.000    0.000
   0.810000   17    -190.49     3.99    95.48     3.99     74    0.000    0.000
   0.795000   12    -210.04    -0.02   111.67    -0.02     92    0.000    0.000
   0.795000   13    -206.13     0.74   110.34     0.74    130    0.000    0.000
   0.795000   14    -202.22     1.49   106.71     1.49    145    0.000    0.000
   0.795000   15    -198.31     2.25   102.96     2.25    157    0.000    0.000
   0.795000   16    -194.40     3.05   101.56     3.05    133    0.000    0.000
   0.795000   17    -190.49     3.85    96.90     3.85    110    0.000    0.000
   0.779000   12    -210.04    -0.32   110.92    -0.32     65    0.000    0.000
   0.779000   13    -206.13     0.76   109.43     0.76    103    0.000    0.000
   0.779000   14    -202.22     1.49   106.25     1.49    132    0.000    0.000
   0.779000   15    -198.31     2.45   104.08     2.45    153    0.000    0.000
   0.779000   16    -194.40     3.17   100.64     3.17    165    0.000    0.000
   0.779000   17    -190.49     4.14    97.15     4.14    115    0.000    0.000
   0.779000   18    -186.57     4.90    94.88     4.90     96    0.000    0.000
   0.779000   19    -182.66     5.76    91.78     5.76     54    0.000    0.000
   0.761000   12    -210.04    -0.18   112.14    -0.18     52    0.000    0.000
   0.761000   13    -206.13     0.47   107.58     0.47     87    0.000    0.000
   0.761000   14    -202.22     1.41   105.86     1.41    149    0.000    0.000
   0.761000   15    -198.31     2.11   102.98     2.11    199    0.000    0.000
   0.761000   16    -194.40     3.31   100.20     3.31    165    0.000    0.000
   0.761000   17    -190.49     3.82    97.74     3.82    122    0.000    0.000
   0.761000   18    -186.57     4.88    93.71     4.88     80    0.000    0.000
   0.743000   14    -202.22     1.69   104.65     1.69    103    0.000    0.000
   0.743000   15    -198.31     2.51   101.96     2.51    143    0.000    0.000
   0.743000   16    -194.40     3.30    99.42     3.30    171    0.000    0.000
   0.743000   17    -190.49     4.61    95.27     4.61    170    0.000    0.000
   0.743000   18    -186.57     5.54    94.01     5.54    116    0.000    0.000
   0.743000   19    -182.66     6.29    91.48     6.29     91    0.000    0.000
   0.724000   14    -202.22     1.21   105.69     1.21     72    0.000    0.000
   0.724000   15    -198.31     2.13   103.15     2.13    120    0.000    0.000
   0.724000   16    -194.40     3.16   100.48     3.16    134    0.000    0.000
   0.724000   17    -190.49     4.08    97.85     4.08    165    0.000    0.000
   0.724000   18    -186.57     5.16    94.41     5.16    154    0.000    0.000
   0.724000   19    -182.66     5.95    92.48     5.95    104    0.000    0.000
   0.724000   20    -178.75     7.16    89.19     7.16     60    0.000    0.000
   0.703000   14    -202.22     0.41   105.56     0.41     65    0.000    0.000
   0.703000   15    -198.31     1.66   102.40     1.66     96    0.000    0.000
   0.703000   16    -194.40     2.95    99.77     2.95    159    0.000    0.000
   0.703000   17    -190.49     3.96    96.90     3.96    149    0.000    0.000
   0.703000   18    -186.57     4.96    94.54     4.96    162    0.000    0.000
   0.703000   19    -182.66     6.15    92.26     6.15    130    0.000    0.000
   0.703000   20    -178.75     7.25    89.47     7.25     81    0.000    0.000
   0.681000   15    -198.31     1.77   101.62     1.77     53    0.000    0.000
   0.681000   16    -194.40     2.56    99.23     2.56     91    0.000    0.000
   0.681000   17    -190.49     3.96    96.13     3.96    130    0.000    0.000
   0.681000   18    -186.57     5.10    93.68     5.10    183    0.000    0.000
   0.681000   19    -182.66     6.28    91.62     6.28    163    0.000    0.000
   0.681000   20    -178.75     7.51    89.81     7.51    127    0.000    0.000
   0.681000   21    -174.84     8.63    86.01     8.63     75    0.000    0.000
   0.681000   22    -170.93     9.47    84.16     9.47     57    0.000    0.000
   0.657000   17    -190.49     3.18    98.67     3.18     79    0.000    0.000
   0.657000   18    -186.57     4.93    95.04     4.93    105    0.000    0.000
   0.657000   19    -182.66     6.24    93.65     6.24    168    0.000    0.000
   0.657000   20    -178.75     7.33    90.80     7.33    177    0.000    0.000
   0.657000   21    -174.84     8.43    88.33     8.43    120    0.000    0.000
   0.657000   22    -170.93    10.01    86.25    10.01    124    0.000    0.000
   0.657000   23    -167.02    10.88    84.64    10.88     73    0.000    0.000
   0.632000   17    -190.49     3.15    96.62     3.15     73    0.000    0.000
   0.632000   18    -186.57     5.06    94.37     5.06    117    0.000    0.000
   0.632000   19    -182.66     6.32    91.05     6.32    148    0.000    0.000
   0.632000   20    -178.75     7.48    89.86     7.48    145    0.000    0.000
   0.632000   21    -174.84     8.90    88.00     8.90    158    0.000    0.000
   0.632000   22    -170.93     9.79    85.18     9.79    120    0.000    0.000
   0.632000   23    -167.02    11.77    82.66    11.77     73    0.000    0.000
   0.606000   18    -186.57     5.24    93.49     5.24     92    0.000    0.000
   0.606000   19    -182.66     6.38    91.30     6.38    120    0.000    0.000
   0.606000   20    -178.75     8.15    89.01     8.15    183    0.000    0.000
   0.606000   21    -174.84     9.30    85.96     9.30    173    0.000    0.000
   0.606000   22    -170.93    10.49    83.96    10.49    109    0.000    0.000
   0.606000   23    -167.02    12.15    81.33    12.15     89    0.000    0.000
   0.606000   24    -163.10    13.76    79.84    13.76     58    0.000    0.000
   0.578000   18    -186.57     4.96    92.91     4.96     71    0.000    0.000
   0.578000   19    -182.66     6.91    90.66     6.91    103    0.000    0.000
   0.578000   20    -178.75     8.19    88.68     8.19    146    0.000    0.000
   0.578000   21    -174.84     9.20    86.41     9.20    157    0.000    0.000
   0.578000   22    -170.93    11.24    84.20    11.24    141    0.000    0.000
   0.578000   23    -167.02    13.02    82.10    13.02    125    0.000    0.000
   0.578000   24    -163.10    14.28    78.68    14.28     61    0.000    0.000
   0.548000   19    -182.66     7.00    89.39     7.00     77    0.000    0.000
   0.548000   20    -178.75     8.05    87.50     8.05     98    0.000    0.000
   0.548000   21    -174.84     9.64    86.42     9.64    124    0.000    0.000
   0.548000   22    -170.93    11.98    83.63    11.98    144    0.000    0.000
   0.548000   23    -167.02    13.22    81.92    13.22    132    0.000    0.000
   0.548000   24    -163.10    14.89    80.33    14.89    134    0.000    0.000
   0.548000   25    -159.19    16.35    78.02    16.35     83    0.000    0.000
   0.516000   20    -178.75     7.36    89.25     7.36     58    0.000    0.000
   0.516000   21    -174.84     9.31    86.76     9.31     89    0.000    0.000
   0.516000   22    -170.93    10.62    84.69    10.62    124    0.000    0.000
   0.516000   23    -167.02    12.27    83.37    12.27    153    0.000    0.000
   0.516000   24    -163.10    14.12    81.14    14.12    178    0.000    0.000
   0.516000   25    -159.19    16.21    79.04    16.21    111    0.000    0.000
   0.516000   26    -155.28    17.03    78.00    17.03     93    0.000    0.000
   0.482000   21    -174.84     8.94    86.72     8.94     66    0.000    0.000
   0.482000   22    -170.93    10.89    84.47    10.89    111    0.000    0.000
   0.482000   23    -167.02    12.35    82.84    12.35    145    0.000    0.000
   0.482000   24    -163.10    14.37    80.95    14.37    165    0.000    0.000
   0.482000   25    -159.19    15.77    79.48    15.77    140    0.000    0.000
   0.482000   26    -155.28    17.22    77.59    17.22    124    0.000    0.000
   0.482000   27    -151.37    19.78    76.04    19.78     78    0.000    0.000
   0.446000   23    -167.02    10.17    82.72    10.17     77    0.000    0.000
   0.446000   24    -163.10    12.96    81.29    12.96    122    0.000    0.000
   0.446000   25    -159.19    15.03    79.65    15.03    158    0.000    0.000
   0.446000   26    -155.28    17.68    77.98    17.68    140    0.000    0.000
   0.446000   27    -151.37    19.36    75.91    19.36    154    0.000    0.000
   0.446000   28    -147.46    20.31    74.90    20.31    101    0.000    0.000
   0.446000   29    -143.55    23.03    73.20    23.03     70    0.000    0.000
   0.408000   24    -163.10    13.60    81.26    13.60     78    0.000    0.000
   0.408000   25    -159.19    14.60    79.57    14.60    122    0.000    0.000
   0.408000   26    -155.28    16.32    78.46    16.32    177    0.000    0.000
   0.408000   27    -151.37    19.34    76.84    19.34    157    0.000    0.000
   0.408000   28    -147.46    21.88    75.53    21.88    137    0.000    0.000
   0.408000   29    -143.55    22.00    74.30    22.00    100    0.000    0.000
   0.408000   30    -139.64    26.05    72.58    26.05     54    0.000    0.000
   0.367000   24    -163.10    14.42    78.94    14.42     52    0.000    0.000
   0.367000   25    -159.19    16.29    78.37    16.29     79    0.000    0.000
   0.367000   26    -155.28    18.50    76.96    18.50    132    0.000    0.000
   0.367000   27    -151.37    20.13    75.51    20.13    147    0.000    0.000
   0.367000   28    -147.46    23.00    74.27    23.00    176    0.000    0.000
   0.367000   29    -143.55    25.21    72.60    25.21    136    0.000    0.000
   0.367000   30    -139.64    27.80    72.36    27.80     95    0.000    0.000
   0.367000   31    -135.72    30.34    69.80    30.34     50    0.000    0.000
   0.324000   25    -159.19    15.81    77.91    15.81     58    0.000    0.000
   0.324000   26    -155.28    19.59    76.73    19.59    102    0.000    0.000
   0.324000   27    -151.37    20.72    75.56    20.72    131    0.000    0.000
   0.324000   28    -147.46    21.80    74.40    21.80    133    0.000    0.000
   0.324000   29    -143.55    25.45    73.30    25.45    136    0.000    0.000
   0.324000   30    -139.64    28.09    72.48    28.09    132    0.000    0.000
   0.324000   31    -135.72    30.62    71.18    30.62     95    0.000    0.000
   0.324000   32    -131.81    33.52    70.08    33.52     64    0.000    0.000
   0.278000   28    -147.46    23.38    74.58    23.38     81    0.000    0.000
   0.278000   29    -143.55    26.03    73.61    26.03     84    0.000    0.000
   0.278000   30    -139.64    28.39    72.75    28.39    127    0.000    0.000
   0.278000   31    -135.72    30.83    71.54    30.83    167    0.000    0.000
   0.278000   32    -131.81    33.20    70.80    33.20    153    0.000    0.000
   0.278000   33    -127.90    35.53    69.81    35.53    121    0.000    0.000
   0.278000   34    -123.99    37.32    68.81    37.32     74    0.000    0.000
   0.229000   30    -139.64    27.68    72.18    27.68     61    0.000    0.000
   0.229000   31    -135.72    29.41    71.52    29.41    102    0.000    0.000
   0.229000   32    -131.81    31.57    70.67    31.57    149    0.000    0.000
   0.229000   33    -127.90    35.90    69.90    35.90    151    0.000    0.000
   0.229000   34    -123.99    37.44    69.13    37.44    155    0.000    0.000
   0.229000   35    -120.08    40.38    68.46    40.38    121    0.000    0.000
   0.229000   36    -116.17    43.87    67.70    43.87     79    0.000    0.000
   0.177000   32    -131.81    34.02    69.94    34.02     91    0.000    0.000
   0.177000   33    -127.90    37.21    69.43    37.21    114    0.000    0.000
   0.177000   34    -123.99    39.35    68.75    39.35    148    0.000    0.000
   0.177000   35    -120.08    43.05    68.15    43.05    168    0.000    0.000
   0.177000   36    -116.17    45.66    67.58    45.66    132    0.000    0.000
   0.177000   37    -112.25    48.08    66.95    48.08    108    0.000    0.000
   0.177000   38    -108.34    52.43    66.38    52.43     57    0.000    0.000
   0.121000   34    -123.99    38.03    68.58    38.03     69    0.000    0.000
   0.121000   35    -120.08    41.30    68.22    41.30     96    0.000    0.000
   0.121000   36    -116.17    43.88    67.74    43.88     97    0.000    0.000
   0.121000   37    -112.25    45.56    67.44    45.56    121    0.000    0.000
   0.121000   38    -108.34    50.01    67.02    50.01    134    0.000    0.000
   0.121000   39    -104.43    52.37    66.74    52.37    109    0.000    0.000
   0.121000   40    -100.52    55.99    66.22    55.99     87    0.000    0.000
   0.121000   41     -96.61    58.70    65.82    58.70     74    0.000    0.000
   0.062000   36    -116.17    43.32    67.44    43.32     56    0.000    0.000
   0.062000   37    -112.25    46.15    67.23    46.15     99    0.000    0.000
   0.062000   38    -108.34    48.86    67.03    48.86    120    0.000    0.000
   0.062000   39    -104.43    53.08    66.76    53.08    163    0.000    0.000
   0.062000   40    -100.52    57.03    66.56    57.03    139    0.000    0.000
   0.062000   41     -96.61    58.22    66.37    58.22    144    0.000    0.000
   0.062000   42     -92.70    62.65    66.16    62.65     78    0.000    0.000
   0.062000   43     -88.79    65.67    65.98    65.43     62    0.000    0.000
   0.000000   39    -104.43    53.20    66.45    53.20     75    0.000    0.000
   0.000000   40    -100.52    55.81    66.45    55.81    131    0.000    0.000
   0.000000   41     -96.61    59.85    66.45    59.85    147    0.000    0.000
   0.000000   42     -92.70    61.37    66.45    61.37    146    0.000    0.000
   0.000000   43     -88.79    66.55    66.45    66.14    125    0.000    0.000
   0.000000   44     -84.87    69.93    66.45    66.45     98    0.000    0.000
   0.000000   45     -80.96    73.52    66.45    66.45     75    0.000    0.000


# Part 3: Bin-averaged summary:
# bin  energy gap  <dGg> <dGg norm> pts  <c1**2> <c2**2> <r_xy>
   6   -233.51    -0.15     0.12    106   0.000   0.000   0.000
   7   -229.60    -0.27     0.00    954   0.000   0.000   0.000
   8   -225.69    -0.18     0.10   1901   0.000   0.000   0.000
   9   -221.78    -0.14     0.14   2915   0.000   0.000   0.000
  10   -217.87    -0.04     0.23   3641   0.000   0.000   0.000
  11   -213.95     0.15     0.42   3741   0.000   0.000   0.000
  12   -210.04     0.40     0.67   3483   0.000   0.000   0.000
  13   -206.13     0.88     1.16   2643   0.000   0.000   0.000
  14   -202.22     1.50     1.77   2042   0.000   0.000   0.000
  15   -198.31     2.16     2.43   1839   0.000   0.000   0.000
  16   -194.40     3.08     3.35   1380   0.000   0.000   0.000
  17   -190.49     3.96     4.23   1187   0.000   0.000   0.000
  18   -186.57     5.08     5.36   1176   0.000   0.000   0.000
  19   -182.66     6.32     6.60   1158   0.000   0.000   0.000
  20   -178.75     7.68     7.95   1075   0.000   0.000   0.000
  21   -174.84     9.08     9.35    962   0.000   0.000   0.000
  22   -170.93    10.68    10.96    930   0.000   0.000   0.000
  23   -167.02    12.18    12.45    867   0.000   0.000   0.000
  24   -163.10    14.08    14.35    848   0.000   0.000   0.000
  25   -159.19    15.61    15.88    751   0.000   0.000   0.000
  26   -155.28    17.61    17.88    768   0.000   0.000   0.000
  27   -151.37    19.84    20.11    667   0.000   0.000   0.000
  28   -147.46    22.12    22.39    628   0.000   0.000   0.000
  29   -143.55    24.50    24.78    526   0.000   0.000   0.000
  30   -139.64    27.82    28.10    469   0.000   0.000   0.000
  31   -135.72    30.37    30.65    414   0.000   0.000   0.000
  32   -131.81    32.88    33.15    457   0.000   0.000   0.000
  33   -127.90    36.17    36.44    386   0.000   0.000   0.000
  34   -123.99    38.15    38.42    446   0.000   0.000   0.000
  35   -120.08    41.77    42.05    385   0.000   0.000   0.000
  36   -116.17    44.44    44.71    364   0.000   0.000   0.000
  37   -112.25    46.57    46.84    328   0.000   0.000   0.000
  38   -108.34    50.01    50.28    311   0.000   0.000   0.000
  39   -104.43    52.88    53.16    347   0.000   0.000   0.000
  40   -100.52    56.33    56.60    357   0.000   0.000   0.000
  41    -96.61    58.98    59.25    365   0.000   0.000   0.000
  42    -92.70    61.82    62.09    224   0.000   0.000   0.000
  43    -88.79    65.90    66.17    187   0.000   0.000   0.000
  44    -84.87    66.45    66.72     98   0.000   0.000   0.000
  45    -80.96    66.45    66.72     75   0.000   0.000   0.000


# Part 4: Termodynamic integration:
# lambda(1)      dGti    sum(dGti) 
   1.000000    0.000    0.000
   0.997000  127.075    0.381
   0.993000  126.749    0.887
   0.989000  126.310    1.391
   0.985000  125.724    1.891
   0.981000  124.275    2.391
   0.977000  125.708    2.892
   0.972000  124.904    3.520
   0.967000  126.111    4.148
   0.961000  125.332    4.892
   0.956000  122.603    5.509
   0.950000  124.323    6.252
   0.943000  123.351    7.112
   0.936000  122.106    7.968
   0.929000  122.465    8.823
   0.921000  122.075    9.785
   0.913000  118.440   10.734
   0.904000  118.739   11.801
   0.895000  118.343   12.857
   0.885000  116.383   14.003
   0.874000  112.694   15.254
   0.863000  114.731   16.499
   0.851000  111.769   17.841
   0.838000  111.872   19.282
   0.825000  109.773   20.706
   0.810000  109.348   22.321
   0.795000  105.939   23.904
   0.779000  105.101   25.561
   0.761000  102.032   27.396
   0.743000  101.898   29.184
   0.724000   96.788   31.013
   0.703000   95.775   33.013
   0.681000   94.664   35.041
   0.657000   89.689   37.142
   0.632000   85.358   39.247
   0.606000   83.064   41.368
   0.578000   80.109   43.574
   0.548000   77.437   45.808
   0.516000   71.515   48.054
   0.482000   68.832   50.345
   0.446000   65.960   52.614
   0.408000   60.075   54.854
   0.367000   57.832   57.087
   0.324000   51.124   59.202
   0.278000   47.214   61.175
   0.229000   38.563   62.887
   0.177000   31.341   64.316
   0.121000   23.617   65.435
   0.062000   16.345   66.176
   0.000000    8.771   66.446


# Part 5: Overlap sampling Lu et al:
# lambda(1)      dG    sum(dG) 
   1.000000    0.000    0.000
   0.997000    0.381    0.381
   0.993000    0.506    0.887
   0.989000    0.504    1.391
   0.985000    0.500    1.891
   0.981000    0.500    2.391
   0.977000    0.501    2.892
   0.972000    0.628    3.520
   0.967000    0.629    4.148
   0.961000    0.744    4.892
   0.956000    0.617    5.509
   0.950000    0.743    6.252
   0.943000    0.859    7.112
   0.936000    0.856    7.967
   0.929000    0.856    8.823
   0.921000    0.962    9.786
   0.913000    0.948   10.734
   0.904000    1.067   11.801
   0.895000    1.056   12.858
   0.885000    1.145   14.003
   0.874000    1.251   15.254
   0.863000    1.246   16.500
   0.851000    1.342   17.841
   0.838000    1.440   19.282
   0.825000    1.425   20.706
   0.810000    1.614   22.321
   0.795000    1.583   23.904
   0.779000    1.657   25.561
   0.761000    1.834   27.395
   0.743000    1.788   29.184
   0.724000    1.830   31.014
   0.703000    1.999   33.013
   0.681000    2.028   35.041
   0.657000    2.100   37.141
   0.632000    2.106   39.246
   0.606000    2.122   41.368
   0.578000    2.206   43.575
   0.548000    2.235   45.810
   0.516000    2.244   48.054
   0.482000    2.289   50.343
   0.446000    2.270   52.612
   0.408000    2.238   54.851
   0.367000    2.233   57.084
   0.324000    2.118   59.202
   0.278000    1.973   61.175
   0.229000    1.709   62.884
   0.177000    1.428   64.312
   0.121000    1.139   65.451
   0.062000    0.723   66.175
   0.000000    0.271   66.446


# lambda(1)      dG    sum(dG) 
# Part 6: BAR Bennet:
   1.000000    0.000    0.000
   0.997000    0.381    0.381
   0.993000    0.506    0.887
   0.989000    0.504    1.391
   0.985000    0.500    1.891
   0.981000    0.500    2.391
   0.977000    0.501    2.892
   0.972000    0.628    3.520
   0.967000    0.629    4.148
   0.961000    0.744    4.892
   0.956000    0.617    5.509
   0.950000    0.743    6.252
   0.943000    0.859    7.112
   0.936000    0.856    7.968
   0.929000    0.856    8.823
   0.921000    0.962    9.785
   0.913000    0.949   10.734
   0.904000    1.067   11.801
   0.895000    1.056   12.857
   0.885000    1.145   14.003
   0.874000    1.251   15.254
   0.863000    1.246   16.499
   0.851000    1.342   17.841
   0.838000    1.441   19.282
   0.825000    1.424   20.706
   0.810000    1.615   22.321
   0.795000    1.583   23.904
   0.779000    1.657   25.561
   0.761000    1.835   27.396
   0.743000    1.788   29.185
   0.724000    1.829   31.014
   0.703000    2.000   33.014
   0.681000    2.028   35.042
   0.657000    2.101   37.142
   0.632000    2.105   39.247
   0.606000    2.121   41.369
   0.578000    2.206   43.574
   0.548000    2.235   45.809
   0.516000    2.246   48.055
   0.482000    2.291   50.347
   0.446000    2.269   52.615
   0.408000    2.240   54.855
   0.367000    2.233   57.088
   0.324000    2.115   59.203
   0.278000    1.972   61.175
   0.229000    1.711   62.887
   0.177000    1.429   64.315
   0.121000    1.122   65.438
   0.062000    0.734   66.172
   0.000000    0.271   66.443
