--------------------------------------------------------------------------------
Welcome to qfep version: 6.0.1
 
This version was compiled using: GCC version 11.5.0 20240719 (Red Hat 11.5.0-2)
 
And using the following compiler options: 
-cpp -D G95=1 -mtune=generic -march=x86-64-v2 -O3 -Wall -Wtabs -std=legacy -funroll-loops -ffree-line-length-none -fcray-pointer -fall-intrinsics -fstack-protector -fpre-include=/usr/include/finclude/math-vector-fortran.h

 
For command line options type qfep --help  or qcalc -h at the terminal.
 
If you are using the interactive mode and want to quit type "quit" or Ctrl-C.
--------------------------------------------------------------------------------
--> Number of energy files: # Number of files                                  =    50
--> No. of states, no. of predefined off-diag elements: # Number of states     =     2
# Number of off-diagonal elements                                              =     0
--> Give kT & num. of pts to skip & calculation mode: # kT                     = 0.592
# Number of data points to skip                                                =    50
# Only QQ interactions will be considered                                      =     0
--> Give number of gap-bins: # Number of gap-bins                              =    50
--> Give minimum # pts/bin: # Minimum number of points per bin                 =    50
--> Give alpha for state  2                                                     # Alpha for state  2              =  0.00
--> Number of off-diagonal elements: # Number of off-diagonal elements         =     0
--> linear combination of states defining reaction coord: # Linear combination coefficients=    1.00    0.00


# Part 0: Average energies for all states in all files
# file             state   pts   lambda    EQtot   EQbond  EQang   EQtor   EQimp    EQel   EQvdW  Eel_qq  EvdW_qq Eel_qp  EvdW_qp Eel_qw EvdW_qw Eqrstr
--> Name of file number   1:                                                     
md_2_1000_0000.en      1    949 1.000000  -92.27    0.00    0.00    0.00    0.00  -67.95  -24.31    5.98    0.91  -68.60  -15.85   -5.34   -9.37    0.00
md_2_1000_0000.en      2    949 0.000000  -75.49    0.00    0.00    0.00    0.00  -68.75   -6.75    4.42    1.10  -67.85   -5.37   -5.32   -2.48    0.00
--> Name of file number   2:                                                     
md_2_0938_0062.en      1    949 0.938000  -92.72    0.00    0.00    0.00    0.00  -67.31  -25.41    5.84    0.83  -68.01  -17.08   -5.14   -9.16    0.00
md_2_0938_0062.en      2    949 0.062000  -75.55    0.00    0.00    0.00    0.00  -68.13   -7.42    4.30    1.02  -67.30   -6.02   -5.14   -2.41    0.00
--> Name of file number   3:                                                     
md_2_0879_0121.en      1    949 0.879000  -92.11    0.00    0.00    0.00    0.00  -68.78  -23.33    6.26    1.16  -69.11  -15.19   -5.93   -9.30    0.00
md_2_0879_0121.en      2    949 0.121000  -76.03    0.00    0.00    0.00    0.00  -69.62   -6.40    4.64    1.13  -68.33   -4.94   -5.94   -2.59    0.00
--> Name of file number   4:                                                     
md_2_0823_0177.en      1    949 0.823000  -91.24    0.00    0.00    0.00    0.00  -67.12  -24.13    5.93    1.25  -69.10  -15.62   -3.95   -9.75    0.00
md_2_0823_0177.en      2    949 0.177000  -75.14    0.00    0.00    0.00    0.00  -67.97   -7.17    4.38    1.07  -68.31   -5.52   -4.03   -2.72    0.00
--> Name of file number   5:                                                     
md_2_0771_0229.en      1    949 0.771000  -90.99    0.00    0.00    0.00    0.00  -68.23  -22.76    6.31    1.55  -69.76  -15.22   -4.78   -9.09    0.00
md_2_0771_0229.en      2    949 0.229000  -75.75    0.00    0.00    0.00    0.00  -69.07   -6.69    4.73    1.03  -68.81   -5.25   -4.98   -2.46    0.00
--> Name of file number   6:                                                     
md_2_0722_0278.en      1    949 0.722000  -91.76    0.00    0.00    0.00    0.00  -68.75  -23.02    6.17    1.20  -69.53  -15.60   -5.38   -8.62    0.00
md_2_0722_0278.en      2    949 0.278000  -76.00    0.00    0.00    0.00    0.00  -69.58   -6.42    4.57    1.03  -68.78   -5.08   -5.38   -2.37    0.00
--> Name of file number   7:                                                     
md_2_0676_0324.en      1    949 0.676000  -92.88    0.00    0.00    0.00    0.00  -69.77  -23.11    6.41    1.15  -69.70  -15.01   -6.48   -9.25    0.00
md_2_0676_0324.en      2    949 0.324000  -76.89    0.00    0.00    0.00    0.00  -70.60   -6.29    4.77    1.10  -68.97   -4.91   -6.40   -2.47    0.00
--> Name of file number   8:                                                     
md_2_0633_0367.en      1    949 0.633000  -90.94    0.00    0.00    0.00    0.00  -68.66  -22.28    6.22    1.34  -69.05  -14.77   -5.83   -8.85    0.00
md_2_0633_0367.en      2    949 0.367000  -76.07    0.00    0.00    0.00    0.00  -69.48   -6.59    4.63    0.98  -68.28   -5.09   -5.82   -2.48    0.00
--> Name of file number   9:                                                     
md_2_0592_0408.en      1    949 0.592000  -90.48    0.00    0.00    0.00    0.00  -68.21  -22.26    6.09    1.37  -68.78  -14.06   -5.53   -9.57    0.00
md_2_0592_0408.en      2    949 0.408000  -76.10    0.00    0.00    0.00    0.00  -69.07   -7.03    4.52    1.08  -68.04   -5.25   -5.55   -2.86    0.00
--> Name of file number  10:                                                     
md_2_0554_0446.en      1    949 0.554000  -91.01    0.00    0.00    0.00    0.00  -69.31  -21.70    6.39    1.38  -69.33  -14.13   -6.37   -8.95    0.00
md_2_0554_0446.en      2    949 0.446000  -76.67    0.00    0.00    0.00    0.00  -70.11   -6.56    4.76    1.04  -68.63   -4.92   -6.24   -2.68    0.00
--> Name of file number  11:                                                     
md_2_0518_0482.en      1    949 0.518000  -90.50    0.00    0.00    0.00    0.00  -68.16  -22.35    6.18    1.32  -69.12  -14.64   -5.22   -9.02    0.00
md_2_0518_0482.en      2    949 0.482000  -75.83    0.00    0.00    0.00    0.00  -69.00   -6.83    4.57    1.04  -68.33   -5.07   -5.24   -2.80    0.00
--> Name of file number  12:                                                     
md_2_0484_0516.en      1    949 0.484000  -89.85    0.00    0.00    0.00    0.00  -67.13  -22.72    5.76    1.36  -68.18  -15.21   -4.71   -8.88    0.00
md_2_0484_0516.en      2    949 0.516000  -75.20    0.00    0.00    0.00    0.00  -67.90   -7.30    4.23    1.03  -67.49   -5.57   -4.65   -2.76    0.00
--> Name of file number  13:                                                     
md_2_0452_0548.en      1    949 0.452000  -89.62    0.00    0.00    0.00    0.00  -66.76  -22.85    5.48    1.56  -67.71  -15.42   -4.52   -8.99    0.00
md_2_0452_0548.en      2    949 0.548000  -75.42    0.00    0.00    0.00    0.00  -67.61   -7.81    4.00    0.96  -67.22   -5.41   -4.40   -3.36    0.00
--> Name of file number  14:                                                     
md_2_0422_0578.en      1    949 0.422000  -88.87    0.00    0.00    0.00    0.00  -67.55  -21.32    5.97    1.71  -68.59  -14.64   -4.93   -8.39    0.00
md_2_0422_0578.en      2    949 0.578000  -75.24    0.00    0.00    0.00    0.00  -68.39   -6.85    4.39    1.03  -67.98   -5.07   -4.81   -2.81    0.00
--> Name of file number  15:                                                     
md_2_0394_0606.en      1    949 0.394000  -89.25    0.00    0.00    0.00    0.00  -67.32  -21.92    5.93    1.61  -68.47  -15.28   -4.78   -8.25    0.00
md_2_0394_0606.en      2    949 0.606000  -75.61    0.00    0.00    0.00    0.00  -68.18   -7.43    4.37    0.96  -67.89   -5.60   -4.66   -2.79    0.00
--> Name of file number  16:                                                     
md_2_0368_0632.en      1    949 0.368000  -88.86    0.00    0.00    0.00    0.00  -67.06  -21.80    5.85    1.64  -68.65  -15.30   -4.25   -8.14    0.00
md_2_0368_0632.en      2    949 0.632000  -75.43    0.00    0.00    0.00    0.00  -67.89   -7.54    4.30    0.95  -68.12   -5.54   -4.07   -2.95    0.00
--> Name of file number  17:                                                     
md_2_0343_0657.en      1    949 0.343000  -88.27    0.00    0.00    0.00    0.00  -68.37  -19.90    6.21    1.82  -69.30  -13.53   -5.28   -8.19    0.00
md_2_0343_0657.en      2    949 0.657000  -75.95    0.00    0.00    0.00    0.00  -69.18   -6.77    4.60    1.03  -68.49   -5.24   -5.29   -2.56    0.00
--> Name of file number  18:                                                     
md_2_0319_0681.en      1    949 0.319000  -86.53    0.00    0.00    0.00    0.00  -68.05  -18.47    6.27    1.77  -69.25  -12.93   -5.07   -7.30    0.00
md_2_0319_0681.en      2    949 0.681000  -75.73    0.00    0.00    0.00    0.00  -68.92   -6.82    4.64    1.03  -68.59   -5.07   -4.97   -2.78    0.00
--> Name of file number  19:                                                     
md_2_0297_0703.en      1    949 0.297000  -84.25    0.00    0.00    0.00    0.00  -67.12  -17.13    6.26    2.06  -68.84  -12.29   -4.55   -6.90    0.00
md_2_0297_0703.en      2    949 0.703000  -74.85    0.00    0.00    0.00    0.00  -67.94   -6.92    4.64    1.00  -68.10   -5.42   -4.48   -2.49    0.00
--> Name of file number  20:                                                     
md_2_0276_0724.en      1    949 0.276000  -83.83    0.00    0.00    0.00    0.00  -65.87  -17.96    6.19    2.16  -68.70  -13.17   -3.36   -6.95    0.00
md_2_0276_0724.en      2    949 0.724000  -74.13    0.00    0.00    0.00    0.00  -66.75   -7.38    4.59    1.02  -68.14   -5.26   -3.20   -3.14    0.00
--> Name of file number  21:                                                     
md_2_0257_0743.en      1    949 0.257000  -85.22    0.00    0.00    0.00    0.00  -66.79  -18.43    6.15    2.23  -68.76  -13.48   -4.18   -7.18    0.00
md_2_0257_0743.en      2    949 0.743000  -75.09    0.00    0.00    0.00    0.00  -67.65   -7.44    4.55    1.06  -68.22   -5.29   -3.98   -3.21    0.00
--> Name of file number  22:                                                     
md_2_0239_0761.en      1    949 0.239000  -86.09    0.00    0.00    0.00    0.00  -67.46  -18.63    6.02    2.17  -68.42  -13.66   -5.06   -7.14    0.00
md_2_0239_0761.en      2    949 0.761000  -75.92    0.00    0.00    0.00    0.00  -68.32   -7.60    4.45    0.91  -67.70   -5.53   -5.07   -2.98    0.00
--> Name of file number  23:                                                     
md_2_0221_0779.en      1    949 0.221000  -84.69    0.00    0.00    0.00    0.00  -66.65  -18.03    5.62    2.01  -68.24  -14.33   -4.04   -5.71    0.00
md_2_0221_0779.en      2    949 0.779000  -75.26    0.00    0.00    0.00    0.00  -67.49   -7.77    4.12    0.91  -67.67   -5.57   -3.94   -3.11    0.00
--> Name of file number  24:                                                     
md_2_0205_0795.en      1    949 0.205000  -81.88    0.00    0.00    0.00    0.00  -66.20  -15.69    5.90    2.16  -68.40  -13.04   -3.70   -4.81    0.00
md_2_0205_0795.en      2    949 0.795000  -74.86    0.00    0.00    0.00    0.00  -67.00   -7.86    4.34    0.97  -67.73   -5.61   -3.61   -3.22    0.00
--> Name of file number  25:                                                     
md_2_0190_0810.en      1    949 0.190000  -82.15    0.00    0.00    0.00    0.00  -66.61  -15.54    4.73    1.67  -66.04  -13.40   -5.30   -3.81    0.00
md_2_0190_0810.en      2    949 0.810000  -75.45    0.00    0.00    0.00    0.00  -67.40   -8.05    3.42    0.93  -65.38   -6.65   -5.45   -2.33    0.00
--> Name of file number  26:                                                     
md_2_0175_0825.en      1    949 0.175000  -82.41    0.00    0.00    0.00    0.00  -67.85  -14.57    5.92    2.46  -68.90  -12.77   -4.86   -4.26    0.00
md_2_0175_0825.en      2    949 0.825000  -75.66    0.00    0.00    0.00    0.00  -68.73   -6.93    4.36    0.99  -68.23   -5.39   -4.87   -2.52    0.00
--> Name of file number  27:                                                     
md_2_0162_0838.en      1    949 0.162000  -80.51    0.00    0.00    0.00    0.00  -67.04  -13.48    6.02    2.18  -69.14  -11.95   -3.92   -3.70    0.00
md_2_0162_0838.en      2    949 0.838000  -75.12    0.00    0.00    0.00    0.00  -67.91   -7.21    4.44    0.99  -68.34   -5.48   -4.01   -2.71    0.00
--> Name of file number  28:                                                     
md_2_0149_0851.en      1    949 0.149000  -78.95    0.00    0.00    0.00    0.00  -66.53  -12.42    5.58    1.89  -67.68  -11.01   -4.43   -3.30    0.00
md_2_0149_0851.en      2    949 0.851000  -74.98    0.00    0.00    0.00    0.00  -67.35   -7.64    4.10    0.98  -67.03   -5.77   -4.42   -2.85    0.00
--> Name of file number  29:                                                     
md_2_0137_0863.en      1    949 0.137000  -79.13    0.00    0.00    0.00    0.00  -67.62  -11.51    6.04    3.26  -68.92  -11.34   -4.74   -3.42    0.00
md_2_0137_0863.en      2    949 0.863000  -75.51    0.00    0.00    0.00    0.00  -68.40   -7.11    4.45    1.02  -68.32   -5.56   -4.53   -2.57    0.00
--> Name of file number  30:                                                     
md_2_0126_0874.en      1    949 0.126000  -76.84    0.00    0.00    0.00    0.00  -66.49  -10.35    5.62    2.57  -68.18  -11.23   -3.93   -1.69    0.00
md_2_0126_0874.en      2    949 0.874000  -75.01    0.00    0.00    0.00    0.00  -67.29   -7.71    4.12    1.05  -67.52   -5.85   -3.89   -2.91    0.00
--> Name of file number  31:                                                     
md_2_0115_0885.en      1    949 0.115000  -77.01    0.00    0.00    0.00    0.00  -66.41  -10.60    5.38    2.13  -67.71  -10.80   -4.08   -1.93    0.00
md_2_0115_0885.en      2    949 0.885000  -75.05    0.00    0.00    0.00    0.00  -67.22   -7.82    3.93    1.07  -67.15   -5.89   -4.00   -3.01    0.00
--> Name of file number  32:                                                     
md_2_0105_0895.en      1    949 0.105000  -74.36    0.00    0.00    0.00    0.00  -66.56   -7.80    5.89    3.26  -68.61   -9.55   -3.85   -1.51    0.00
md_2_0105_0895.en      2    949 0.895000  -74.58    0.00    0.00    0.00    0.00  -67.43   -7.15    4.33    0.99  -68.01   -5.24   -3.75   -2.90    0.00
--> Name of file number  33:                                                     
md_2_0096_0904.en      1    949 0.096000  -71.95    0.00    0.00    0.00    0.00  -64.86   -7.09    5.78    2.82  -68.45   -9.60   -2.19   -0.32    0.00
md_2_0096_0904.en      2    949 0.904000  -73.60    0.00    0.00    0.00    0.00  -65.82   -7.78    4.25    0.99  -68.19   -5.45   -1.88   -3.31    0.00
--> Name of file number  34:                                                     
md_2_0087_0913.en      1    949 0.087000  -67.06    0.00    0.00    0.00    0.00  -64.76   -2.30    5.55    2.15  -66.64   -7.59   -3.67    3.14    0.00
md_2_0087_0913.en      2    949 0.913000  -74.01    0.00    0.00    0.00    0.00  -65.65   -8.37    4.07    0.98  -66.27   -6.02   -3.44   -3.33    0.00
--> Name of file number  35:                                                     
md_2_0079_0921.en      1    949 0.079000  -64.39    0.00    0.00    0.00    0.00  -65.37    0.98    6.17    3.18  -67.67   -6.25   -3.87    4.05    0.00
md_2_0079_0921.en      2    949 0.921000  -74.05    0.00    0.00    0.00    0.00  -66.24   -7.81    4.59    0.99  -67.21   -5.37   -3.62   -3.43    0.00
--> Name of file number  36:                                                     
md_2_0071_0929.en      1    949 0.071000  -64.76    0.00    0.00    0.00    0.00  -67.87    3.11    6.24    4.27  -68.43   -5.27   -5.68    4.11    0.00
md_2_0071_0929.en      2    949 0.929000  -75.90    0.00    0.00    0.00    0.00  -68.71   -7.19    4.63    0.98  -67.69   -5.24   -5.65   -2.93    0.00
--> Name of file number  37:                                                     
md_2_0064_0936.en      1    949 0.064000  -64.30    0.00    0.00    0.00    0.00  -66.60    2.31    5.67    3.13  -67.96   -4.41   -4.32    3.59    0.00
md_2_0064_0936.en      2    949 0.936000  -75.37    0.00    0.00    0.00    0.00  -67.43   -7.94    4.17    0.91  -67.40   -5.70   -4.20   -3.16    0.00
--> Name of file number  38:                                                     
md_2_0057_0943.en      1    949 0.057000  -58.22    0.00    0.00    0.00    0.00  -67.75    9.54    6.26    5.28  -68.13   -6.60   -5.88   10.86    0.00
md_2_0057_0943.en      2    949 0.943000  -75.78    0.00    0.00    0.00    0.00  -68.53   -7.25    4.66    0.99  -67.27   -5.55   -5.91   -2.69    0.00
--> Name of file number  39:                                                     
md_2_0050_0950.en      1    949 0.050000  -44.50    0.00    0.00    0.00    0.00  -66.88   22.38    6.03    4.95  -67.62   -9.55   -5.29   26.99    0.00
md_2_0050_0950.en      2    949 0.950000  -75.30    0.00    0.00    0.00    0.00  -67.72   -7.58    4.47    0.99  -66.80   -5.71   -5.39   -2.86    0.00
--> Name of file number  40:                                                     
md_2_0044_0956.en      1    949 0.044000   -4.35    0.00    0.00    0.00    0.00  -66.24   61.89    5.89    5.62  -67.08   -7.42   -5.05   63.69    0.00
md_2_0044_0956.en      2    949 0.956000  -75.50    0.00    0.00    0.00    0.00  -67.06   -8.45    4.33    0.91  -66.25   -6.13   -5.14   -3.22    0.00
--> Name of file number  41:                                                     
md_2_0039_0961.en      1    949 0.039000    2.47    0.00    0.00    0.00    0.00  -67.28   69.76    6.09    4.86  -66.81   -5.32   -6.56   70.22    0.00
md_2_0039_0961.en      2    949 0.961000  -76.00    0.00    0.00    0.00    0.00  -68.06   -7.94    4.51    0.95  -65.93   -5.84   -6.64   -3.06    0.00
--> Name of file number  42:                                                     
md_2_0033_0967.en      1    949 0.033000   -8.54    0.00    0.00    0.00    0.00  -67.53   58.99    5.86    4.42  -65.94   -1.05   -7.45   55.63    0.00
md_2_0033_0967.en      2    949 0.967000  -76.19    0.00    0.00    0.00    0.00  -68.27   -7.92    4.33    0.89  -65.03   -5.95   -7.57   -2.86    0.00
--> Name of file number  43:                                                     
md_2_0028_0972.en      1    949 0.028000  -14.94    0.00    0.00    0.00    0.00  -67.29   52.36    6.33    5.01  -67.86    6.00   -5.77   41.35    0.00
md_2_0028_0972.en      2    949 0.972000  -75.63    0.00    0.00    0.00    0.00  -68.16   -7.47    4.72    0.97  -66.88   -5.53   -6.00   -2.92    0.00
--> Name of file number  44:                                                     
md_2_0023_0977.en      1    949 0.023000   23.60    0.00    0.00    0.00    0.00  -66.51   90.11    4.41    3.34  -64.70   19.63   -6.22   67.14    0.00
md_2_0023_0977.en      2    949 0.977000  -75.19    0.00    0.00    0.00    0.00  -67.35   -7.84    3.16    1.30  -64.26   -5.76   -6.26   -3.39    0.00
--> Name of file number  45:                                                     
md_2_0019_0981.en      1    949 0.019000   21.37    0.00    0.00    0.00    0.00  -65.95   87.31    3.42    2.60  -62.98   32.21   -6.38   52.50    0.00
md_2_0019_0981.en      2    949 0.981000  -75.11    0.00    0.00    0.00    0.00  -66.79   -8.32    2.38    1.43  -62.65   -6.49   -6.52   -3.26    0.00
--> Name of file number  46:                                                     
md_2_0015_0985.en      1    949 0.015000   41.62    0.00    0.00    0.00    0.00  -66.01  107.63    5.18    2.96  -65.98   24.41   -5.22   80.26    0.00
md_2_0015_0985.en      2    949 0.985000  -75.12    0.00    0.00    0.00    0.00  -66.98   -8.15    3.77    0.98  -65.24   -6.07   -5.51   -3.06    0.00
--> Name of file number  47:                                                     
md_2_0011_0989.en      1    949 0.011000   44.25    0.00    0.00    0.00    0.00  -65.70  109.95    5.73    3.67  -66.79   40.71   -4.64   65.57    0.00
md_2_0011_0989.en      2    949 0.989000  -74.32    0.00    0.00    0.00    0.00  -66.54   -7.78    4.21    1.01  -66.04   -5.54   -4.71   -3.25    0.00
--> Name of file number  48:                                                     
md_2_0007_0993.en      1    949 0.007000   94.37    0.00    0.00    0.00    0.00  -66.27  160.64    4.08    2.96  -64.23   87.76   -6.12   69.92    0.00
md_2_0007_0993.en      2    949 0.993000  -75.75    0.00    0.00    0.00    0.00  -67.09   -8.66    2.90    1.06  -63.76   -6.31   -6.23   -3.41    0.00
--> Name of file number  49:                                                     
md_2_0003_0997.en      1    949 0.003000  196.08    0.00    0.00    0.00    0.00  -67.04  263.12    3.84    5.13  -63.60  198.36   -7.28   59.62    0.00
md_2_0003_0997.en      2    949 0.997000  -76.25    0.00    0.00    0.00    0.00  -67.87   -8.38    2.72    1.18  -63.16   -6.49   -7.43   -3.06    0.00
--> Name of file number  50:                                                     
md_2_0000_1000.en      1    949 0.000000  236.11    0.00    0.00    0.00    0.00  -65.92  302.03    3.75    4.49  -62.64  266.40   -7.03   31.13    0.00
md_2_0000_1000.en      2    949 1.000000  -74.75    0.00    0.00    0.00    0.00  -66.81   -7.93    2.65    1.25  -62.15   -6.45   -7.31   -2.74    0.00


# Part 1: Free energy perturbation summary:
# lambda(1)      dGf sum(dGf)      dGr sum(dGr)     <dG>
   1.000000    0.000    0.000   -1.073   -5.738    0.000
   0.938000    1.032    1.032   -0.957   -4.665    1.052
   0.879000    1.005    2.036   -0.910   -3.708    2.033
   0.823000    0.893    2.929   -0.800   -2.798    2.935
   0.771000    0.830    3.760   -0.778   -1.998    3.750
   0.722000    0.740    4.500   -0.741   -1.220    4.509
   0.676000    0.719    5.219   -0.646   -0.479    5.239
   0.633000    0.683    5.902   -0.595    0.167    5.903
   0.592000    0.604    6.505   -0.551    0.762    6.503
   0.554000    0.541    7.046   -0.533    1.313    7.049
   0.518000    0.511    7.557   -0.503    1.846    7.570
   0.484000    0.495    8.052   -0.460    2.348    8.069
   0.452000    0.465    8.516   -0.414    2.808    8.531
   0.422000    0.421    8.937   -0.387    3.222    8.948
   0.394000    0.377    9.314   -0.354    3.609    9.330
   0.368000    0.350    9.664   -0.314    3.963    9.682
   0.343000    0.331    9.995   -0.264    4.277   10.005
   0.319000    0.290   10.285   -0.212    4.541   10.281
   0.297000    0.233   10.518   -0.209    4.753   10.504
   0.276000    0.192   10.710   -0.197    4.962   10.705
   0.257000    0.179   10.889   -0.189    5.159   10.893
   0.239000    0.178   11.067   -0.176    5.348   11.076
   0.221000    0.177   11.244   -0.118    5.524   11.253
   0.205000    0.145   11.389   -0.105    5.642   11.384
   0.190000    0.100   11.489   -0.110    5.747   11.487
   0.175000    0.095   11.584   -0.076    5.857   11.589
   0.162000    0.080   11.664   -0.059    5.933   11.667
   0.149000    0.064   11.728   -0.054    5.993   11.729
   0.137000    0.040   11.768   -0.028    6.046   11.776
   0.126000    0.030   11.798   -0.030    6.074   11.805
   0.115000    0.012   11.810   -0.005    6.103   11.825
   0.105000    0.012   11.822    0.009    6.108   11.834
   0.096000   -0.008   11.814    0.052    6.099   11.825
   0.087000   -0.021   11.792    0.069    6.047   11.789
   0.079000   -0.065   11.728    0.077    5.979   11.722
   0.071000   -0.086   11.641    0.068    5.902   11.641
   0.064000   -0.089   11.552    0.110    5.835   11.562
   0.057000   -0.089   11.463    0.195    5.725   11.463
   0.050000   -0.137   11.326    0.393    5.530   11.297
   0.044000   -0.203   11.123    0.371    5.137   10.999
   0.039000   -0.379   10.744    0.365    4.766   10.624
   0.033000   -0.502   10.242    0.287    4.402   10.190
   0.028000   -0.367    9.875    0.460    4.115    9.864
   0.023000   -0.320    9.555    0.353    3.655    9.474
   0.019000   -0.417    9.139    0.451    3.301    9.089
   0.015000   -0.422    8.717    0.435    2.850    8.652
   0.011000   -0.483    8.234    0.631    2.415    8.193
   0.007000   -0.519    7.715    0.942    1.784    7.618
   0.003000   -0.738    6.977    0.842    0.842    6.779
   0.000000   -0.920    6.058    0.000    0.000    5.898

# Min energy-gap is:   -100.97
# Max energy-gap is:    525.73


# Part 2: Reaction free energy summary:
# Lambda(1)  bin Energy gap      dGa     dGb     dGg    # pts    c1**2    c2**2
   1.000000    1     -94.71     0.00    15.10    -0.00    871    0.000    0.000
   1.000000    2     -82.17     0.00    13.34     0.00     78    0.000    0.000
   0.938000    1     -94.71    -0.03    15.55    -0.03    900    0.000    0.000
   0.879000    1     -94.71     0.04    14.68     0.04    883    0.000    0.000
   0.879000    2     -82.17     0.37    11.41     0.37     66    0.000    0.000
   0.823000    1     -94.71    -0.04    15.16    -0.04    796    0.000    0.000
   0.823000    2     -82.17     0.34    12.03     0.34    153    0.000    0.000
   0.771000    1     -94.71     0.07    14.20     0.07    799    0.000    0.000
   0.771000    2     -82.17     0.51    12.58     0.51    150    0.000    0.000
   0.722000    1     -94.71    -0.09    14.97    -0.09    843    0.000    0.000
   0.722000    2     -82.17     0.49    13.02     0.49    106    0.000    0.000
   0.676000    1     -94.71    -0.20    15.04    -0.20    910    0.000    0.000
   0.633000    1     -94.71    -0.05    14.66    -0.05    787    0.000    0.000
   0.633000    2     -82.17     0.92    12.93     0.92    162    0.000    0.000
   0.592000    1     -94.71     0.05    14.10     0.05    723    0.000    0.000
   0.592000    2     -82.17     1.00    12.07     1.00    226    0.000    0.000
   0.554000    1     -94.71    -0.08    14.51    -0.08    762    0.000    0.000
   0.554000    2     -82.17     1.40    12.12     1.40    187    0.000    0.000
   0.518000    1     -94.71    -0.25    14.93    -0.25    705    0.000    0.000
   0.518000    2     -82.17     0.75    13.17     0.75    244    0.000    0.000
   0.484000    1     -94.71    -0.47    14.86    -0.47    664    0.000    0.000
   0.484000    2     -82.17     0.78    13.00     0.78    285    0.000    0.000
   0.452000    1     -94.71    -0.58    14.82    -0.58    631    0.000    0.000
   0.452000    2     -82.17     0.89    12.79     0.89    318    0.000    0.000
   0.422000    1     -94.71    -0.40    14.84    -0.40    554    0.000    0.000
   0.422000    2     -82.17     0.50    12.60     0.50    395    0.000    0.000
   0.394000    1     -94.71    -0.57    14.71    -0.57    582    0.000    0.000
   0.394000    2     -82.17     0.87    12.66     0.87    367    0.000    0.000
   0.368000    1     -94.71    -0.76    14.65    -0.76    550    0.000    0.000
   0.368000    2     -82.17     0.57    12.08     0.57    398    0.000    0.000
   0.343000    1     -94.71    -0.48    14.67    -0.48    482    0.000    0.000
   0.343000    2     -82.17     1.43    12.54     1.43    461    0.000    0.000
   0.319000    1     -94.71     0.34    14.22     0.34    329    0.000    0.000
   0.319000    2     -82.17     1.68    12.45     1.68    612    0.000    0.000
   0.297000    1     -94.71     0.49    14.26     0.49    174    0.000    0.000
   0.297000    2     -82.17     2.13    12.46     2.13    726    0.000    0.000
   0.276000    1     -94.71    -0.61    14.52    -0.61    113    0.000    0.000
   0.276000    2     -82.17     1.66    12.68     1.66    791    0.000    0.000
   0.257000    1     -94.71    -0.58    14.27    -0.58    200    0.000    0.000
   0.257000    2     -82.17     0.85    12.64     0.85    724    0.000    0.000
   0.239000    1     -94.71    -0.82    14.28    -0.82    341    0.000    0.000
   0.239000    2     -82.17     1.69    12.53     1.69    575    0.000    0.000
   0.221000    1     -94.71    -0.86    14.11    -0.86    274    0.000    0.000
   0.221000    2     -82.17     0.89    12.71     0.89    603    0.000    0.000
   0.221000    3     -69.64     8.47    10.37     8.45     68    0.000    0.000
   0.205000    1     -94.71    -0.60    13.99    -0.60    116    0.000    0.000
   0.205000    2     -82.17     1.43    12.61     1.43    688    0.000    0.000
   0.205000    3     -69.64     8.55    10.49     8.53    141    0.000    0.000
   0.190000    1     -94.71    -0.71    13.86    -0.71     99    0.000    0.000
   0.190000    2     -82.17     2.24    12.52     2.24    722    0.000    0.000
   0.190000    3     -69.64     9.86    10.61     9.72    126    0.000    0.000
   0.175000    1     -94.71    -1.88    13.92    -1.88    192    0.000    0.000
   0.175000    2     -82.17     1.94    12.55     1.94    590    0.000    0.000
   0.175000    3     -69.64    11.09    10.70    10.47    149    0.000    0.000
   0.162000    1     -94.71    -1.12    13.77    -1.12    107    0.000    0.000
   0.162000    2     -82.17     1.41    12.50     1.41    621    0.000    0.000
   0.162000    3     -69.64     9.43    10.87     9.38    211    0.000    0.000
   0.149000    1     -94.71    -1.78    13.67    -1.78     56    0.000    0.000
   0.149000    2     -82.17     1.21    12.56     1.21    615    0.000    0.000
   0.149000    3     -69.64     9.72    10.94     9.65    242    0.000    0.000
   0.137000    1     -94.71    -2.19    13.62    -2.19    125    0.000    0.000
   0.137000    2     -82.17     0.58    12.57     0.58    540    0.000    0.000
   0.137000    3     -69.64    11.72    10.84    10.73    212    0.000    0.000
   0.137000    4     -57.10    20.24     9.07     9.07     65    0.000    0.000
   0.126000    2     -82.17     1.46    12.46     1.46    553    0.000    0.000
   0.126000    3     -69.64     7.94    11.18     7.94    255    0.000    0.000
   0.126000    4     -57.10    21.16     9.66     9.66     87    0.000    0.000
   0.115000    1     -94.71    -1.42    13.27    -1.42     54    0.000    0.000
   0.115000    2     -82.17     0.92    12.42     0.92    536    0.000    0.000
   0.115000    3     -69.64     9.51    11.26     9.49    280    0.000    0.000
   0.115000    4     -57.10    20.24     9.71     9.71     61    0.000    0.000
   0.105000    2     -82.17     0.68    12.38     0.68    428    0.000    0.000
   0.105000    3     -69.64     8.87    11.31     8.86    367    0.000    0.000
   0.105000    4     -57.10    19.18    10.13    10.13     96    0.000    0.000
   0.096000    2     -82.17     0.53    12.41     0.53    354    0.000    0.000
   0.096000    3     -69.64     8.57    11.40     8.57    387    0.000    0.000
   0.096000    4     -57.10    20.14    10.31    10.31    173    0.000    0.000
   0.087000    2     -82.17     0.55    12.28     0.55    252    0.000    0.000
   0.087000    3     -69.64     9.76    11.34     9.72    351    0.000    0.000
   0.087000    4     -57.10    20.71    10.26    10.26    223    0.000    0.000
   0.087000    5     -44.57    32.06     9.29     9.29     85    0.000    0.000
   0.079000    2     -82.17     1.85    12.10     1.85    176    0.000    0.000
   0.079000    3     -69.64    10.48    11.27    10.35    346    0.000    0.000
   0.079000    4     -57.10    20.40    10.38    10.38    239    0.000    0.000
   0.079000    5     -44.57    30.38     9.44     9.44    129    0.000    0.000
   0.071000    2     -82.17     0.89    11.96     0.89    215    0.000    0.000
   0.071000    3     -69.64    10.06    11.13     9.98    337    0.000    0.000
   0.071000    4     -57.10    22.99    10.32    10.32    226    0.000    0.000
   0.071000    5     -44.57    33.86     9.40     9.40     85    0.000    0.000
   0.064000    2     -82.17     1.94    11.87     1.94    223    0.000    0.000
   0.064000    3     -69.64     9.94    11.16     9.87    333    0.000    0.000
   0.064000    4     -57.10    18.98    10.38    10.38    196    0.000    0.000
   0.064000    5     -44.57    31.82     9.60     9.60    131    0.000    0.000
   0.057000    2     -82.17     1.17    11.76     1.17    149    0.000    0.000
   0.057000    3     -69.64    10.21    11.09    10.09    264    0.000    0.000
   0.057000    4     -57.10    23.20    10.34    10.34    231    0.000    0.000
   0.057000    5     -44.57    35.44     9.66     9.66    149    0.000    0.000
   0.057000    6     -32.04    46.67     8.94     8.94    103    0.000    0.000
   0.050000    3     -69.64    10.33    10.95    10.16    147    0.000    0.000
   0.050000    4     -57.10    21.04    10.37    10.37    264    0.000    0.000
   0.050000    5     -44.57    33.07     9.75     9.75    191    0.000    0.000
   0.050000    6     -32.04    46.00     9.08     9.08    119    0.000    0.000
   0.050000    7     -19.50    58.50     8.46     8.46     81    0.000    0.000
   0.050000    8      -6.97    67.75     7.82     7.82     56    0.000    0.000
   0.044000    4     -57.10    20.93    10.19    10.19     53    0.000    0.000
   0.044000    5     -44.57    34.51     9.61     9.61     97    0.000    0.000
   0.044000    6     -32.04    47.47     9.05     9.05     97    0.000    0.000
   0.044000    7     -19.50    58.44     8.53     8.53    105    0.000    0.000
   0.044000    8      -6.97    68.55     7.98     7.98    121    0.000    0.000
   0.044000    9       5.57    80.07     7.40     7.40    114    0.000    0.000
   0.044000   10      18.10    93.81     6.84     6.84    110    0.000    0.000
   0.044000   11      30.63   106.22     6.28     6.28    103    0.000    0.000
   0.044000   12      43.17   118.66     5.76     5.76     88    0.000    0.000
   0.039000    5     -44.57    35.22     9.36     9.36     63    0.000    0.000
   0.039000    6     -32.04    48.53     8.86     8.86     70    0.000    0.000
   0.039000    7     -19.50    58.18     8.41     8.41    129    0.000    0.000
   0.039000    8      -6.97    69.52     7.89     7.89    142    0.000    0.000
   0.039000    9       5.57    80.89     7.42     7.42    129    0.000    0.000
   0.039000   10      18.10    93.28     6.93     6.93    126    0.000    0.000
   0.039000   11      30.63   107.42     6.46     6.46    102    0.000    0.000
   0.039000   12      43.17   118.80     6.00     6.00     64    0.000    0.000
   0.033000    4     -57.10    22.44     9.58     9.58     74    0.000    0.000
   0.033000    5     -44.57    33.12     9.14     9.14     78    0.000    0.000
   0.033000    6     -32.04    46.82     8.70     8.70     75    0.000    0.000
   0.033000    7     -19.50    57.11     8.27     8.27    118    0.000    0.000
   0.033000    8      -6.97    71.11     7.90     7.90    126    0.000    0.000
   0.033000    9       5.57    81.72     7.48     7.48    122    0.000    0.000
   0.033000   10      18.10    90.80     7.09     7.09     76    0.000    0.000
   0.033000   11      30.63   104.17     6.69     6.69     90    0.000    0.000
   0.033000   12      43.17   119.42     6.23     6.23     64    0.000    0.000
   0.028000    4     -57.10    21.96     9.34     9.34     56    0.000    0.000
   0.028000    5     -44.57    34.70     8.93     8.93    109    0.000    0.000
   0.028000    6     -32.04    45.73     8.63     8.63    120    0.000    0.000
   0.028000    7     -19.50    54.26     8.27     8.27    137    0.000    0.000
   0.028000    8      -6.97    70.55     7.93     7.93    163    0.000    0.000
   0.028000    9       5.57    82.50     7.60     7.60    149    0.000    0.000
   0.028000   10      18.10    94.66     7.24     7.24     92    0.000    0.000
   0.028000   11      30.63   107.37     6.91     6.91     51    0.000    0.000
   0.023000    6     -32.04    46.81     8.45     8.45     61    0.000    0.000
   0.023000    7     -19.50    59.05     8.17     8.17     55    0.000    0.000
   0.023000    8      -6.97    69.35     7.89     7.89     83    0.000    0.000
   0.023000    9       5.57    81.47     7.58     7.58     96    0.000    0.000
   0.023000   10      18.10    91.42     7.34     7.34    109    0.000    0.000
   0.023000   11      30.63   105.74     7.05     7.05    105    0.000    0.000
   0.023000   12      43.17   118.57     6.75     6.75    107    0.000    0.000
   0.023000   13      55.70   129.83     6.48     6.48     89    0.000    0.000
   0.023000   14      68.24   142.36     6.18     6.18     71    0.000    0.000
   0.023000   15      80.77   153.24     5.90     5.90     61    0.000    0.000
   0.019000    5     -44.57    33.55     8.50     8.50     58    0.000    0.000
   0.019000    6     -32.04    44.03     8.27     8.27     58    0.000    0.000
   0.019000    7     -19.50    55.76     8.02     8.02     54    0.000    0.000
   0.019000    8      -6.97    71.25     7.78     7.78    101    0.000    0.000
   0.019000    9       5.57    79.97     7.56     7.56    108    0.000    0.000
   0.019000   10      18.10    92.48     7.30     7.30     97    0.000    0.000
   0.019000   11      30.63   107.80     7.07     7.07     75    0.000    0.000
   0.019000   12      43.17   118.42     6.85     6.85     71    0.000    0.000
   0.019000   13      55.70   129.98     6.62     6.62     51    0.000    0.000
   0.019000   14      68.24   140.03     6.37     6.37     57    0.000    0.000
   0.015000    9       5.57    81.54     7.42     7.42     54    0.000    0.000
   0.015000   10      18.10    94.89     7.23     7.23    116    0.000    0.000
   0.015000   11      30.63   105.61     7.06     7.06    181    0.000    0.000
   0.015000   12      43.17   116.28     6.87     6.87    160    0.000    0.000
   0.015000   13      55.70   131.05     6.69     6.69    110    0.000    0.000
   0.015000   14      68.24   142.50     6.51     6.51     75    0.000    0.000
   0.015000   16      93.30   166.63     6.14     6.14     54    0.000    0.000
   0.011000    8      -6.97    69.17     7.44     7.44     60    0.000    0.000
   0.011000    9       5.57    79.91     7.31     7.31    120    0.000    0.000
   0.011000   10      18.10    93.45     7.17     7.17    121    0.000    0.000
   0.011000   11      30.63   105.08     7.04     7.04     77    0.000    0.000
   0.011000   13      55.70   128.80     6.76     6.76     77    0.000    0.000
   0.011000   14      68.24   143.38     6.64     6.64     78    0.000    0.000
   0.011000   15      80.77   155.17     6.49     6.49     62    0.000    0.000
   0.007000   12      43.17   114.30     6.78     6.78     74    0.000    0.000
   0.007000   13      55.70   128.45     6.70     6.70     78    0.000    0.000
   0.007000   14      68.24   144.21     6.61     6.61     79    0.000    0.000
   0.007000   15      80.77   155.96     6.53     6.53     86    0.000    0.000
   0.007000   16      93.30   168.46     6.43     6.43     72    0.000    0.000
   0.007000   17     105.84   180.97     6.34     6.34     67    0.000    0.000
   0.007000   18     118.37   192.17     6.26     6.26     65    0.000    0.000
   0.007000   19     130.91   204.64     6.17     6.17     64    0.000    0.000
   0.003000   22     168.51   246.34     6.04     6.04     51    0.000    0.000
   0.003000   24     193.58   266.65     5.97     5.97     54    0.000    0.000
   0.003000   25     206.11   282.21     5.93     5.93     52    0.000    0.000
   0.000000   27     231.18   306.88     5.90     5.90     52    0.000    0.000


# Part 3: Bin-averaged summary:
# bin  energy gap  <dGg> <dGg norm> pts  <c1**2> <c2**2> <r_xy>
   1    -94.71    -0.27     0.00  14622   0.000   0.000   0.000
   2    -82.17     1.24     1.50  14289   0.000   0.000   0.000
   3    -69.64     9.54     9.80   4216   0.000   0.000   0.000
   4    -57.10    10.18    10.45   2044   0.000   0.000   0.000
   5    -44.57     9.42     9.68   1175   0.000   0.000   0.000
   6    -32.04     8.80     9.06    703   0.000   0.000   0.000
   7    -19.50     8.33     8.60    679   0.000   0.000   0.000
   8     -6.97     7.86     8.13    852   0.000   0.000   0.000
   9      5.57     7.47     7.74    892   0.000   0.000   0.000
  10     18.10     7.14     7.41    847   0.000   0.000   0.000
  11     30.63     6.82     7.09    784   0.000   0.000   0.000
  12     43.17     6.53     6.80    628   0.000   0.000   0.000
  13     55.70     6.65     6.92    405   0.000   0.000   0.000
  14     68.24     6.47     6.74    360   0.000   0.000   0.000
  15     80.77     6.34     6.60    209   0.000   0.000   0.000
  16     93.30     6.31     6.58    126   0.000   0.000   0.000
  17    105.84     6.34     6.61     67   0.000   0.000   0.000
  18    118.37     6.26     6.53     65   0.000   0.000   0.000
  19    130.91     6.17     6.44     64   0.000   0.000   0.000
  22    168.51     6.04     6.31     51   0.000   0.000   0.000
  24    193.58     5.97     6.24     54   0.000   0.000   0.000
  25    206.11     5.93     6.20     52   0.000   0.000   0.000
  27    231.18     5.90     6.17     52   0.000   0.000   0.000


# Part 4: Termodynamic integration:
# lambda(1)      dGti    sum(dGti) 
   1.000000    0.000    0.000
   0.938000   16.773    1.052
   0.879000   17.168    2.033
   0.823000   16.082    2.934
   0.771000   16.107    3.749
   0.722000   15.235    4.509
   0.676000   15.760    5.239
   0.633000   15.989    5.902
   0.592000   14.874    6.502
   0.554000   14.378    7.048
   0.518000   14.340    7.570
   0.484000   14.673    8.068
   0.452000   14.650    8.530
   0.422000   14.197    8.947
   0.394000   13.632    9.329
   0.368000   13.636    9.681
   0.343000   13.426   10.003
   0.319000   12.324   10.280
   0.297000   10.792   10.502
   0.276000    9.401   10.703
   0.257000    9.700   10.891
   0.239000   10.124   11.074
   0.221000   10.173   11.250
   0.205000    9.422   11.382
   0.190000    7.021   11.485
   0.175000    6.698   11.586
   0.162000    6.750   11.665
   0.149000    5.397   11.725
   0.137000    3.970   11.771
   0.126000    3.613   11.801
   0.115000    1.835   11.822
   0.105000    1.964   11.831
   0.096000   -0.214   11.822
   0.087000   -1.647   11.784
   0.079000   -6.950   11.717
   0.071000   -9.662   11.634
   0.064000  -11.148   11.556
   0.057000  -11.074   11.456
   0.050000  -17.560   11.287
   0.044000  -30.800   10.981
   0.039000  -71.156   10.607
   0.033000  -78.476   10.168
   0.028000  -67.650    9.847
   0.023000  -60.691    9.449
   0.019000  -98.792    9.058
   0.015000  -96.477    8.632
   0.011000 -116.745    8.161
   0.007000 -118.567    7.584
   0.003000 -170.120    6.699
   0.000000 -272.329    5.824


# Part 5: Overlap sampling Lu et al:
# lambda(1)      dG    sum(dG) 
   1.000000    0.000    0.000
   0.938000    1.052    1.052
   0.879000    0.981    2.033
   0.823000    0.901    2.935
   0.771000    0.815    3.750
   0.722000    0.759    4.509
   0.676000    0.730    5.239
   0.633000    0.664    5.903
   0.592000    0.600    6.503
   0.554000    0.546    7.049
   0.518000    0.522    7.570
   0.484000    0.499    8.069
   0.452000    0.462    8.531
   0.422000    0.417    8.948
   0.394000    0.382    9.330
   0.368000    0.352    9.682
   0.343000    0.322   10.004
   0.319000    0.277   10.282
   0.297000    0.222   10.504
   0.276000    0.201   10.705
   0.257000    0.188   10.893
   0.239000    0.183   11.076
   0.221000    0.177   11.252
   0.205000    0.132   11.384
   0.190000    0.103   11.487
   0.175000    0.102   11.589
   0.162000    0.079   11.667
   0.149000    0.061   11.729
   0.137000    0.046   11.775
   0.126000    0.030   11.804
   0.115000    0.021   11.825
   0.105000    0.009   11.834
   0.096000   -0.008   11.826
   0.087000   -0.038   11.788
   0.079000   -0.067   11.722
   0.071000   -0.082   11.639
   0.064000   -0.078   11.562
   0.057000   -0.100   11.462
   0.050000   -0.167   11.295
   0.044000   -0.302   10.993
   0.039000   -0.375   10.618
   0.033000   -0.436   10.183
   0.028000   -0.324    9.859
   0.023000   -0.394    9.464
   0.019000   -0.388    9.077
   0.015000   -0.431    8.646
   0.011000   -0.465    8.181
   0.007000   -0.575    7.606
   0.003000   -0.859    6.747
   0.000000   -0.877    5.870


# lambda(1)      dG    sum(dG) 
# Part 6: BAR Bennet:
   1.000000    0.000    0.000
   0.938000    1.052    1.052
   0.879000    0.981    2.033
   0.823000    0.901    2.935
   0.771000    0.815    3.750
   0.722000    0.759    4.509
   0.676000    0.730    5.239
   0.633000    0.664    5.903
   0.592000    0.600    6.503
   0.554000    0.546    7.048
   0.518000    0.522    7.571
   0.484000    0.499    8.069
   0.452000    0.462    8.531
   0.422000    0.418    8.948
   0.394000    0.382    9.330
   0.368000    0.352    9.682
   0.343000    0.322   10.004
   0.319000    0.277   10.282
   0.297000    0.222   10.504
   0.276000    0.201   10.705
   0.257000    0.188   10.893
   0.239000    0.183   11.076
   0.221000    0.177   11.252
   0.205000    0.132   11.384
   0.190000    0.103   11.487
   0.175000    0.101   11.588
   0.162000    0.079   11.667
   0.149000    0.061   11.728
   0.137000    0.046   11.774
   0.126000    0.030   11.804
   0.115000    0.021   11.826
   0.105000    0.009   11.834
   0.096000   -0.008   11.826
   0.087000   -0.038   11.788
   0.079000   -0.066   11.721
   0.071000   -0.083   11.638
   0.064000   -0.077   11.561
   0.057000   -0.100   11.461
   0.050000   -0.169   11.293
   0.044000   -0.305   10.988
   0.039000   -0.374   10.614
   0.033000   -0.438   10.175
   0.028000   -0.321    9.855
   0.023000   -0.398    9.456
   0.019000   -0.390    9.066
   0.015000   -0.426    8.640
   0.011000   -0.470    8.170
   0.007000   -0.575    7.594
   0.003000   -0.872    6.722
   0.000000   -0.873    5.849
