--------------------------------------------------------------------------------
Welcome to qfep version: 6.0.1
 
This version was compiled using: GCC version 11.5.0 20240719 (Red Hat 11.5.0-2)
 
And using the following compiler options: 
-cpp -D G95=1 -mtune=generic -march=x86-64-v2 -O3 -Wall -Wtabs -std=legacy -funroll-loops -ffree-line-length-none -fcray-pointer -fall-intrinsics -fstack-protector -fpre-include=/usr/include/finclude/math-vector-fortran.h

 
For command line options type qfep --help  or qcalc -h at the terminal.
 
If you are using the interactive mode and want to quit type "quit" or Ctrl-C.
--------------------------------------------------------------------------------
--> Number of energy files: # Number of files                                  =    50
--> No. of states, no. of predefined off-diag elements: # Number of states     =     2
# Number of off-diagonal elements                                              =     0
--> Give kT & num. of pts to skip & calculation mode: # kT                     = 0.592
# Number of data points to skip                                                =    50
# Only QQ interactions will be considered                                      =     0
--> Give number of gap-bins: # Number of gap-bins                              =    50
--> Give minimum # pts/bin: # Minimum number of points per bin                 =    50
--> Give alpha for state  2                                                     # Alpha for state  2              =  0.00
--> Number of off-diagonal elements: # Number of off-diagonal elements         =     0
--> linear combination of states defining reaction coord: # Linear combination coefficients=    1.00    0.00


# Part 0: Average energies for all states in all files
# file             state   pts   lambda    EQtot   EQbond  EQang   EQtor   EQimp    EQel   EQvdW  Eel_qq  EvdW_qq Eel_qp  EvdW_qp Eel_qw EvdW_qw Eqrstr
--> Name of file number   1:                                                     
md_1_1000_0000.en      1    949 1.000000 -219.46    0.00    0.00    0.00    0.00 -211.93   -7.53    6.36    2.25 -123.66   -6.84  -94.63   -2.94    0.00
md_1_1000_0000.en      2    949 0.000000  -89.71    0.00    0.00    0.00    0.00  -68.15  -21.57    6.08    0.61  -72.52  -13.69   -1.71   -8.49    0.00
--> Name of file number   2:                                                     
md_1_0997_0003.en      1    949 0.997000 -218.97    0.00    0.00    0.00    0.00 -211.40   -7.57    6.47    2.29 -129.18   -7.34  -88.69   -2.51    0.00
md_1_0997_0003.en      2    949 0.003000  -90.20    0.00    0.00    0.00    0.00  -67.70  -22.49    6.15    0.56  -72.47  -14.93   -1.38   -8.12    0.00
--> Name of file number   3:                                                     
md_1_0993_0007.en      1    949 0.993000 -218.59    0.00    0.00    0.00    0.00 -209.84   -8.76    5.53    2.41 -133.71   -8.68  -81.65   -2.49    0.00
md_1_0993_0007.en      2    949 0.007000  -90.06    0.00    0.00    0.00    0.00  -66.40  -23.65    5.68    0.57  -71.17  -16.30   -0.92   -7.92    0.00
--> Name of file number   4:                                                     
md_1_0989_0011.en      1    949 0.989000 -218.92    0.00    0.00    0.00    0.00 -209.42   -9.50    4.54    2.17 -132.79   -9.21  -81.17   -2.46    0.00
md_1_0989_0011.en      2    949 0.011000  -90.06    0.00    0.00    0.00    0.00  -65.80  -24.26    5.28    0.48  -69.48  -16.97   -1.61   -7.78    0.00
--> Name of file number   5:                                                     
md_1_0985_0015.en      1    949 0.985000 -219.47    0.00    0.00    0.00    0.00 -209.87   -9.60    3.65    1.89 -129.59   -9.43  -83.93   -2.07    0.00
md_1_0985_0015.en      2    949 0.015000  -92.40    0.00    0.00    0.00    0.00  -68.43  -23.97    5.28    0.34  -69.51  -16.98   -4.21   -7.33    0.00
--> Name of file number   6:                                                     
md_1_0981_0019.en      1    949 0.981000 -218.27    0.00    0.00    0.00    0.00 -208.83   -9.44    3.60    1.97 -129.22   -9.66  -83.21   -1.75    0.00
md_1_0981_0019.en      2    949 0.019000  -92.09    0.00    0.00    0.00    0.00  -67.51  -24.57    5.38    0.48  -69.03  -17.60   -3.87   -7.45    0.00
--> Name of file number   7:                                                     
md_1_0977_0023.en      1    949 0.977000 -214.96    0.00    0.00    0.00    0.00 -205.19   -9.77    3.63    2.00 -128.54   -9.90  -80.28   -1.87    0.00
md_1_0977_0023.en      2    949 0.023000  -89.98    0.00    0.00    0.00    0.00  -65.63  -24.35    4.95    0.41  -67.35  -17.70   -3.23   -7.06    0.00
--> Name of file number   8:                                                     
md_1_0972_0028.en      1    949 0.972000 -218.02    0.00    0.00    0.00    0.00 -209.01   -9.01    3.58    1.98 -132.28   -8.71  -80.32   -2.27    0.00
md_1_0972_0028.en      2    949 0.028000  -91.80    0.00    0.00    0.00    0.00  -68.23  -23.57    5.27    0.37  -70.30  -16.41   -3.20   -7.53    0.00
--> Name of file number   9:                                                     
md_1_0967_0033.en      1    949 0.967000 -215.02    0.00    0.00    0.00    0.00 -205.11   -9.91    3.63    2.11 -125.42   -9.17  -83.32   -2.85    0.00
md_1_0967_0033.en      2    949 0.033000  -91.48    0.00    0.00    0.00    0.00  -67.03  -24.46    5.76    0.32  -70.24  -16.80   -2.54   -7.97    0.00
--> Name of file number  10:                                                     
md_1_0961_0039.en      1    949 0.961000 -215.31    0.00    0.00    0.00    0.00 -205.09  -10.22    3.73    1.96 -121.78   -9.70  -87.04   -2.49    0.00
md_1_0961_0039.en      2    949 0.039000  -91.80    0.00    0.00    0.00    0.00  -67.30  -24.50    5.40    0.35  -68.98  -17.28   -3.72   -7.58    0.00
--> Name of file number  11:                                                     
md_1_0956_0044.en      1    949 0.956000 -216.35    0.00    0.00    0.00    0.00 -206.97   -9.37    3.67    1.93 -120.41   -9.33  -90.23   -1.97    0.00
md_1_0956_0044.en      2    949 0.044000  -92.43    0.00    0.00    0.00    0.00  -68.26  -24.17    4.81    0.37  -67.60  -17.05   -5.48   -7.49    0.00
--> Name of file number  12:                                                     
md_1_0950_0050.en      1    949 0.950000 -212.74    0.00    0.00    0.00    0.00 -201.91  -10.83    3.69    1.96 -122.54   -9.56  -83.06   -3.23    0.00
md_1_0950_0050.en      2    949 0.050000  -91.97    0.00    0.00    0.00    0.00  -67.20  -24.77    4.91    0.34  -67.70  -17.21   -4.41   -7.89    0.00
--> Name of file number  13:                                                     
md_1_0943_0057.en      1    949 0.943000 -214.21    0.00    0.00    0.00    0.00 -204.62   -9.59    4.00    1.89 -127.63   -9.64  -80.99   -1.84    0.00
md_1_0943_0057.en      2    949 0.057000  -91.92    0.00    0.00    0.00    0.00  -68.09  -23.83    4.99    0.28  -68.50  -17.18   -4.57   -6.93    0.00
--> Name of file number  14:                                                     
md_1_0936_0064.en      1    949 0.936000 -210.05    0.00    0.00    0.00    0.00 -199.94  -10.11    4.00    1.95 -128.53   -9.51  -75.42   -2.55    0.00
md_1_0936_0064.en      2    949 0.064000  -91.80    0.00    0.00    0.00    0.00  -67.56  -24.24    5.20    0.33  -69.47  -17.06   -3.29   -7.50    0.00
--> Name of file number  15:                                                     
md_1_0929_0071.en      1    949 0.929000 -213.95    0.00    0.00    0.00    0.00 -203.62  -10.33    3.77    2.18 -126.13  -10.17  -81.26   -2.34    0.00
md_1_0929_0071.en      2    949 0.071000  -93.00    0.00    0.00    0.00    0.00  -67.84  -25.16    5.54    0.31  -69.74  -17.80   -3.64   -7.67    0.00
--> Name of file number  16:                                                     
md_1_0921_0079.en      1    949 0.921000 -212.87    0.00    0.00    0.00    0.00 -202.08  -10.79    3.66    1.95 -129.92   -9.77  -75.82   -2.97    0.00
md_1_0921_0079.en      2    949 0.079000  -92.36    0.00    0.00    0.00    0.00  -67.88  -24.48    5.13    0.31  -68.29  -17.18   -4.71   -7.61    0.00
--> Name of file number  17:                                                     
md_1_0913_0087.en      1    949 0.913000 -211.15    0.00    0.00    0.00    0.00 -200.23  -10.92    4.00    1.93 -123.33   -9.31  -80.89   -3.55    0.00
md_1_0913_0087.en      2    949 0.087000  -93.55    0.00    0.00    0.00    0.00  -68.77  -24.78    5.12    0.32  -69.04  -16.66   -4.86   -8.44    0.00
--> Name of file number  18:                                                     
md_1_0904_0096.en      1    949 0.904000 -211.04    0.00    0.00    0.00    0.00 -200.78  -10.26    3.76    2.12 -127.13   -9.80  -77.41   -2.57    0.00
md_1_0904_0096.en      2    949 0.096000  -92.71    0.00    0.00    0.00    0.00  -68.49  -24.22    5.00    0.50  -68.72  -17.23   -4.78   -7.49    0.00
--> Name of file number  19:                                                     
md_1_0895_0105.en      1    949 0.895000 -208.58    0.00    0.00    0.00    0.00 -197.50  -11.08    4.19    2.05 -125.23   -9.65  -76.46   -3.48    0.00
md_1_0895_0105.en      2    949 0.105000  -92.12    0.00    0.00    0.00    0.00  -67.30  -24.82    5.59    0.35  -71.42  -17.07   -1.48   -8.10    0.00
--> Name of file number  20:                                                     
md_1_0885_0115.en      1    949 0.885000 -211.25    0.00    0.00    0.00    0.00 -199.85  -11.40    4.00    1.94 -126.35  -10.36  -77.50   -2.97    0.00
md_1_0885_0115.en      2    949 0.115000  -92.39    0.00    0.00    0.00    0.00  -67.29  -25.10    5.28    0.37  -70.57  -17.70   -2.00   -7.78    0.00
--> Name of file number  21:                                                     
md_1_0874_0126.en      1    949 0.874000 -209.02    0.00    0.00    0.00    0.00 -198.10  -10.92    3.96    2.07 -125.29  -10.61  -76.76   -2.39    0.00
md_1_0874_0126.en      2    949 0.126000  -93.10    0.00    0.00    0.00    0.00  -68.09  -25.01    4.58    0.32  -67.56  -18.08   -5.10   -7.25    0.00
--> Name of file number  22:                                                     
md_1_0863_0137.en      1    949 0.863000 -209.18    0.00    0.00    0.00    0.00 -198.10  -11.08    4.82    2.07 -123.98  -10.07  -78.94   -3.08    0.00
md_1_0863_0137.en      2    949 0.137000  -94.74    0.00    0.00    0.00    0.00  -69.68  -25.07    4.85    0.43  -69.34  -17.63   -5.19   -7.86    0.00
--> Name of file number  23:                                                     
md_1_0851_0149.en      1    949 0.851000 -206.24    0.00    0.00    0.00    0.00 -194.87  -11.37    3.98    1.90 -123.57  -10.05  -75.28   -3.22    0.00
md_1_0851_0149.en      2    949 0.149000  -93.71    0.00    0.00    0.00    0.00  -68.63  -25.08    4.47    0.29  -67.36  -17.58   -5.74   -7.79    0.00
--> Name of file number  24:                                                     
md_1_0838_0162.en      1    949 0.838000 -203.55    0.00    0.00    0.00    0.00 -192.81  -10.74    5.17    2.10 -124.38   -8.69  -73.60   -4.15    0.00
md_1_0838_0162.en      2    949 0.162000  -93.41    0.00    0.00    0.00    0.00  -69.45  -23.95    5.32    0.36  -71.88  -15.82   -2.90   -8.49    0.00
--> Name of file number  25:                                                     
md_1_0825_0175.en      1    949 0.825000 -202.48    0.00    0.00    0.00    0.00 -190.75  -11.74    3.97    2.14 -130.40   -9.89  -64.32   -4.00    0.00
md_1_0825_0175.en      2    949 0.175000  -93.11    0.00    0.00    0.00    0.00  -68.27  -24.84    5.96    0.44  -72.27  -17.15   -1.96   -8.13    0.00
--> Name of file number  26:                                                     
md_1_0810_0190.en      1    949 0.810000 -196.84    0.00    0.00    0.00    0.00 -184.02  -12.82    4.25    2.32 -131.28  -10.19  -56.99   -4.95    0.00
md_1_0810_0190.en      2    949 0.190000  -93.70    0.00    0.00    0.00    0.00  -68.34  -25.36    5.57    0.46  -71.96  -17.23   -1.95   -8.59    0.00
--> Name of file number  27:                                                     
md_1_0795_0205.en      1    949 0.795000 -199.23    0.00    0.00    0.00    0.00 -186.30  -12.94    4.10    2.18 -123.72  -10.59  -66.67   -4.53    0.00
md_1_0795_0205.en      2    949 0.205000  -93.70    0.00    0.00    0.00    0.00  -67.41  -26.29    5.32    0.32  -70.05  -17.89   -2.68   -8.72    0.00
--> Name of file number  28:                                                     
md_1_0779_0221.en      1    949 0.779000 -198.07    0.00    0.00    0.00    0.00 -185.33  -12.73    4.06    2.09 -127.03  -10.29  -62.36   -4.54    0.00
md_1_0779_0221.en      2    949 0.221000  -93.90    0.00    0.00    0.00    0.00  -68.33  -25.57    4.56    0.35  -68.28  -17.11   -4.60   -8.82    0.00
--> Name of file number  29:                                                     
md_1_0761_0239.en      1    949 0.761000 -194.10    0.00    0.00    0.00    0.00 -181.02  -13.08    3.96    2.08 -120.69  -10.21  -64.29   -4.95    0.00
md_1_0761_0239.en      2    949 0.239000  -94.13    0.00    0.00    0.00    0.00  -68.89  -25.24    4.65    0.27  -68.55  -16.80   -4.99   -8.72    0.00
--> Name of file number  30:                                                     
md_1_0743_0257.en      1    949 0.743000 -190.82    0.00    0.00    0.00    0.00 -177.65  -13.17    4.02    2.17 -121.42  -10.65  -60.25   -4.69    0.00
md_1_0743_0257.en      2    949 0.257000  -93.53    0.00    0.00    0.00    0.00  -67.99  -25.54    5.37    0.46  -70.33  -17.60   -3.04   -8.41    0.00
--> Name of file number  31:                                                     
md_1_0724_0276.en      1    949 0.724000 -186.70    0.00    0.00    0.00    0.00 -172.92  -13.77    3.91    1.99 -112.31  -10.89  -64.52   -4.88    0.00
md_1_0724_0276.en      2    949 0.276000  -94.39    0.00    0.00    0.00    0.00  -68.45  -25.94    4.29    0.30  -66.36  -18.03   -6.38   -8.21    0.00
--> Name of file number  32:                                                     
md_1_0703_0297.en      1    949 0.703000 -186.94    0.00    0.00    0.00    0.00 -173.69  -13.24    3.91    2.06 -113.84  -11.15  -63.77   -4.15    0.00
md_1_0703_0297.en      2    949 0.297000  -93.31    0.00    0.00    0.00    0.00  -67.66  -25.65    3.93    0.45  -65.84  -18.06   -5.75   -8.04    0.00
--> Name of file number  33:                                                     
md_1_0681_0319.en      1    949 0.681000 -184.29    0.00    0.00    0.00    0.00 -171.27  -13.01    4.42    2.31 -122.58  -10.88  -53.11   -4.45    0.00
md_1_0681_0319.en      2    949 0.319000  -92.09    0.00    0.00    0.00    0.00  -66.64  -25.45    4.21    0.57  -66.31  -17.83   -4.54   -8.18    0.00
--> Name of file number  34:                                                     
md_1_0657_0343.en      1    949 0.657000 -180.44    0.00    0.00    0.00    0.00 -165.59  -14.85    4.29    2.23 -118.39  -11.84  -51.49   -5.24    0.00
md_1_0657_0343.en      2    949 0.343000  -94.09    0.00    0.00    0.00    0.00  -67.76  -26.33    5.36    0.36  -69.89  -18.36   -3.23   -8.33    0.00
--> Name of file number  35:                                                     
md_1_0632_0368.en      1    949 0.632000 -179.37    0.00    0.00    0.00    0.00 -164.26  -15.11    4.16    2.28 -116.60  -11.69  -51.81   -5.70    0.00
md_1_0632_0368.en      2    949 0.368000  -93.88    0.00    0.00    0.00    0.00  -67.31  -26.57    5.68    0.32  -69.90  -18.26   -3.09   -8.63    0.00
--> Name of file number  36:                                                     
md_1_0606_0394.en      1    949 0.606000 -176.60    0.00    0.00    0.00    0.00 -160.73  -15.87    4.34    2.38 -116.31  -12.17  -48.76   -6.07    0.00
md_1_0606_0394.en      2    949 0.394000  -94.44    0.00    0.00    0.00    0.00  -67.24  -27.20    5.56    0.36  -70.18  -18.50   -2.63   -9.06    0.00
--> Name of file number  37:                                                     
md_1_0578_0422.en      1    949 0.578000 -172.33    0.00    0.00    0.00    0.00 -156.83  -15.51    4.80    2.29 -110.07  -11.86  -51.55   -5.93    0.00
md_1_0578_0422.en      2    949 0.422000  -92.90    0.00    0.00    0.00    0.00  -66.44  -26.46    4.87    0.40  -68.97  -17.99   -2.34   -8.87    0.00
--> Name of file number  38:                                                     
md_1_0548_0452.en      1    949 0.548000 -166.26    0.00    0.00    0.00    0.00 -149.38  -16.88    4.25    2.31 -111.51  -12.17  -42.13   -7.02    0.00
md_1_0548_0452.en      2    949 0.452000  -94.48    0.00    0.00    0.00    0.00  -66.82  -27.66    5.62    0.29  -69.93  -18.39   -2.51   -9.57    0.00
--> Name of file number  39:                                                     
md_1_0516_0484.en      1    949 0.516000 -161.29    0.00    0.00    0.00    0.00 -144.66  -16.63    4.56    2.41 -106.44  -12.33  -42.78   -6.70    0.00
md_1_0516_0484.en      2    949 0.484000  -94.56    0.00    0.00    0.00    0.00  -67.50  -27.06    5.40    0.36  -69.62  -18.19   -3.29   -9.23    0.00
--> Name of file number  40:                                                     
md_1_0482_0518.en      1    949 0.482000 -158.77    0.00    0.00    0.00    0.00 -141.73  -17.04    4.43    2.53 -107.42  -13.01  -38.74   -6.56    0.00
md_1_0482_0518.en      2    949 0.518000  -94.49    0.00    0.00    0.00    0.00  -67.46  -27.03    5.70    0.40  -70.20  -18.61   -2.95   -8.82    0.00
--> Name of file number  41:                                                     
md_1_0446_0554.en      1    949 0.446000 -153.25    0.00    0.00    0.00    0.00 -136.86  -16.38    4.30    2.63  -95.77  -13.53  -45.40   -5.49    0.00
md_1_0446_0554.en      2    949 0.554000  -94.46    0.00    0.00    0.00    0.00  -67.48  -26.97    4.12    0.64  -65.32  -19.48   -6.28   -8.13    0.00
--> Name of file number  42:                                                     
md_1_0408_0592.en      1    949 0.408000 -151.20    0.00    0.00    0.00    0.00 -133.43  -17.77    4.62    3.03  -93.34  -14.53  -44.71   -6.27    0.00
md_1_0408_0592.en      2    949 0.592000  -97.36    0.00    0.00    0.00    0.00  -69.54  -27.82    3.63    1.00  -63.59  -20.21   -9.58   -8.61    0.00
--> Name of file number  43:                                                     
md_1_0367_0633.en      1    949 0.367000 -141.35    0.00    0.00    0.00    0.00 -123.47  -17.88    5.42    2.81  -81.14  -14.71  -47.75   -5.98    0.00
md_1_0367_0633.en      2    949 0.633000  -97.18    0.00    0.00    0.00    0.00  -69.97  -27.21    3.96    0.87  -62.86  -19.95  -11.07   -8.14    0.00
--> Name of file number  44:                                                     
md_1_0324_0676.en      1    949 0.324000 -133.60    0.00    0.00    0.00    0.00 -116.83  -16.77    5.36    3.25  -69.90  -14.28  -52.29   -5.75    0.00
md_1_0324_0676.en      2    949 0.676000  -94.96    0.00    0.00    0.00    0.00  -68.83  -26.14    3.94    1.14  -62.20  -19.12  -10.56   -8.16    0.00
--> Name of file number  45:                                                     
md_1_0278_0722.en      1    949 0.278000 -126.53    0.00    0.00    0.00    0.00 -108.08  -18.45    5.06    3.21  -67.87  -15.54  -45.27   -6.13    0.00
md_1_0278_0722.en      2    949 0.722000  -96.97    0.00    0.00    0.00    0.00  -68.93  -28.04    4.17    1.02  -61.82  -20.66  -11.27   -8.41    0.00
--> Name of file number  46:                                                     
md_1_0229_0771.en      1    949 0.229000 -119.83    0.00    0.00    0.00    0.00 -101.17  -18.66    5.06    3.12  -61.32  -15.29  -44.91   -6.49    0.00
md_1_0229_0771.en      2    949 0.771000  -96.30    0.00    0.00    0.00    0.00  -68.41  -27.89    4.23    0.99  -61.75  -20.22  -10.89   -8.66    0.00
--> Name of file number  47:                                                     
md_1_0177_0823.en      1    949 0.177000 -112.20    0.00    0.00    0.00    0.00  -94.18  -18.02    5.58    3.04  -72.04  -14.55  -27.71   -6.51    0.00
md_1_0177_0823.en      2    949 0.823000  -95.72    0.00    0.00    0.00    0.00  -68.30  -27.42    4.37    0.94  -63.66  -19.40   -9.00   -8.96    0.00
--> Name of file number  48:                                                     
md_1_0121_0879.en      1    949 0.121000 -105.91    0.00    0.00    0.00    0.00  -88.66  -17.25    5.72    3.36  -61.56  -13.67  -32.81   -6.94    0.00
md_1_0121_0879.en      2    949 0.879000  -94.21    0.00    0.00    0.00    0.00  -67.05  -27.15    4.51    1.04  -62.81  -18.91   -8.75   -9.29    0.00
--> Name of file number  49:                                                     
md_1_0062_0938.en      1    949 0.062000  -98.37    0.00    0.00    0.00    0.00  -82.39  -15.98    5.67    3.54  -68.29  -11.66  -19.77   -7.86    0.00
md_1_0062_0938.en      2    949 0.938000  -93.53    0.00    0.00    0.00    0.00  -68.07  -25.46    5.11    0.98  -69.94  -16.02   -3.25  -10.42    0.00
--> Name of file number  50:                                                     
md_1_0000_1000.en      1    949 0.000000  -91.66    0.00    0.00    0.00    0.00  -76.31  -15.36    5.86    3.69  -77.24  -11.35   -4.93   -7.70    0.00
md_1_0000_1000.en      2    949 1.000000  -92.25    0.00    0.00    0.00    0.00  -66.53  -25.72    5.61    1.05  -72.10  -16.29   -0.04  -10.47    0.00


# Part 1: Free energy perturbation summary:
# lambda(1)      dGf sum(dGf)      dGr sum(dGr)     <dG>
   1.000000    0.000    0.000   -0.387  -63.930    0.000
   0.997000    0.389    0.389   -0.515  -63.543    0.388
   0.993000    0.514    0.903   -0.516  -63.028    0.902
   0.989000    0.513    1.416   -0.509  -62.512    1.417
   0.985000    0.515    1.931   -0.506  -62.003    1.929
   0.981000    0.507    2.438   -0.501  -61.497    2.436
   0.977000    0.504    2.942   -0.633  -60.996    2.938
   0.972000    0.623    3.565   -0.619  -60.363    3.566
   0.967000    0.630    4.195   -0.743  -59.744    4.190
   0.961000    0.739    4.934   -0.621  -59.001    4.931
   0.956000    0.616    5.550   -0.726  -58.381    5.550
   0.950000    0.742    6.292   -0.859  -57.654    6.284
   0.943000    0.843    7.135   -0.831  -56.795    7.135
   0.936000    0.853    7.988   -0.850  -55.965    7.977
   0.929000    0.825    8.813   -0.968  -55.115    8.814
   0.921000    0.964    9.777   -0.944  -54.147    9.780
   0.913000    0.960   10.737   -1.071  -53.203   10.732
   0.904000    1.054   11.791   -1.053  -52.132   11.794
   0.895000    1.059   12.850   -1.194  -51.079   12.850
   0.885000    1.159   14.009   -1.283  -49.885   14.027
   0.874000    1.301   15.310   -1.266  -48.602   15.319
   0.863000    1.267   16.577   -1.358  -47.336   16.586
   0.851000    1.364   17.941   -1.441  -45.978   17.947
   0.838000    1.454   19.395   -1.432  -44.537   19.394
   0.825000    1.423   20.818   -1.563  -43.105   20.821
   0.810000    1.627   22.445   -1.596  -41.543   22.416
   0.795000    1.532   23.977   -1.684  -39.947   23.980
   0.779000    1.674   25.651   -1.822  -38.263   25.659
   0.761000    1.853   27.504   -1.770  -36.441   27.496
   0.743000    1.777   29.281   -1.776  -34.671   29.270
   0.724000    1.828   31.109   -1.993  -32.895   31.072
   0.703000    1.912   33.021   -2.062  -30.903   33.024
   0.681000    2.031   35.052   -2.111  -28.840   35.071
   0.657000    2.173   37.225   -2.180  -26.729   37.213
   0.632000    2.117   39.342   -2.179  -24.549   39.361
   0.606000    2.178   41.520   -2.268  -22.370   41.540
   0.578000    2.249   43.769   -2.217  -20.102   43.798
   0.548000    2.332   46.101   -2.212  -17.885   46.073
   0.516000    2.224   48.325   -2.268  -15.673   48.291
   0.482000    2.184   50.509   -2.193  -13.404   50.517
   0.446000    2.218   52.727   -2.135  -11.211   52.723
   0.408000    2.145   54.873   -1.937   -9.076   54.863
   0.367000    2.112   56.985   -1.798   -7.139   56.888
   0.324000    1.750   58.734   -1.490   -5.341   58.662
   0.278000    1.623   60.358   -1.295   -3.851   60.218
   0.229000    1.304   61.662   -1.016   -2.556   61.518
   0.177000    1.064   62.726   -0.843   -1.540   62.558
   0.121000    0.727   63.453   -0.491   -0.697   63.343
   0.062000    0.476   63.929   -0.207   -0.207   63.826
   0.000000    0.079   64.008    0.000    0.000   63.969

# Min energy-gap is:   -251.50
# Max energy-gap is:    -62.94


# Part 2: Reaction free energy summary:
# Lambda(1)  bin Energy gap      dGa     dGb     dGg    # pts    c1**2    c2**2
   1.000000    6    -230.76     0.00   136.14    -0.00     67    0.000    0.000
   1.000000    7    -226.98     0.00   131.85     0.00    127    0.000    0.000
   1.000000    8    -223.21     0.00   127.33    -0.00    150    0.000    0.000
   1.000000    9    -219.44     0.00   125.32    -0.00    166    0.000    0.000
   1.000000   10    -215.67     0.00   122.22     0.00    150    0.000    0.000
   1.000000   11    -211.90     0.00   119.60    -0.00    132    0.000    0.000
   1.000000   12    -208.13     0.00   114.25    -0.00     64    0.000    0.000
   0.997000    6    -230.76    -0.03   132.99    -0.03     53    0.000    0.000
   0.997000    7    -226.98    -0.02   129.72    -0.02    114    0.000    0.000
   0.997000    8    -223.21    -0.01   127.83    -0.01    163    0.000    0.000
   0.997000    9    -219.44     0.00   125.69     0.00    176    0.000    0.000
   0.997000   10    -215.67     0.01   121.06     0.01    165    0.000    0.000
   0.997000   11    -211.90     0.02   117.96     0.02    116    0.000    0.000
   0.997000   12    -208.13     0.03   115.48     0.03     79    0.000    0.000
   0.993000    6    -230.76    -0.08   136.31    -0.08     56    0.000    0.000
   0.993000    7    -226.98    -0.05   130.99    -0.05    114    0.000    0.000
   0.993000    8    -223.21    -0.03   126.05    -0.03    160    0.000    0.000
   0.993000    9    -219.44    -0.00   125.57    -0.00    171    0.000    0.000
   0.993000   10    -215.67     0.02   121.43     0.02    149    0.000    0.000
   0.993000   11    -211.90     0.04   119.45     0.04    141    0.000    0.000
   0.993000   12    -208.13     0.07   113.18     0.07     71    0.000    0.000
   0.989000    6    -230.76    -0.13   136.06    -0.13     57    0.000    0.000
   0.989000    7    -226.98    -0.08   130.92    -0.08    111    0.000    0.000
   0.989000    8    -223.21    -0.05   128.19    -0.05    155    0.000    0.000
   0.989000    9    -219.44    -0.00   124.84    -0.00    164    0.000    0.000
   0.989000   10    -215.67     0.03   121.00     0.03    171    0.000    0.000
   0.989000   11    -211.90     0.06   118.14     0.06    114    0.000    0.000
   0.989000   12    -208.13     0.10   113.91     0.10     73    0.000    0.000
   0.985000    6    -230.76    -0.14   133.85    -0.14     63    0.000    0.000
   0.985000    7    -226.98    -0.08   129.21    -0.08    113    0.000    0.000
   0.985000    8    -223.21    -0.04   127.95    -0.04    161    0.000    0.000
   0.985000    9    -219.44     0.02   122.40     0.02    164    0.000    0.000
   0.985000   10    -215.67     0.08   118.32     0.08    137    0.000    0.000
   0.985000   11    -211.90     0.13   116.25     0.13    117    0.000    0.000
   0.985000   12    -208.13     0.19   112.03     0.19     77    0.000    0.000
   0.981000    6    -230.76    -0.19   133.45    -0.19     69    0.000    0.000
   0.981000    7    -226.98    -0.12   130.51    -0.12     93    0.000    0.000
   0.981000    8    -223.21    -0.05   123.29    -0.05    146    0.000    0.000
   0.981000    9    -219.44     0.01   123.62     0.01    182    0.000    0.000
   0.981000   10    -215.67     0.08   119.68     0.08    145    0.000    0.000
   0.981000   11    -211.90     0.15   116.92     0.15    108    0.000    0.000
   0.981000   12    -208.13     0.22   113.06     0.22     88    0.000    0.000
   0.977000    7    -226.98    -0.19   130.88    -0.19     65    0.000    0.000
   0.977000    8    -223.21    -0.11   128.18    -0.11    119    0.000    0.000
   0.977000    9    -219.44    -0.02   124.00    -0.02    142    0.000    0.000
   0.977000   10    -215.67     0.04   121.14     0.04    159    0.000    0.000
   0.977000   11    -211.90     0.12   117.90     0.12    141    0.000    0.000
   0.977000   12    -208.13     0.20   113.64     0.20    101    0.000    0.000
   0.977000   13    -204.36     0.28   109.84     0.28     86    0.000    0.000
   0.972000    6    -230.76    -0.30   127.84    -0.30     57    0.000    0.000
   0.972000    7    -226.98    -0.21   129.71    -0.21    115    0.000    0.000
   0.972000    8    -223.21    -0.11   126.24    -0.11    149    0.000    0.000
   0.972000    9    -219.44    -0.01   122.20    -0.01    157    0.000    0.000
   0.972000   10    -215.67     0.09   117.98     0.09    130    0.000    0.000
   0.972000   11    -211.90     0.19   115.73     0.19    138    0.000    0.000
   0.972000   12    -208.13     0.27   111.20     0.27     91    0.000    0.000
   0.972000   13    -204.36     0.39   109.48     0.39     51    0.000    0.000
   0.967000    7    -226.98    -0.21   129.68    -0.21     73    0.000    0.000
   0.967000    8    -223.21    -0.11   124.26    -0.11    115    0.000    0.000
   0.967000    9    -219.44    -0.03   122.75    -0.03    153    0.000    0.000
   0.967000   10    -215.67     0.10   118.53     0.10    159    0.000    0.000
   0.967000   11    -211.90     0.19   117.13     0.19    157    0.000    0.000
   0.967000   12    -208.13     0.28   113.18     0.28    118    0.000    0.000
   0.967000   13    -204.36     0.38   110.97     0.38     71    0.000    0.000
   0.961000    7    -226.98    -0.30   130.40    -0.30     71    0.000    0.000
   0.961000    8    -223.21    -0.19   126.82    -0.19    112    0.000    0.000
   0.961000    9    -219.44    -0.04   122.82    -0.04    141    0.000    0.000
   0.961000   10    -215.67     0.10   117.67     0.10    176    0.000    0.000
   0.961000   11    -211.90     0.23   113.43     0.23    158    0.000    0.000
   0.961000   12    -208.13     0.35   112.80     0.35    120    0.000    0.000
   0.961000   13    -204.36     0.47   110.96     0.47     59    0.000    0.000
   0.956000    7    -226.98    -0.34   129.09    -0.34     73    0.000    0.000
   0.956000    8    -223.21    -0.20   125.55    -0.20    129    0.000    0.000
   0.956000    9    -219.44    -0.05   121.50    -0.05    146    0.000    0.000
   0.956000   10    -215.67     0.13   119.14     0.13    181    0.000    0.000
   0.956000   11    -211.90     0.27   116.71     0.27    161    0.000    0.000
   0.956000   12    -208.13     0.42   112.74     0.42    113    0.000    0.000
   0.950000    8    -223.21    -0.26   127.41    -0.26     64    0.000    0.000
   0.950000    9    -219.44    -0.08   123.72    -0.08    152    0.000    0.000
   0.950000   10    -215.67     0.10   117.81     0.10    171    0.000    0.000
   0.950000   11    -211.90     0.26   116.66     0.26    156    0.000    0.000
   0.950000   12    -208.13     0.46   113.87     0.46    149    0.000    0.000
   0.950000   13    -204.36     0.61   109.82     0.61    121    0.000    0.000
   0.943000    7    -226.98    -0.58   130.80    -0.58     58    0.000    0.000
   0.943000    8    -223.21    -0.31   125.72    -0.31     96    0.000    0.000
   0.943000    9    -219.44    -0.12   123.35    -0.12    150    0.000    0.000
   0.943000   10    -215.67     0.08   120.37     0.08    165    0.000    0.000
   0.943000   11    -211.90     0.29   116.82     0.29    174    0.000    0.000
   0.943000   12    -208.13     0.46   111.29     0.46    135    0.000    0.000
   0.943000   13    -204.36     0.66   110.27     0.66     83    0.000    0.000
   0.936000    8    -223.21    -0.35   124.57    -0.35     61    0.000    0.000
   0.936000    9    -219.44    -0.16   121.60    -0.16    109    0.000    0.000
   0.936000   10    -215.67     0.03   118.35     0.03    110    0.000    0.000
   0.936000   11    -211.90     0.28   116.68     0.28    143    0.000    0.000
   0.936000   12    -208.13     0.50   113.14     0.50    173    0.000    0.000
   0.936000   13    -204.36     0.73   109.16     0.73    116    0.000    0.000
   0.936000   14    -200.59     0.91   105.64     0.91    106    0.000    0.000
   0.929000    8    -223.21    -0.42   125.79    -0.42     92    0.000    0.000
   0.929000    9    -219.44    -0.19   120.44    -0.19    155    0.000    0.000
   0.929000   10    -215.67     0.08   118.82     0.08    170    0.000    0.000
   0.929000   11    -211.90     0.35   114.23     0.35    147    0.000    0.000
   0.929000   12    -208.13     0.59   111.67     0.59    127    0.000    0.000
   0.929000   13    -204.36     0.86   109.77     0.86     94    0.000    0.000
   0.921000    8    -223.21    -0.54   125.86    -0.54     87    0.000    0.000
   0.921000    9    -219.44    -0.28   122.95    -0.28    131    0.000    0.000
   0.921000   10    -215.67    -0.02   119.23    -0.02    139    0.000    0.000
   0.921000   11    -211.90     0.29   115.12     0.29    153    0.000    0.000
   0.921000   12    -208.13     0.56   113.25     0.56    148    0.000    0.000
   0.921000   13    -204.36     0.84   109.22     0.84    116    0.000    0.000
   0.921000   14    -200.59     1.16   106.34     1.16     56    0.000    0.000
   0.913000    9    -219.44    -0.21   121.66    -0.21    106    0.000    0.000
   0.913000   10    -215.67     0.10   117.69     0.10    154    0.000    0.000
   0.913000   11    -211.90     0.40   114.26     0.40    171    0.000    0.000
   0.913000   12    -208.13     0.68   111.58     0.68    176    0.000    0.000
   0.913000   13    -204.36     1.02   108.22     1.02    126    0.000    0.000
   0.913000   14    -200.59     1.24   105.35     1.24     70    0.000    0.000
   0.904000    8    -223.21    -0.76   126.68    -0.76     64    0.000    0.000
   0.904000    9    -219.44    -0.39   122.43    -0.39    112    0.000    0.000
   0.904000   10    -215.67    -0.08   118.82    -0.08    134    0.000    0.000
   0.904000   11    -211.90     0.27   115.16     0.27    152    0.000    0.000
   0.904000   12    -208.13     0.61   111.29     0.61    148    0.000    0.000
   0.904000   13    -204.36     0.94   109.25     0.94    111    0.000    0.000
   0.904000   14    -200.59     1.41   106.36     1.41     97    0.000    0.000
   0.895000    9    -219.44    -0.50   121.89    -0.50     75    0.000    0.000
   0.895000   10    -215.67    -0.13   119.09    -0.13    126    0.000    0.000
   0.895000   11    -211.90     0.23   114.99     0.23    150    0.000    0.000
   0.895000   12    -208.13     0.61   110.54     0.61    145    0.000    0.000
   0.895000   13    -204.36     0.94   108.16     0.94    152    0.000    0.000
   0.895000   14    -200.59     1.26   105.51     1.26    118    0.000    0.000
   0.895000   15    -196.82     1.64   105.21     1.64     71    0.000    0.000
   0.885000    8    -223.21    -1.03   126.55    -1.03     58    0.000    0.000
   0.885000    9    -219.44    -0.54   121.98    -0.54    105    0.000    0.000
   0.885000   10    -215.67    -0.20   118.72    -0.20    140    0.000    0.000
   0.885000   11    -211.90     0.21   115.73     0.21    180    0.000    0.000
   0.885000   12    -208.13     0.65   111.75     0.65    173    0.000    0.000
   0.885000   13    -204.36     0.93   108.15     0.93    114    0.000    0.000
   0.885000   14    -200.59     1.33   106.38     1.33     72    0.000    0.000
   0.874000    9    -219.44    -0.51   120.69    -0.51     73    0.000    0.000
   0.874000   10    -215.67    -0.19   118.57    -0.19    111    0.000    0.000
   0.874000   11    -211.90     0.29   115.33     0.29    153    0.000    0.000
   0.874000   12    -208.13     0.69   112.35     0.69    173    0.000    0.000
   0.874000   13    -204.36     1.10   109.82     1.10    134    0.000    0.000
   0.874000   14    -200.59     1.66   106.37     1.66    116    0.000    0.000
   0.874000   15    -196.82     2.02   103.60     2.02     57    0.000    0.000
   0.863000    9    -219.44    -0.45   119.14    -0.45     78    0.000    0.000
   0.863000   10    -215.67    -0.08   116.26    -0.08    135    0.000    0.000
   0.863000   11    -211.90     0.39   113.24     0.39    164    0.000    0.000
   0.863000   12    -208.13     0.92   110.57     0.92    172    0.000    0.000
   0.863000   13    -204.36     1.37   107.96     1.37    125    0.000    0.000
   0.863000   14    -200.59     1.85   105.72     1.85     91    0.000    0.000
   0.863000   15    -196.82     2.21   103.22     2.21     57    0.000    0.000
   0.851000   10    -215.67    -0.25   118.00    -0.25     97    0.000    0.000
   0.851000   11    -211.90     0.25   114.45     0.25    160    0.000    0.000
   0.851000   12    -208.13     0.79   112.39     0.79    153    0.000    0.000
   0.851000   13    -204.36     1.24   107.91     1.24    169    0.000    0.000
   0.851000   14    -200.59     1.78   105.80     1.78    150    0.000    0.000
   0.851000   15    -196.82     2.31   102.44     2.31     79    0.000    0.000
   0.838000   10    -215.67    -0.24   117.42    -0.24     59    0.000    0.000
   0.838000   11    -211.90     0.21   115.17     0.21     92    0.000    0.000
   0.838000   12    -208.13     0.67   110.20     0.67    143    0.000    0.000
   0.838000   13    -204.36     1.21   108.80     1.21    194    0.000    0.000
   0.838000   14    -200.59     1.70   106.19     1.70    179    0.000    0.000
   0.838000   15    -196.82     2.28   103.50     2.28    102    0.000    0.000
   0.838000   16    -193.04     2.80   100.59     2.80     80    0.000    0.000
   0.825000   10    -215.67    -0.60   118.36    -0.60     57    0.000    0.000
   0.825000   11    -211.90    -0.08   115.29    -0.08     89    0.000    0.000
   0.825000   12    -208.13     0.56   112.93     0.56    123    0.000    0.000
   0.825000   13    -204.36     1.13   108.75     1.13    169    0.000    0.000
   0.825000   14    -200.59     1.76   106.89     1.76    171    0.000    0.000
   0.825000   15    -196.82     2.39   102.45     2.39    141    0.000    0.000
   0.825000   16    -193.04     2.72   100.03     2.72     78    0.000    0.000
   0.810000   12    -208.13     0.50   111.35     0.50     74    0.000    0.000
   0.810000   13    -204.36     1.26   108.91     1.26    129    0.000    0.000
   0.810000   14    -200.59     1.83   104.71     1.83    127    0.000    0.000
   0.810000   15    -196.82     2.57   102.03     2.57    144    0.000    0.000
   0.810000   16    -193.04     3.31   100.00     3.31    157    0.000    0.000
   0.810000   17    -189.27     3.96    96.89     3.96    117    0.000    0.000
   0.810000   18    -185.50     4.66    94.32     4.66     74    0.000    0.000
   0.795000   11    -211.90    -0.23   112.85    -0.23     60    0.000    0.000
   0.795000   12    -208.13     0.47   110.79     0.47     97    0.000    0.000
   0.795000   13    -204.36     1.08   107.42     1.08    135    0.000    0.000
   0.795000   14    -200.59     1.81   105.14     1.81    172    0.000    0.000
   0.795000   15    -196.82     2.55   103.42     2.55    165    0.000    0.000
   0.795000   16    -193.04     3.35    99.62     3.35    122    0.000    0.000
   0.795000   17    -189.27     3.78    98.30     3.78     82    0.000    0.000
   0.779000   11    -211.90    -0.55   113.52    -0.55     50    0.000    0.000
   0.779000   12    -208.13     0.32   111.13     0.32     81    0.000    0.000
   0.779000   13    -204.36     0.93   107.79     0.93    125    0.000    0.000
   0.779000   14    -200.59     1.79   105.97     1.79    156    0.000    0.000
   0.779000   15    -196.82     2.51   102.94     2.51    148    0.000    0.000
   0.779000   16    -193.04     3.35   100.42     3.35    141    0.000    0.000
   0.779000   17    -189.27     4.16    97.55     4.16     96    0.000    0.000
   0.779000   18    -185.50     5.02    94.97     5.02     55    0.000    0.000
   0.761000   13    -204.36     1.00   108.39     1.00     82    0.000    0.000
   0.761000   14    -200.59     1.86   106.20     1.86    120    0.000    0.000
   0.761000   15    -196.82     2.48   102.52     2.48    153    0.000    0.000
   0.761000   16    -193.04     3.45    99.65     3.45    152    0.000    0.000
   0.761000   17    -189.27     4.36    97.67     4.36    138    0.000    0.000
   0.761000   18    -185.50     5.08    94.85     5.08     97    0.000    0.000
   0.761000   19    -181.73     6.10    92.88     6.10     61    0.000    0.000
   0.743000   14    -200.59     1.44   105.45     1.44     95    0.000    0.000
   0.743000   15    -196.82     2.33   102.03     2.33    130    0.000    0.000
   0.743000   16    -193.04     3.25    99.90     3.25    157    0.000    0.000
   0.743000   17    -189.27     4.18    97.31     4.18    165    0.000    0.000
   0.743000   18    -185.50     5.09    95.55     5.09    147    0.000    0.000
   0.743000   19    -181.73     5.89    92.70     5.89    101    0.000    0.000
   0.724000   14    -200.59     1.62   105.12     1.62     51    0.000    0.000
   0.724000   15    -196.82     2.44   102.00     2.44     84    0.000    0.000
   0.724000   16    -193.04     3.47    98.57     3.47    127    0.000    0.000
   0.724000   17    -189.27     4.40    97.42     4.40    145    0.000    0.000
   0.724000   18    -185.50     5.53    94.53     5.53    156    0.000    0.000
   0.724000   19    -181.73     6.31    92.72     6.31    154    0.000    0.000
   0.724000   20    -177.96     7.50    89.96     7.50    115    0.000    0.000
   0.703000   15    -196.82     1.83   102.38     1.83     93    0.000    0.000
   0.703000   16    -193.04     3.25   100.85     3.25    114    0.000    0.000
   0.703000   17    -189.27     4.02    98.09     4.02    161    0.000    0.000
   0.703000   18    -185.50     4.88    95.64     4.88    181    0.000    0.000
   0.703000   19    -181.73     6.06    92.81     6.06    118    0.000    0.000
   0.703000   20    -177.96     7.00    90.24     7.00     94    0.000    0.000
   0.703000   21    -174.19     8.09    89.20     8.09     64    0.000    0.000
   0.681000   15    -196.82     0.85   103.86     0.85     54    0.000    0.000
   0.681000   16    -193.04     2.72   101.44     2.72     92    0.000    0.000
   0.681000   17    -189.27     3.60    99.07     3.60    146    0.000    0.000
   0.681000   18    -185.50     4.46    96.54     4.46    149    0.000    0.000
   0.681000   19    -181.73     5.65    94.08     5.65    153    0.000    0.000
   0.681000   20    -177.96     6.80    90.82     6.80    136    0.000    0.000
   0.681000   21    -174.19     8.16    88.83     8.16     75    0.000    0.000
   0.657000   16    -193.04     2.90    99.94     2.90     65    0.000    0.000
   0.657000   17    -189.27     3.77    97.56     3.77     92    0.000    0.000
   0.657000   18    -185.50     5.26    94.33     5.26    124    0.000    0.000
   0.657000   19    -181.73     6.63    92.75     6.63    154    0.000    0.000
   0.657000   20    -177.96     7.82    89.53     7.82    177    0.000    0.000
   0.657000   21    -174.19     8.66    86.65     8.66    112    0.000    0.000
   0.657000   22    -170.42    10.06    84.87    10.06     83    0.000    0.000
   0.632000   16    -193.04     2.47    99.43     2.47     57    0.000    0.000
   0.632000   17    -189.27     3.38    96.55     3.38     84    0.000    0.000
   0.632000   18    -185.50     5.28    94.30     5.28    120    0.000    0.000
   0.632000   19    -181.73     6.33    92.85     6.33    159    0.000    0.000
   0.632000   20    -177.96     7.37    89.93     7.37    140    0.000    0.000
   0.632000   21    -174.19     8.23    88.22     8.23    124    0.000    0.000
   0.632000   22    -170.42     9.55    85.81     9.55     96    0.000    0.000
   0.632000   23    -166.65    11.41    84.14    11.41     76    0.000    0.000
   0.606000   17    -189.27     3.66    97.02     3.66     67    0.000    0.000
   0.606000   18    -185.50     5.40    94.13     5.40     98    0.000    0.000
   0.606000   19    -181.73     6.22    92.22     6.22    151    0.000    0.000
   0.606000   20    -177.96     7.78    89.96     7.78    145    0.000    0.000
   0.606000   21    -174.19     9.04    88.14     9.04    150    0.000    0.000
   0.606000   22    -170.42    10.32    86.01    10.32    105    0.000    0.000
   0.606000   23    -166.65    11.61    83.72    11.61     99    0.000    0.000
   0.606000   24    -162.87    13.36    80.23    13.36     54    0.000    0.000
   0.578000   19    -181.73     5.96    91.61     5.96     99    0.000    0.000
   0.578000   20    -177.96     7.51    90.79     7.51    137    0.000    0.000
   0.578000   21    -174.19     8.60    88.96     8.60    175    0.000    0.000
   0.578000   22    -170.42     9.94    86.87     9.94    150    0.000    0.000
   0.578000   23    -166.65    11.38    84.68    11.38    123    0.000    0.000
   0.578000   24    -162.87    12.94    83.21    12.94    100    0.000    0.000
   0.548000   20    -177.96     7.95    89.98     7.95     63    0.000    0.000
   0.548000   21    -174.19     8.79    88.17     8.79    120    0.000    0.000
   0.548000   22    -170.42    10.27    85.58    10.27    144    0.000    0.000
   0.548000   23    -166.65    12.41    83.76    12.41    137    0.000    0.000
   0.548000   24    -162.87    13.31    82.19    13.31    131    0.000    0.000
   0.548000   25    -159.10    15.21    80.40    15.21    110    0.000    0.000
   0.548000   26    -155.33    17.02    79.05    17.02     81    0.000    0.000
   0.516000   21    -174.19     8.86    87.41     8.86     59    0.000    0.000
   0.516000   22    -170.42    10.69    85.77    10.69     83    0.000    0.000
   0.516000   23    -166.65    12.68    83.85    12.68    131    0.000    0.000
   0.516000   24    -162.87    13.33    82.11    13.33    144    0.000    0.000
   0.516000   25    -159.10    15.79    80.44    15.79    138    0.000    0.000
   0.516000   26    -155.33    17.18    78.54    17.18    121    0.000    0.000
   0.516000   27    -151.56    18.92    77.01    18.92     90    0.000    0.000
   0.516000   28    -147.79    20.40    75.72    20.40     53    0.000    0.000
   0.482000   22    -170.42    10.37    85.72    10.37     59    0.000    0.000
   0.482000   23    -166.65    11.52    83.28    11.52    105    0.000    0.000
   0.482000   24    -162.87    13.73    82.01    13.73    138    0.000    0.000
   0.482000   25    -159.10    15.27    80.36    15.27    160    0.000    0.000
   0.482000   26    -155.33    17.28    79.00    17.28    134    0.000    0.000
   0.482000   27    -151.56    18.86    76.80    18.86    106    0.000    0.000
   0.482000   28    -147.79    20.96    74.64    20.96     90    0.000    0.000
   0.446000   23    -166.65    11.65    83.26    11.65     56    0.000    0.000
   0.446000   24    -162.87    14.08    80.92    14.08     81    0.000    0.000
   0.446000   25    -159.10    15.85    79.81    15.85    135    0.000    0.000
   0.446000   26    -155.33    17.19    77.92    17.19    150    0.000    0.000
   0.446000   27    -151.56    19.63    77.25    19.63    171    0.000    0.000
   0.446000   28    -147.79    20.92    75.63    20.92    126    0.000    0.000
   0.446000   29    -144.02    23.18    73.74    23.18     92    0.000    0.000
   0.408000   24    -162.87    13.38    80.02    13.38     77    0.000    0.000
   0.408000   25    -159.10    17.18    78.56    17.18     87    0.000    0.000
   0.408000   26    -155.33    18.53    77.37    18.53    144    0.000    0.000
   0.408000   27    -151.56    20.86    76.05    20.86    144    0.000    0.000
   0.408000   28    -147.79    22.50    74.38    22.50    173    0.000    0.000
   0.408000   29    -144.02    24.25    73.39    24.25    115    0.000    0.000
   0.408000   30    -140.25    26.50    72.26    26.50     75    0.000    0.000
   0.367000   27    -151.56    20.77    75.78    20.77     98    0.000    0.000
   0.367000   28    -147.79    23.82    74.56    23.82    123    0.000    0.000
   0.367000   29    -144.02    25.45    73.24    25.45    137    0.000    0.000
   0.367000   30    -140.25    27.51    71.82    27.51    151    0.000    0.000
   0.367000   31    -136.48    29.15    70.67    29.15    123    0.000    0.000
   0.367000   32    -132.71    30.75    69.42    30.75     84    0.000    0.000
   0.367000   33    -128.93    32.97    67.97    32.97     57    0.000    0.000
   0.324000   28    -147.79    21.56    74.71    21.56     55    0.000    0.000
   0.324000   29    -144.02    24.03    73.40    24.03     84    0.000    0.000
   0.324000   30    -140.25    26.76    72.40    26.76    138    0.000    0.000
   0.324000   31    -136.48    27.53    71.25    27.53    116    0.000    0.000
   0.324000   32    -132.71    30.66    70.22    30.66    126    0.000    0.000
   0.324000   33    -128.93    33.79    69.11    33.79    133    0.000    0.000
   0.324000   34    -125.16    35.53    67.96    35.53    114    0.000    0.000
   0.324000   35    -121.39    38.51    66.97    38.51     67    0.000    0.000
   0.278000   30    -140.25    26.56    71.44    26.56     52    0.000    0.000
   0.278000   31    -136.48    29.65    70.27    29.65     80    0.000    0.000
   0.278000   32    -132.71    32.49    69.57    32.49    117    0.000    0.000
   0.278000   33    -128.93    32.76    68.74    32.76    158    0.000    0.000
   0.278000   34    -125.16    37.07    67.75    37.07    156    0.000    0.000
   0.278000   35    -121.39    40.17    66.66    40.17    144    0.000    0.000
   0.278000   36    -117.62    41.88    65.86    41.88     95    0.000    0.000
   0.278000   37    -113.85    43.99    65.16    43.99     50    0.000    0.000
   0.229000   32    -132.71    31.99    69.18    31.99     64    0.000    0.000
   0.229000   33    -128.93    34.14    68.41    34.14     94    0.000    0.000
   0.229000   34    -125.16    36.03    67.63    36.03    142    0.000    0.000
   0.229000   35    -121.39    35.62    66.96    35.62    150    0.000    0.000
   0.229000   36    -117.62    41.52    66.16    41.52    154    0.000    0.000
   0.229000   37    -113.85    44.99    65.45    44.99    122    0.000    0.000
   0.229000   38    -110.08    46.99    64.64    46.99     87    0.000    0.000
   0.177000   34    -125.16    37.13    67.30    37.13     53    0.000    0.000
   0.177000   35    -121.39    38.66    66.71    38.66    115    0.000    0.000
   0.177000   36    -117.62    41.92    66.10    41.92    136    0.000    0.000
   0.177000   37    -113.85    43.99    65.59    43.99    128    0.000    0.000
   0.177000   38    -110.08    46.51    64.93    46.51    161    0.000    0.000
   0.177000   39    -106.31    47.92    64.38    47.92    137    0.000    0.000
   0.177000   40    -102.54    51.31    63.87    51.31     77    0.000    0.000
   0.177000   41     -98.76    54.57    63.04    54.57     55    0.000    0.000
   0.121000   36    -117.62    39.11    65.95    39.11     67    0.000    0.000
   0.121000   37    -113.85    43.99    65.51    43.99    115    0.000    0.000
   0.121000   38    -110.08    47.04    65.13    47.04    129    0.000    0.000
   0.121000   39    -106.31    49.83    64.73    49.83    165    0.000    0.000
   0.121000   40    -102.54    52.73    64.33    52.73    143    0.000    0.000
   0.121000   41     -98.76    54.16    63.93    54.16    110    0.000    0.000
   0.121000   42     -94.99    58.73    63.50    58.73     77    0.000    0.000
   0.062000   38    -110.08    46.21    64.73    46.21     57    0.000    0.000
   0.062000   39    -106.31    49.44    64.54    49.44    111    0.000    0.000
   0.062000   40    -102.54    51.12    64.34    51.12    153    0.000    0.000
   0.062000   41     -98.76    55.08    64.12    55.08    161    0.000    0.000
   0.062000   42     -94.99    59.18    63.91    59.18    144    0.000    0.000
   0.062000   43     -91.22    60.44    63.72    60.43    108    0.000    0.000
   0.062000   44     -87.45    64.13    63.52    63.36     69    0.000    0.000
   0.062000   45     -83.68    65.79    63.29    63.29     52    0.000    0.000
   0.000000   40    -102.54    51.56    63.97    51.56     86    0.000    0.000
   0.000000   41     -98.76    54.37    63.97    54.37    118    0.000    0.000
   0.000000   42     -94.99    57.71    63.97    57.71    148    0.000    0.000
   0.000000   43     -91.22    58.10    63.97    58.10    153    0.000    0.000
   0.000000   44     -87.45    64.32    63.97    63.76    121    0.000    0.000
   0.000000   45     -83.68    65.37    63.97    63.93     97    0.000    0.000
   0.000000   46     -79.91    70.22    63.97    63.97     64    0.000    0.000


# Part 3: Bin-averaged summary:
# bin  energy gap  <dGg> <dGg norm> pts  <c1**2> <c2**2> <r_xy>
   6   -230.76    -0.12     0.06    422   0.000   0.000   0.000
   7   -226.98    -0.15     0.03   1127   0.000   0.000   0.000
   8   -223.21    -0.18     0.00   2081   0.000   0.000   0.000
   9   -219.44    -0.12     0.06   3008   0.000   0.000   0.000
  10   -215.67     0.00     0.18   3490   0.000   0.000   0.000
  11   -211.90     0.20     0.38   3677   0.000   0.000   0.000
  12   -208.13     0.49     0.68   3385   0.000   0.000   0.000
  13   -204.36     0.95     1.13   2562   0.000   0.000   0.000
  14   -200.59     1.61     1.79   1947   0.000   0.000   0.000
  15   -196.82     2.28     2.46   1478   0.000   0.000   0.000
  16   -193.04     3.18     3.36   1342   0.000   0.000   0.000
  17   -189.27     3.98     4.16   1293   0.000   0.000   0.000
  18   -185.50     5.07     5.25   1201   0.000   0.000   0.000
  19   -181.73     6.15     6.33   1150   0.000   0.000   0.000
  20   -177.96     7.47     7.65   1007   0.000   0.000   0.000
  21   -174.19     8.60     8.78    879   0.000   0.000   0.000
  22   -170.42    10.15    10.33    720   0.000   0.000   0.000
  23   -166.65    11.88    12.07    727   0.000   0.000   0.000
  24   -162.87    13.44    13.62    725   0.000   0.000   0.000
  25   -159.10    15.76    15.94    630   0.000   0.000   0.000
  26   -155.33    17.49    17.67    630   0.000   0.000   0.000
  27   -151.56    19.86    20.05    609   0.000   0.000   0.000
  28   -147.79    21.95    22.13    620   0.000   0.000   0.000
  29   -144.02    24.36    24.54    428   0.000   0.000   0.000
  30   -140.25    26.96    27.14    416   0.000   0.000   0.000
  31   -136.48    28.69    28.87    319   0.000   0.000   0.000
  32   -132.71    31.44    31.62    391   0.000   0.000   0.000
  33   -128.93    33.39    33.57    442   0.000   0.000   0.000
  34   -125.16    36.38    36.56    465   0.000   0.000   0.000
  35   -121.39    38.14    38.32    476   0.000   0.000   0.000
  36   -117.62    41.36    41.54    452   0.000   0.000   0.000
  37   -113.85    44.29    44.47    415   0.000   0.000   0.000
  38   -110.08    46.73    46.91    434   0.000   0.000   0.000
  39   -106.31    49.09    49.27    413   0.000   0.000   0.000
  40   -102.54    51.73    51.92    459   0.000   0.000   0.000
  41    -98.76    54.60    54.78    444   0.000   0.000   0.000
  42    -94.99    58.50    58.68    369   0.000   0.000   0.000
  43    -91.22    59.06    59.24    261   0.000   0.000   0.000
  44    -87.45    63.62    63.80    190   0.000   0.000   0.000
  45    -83.68    63.71    63.89    149   0.000   0.000   0.000
  46    -79.91    63.97    64.15     64   0.000   0.000   0.000


# Part 4: Termodynamic integration:
# lambda(1)      dGti    sum(dGti) 
   1.000000    0.000    0.000
   0.997000  129.748    0.388
   0.993000  128.769    0.902
   0.989000  128.537    1.417
   0.985000  128.860    1.929
   0.981000  127.067    2.436
   0.977000  126.189    2.938
   0.972000  124.978    3.566
   0.967000  126.220    4.190
   0.961000  123.539    4.931
   0.956000  123.515    5.550
   0.950000  123.912    6.284
   0.943000  120.765    7.135
   0.936000  122.292    7.977
   0.929000  118.249    8.814
   0.921000  120.950    9.780
   0.913000  120.514   10.732
   0.904000  117.600   11.794
   0.895000  118.325   12.850
   0.885000  116.464   14.027
   0.874000  118.862   15.318
   0.863000  115.921   16.585
   0.851000  114.431   17.947
   0.838000  112.537   19.394
   0.825000  110.146   20.821
   0.810000  109.377   22.415
   0.795000  103.138   23.980
   0.779000  105.531   25.658
   0.761000  104.163   27.495
   0.743000   99.974   29.270
   0.724000   97.292   31.072
   0.703000   92.309   33.024
   0.681000   93.626   35.068
   0.657000   92.201   37.211
   0.632000   86.348   39.359
   0.606000   85.494   41.538
   0.578000   82.165   43.801
   0.548000   79.431   46.069
   0.516000   71.779   48.285
   0.482000   66.730   50.512
   0.446000   64.284   52.728
   0.408000   58.791   54.868
   0.367000   53.845   56.877
   0.324000   44.173   58.657
   0.278000   38.635   60.226
   0.229000   29.562   61.527
   0.177000   23.529   62.567
   0.121000   16.475   63.356
   0.062000   11.703   63.843
   0.000000    4.833   63.975


# Part 5: Overlap sampling Lu et al:
# lambda(1)      dG    sum(dG) 
   1.000000    0.000    0.000
   0.997000    0.388    0.388
   0.993000    0.515    0.902
   0.989000    0.515    1.417
   0.985000    0.512    1.929
   0.981000    0.507    2.436
   0.977000    0.502    2.938
   0.972000    0.628    3.566
   0.967000    0.624    4.190
   0.961000    0.741    4.931
   0.956000    0.619    5.550
   0.950000    0.734    6.284
   0.943000    0.851    7.135
   0.936000    0.842    7.977
   0.929000    0.837    8.814
   0.921000    0.966    9.780
   0.913000    0.952   10.732
   0.904000    1.062   11.794
   0.895000    1.056   12.850
   0.885000    1.177   14.027
   0.874000    1.292   15.319
   0.863000    1.267   16.585
   0.851000    1.362   17.947
   0.838000    1.447   19.394
   0.825000    1.427   20.821
   0.810000    1.594   22.416
   0.795000    1.564   23.980
   0.779000    1.678   25.658
   0.761000    1.837   27.496
   0.743000    1.774   29.270
   0.724000    1.802   31.072
   0.703000    1.952   33.024
   0.681000    2.045   35.069
   0.657000    2.142   37.212
   0.632000    2.148   39.360
   0.606000    2.179   41.539
   0.578000    2.261   43.799
   0.548000    2.271   46.071
   0.516000    2.217   48.288
   0.482000    2.227   50.515
   0.446000    2.211   52.726
   0.408000    2.140   54.866
   0.367000    2.017   56.883
   0.324000    1.778   58.661
   0.278000    1.562   60.222
   0.229000    1.300   61.522
   0.177000    1.041   62.563
   0.121000    0.788   63.351
   0.062000    0.486   63.837
   0.000000    0.138   63.975


# lambda(1)      dG    sum(dG) 
# Part 6: BAR Bennet:
   1.000000    0.000    0.000
   0.997000    0.388    0.388
   0.993000    0.515    0.902
   0.989000    0.515    1.417
   0.985000    0.512    1.929
   0.981000    0.507    2.436
   0.977000    0.502    2.938
   0.972000    0.628    3.566
   0.967000    0.624    4.190
   0.961000    0.741    4.931
   0.956000    0.619    5.550
   0.950000    0.734    6.284
   0.943000    0.851    7.135
   0.936000    0.842    7.977
   0.929000    0.837    8.814
   0.921000    0.966    9.780
   0.913000    0.952   10.732
   0.904000    1.062   11.794
   0.895000    1.057   12.850
   0.885000    1.177   14.027
   0.874000    1.291   15.318
   0.863000    1.267   16.585
   0.851000    1.362   17.947
   0.838000    1.447   19.395
   0.825000    1.427   20.821
   0.810000    1.594   22.415
   0.795000    1.565   23.980
   0.779000    1.678   25.658
   0.761000    1.837   27.495
   0.743000    1.775   29.271
   0.724000    1.801   31.072
   0.703000    1.952   33.024
   0.681000    2.044   35.068
   0.657000    2.142   37.211
   0.632000    2.148   39.358
   0.606000    2.180   41.538
   0.578000    2.262   43.800
   0.548000    2.269   46.069
   0.516000    2.216   48.285
   0.482000    2.227   50.513
   0.446000    2.215   52.728
   0.408000    2.140   54.868
   0.367000    2.012   56.879
   0.324000    1.781   58.660
   0.278000    1.566   60.226
   0.229000    1.300   61.527
   0.177000    1.042   62.568
   0.121000    0.790   63.359
   0.062000    0.488   63.846
   0.000000    0.135   63.981
