--------------------------------------------------------------------------------
Welcome to qfep version: 6.0.1
 
This version was compiled using: GCC version 11.5.0 20240719 (Red Hat 11.5.0-2)
 
And using the following compiler options: 
-cpp -D G95=1 -mtune=generic -march=x86-64-v2 -O3 -Wall -Wtabs -std=legacy -funroll-loops -ffree-line-length-none -fcray-pointer -fall-intrinsics -fstack-protector -fpre-include=/usr/include/finclude/math-vector-fortran.h

 
For command line options type qfep --help  or qcalc -h at the terminal.
 
If you are using the interactive mode and want to quit type "quit" or Ctrl-C.
--------------------------------------------------------------------------------
--> Number of energy files: # Number of files                                  =    50
--> No. of states, no. of predefined off-diag elements: # Number of states     =     2
# Number of off-diagonal elements                                              =     0
--> Give kT & num. of pts to skip & calculation mode: # kT                     = 0.592
# Number of data points to skip                                                =    50
# Only QQ interactions will be considered                                      =     0
--> Give number of gap-bins: # Number of gap-bins                              =    50
--> Give minimum # pts/bin: # Minimum number of points per bin                 =    50
--> Give alpha for state  2                                                     # Alpha for state  2              =  0.00
--> Number of off-diagonal elements: # Number of off-diagonal elements         =     0
--> linear combination of states defining reaction coord: # Linear combination coefficients=    1.00    0.00


# Part 0: Average energies for all states in all files
# file             state   pts   lambda    EQtot   EQbond  EQang   EQtor   EQimp    EQel   EQvdW  Eel_qq  EvdW_qq Eel_qp  EvdW_qp Eel_qw EvdW_qw Eqrstr
--> Name of file number   1:                                                     
md_2_1000_0000.en      1    949 1.000000  -90.72    0.00    0.00    0.00    0.00  -64.00  -26.72    3.85    1.35  -64.38  -17.24   -3.46  -10.83    0.00
md_2_1000_0000.en      2    949 0.000000  -73.71    0.00    0.00    0.00    0.00  -64.87   -8.84    2.74    1.32  -63.85   -7.32   -3.76   -2.84    0.00
--> Name of file number   2:                                                     
md_2_0938_0062.en      1    949 0.938000  -89.94    0.00    0.00    0.00    0.00  -64.04  -25.90    4.06    1.32  -65.04  -16.66   -3.06  -10.56    0.00
md_2_0938_0062.en      2    949 0.062000  -73.45    0.00    0.00    0.00    0.00  -64.82   -8.64    2.86    1.27  -64.26   -7.39   -3.42   -2.52    0.00
--> Name of file number   3:                                                     
md_2_0879_0121.en      1    949 0.879000  -91.98    0.00    0.00    0.00    0.00  -66.37  -25.61    3.90    1.28  -64.35  -18.01   -5.92   -8.87    0.00
md_2_0879_0121.en      2    949 0.121000  -75.51    0.00    0.00    0.00    0.00  -67.20   -8.31    2.76    1.15  -63.62   -7.78   -6.34   -1.68    0.00
--> Name of file number   4:                                                     
md_2_0823_0177.en      1    949 0.823000  -91.23    0.00    0.00    0.00    0.00  -66.19  -25.03    4.51    1.14  -66.56  -16.12   -4.14  -10.05    0.00
md_2_0823_0177.en      2    949 0.177000  -75.51    0.00    0.00    0.00    0.00  -66.95   -8.55    3.23    1.05  -65.75   -7.32   -4.44   -2.29    0.00
--> Name of file number   5:                                                     
md_2_0771_0229.en      1    949 0.771000  -91.49    0.00    0.00    0.00    0.00  -65.93  -25.56    4.52    1.23  -66.35  -17.01   -4.11   -9.78    0.00
md_2_0771_0229.en      2    949 0.229000  -75.46    0.00    0.00    0.00    0.00  -66.72   -8.74    3.25    1.04  -65.60   -7.67   -4.37   -2.11    0.00
--> Name of file number   6:                                                     
md_2_0722_0278.en      1    949 0.722000  -90.82    0.00    0.00    0.00    0.00  -65.41  -25.41    4.65    1.14  -65.37  -16.99   -4.68   -9.57    0.00
md_2_0722_0278.en      2    949 0.278000  -75.02    0.00    0.00    0.00    0.00  -66.25   -8.77    3.36    0.93  -64.73   -7.56   -4.88   -2.15    0.00
--> Name of file number   7:                                                     
md_2_0676_0324.en      1    949 0.676000  -90.38    0.00    0.00    0.00    0.00  -65.81  -24.57    3.52    1.68  -61.99  -17.07   -7.34   -9.18    0.00
md_2_0676_0324.en      2    949 0.324000  -74.86    0.00    0.00    0.00    0.00  -66.53   -8.32    2.56    1.28  -61.39   -7.10   -7.70   -2.50    0.00
--> Name of file number   8:                                                     
md_2_0633_0367.en      1    949 0.633000  -90.56    0.00    0.00    0.00    0.00  -66.05  -24.51    3.93    1.67  -63.89  -17.66   -6.09   -8.52    0.00
md_2_0633_0367.en      2    949 0.367000  -75.20    0.00    0.00    0.00    0.00  -66.85   -8.35    2.80    1.18  -63.24   -7.64   -6.41   -1.89    0.00
--> Name of file number   9:                                                     
md_2_0592_0408.en      1    949 0.592000  -88.69    0.00    0.00    0.00    0.00  -65.05  -23.64    3.93    1.64  -64.68  -16.73   -4.30   -8.55    0.00
md_2_0592_0408.en      2    949 0.408000  -74.36    0.00    0.00    0.00    0.00  -65.91   -8.45    2.78    1.15  -64.05   -7.53   -4.64   -2.07    0.00
--> Name of file number  10:                                                     
md_2_0554_0446.en      1    949 0.554000  -90.22    0.00    0.00    0.00    0.00  -65.65  -24.56    5.61    1.09  -68.85  -15.62   -2.41  -10.03    0.00
md_2_0554_0446.en      2    949 0.446000  -75.33    0.00    0.00    0.00    0.00  -66.51   -8.82    4.10    0.95  -68.11   -7.22   -2.50   -2.55    0.00
--> Name of file number  11:                                                     
md_2_0518_0482.en      1    949 0.518000  -89.83    0.00    0.00    0.00    0.00  -65.97  -23.86    4.70    1.12  -67.04  -16.29   -3.63   -8.68    0.00
md_2_0518_0482.en      2    949 0.482000  -75.71    0.00    0.00    0.00    0.00  -66.84   -8.88    3.38    0.95  -66.49   -7.29   -3.73   -2.53    0.00
--> Name of file number  12:                                                     
md_2_0484_0516.en      1    949 0.484000  -89.12    0.00    0.00    0.00    0.00  -66.62  -22.51    5.43    1.53  -70.56  -16.14   -1.49   -7.90    0.00
md_2_0484_0516.en      2    949 0.516000  -75.76    0.00    0.00    0.00    0.00  -67.50   -8.26    3.99    0.99  -69.79   -7.04   -1.70   -2.22    0.00
--> Name of file number  13:                                                     
md_2_0452_0548.en      1    949 0.452000  -88.83    0.00    0.00    0.00    0.00  -65.20  -23.63    5.40    1.25  -68.98  -15.89   -1.61   -9.00    0.00
md_2_0452_0548.en      2    949 0.548000  -74.86    0.00    0.00    0.00    0.00  -66.05   -8.81    3.96    0.88  -68.36   -7.09   -1.64   -2.61    0.00
--> Name of file number  14:                                                     
md_2_0422_0578.en      1    949 0.422000  -87.83    0.00    0.00    0.00    0.00  -66.68  -21.15    5.54    1.52  -68.68  -13.89   -3.54   -8.79    0.00
md_2_0422_0578.en      2    949 0.578000  -75.92    0.00    0.00    0.00    0.00  -67.51   -8.41    4.06    1.00  -67.97   -6.76   -3.60   -2.65    0.00
--> Name of file number  15:                                                     
md_2_0394_0606.en      1    949 0.394000  -86.13    0.00    0.00    0.00    0.00  -64.70  -21.43    4.37    1.64  -66.37  -14.77   -2.71   -8.30    0.00
md_2_0394_0606.en      2    949 0.606000  -74.05    0.00    0.00    0.00    0.00  -65.56   -8.49    3.13    1.05  -65.80   -7.20   -2.90   -2.34    0.00
--> Name of file number  16:                                                     
md_2_0368_0632.en      1    949 0.368000  -86.98    0.00    0.00    0.00    0.00  -65.50  -21.47    5.15    1.41  -68.88  -13.81   -1.76   -9.07    0.00
md_2_0368_0632.en      2    949 0.632000  -75.02    0.00    0.00    0.00    0.00  -66.34   -8.68    3.77    0.90  -68.23   -6.81   -1.87   -2.77    0.00
--> Name of file number  17:                                                     
md_2_0343_0657.en      1    949 0.343000  -85.97    0.00    0.00    0.00    0.00  -65.01  -20.96    5.03    1.54  -68.55  -14.05   -1.50   -8.45    0.00
md_2_0343_0657.en      2    949 0.657000  -75.04    0.00    0.00    0.00    0.00  -65.83   -9.21    3.66    0.89  -67.82   -7.22   -1.67   -2.87    0.00
--> Name of file number  18:                                                     
md_2_0319_0681.en      1    949 0.319000  -84.55    0.00    0.00    0.00    0.00  -66.07  -18.48    5.53    1.87  -69.49  -13.60   -2.11   -6.76    0.00
md_2_0319_0681.en      2    949 0.681000  -75.10    0.00    0.00    0.00    0.00  -66.88   -8.21    4.07    0.88  -68.58   -6.42   -2.38   -2.68    0.00
--> Name of file number  19:                                                     
md_2_0297_0703.en      1    949 0.297000  -85.73    0.00    0.00    0.00    0.00  -67.72  -18.01    4.76    2.07  -67.86  -12.89   -4.61   -7.19    0.00
md_2_0297_0703.en      2    949 0.703000  -76.08    0.00    0.00    0.00    0.00  -68.56   -7.52    3.43    0.98  -66.99   -6.17   -5.00   -2.32    0.00
--> Name of file number  20:                                                     
md_2_0276_0724.en      1    949 0.276000  -85.09    0.00    0.00    0.00    0.00  -68.38  -16.71    5.92    2.13  -70.84  -11.80   -3.46   -7.04    0.00
md_2_0276_0724.en      2    949 0.724000  -76.50    0.00    0.00    0.00    0.00  -69.26   -7.24    4.43    0.96  -69.87   -5.32   -3.82   -2.88    0.00
--> Name of file number  21:                                                     
md_2_0257_0743.en      1    949 0.257000  -82.99    0.00    0.00    0.00    0.00  -67.61  -15.38    6.47    1.99  -72.76  -11.84   -1.32   -5.53    0.00
md_2_0257_0743.en      2    949 0.743000  -75.79    0.00    0.00    0.00    0.00  -68.53   -7.26    4.86    1.03  -71.75   -5.34   -1.64   -2.95    0.00
--> Name of file number  22:                                                     
md_2_0239_0761.en      1    949 0.239000  -83.34    0.00    0.00    0.00    0.00  -67.13  -16.21    6.22    1.96  -71.41  -12.32   -1.93   -5.84    0.00
md_2_0239_0761.en      2    949 0.761000  -76.09    0.00    0.00    0.00    0.00  -68.04   -8.04    4.63    0.96  -70.65   -5.87   -2.02   -3.13    0.00
--> Name of file number  23:                                                     
md_2_0221_0779.en      1    949 0.221000  -81.68    0.00    0.00    0.00    0.00  -67.51  -14.17    6.22    2.10  -72.36  -10.81   -1.37   -5.46    0.00
md_2_0221_0779.en      2    949 0.779000  -76.00    0.00    0.00    0.00    0.00  -68.46   -7.53    4.66    0.94  -71.48   -5.23   -1.65   -3.24    0.00
--> Name of file number  24:                                                     
md_2_0205_0795.en      1    949 0.205000  -79.57    0.00    0.00    0.00    0.00  -65.63  -13.94    5.86    2.85  -70.03  -10.82   -1.46   -5.97    0.00
md_2_0205_0795.en      2    949 0.795000  -74.31    0.00    0.00    0.00    0.00  -66.49   -7.83    4.35    0.97  -68.95   -5.45   -1.89   -3.34    0.00
--> Name of file number  25:                                                     
md_2_0190_0810.en      1    949 0.190000  -79.48    0.00    0.00    0.00    0.00  -66.87  -12.62    6.12    2.10  -70.96  -10.31   -2.03   -4.40    0.00
md_2_0190_0810.en      2    949 0.810000  -75.83    0.00    0.00    0.00    0.00  -67.80   -8.03    4.56    0.94  -70.05   -5.70   -2.30   -3.26    0.00
--> Name of file number  26:                                                     
md_2_0175_0825.en      1    949 0.175000  -80.06    0.00    0.00    0.00    0.00  -67.79  -12.27    6.61    2.29  -72.05   -9.76   -2.34   -4.81    0.00
md_2_0175_0825.en      2    949 0.825000  -76.24    0.00    0.00    0.00    0.00  -68.71   -7.53    4.96    1.01  -70.99   -5.28   -2.67   -3.27    0.00
--> Name of file number  27:                                                     
md_2_0162_0838.en      1    949 0.162000  -77.20    0.00    0.00    0.00    0.00  -67.48   -9.72    6.42    2.15  -68.77   -8.99   -5.14   -2.89    0.00
md_2_0162_0838.en      2    949 0.838000  -76.44    0.00    0.00    0.00    0.00  -68.39   -8.05    4.79    0.94  -67.78   -5.69   -5.40   -3.30    0.00
--> Name of file number  28:                                                     
md_2_0149_0851.en      1    949 0.149000  -74.17    0.00    0.00    0.00    0.00  -66.50   -7.67    5.48    2.83  -65.62   -9.71   -6.37   -0.79    0.00
md_2_0149_0851.en      2    949 0.851000  -74.55    0.00    0.00    0.00    0.00  -67.29   -7.26    4.03    1.18  -64.62   -5.62   -6.69   -2.82    0.00
--> Name of file number  29:                                                     
md_2_0137_0863.en      1    949 0.137000  -75.78    0.00    0.00    0.00    0.00  -67.39   -8.39    6.05    3.07  -68.31   -9.20   -5.13   -2.26    0.00
md_2_0137_0863.en      2    949 0.863000  -75.04    0.00    0.00    0.00    0.00  -68.24   -6.80    4.51    0.97  -67.29   -5.06   -5.46   -2.72    0.00
--> Name of file number  30:                                                     
md_2_0126_0874.en      1    949 0.126000  -75.51    0.00    0.00    0.00    0.00  -67.71   -7.79    6.17    2.18  -68.54   -7.78   -5.34   -2.19    0.00
md_2_0126_0874.en      2    949 0.874000  -76.32    0.00    0.00    0.00    0.00  -68.58   -7.74    4.59    0.97  -67.65   -5.44   -5.52   -3.28    0.00
--> Name of file number  31:                                                     
md_2_0115_0885.en      1    949 0.115000  -69.77    0.00    0.00    0.00    0.00  -67.61   -2.16    6.36    2.56  -69.83   -5.57   -4.14    0.84    0.00
md_2_0115_0885.en      2    949 0.885000  -76.07    0.00    0.00    0.00    0.00  -68.54   -7.53    4.77    0.87  -69.00   -4.81   -4.32   -3.58    0.00
--> Name of file number  32:                                                     
md_2_0105_0895.en      1    949 0.105000  -74.05    0.00    0.00    0.00    0.00  -70.94   -3.11    5.92    2.02  -68.15   -7.00   -8.71    1.87    0.00
md_2_0105_0895.en      2    949 0.895000  -79.26    0.00    0.00    0.00    0.00  -71.79   -7.47    4.39    0.89  -67.37   -5.26   -8.82   -3.10    0.00
--> Name of file number  33:                                                     
md_2_0096_0904.en      1    949 0.096000  -74.16    0.00    0.00    0.00    0.00  -72.46   -1.70    6.18    2.72  -67.83   -6.30  -10.82    1.89    0.00
md_2_0096_0904.en      2    949 0.904000  -79.66    0.00    0.00    0.00    0.00  -73.31   -6.35    4.60    0.95  -67.04   -4.74  -10.86   -2.56    0.00
--> Name of file number  34:                                                     
md_2_0087_0913.en      1    949 0.087000  -74.84    0.00    0.00    0.00    0.00  -71.49   -3.35    6.21    2.44  -68.10   -5.65   -9.60   -0.14    0.00
md_2_0087_0913.en      2    949 0.913000  -78.76    0.00    0.00    0.00    0.00  -72.35   -6.41    4.61    0.95  -67.21   -4.67   -9.75   -2.69    0.00
--> Name of file number  35:                                                     
md_2_0079_0921.en      1    949 0.079000  -56.46    0.00    0.00    0.00    0.00  -68.17   11.70    6.27    2.34  -66.93   -1.76   -7.51   11.12    0.00
md_2_0079_0921.en      2    949 0.921000  -76.69    0.00    0.00    0.00    0.00  -69.05   -7.65    4.66    0.99  -66.05   -5.14   -7.66   -3.50    0.00
--> Name of file number  36:                                                     
md_2_0071_0929.en      1    949 0.071000  -56.70    0.00    0.00    0.00    0.00  -68.27   11.57    5.83    5.00  -67.60   -2.47   -6.51    9.04    0.00
md_2_0071_0929.en      2    949 0.929000  -76.47    0.00    0.00    0.00    0.00  -69.15   -7.33    4.31    0.93  -66.96   -5.11   -6.50   -3.14    0.00
--> Name of file number  37:                                                     
md_2_0064_0936.en      1    949 0.064000  -51.65    0.00    0.00    0.00    0.00  -65.47   13.82    4.51    4.24  -63.95   -1.84   -6.03   11.42    0.00
md_2_0064_0936.en      2    949 0.936000  -74.53    0.00    0.00    0.00    0.00  -66.44   -8.09    3.20    1.10  -63.66   -6.07   -5.97   -3.12    0.00
--> Name of file number  38:                                                     
md_2_0057_0943.en      1    949 0.057000  -59.33    0.00    0.00    0.00    0.00  -66.45    7.13    4.34    3.24  -64.23   -3.96   -6.56    7.85    0.00
md_2_0057_0943.en      2    949 0.943000  -75.51    0.00    0.00    0.00    0.00  -67.35   -8.16    3.08    1.10  -63.90   -5.81   -6.53   -3.45    0.00
--> Name of file number  39:                                                     
md_2_0050_0950.en      1    949 0.050000  -41.31    0.00    0.00    0.00    0.00  -69.04   27.73    4.73    2.55  -63.83   -2.96   -9.94   28.14    0.00
md_2_0050_0950.en      2    949 0.950000  -77.46    0.00    0.00    0.00    0.00  -69.98   -7.48    3.45    0.92  -63.24   -5.60  -10.19   -2.80    0.00
--> Name of file number  40:                                                     
md_2_0044_0956.en      1    949 0.044000  -16.46    0.00    0.00    0.00    0.00  -70.83   54.37    5.33    2.66  -64.57    1.31  -11.59   50.40    0.00
md_2_0044_0956.en      2    949 0.956000  -78.64    0.00    0.00    0.00    0.00  -71.84   -6.80    3.93    0.91  -63.90   -4.82  -11.86   -2.90    0.00
--> Name of file number  41:                                                     
md_2_0039_0961.en      1    949 0.039000  -26.38    0.00    0.00    0.00    0.00  -66.57   40.19    5.37    2.64  -63.98    6.62   -7.95   30.93    0.00
md_2_0039_0961.en      2    949 0.961000  -75.28    0.00    0.00    0.00    0.00  -67.55   -7.73    3.93    1.00  -63.14   -5.18   -8.34   -3.55    0.00
--> Name of file number  42:                                                     
md_2_0033_0967.en      1    949 0.033000   -2.17    0.00    0.00    0.00    0.00  -70.80   68.63    6.31    3.52  -65.40    9.16  -11.71   55.94    0.00
md_2_0033_0967.en      2    949 0.967000  -78.34    0.00    0.00    0.00    0.00  -71.65   -6.69    4.69    0.95  -64.40   -4.72  -11.94   -2.92    0.00
--> Name of file number  43:                                                     
md_2_0028_0972.en      1    949 0.028000   -7.18    0.00    0.00    0.00    0.00  -69.54   62.35    6.19    6.16  -66.04    1.19   -9.68   55.01    0.00
md_2_0028_0972.en      2    949 0.972000  -77.62    0.00    0.00    0.00    0.00  -70.48   -7.15    4.61    0.92  -65.07   -5.04  -10.02   -3.03    0.00
--> Name of file number  44:                                                     
md_2_0023_0977.en      1    949 0.023000   -2.60    0.00    0.00    0.00    0.00  -69.76   67.16    6.57    5.85  -66.85   15.08   -9.48   46.23    0.00
md_2_0023_0977.en      2    949 0.977000  -77.20    0.00    0.00    0.00    0.00  -70.67   -6.53    4.92    0.99  -65.78   -4.55   -9.81   -2.97    0.00
--> Name of file number  45:                                                     
md_2_0019_0981.en      1    949 0.019000   16.02    0.00    0.00    0.00    0.00  -71.31   87.34    6.17    2.51  -66.14   24.23  -11.34   60.60    0.00
md_2_0019_0981.en      2    949 0.981000  -79.17    0.00    0.00    0.00    0.00  -72.25   -6.92    4.58    0.97  -65.20   -5.04  -11.63   -2.86    0.00
--> Name of file number  46:                                                     
md_2_0015_0985.en      1    949 0.015000   57.17    0.00    0.00    0.00    0.00  -70.06  127.23    6.12    3.89  -65.55   56.44  -10.63   66.89    0.00
md_2_0015_0985.en      2    949 0.985000  -78.50    0.00    0.00    0.00    0.00  -70.91   -7.60    4.52    1.00  -64.46   -5.15  -10.97   -3.45    0.00
--> Name of file number  47:                                                     
md_2_0011_0989.en      1    949 0.011000   66.79    0.00    0.00    0.00    0.00  -70.49  137.28    6.30    4.65  -66.53   31.03  -10.26  101.60    0.00
md_2_0011_0989.en      2    949 0.989000  -78.47    0.00    0.00    0.00    0.00  -71.42   -7.05    4.68    0.96  -65.38   -4.94  -10.72   -3.06    0.00
--> Name of file number  48:                                                     
md_2_0007_0993.en      1    949 0.007000   66.72    0.00    0.00    0.00    0.00  -69.47  136.18    6.45    6.11  -66.82    5.66   -9.09  124.41    0.00
md_2_0007_0993.en      2    949 0.993000  -77.72    0.00    0.00    0.00    0.00  -70.48   -7.25    4.79    1.06  -65.57   -4.48   -9.70   -3.82    0.00
--> Name of file number  49:                                                     
md_2_0003_0997.en      1    949 0.003000  207.31    0.00    0.00    0.00    0.00  -69.75  277.06    6.25   20.30  -65.18  174.06  -10.82   82.70    0.00
md_2_0003_0997.en      2    949 0.997000  -78.29    0.00    0.00    0.00    0.00  -70.70   -7.59    4.64    0.95  -64.05   -4.98  -11.29   -3.57    0.00
--> Name of file number  50:                                                     
md_2_0000_1000.en      1    949 0.000000  276.78    0.00    0.00    0.00    0.00  -69.54  346.32    5.85   13.52  -64.69  297.47  -10.70   35.32    0.00
md_2_0000_1000.en      2    949 1.000000  -77.63    0.00    0.00    0.00    0.00  -70.42   -7.21    4.32    0.98  -63.85   -5.16  -10.89   -3.03    0.00


# Part 1: Free energy perturbation summary:
# lambda(1)      dGf sum(dGf)      dGr sum(dGr)     <dG>
   1.000000    0.000    0.000   -1.029   -4.604    0.000
   0.938000    1.048    1.048   -0.980   -3.575    1.038
   0.879000    0.966    2.013   -0.886   -2.595    2.011
   0.823000    0.915    2.928   -0.842   -1.709    2.912
   0.771000    0.812    3.740   -0.782   -0.866    3.739
   0.722000    0.777    4.517   -0.721   -0.084    4.519
   0.676000    0.719    5.237   -0.667    0.636    5.239
   0.633000    0.661    5.898   -0.596    1.303    5.903
   0.592000    0.623    6.521   -0.570    1.899    6.512
   0.554000    0.537    7.059   -0.515    2.470    7.066
   0.518000    0.531    7.590   -0.461    2.984    7.589
   0.484000    0.473    8.063   -0.452    3.445    8.056
   0.452000    0.421    8.484   -0.363    3.897    8.493
   0.422000    0.415    8.899   -0.345    4.261    8.882
   0.394000    0.328    9.227   -0.317    4.605    9.218
   0.368000    0.308    9.535   -0.279    4.922    9.531
   0.343000    0.293    9.828   -0.234    5.201    9.817
   0.319000    0.257   10.085   -0.219    5.434   10.062
   0.297000    0.202   10.287   -0.187    5.653   10.272
   0.276000    0.196   10.483   -0.143    5.840   10.464
   0.257000    0.158   10.641   -0.138    5.982   10.614
   0.239000    0.123   10.764   -0.113    6.120   10.744
   0.221000    0.122   10.887   -0.092    6.233   10.862
   0.205000    0.082   10.969   -0.062    6.325   10.949
   0.190000    0.071   11.039   -0.065    6.387   11.015
   0.175000    0.047   11.086   -0.020    6.452   11.072
   0.162000    0.043   11.130   -0.005    6.472   11.103
   0.149000   -0.001   11.129   -0.018    6.477   11.105
   0.137000   -0.014   11.114    0.002    6.495   11.107
   0.126000   -0.000   11.114    0.057    6.493   11.106
   0.115000   -0.017   11.097    0.040    6.436   11.069
   0.105000   -0.074   11.022    0.040    6.396   11.011
   0.096000   -0.058   10.964    0.027    6.356   10.962
   0.087000   -0.060   10.904    0.144    6.329   10.919
   0.079000   -0.038   10.866    0.143    6.186   10.828
   0.071000   -0.183   10.683    0.147    6.042   10.665
   0.064000   -0.151   10.533    0.104    5.896   10.516
   0.057000   -0.175   10.358    0.223    5.792   10.377
   0.050000   -0.124   10.234    0.335    5.569   10.204
   0.044000   -0.244    9.990    0.228    5.234    9.914
   0.039000   -0.341    9.649    0.425    5.006    9.630
   0.033000   -0.320    9.329    0.322    4.581    9.257
   0.028000   -0.405    8.923    0.339    4.259    8.893
   0.023000   -0.386    8.537    0.359    3.920    8.531
   0.019000   -0.324    8.213    0.511    3.561    8.189
   0.015000   -0.408    7.805    0.541    3.050    7.730
   0.011000   -0.577    7.229    0.565    2.509    7.171
   0.007000   -0.635    6.594    1.036    1.944    6.571
   0.003000   -0.590    6.004    0.907    0.907    5.758
   0.000000   -0.932    5.072    0.000    0.000    4.838

# Min energy-gap is:   -100.50
# Max energy-gap is:   1194.37


# Part 2: Reaction free energy summary:
# Lambda(1)  bin Energy gap      dGa     dGb     dGg    # pts    c1**2    c2**2
   1.000000    1     -87.55     0.00    14.40    -0.00    949    0.000    0.000
   0.938000    1     -87.55     0.01    14.37     0.01    949    0.000    0.000
   0.879000    1     -87.55    -0.02    14.01    -0.02    949    0.000    0.000
   0.823000    1     -87.55     0.07    14.01     0.07    949    0.000    0.000
   0.771000    1     -87.55    -0.08    13.68    -0.08    949    0.000    0.000
   0.722000    1     -87.55    -0.08    13.22    -0.08    949    0.000    0.000
   0.676000    1     -87.55    -0.06    13.21    -0.06    949    0.000    0.000
   0.633000    1     -87.55    -0.13    13.85    -0.13    949    0.000    0.000
   0.592000    1     -87.55     0.05    11.86     0.05    949    0.000    0.000
   0.554000    1     -87.55    -0.08    13.77    -0.08    949    0.000    0.000
   0.518000    1     -87.55    -0.10    13.24    -0.10    949    0.000    0.000
   0.484000    1     -87.55     0.15    12.81     0.15    949    0.000    0.000
   0.452000    1     -87.55    -0.18    13.23    -0.18    949    0.000    0.000
   0.422000    1     -87.55     0.60    12.07     0.60    949    0.000    0.000
   0.394000    1     -87.55     0.29    12.28     0.29    948    0.000    0.000
   0.368000    1     -87.55     0.10    12.30     0.10    946    0.000    0.000
   0.343000    1     -87.55     0.50    12.34     0.50    943    0.000    0.000
   0.319000    1     -87.55     0.90    11.83     0.90    928    0.000    0.000
   0.297000    1     -87.55     0.48    11.91     0.48    927    0.000    0.000
   0.276000    1     -87.55     0.93    11.98     0.93    920    0.000    0.000
   0.257000    1     -87.55     0.99    11.82     0.99    885    0.000    0.000
   0.257000    2     -61.65    10.04     8.97     8.88     64    0.000    0.000
   0.239000    1     -87.55     0.22    11.84     0.22    878    0.000    0.000
   0.239000    2     -61.65     9.05     8.47     8.28     71    0.000    0.000
   0.221000    1     -87.55     0.48    11.79     0.48    812    0.000    0.000
   0.221000    2     -61.65     8.91     8.48     8.25    137    0.000    0.000
   0.205000    1     -87.55     0.34    12.03     0.34    749    0.000    0.000
   0.205000    2     -61.65     8.16     8.46     7.88    200    0.000    0.000
   0.190000    1     -87.55     0.95    11.62     0.95    725    0.000    0.000
   0.190000    2     -61.65     9.40     9.53     9.05    223    0.000    0.000
   0.175000    1     -87.55     1.48    11.73     1.48    762    0.000    0.000
   0.175000    2     -61.65     9.73     8.91     8.78    187    0.000    0.000
   0.162000    1     -87.55     0.35    11.56     0.35    643    0.000    0.000
   0.162000    2     -61.65    12.03     8.54     8.54    299    0.000    0.000
   0.149000    1     -87.55     0.27    11.66     0.27    512    0.000    0.000
   0.149000    2     -61.65    10.16     9.34     9.21    422    0.000    0.000
   0.137000    1     -87.55     0.12    11.71     0.12    606    0.000    0.000
   0.137000    2     -61.65     9.97     9.31     9.15    331    0.000    0.000
   0.126000    1     -87.55     0.84    11.49     0.84    562    0.000    0.000
   0.126000    2     -61.65    10.41     9.29     9.21    377    0.000    0.000
   0.115000    1     -87.55     0.64    11.37     0.64    357    0.000    0.000
   0.115000    2     -61.65    12.63     9.17     9.16    541    0.000    0.000
   0.115000    3     -35.76    34.59     6.87     6.87     51    0.000    0.000
   0.105000    1     -87.55     1.06    11.09     1.06    570    0.000    0.000
   0.105000    2     -61.65    14.60     9.01     9.01    331    0.000    0.000
   0.096000    1     -87.55     0.10    11.06     0.10    527    0.000    0.000
   0.096000    2     -61.65    14.63     9.24     9.24    377    0.000    0.000
   0.087000    1     -87.55     0.62    11.13     0.62    526    0.000    0.000
   0.087000    2     -61.65    12.45     9.48     9.48    398    0.000    0.000
   0.079000    1     -87.55     1.95    10.92     1.95    178    0.000    0.000
   0.079000    2     -61.65    12.19     9.44     9.44    458    0.000    0.000
   0.079000    3     -35.76    34.78     7.55     7.55    260    0.000    0.000
   0.071000    1     -87.55    -0.97    10.80    -0.97    157    0.000    0.000
   0.071000    2     -61.65     9.70     9.33     9.08    505    0.000    0.000
   0.071000    3     -35.76    34.18     7.71     7.71    267    0.000    0.000
   0.064000    1     -87.55     1.52    10.76     1.52     86    0.000    0.000
   0.064000    2     -61.65    11.45     9.47     9.45    494    0.000    0.000
   0.064000    3     -35.76    32.99     8.04     8.04    289    0.000    0.000
   0.064000    4      -9.86    59.48     6.41     6.41     76    0.000    0.000
   0.057000    1     -87.55    -0.23    10.53    -0.23    172    0.000    0.000
   0.057000    2     -61.65     7.07     9.46     7.06    551    0.000    0.000
   0.057000    3     -35.76    34.82     8.18     8.18    208    0.000    0.000
   0.050000    1     -87.55    -0.47    10.23    -0.47     72    0.000    0.000
   0.050000    2     -61.65    14.37     9.19     9.19    416    0.000    0.000
   0.050000    3     -35.76    36.81     8.06     8.06    253    0.000    0.000
   0.050000    4      -9.86    61.60     6.81     6.81    111    0.000    0.000
   0.050000    5      16.04    84.01     5.59     5.59     61    0.000    0.000
   0.044000    2     -61.65    13.30     8.94     8.94    175    0.000    0.000
   0.044000    3     -35.76    38.29     7.95     7.95    310    0.000    0.000
   0.044000    4      -9.86    63.41     6.81     6.81    176    0.000    0.000
   0.044000    5      16.04    87.73     5.72     5.72    139    0.000    0.000
   0.044000    6      41.93   115.11     4.53     4.53     94    0.000    0.000
   0.039000    2     -61.65    11.84     8.94     8.94    180    0.000    0.000
   0.039000    3     -35.76    36.04     8.04     8.04    334    0.000    0.000
   0.039000    4      -9.86    55.93     7.07     7.07    270    0.000    0.000
   0.039000    5      16.04    85.84     6.00     6.00     80    0.000    0.000
   0.039000    6      41.93   111.27     5.11     5.11     54    0.000    0.000
   0.033000    2     -61.65    18.93     8.48     8.48     63    0.000    0.000
   0.033000    3     -35.76    38.28     7.81     7.81    203    0.000    0.000
   0.033000    4      -9.86    60.24     6.89     6.89    310    0.000    0.000
   0.033000    5      16.04    85.50     6.13     6.13    214    0.000    0.000
   0.033000    6      41.93   114.00     5.30     5.30    107    0.000    0.000
   0.028000    2     -61.65    12.83     8.29     8.29    128    0.000    0.000
   0.028000    3     -35.76    36.71     7.64     7.64    269    0.000    0.000
   0.028000    4      -9.86    62.43     6.99     6.99    204    0.000    0.000
   0.028000    5      16.04    87.55     6.22     6.22    147    0.000    0.000
   0.028000    6      41.93   111.75     5.51     5.51    109    0.000    0.000
   0.028000    7      67.83   137.17     4.85     4.85     69    0.000    0.000
   0.023000    2     -61.65    15.75     8.11     8.11    108    0.000    0.000
   0.023000    3     -35.76    36.89     7.51     7.51    203    0.000    0.000
   0.023000    4      -9.86    59.95     6.97     6.97    264    0.000    0.000
   0.023000    5      16.04    83.61     6.36     6.36    173    0.000    0.000
   0.023000    6      41.93   112.36     5.82     5.82    102    0.000    0.000
   0.023000    7      67.83   135.71     5.26     5.26     57    0.000    0.000
   0.019000    3     -35.76    36.78     7.30     7.30    111    0.000    0.000
   0.019000    4      -9.86    62.82     6.83     6.83    223    0.000    0.000
   0.019000    5      16.04    89.39     6.37     6.37    250    0.000    0.000
   0.019000    6      41.93   112.82     5.90     5.90    178    0.000    0.000
   0.019000    7      67.83   139.52     5.42     5.42     99    0.000    0.000
   0.015000    4      -9.86    65.77     6.67     6.67    104    0.000    0.000
   0.015000    5      16.04    88.75     6.28     6.28    114    0.000    0.000
   0.015000    6      41.93   113.03     5.87     5.87    200    0.000    0.000
   0.015000    7      67.83   136.48     5.53     5.53    222    0.000    0.000
   0.015000    8      93.73   161.59     5.17     5.17    123    0.000    0.000
   0.015000    9     119.63   191.43     4.75     4.75     66    0.000    0.000
   0.011000    4      -9.86    63.76     6.39     6.39     77    0.000    0.000
   0.011000    5      16.04    85.09     6.12     6.12    116    0.000    0.000
   0.011000    6      41.93   108.14     5.81     5.81    196    0.000    0.000
   0.011000    7      67.83   138.89     5.57     5.57    212    0.000    0.000
   0.011000    8      93.73   162.12     5.29     5.29    147    0.000    0.000
   0.011000    9     119.63   188.30     5.03     5.03     79    0.000    0.000
   0.007000    5      16.04    88.18     5.91     5.91     82    0.000    0.000
   0.007000    6      41.93   113.92     5.71     5.71    201    0.000    0.000
   0.007000    7      67.83   138.44     5.55     5.55    358    0.000    0.000
   0.007000    8      93.73   163.09     5.38     5.38    198    0.000    0.000
   0.007000    9     119.63   188.90     5.22     5.22     68    0.000    0.000
   0.003000    8      93.73   161.55     5.24     5.24    100    0.000    0.000
   0.003000    9     119.63   189.92     5.16     5.16     90    0.000    0.000
   0.003000   10     145.52   214.83     5.09     5.09    138    0.000    0.000
   0.003000   11     171.42   240.04     5.02     5.02     98    0.000    0.000
   0.003000   12     197.32   268.87     4.93     4.93     62    0.000    0.000
   0.003000   13     223.22   293.91     4.85     4.85     88    0.000    0.000
   0.003000   14     249.11   319.58     4.77     4.77     71    0.000    0.000
   0.003000   15     275.01   343.91     4.70     4.70     81    0.000    0.000
   0.003000   16     300.91   368.36     4.63     4.63     50    0.000    0.000
   0.000000    7      67.83   138.16     4.84     4.84     90    0.000    0.000
   0.000000    8      93.73   164.30     4.84     4.84     79    0.000    0.000
   0.000000   17     326.81   394.02     4.84     4.84     77    0.000    0.000
   0.000000   18     352.70   423.54     4.84     4.84     90    0.000    0.000
   0.000000   19     378.60   450.38     4.84     4.84    105    0.000    0.000
   0.000000   20     404.50   472.87     4.84     4.84     85    0.000    0.000
   0.000000   21     430.40   498.54     4.84     4.84     70    0.000    0.000
   0.000000   22     456.29   527.10     4.84     4.84     54    0.000    0.000


# Part 3: Bin-averaged summary:
# bin  energy gap  <dGg> <dGg norm> pts  <c1**2> <c2**2> <r_xy>
   1    -87.55     0.31     0.31  28677   0.000   0.000   0.000
   2    -61.65     8.90     8.90   7036   0.000   0.000   0.000
   3    -35.76     7.82     7.82   2758   0.000   0.000   0.000
   4     -9.86     6.87     6.87   1815   0.000   0.000   0.000
   5     16.04     6.14     6.14   1376   0.000   0.000   0.000
   6     41.93     5.62     5.62   1241   0.000   0.000   0.000
   7     67.83     5.42     5.42   1107   0.000   0.000   0.000
   8     93.73     5.23     5.23    647   0.000   0.000   0.000
   9    119.63     5.05     5.05    303   0.000   0.000   0.000
  10    145.52     5.09     5.09    138   0.000   0.000   0.000
  11    171.42     5.02     5.02     98   0.000   0.000   0.000
  12    197.32     4.93     4.93     62   0.000   0.000   0.000
  13    223.22     4.85     4.85     88   0.000   0.000   0.000
  14    249.11     4.77     4.77     71   0.000   0.000   0.000
  15    275.01     4.70     4.70     81   0.000   0.000   0.000
  16    300.91     4.63     4.63     50   0.000   0.000   0.000
  17    326.81     4.84     4.84     77   0.000   0.000   0.000
  18    352.70     4.84     4.84     90   0.000   0.000   0.000
  19    378.60     4.84     4.84    105   0.000   0.000   0.000
  20    404.50     4.84     4.84     85   0.000   0.000   0.000
  21    430.40     4.84     4.84     70   0.000   0.000   0.000
  22    456.29     4.84     4.84     54   0.000   0.000   0.000


# Part 4: Termodynamic integration:
# lambda(1)      dGti    sum(dGti) 
   1.000000    0.000    0.000
   0.938000   17.010    1.038
   0.879000   16.483    2.010
   0.823000   16.472    2.912
   0.771000   15.721    3.737
   0.722000   16.032    4.517
   0.676000   15.801    5.238
   0.633000   15.522    5.902
   0.592000   15.360    6.511
   0.554000   14.335    7.066
   0.518000   14.884    7.588
   0.484000   14.112    8.055
   0.452000   13.357    8.492
   0.422000   13.972    8.880
   0.394000   11.911    9.216
   0.368000   12.085    9.529
   0.343000   11.959    9.815
   0.319000   10.934   10.059
   0.297000    9.453   10.270
   0.276000    9.650   10.461
   0.257000    8.587   10.611
   0.239000    7.193   10.741
   0.221000    7.249   10.857
   0.205000    5.689   10.945
   0.190000    5.254   11.012
   0.175000    3.657   11.068
   0.162000    3.821   11.098
   0.149000    0.762   11.100
   0.137000   -0.381   11.102
   0.126000    0.736   11.102
   0.115000   -0.814   11.063
   0.105000   -6.303   11.005
   0.096000   -5.204   10.957
   0.087000   -5.494   10.915
   0.079000   -3.924   10.818
   0.071000  -20.232   10.658
   0.064000  -19.776   10.509
   0.057000  -22.877   10.372
   0.050000  -16.185   10.189
   0.044000  -36.151    9.894
   0.039000  -62.182    9.616
   0.033000  -48.900    9.241
   0.028000  -76.165    8.874
   0.023000  -70.440    8.512
   0.019000  -74.604    8.172
   0.015000  -95.197    7.710
   0.011000 -135.668    7.149
   0.007000 -145.255    6.569
   0.003000 -144.439    5.709
   0.000000 -285.608    4.749


# Part 5: Overlap sampling Lu et al:
# lambda(1)      dG    sum(dG) 
   1.000000    0.000    0.000
   0.938000    1.038    1.038
   0.879000    0.973    2.011
   0.823000    0.901    2.912
   0.771000    0.826    3.738
   0.722000    0.780    4.518
   0.676000    0.720    5.239
   0.633000    0.664    5.903
   0.592000    0.609    6.512
   0.554000    0.555    7.066
   0.518000    0.523    7.589
   0.484000    0.467    8.056
   0.452000    0.437    8.493
   0.422000    0.389    8.882
   0.394000    0.336    9.218
   0.368000    0.313    9.530
   0.343000    0.286    9.817
   0.319000    0.245   10.062
   0.297000    0.210   10.272
   0.276000    0.192   10.463
   0.257000    0.150   10.614
   0.239000    0.130   10.744
   0.221000    0.117   10.861
   0.205000    0.087   10.948
   0.190000    0.067   11.015
   0.175000    0.056   11.071
   0.162000    0.031   11.102
   0.149000    0.002   11.104
   0.137000    0.002   11.106
   0.126000   -0.001   11.106
   0.115000   -0.038   11.068
   0.105000   -0.057   11.011
   0.096000   -0.048   10.962
   0.087000   -0.043   10.920
   0.079000   -0.094   10.826
   0.071000   -0.161   10.665
   0.064000   -0.149   10.516
   0.057000   -0.138   10.378
   0.050000   -0.178   10.200
   0.044000   -0.292    9.909
   0.039000   -0.281    9.628
   0.033000   -0.374    9.254
   0.028000   -0.365    8.890
   0.023000   -0.362    8.528
   0.019000   -0.340    8.188
   0.015000   -0.460    7.727
   0.011000   -0.560    7.168
   0.007000   -0.589    6.579
   0.003000   -0.835    5.745
   0.000000   -0.938    4.806


# lambda(1)      dG    sum(dG) 
# Part 6: BAR Bennet:
   1.000000    0.000    0.000
   0.938000    1.038    1.038
   0.879000    0.972    2.011
   0.823000    0.901    2.912
   0.771000    0.826    3.738
   0.722000    0.780    4.518
   0.676000    0.721    5.238
   0.633000    0.664    5.903
   0.592000    0.609    6.511
   0.554000    0.555    7.067
   0.518000    0.522    7.589
   0.484000    0.467    8.056
   0.452000    0.437    8.493
   0.422000    0.388    8.881
   0.394000    0.336    9.218
   0.368000    0.313    9.530
   0.343000    0.286    9.816
   0.319000    0.245   10.061
   0.297000    0.210   10.272
   0.276000    0.192   10.463
   0.257000    0.150   10.613
   0.239000    0.130   10.743
   0.221000    0.117   10.860
   0.205000    0.088   10.948
   0.190000    0.067   11.015
   0.175000    0.056   11.071
   0.162000    0.030   11.101
   0.149000    0.003   11.104
   0.137000    0.002   11.106
   0.126000   -0.000   11.106
   0.115000   -0.039   11.067
   0.105000   -0.057   11.010
   0.096000   -0.048   10.962
   0.087000   -0.042   10.920
   0.079000   -0.096   10.824
   0.071000   -0.160   10.665
   0.064000   -0.149   10.516
   0.057000   -0.136   10.379
   0.050000   -0.182   10.198
   0.044000   -0.293    9.905
   0.039000   -0.277    9.628
   0.033000   -0.374    9.253
   0.028000   -0.366    8.888
   0.023000   -0.361    8.526
   0.019000   -0.339    8.188
   0.015000   -0.461    7.727
   0.011000   -0.560    7.167
   0.007000   -0.578    6.589
   0.003000   -0.846    5.743
   0.000000   -0.957    4.787
