--------------------------------------------------------------------------------
Welcome to qfep version: 6.0.1
 
This version was compiled using: GCC version 11.5.0 20240719 (Red Hat 11.5.0-2)
 
And using the following compiler options: 
-cpp -D G95=1 -mtune=generic -march=x86-64-v2 -O3 -Wall -Wtabs -std=legacy -funroll-loops -ffree-line-length-none -fcray-pointer -fall-intrinsics -fstack-protector -fpre-include=/usr/include/finclude/math-vector-fortran.h

 
For command line options type qfep --help  or qcalc -h at the terminal.
 
If you are using the interactive mode and want to quit type "quit" or Ctrl-C.
--------------------------------------------------------------------------------
--> Number of energy files: # Number of files                                  =    50
--> No. of states, no. of predefined off-diag elements: # Number of states     =     2
# Number of off-diagonal elements                                              =     0
--> Give kT & num. of pts to skip & calculation mode: # kT                     = 0.592
# Number of data points to skip                                                =    50
# Only QQ interactions will be considered                                      =     0
--> Give number of gap-bins: # Number of gap-bins                              =    50
--> Give minimum # pts/bin: # Minimum number of points per bin                 =    50
--> Give alpha for state  2                                                     # Alpha for state  2              =  0.00
--> Number of off-diagonal elements: # Number of off-diagonal elements         =     0
--> linear combination of states defining reaction coord: # Linear combination coefficients=    1.00    0.00


# Part 0: Average energies for all states in all files
# file             state   pts   lambda    EQtot   EQbond  EQang   EQtor   EQimp    EQel   EQvdW  Eel_qq  EvdW_qq Eel_qp  EvdW_qp Eel_qw EvdW_qw Eqrstr
--> Name of file number   1:                                                     
md_2_1000_0000.en      1    949 1.000000  -93.66    0.00    0.00    0.00    0.00  -67.60  -26.07    3.95    1.20  -61.22  -18.03  -10.32   -9.24    0.00
md_2_1000_0000.en      2    949 0.000000  -75.40    0.00    0.00    0.00    0.00  -68.29   -7.11    3.21    1.35  -60.83   -6.29  -10.67   -2.17    0.00
--> Name of file number   2:                                                     
md_2_0938_0062.en      1    949 0.938000  -93.06    0.00    0.00    0.00    0.00  -67.02  -26.04    4.04    1.22  -62.53  -18.28   -8.53   -8.98    0.00
md_2_0938_0062.en      2    949 0.062000  -75.23    0.00    0.00    0.00    0.00  -67.87   -7.36    3.23    1.20  -62.19   -6.36   -8.90   -2.21    0.00
--> Name of file number   3:                                                     
md_2_0879_0121.en      1    949 0.879000  -92.64    0.00    0.00    0.00    0.00  -66.95  -25.68    3.89    1.32  -60.33  -17.80  -10.51   -9.20    0.00
md_2_0879_0121.en      2    949 0.121000  -74.80    0.00    0.00    0.00    0.00  -67.72   -7.08    2.98    1.23  -59.66   -5.96  -11.05   -2.35    0.00
--> Name of file number   4:                                                     
md_2_0823_0177.en      1    949 0.823000  -92.98    0.00    0.00    0.00    0.00  -67.88  -25.09    3.80    1.80  -59.46  -18.25  -12.23   -8.65    0.00
md_2_0823_0177.en      2    949 0.177000  -75.49    0.00    0.00    0.00    0.00  -68.72   -6.78    3.05    1.37  -58.95   -6.11  -12.81   -2.04    0.00
--> Name of file number   5:                                                     
md_2_0771_0229.en      1    949 0.771000  -93.05    0.00    0.00    0.00    0.00  -67.93  -25.11    4.29    1.38  -62.35  -16.59   -9.87   -9.91    0.00
md_2_0771_0229.en      2    949 0.229000  -75.47    0.00    0.00    0.00    0.00  -68.66   -6.82    3.48    1.18  -61.83   -5.12  -10.31   -2.88    0.00
--> Name of file number   6:                                                     
md_2_0722_0278.en      1    949 0.722000  -92.65    0.00    0.00    0.00    0.00  -69.05  -23.60    5.03    1.40  -64.92  -15.02   -9.17   -9.98    0.00
md_2_0722_0278.en      2    949 0.278000  -76.10    0.00    0.00    0.00    0.00  -69.91   -6.19    4.23    1.22  -64.32   -4.58   -9.82   -2.83    0.00
--> Name of file number   7:                                                     
md_2_0676_0324.en      1    949 0.676000  -90.09    0.00    0.00    0.00    0.00  -68.20  -21.88    5.04    1.38  -65.47  -13.16   -7.77  -10.11    0.00
md_2_0676_0324.en      2    949 0.324000  -75.16    0.00    0.00    0.00    0.00  -69.11   -6.04    4.12    1.13  -64.82   -4.51   -8.42   -2.66    0.00
--> Name of file number   8:                                                     
md_2_0633_0367.en      1    949 0.633000  -89.94    0.00    0.00    0.00    0.00  -67.16  -22.77    4.86    1.40  -64.37  -14.47   -7.66   -9.70    0.00
md_2_0633_0367.en      2    949 0.367000  -74.91    0.00    0.00    0.00    0.00  -68.00   -6.91    3.93    1.19  -63.71   -5.25   -8.21   -2.85    0.00
--> Name of file number   9:                                                     
md_2_0592_0408.en      1    949 0.592000  -90.23    0.00    0.00    0.00    0.00  -68.17  -22.06    6.21    1.71  -68.06  -13.95   -6.32   -9.81    0.00
md_2_0592_0408.en      2    949 0.408000  -75.27    0.00    0.00    0.00    0.00  -69.07   -6.20    5.57    1.13  -67.82   -4.38   -6.81   -2.96    0.00
--> Name of file number  10:                                                     
md_2_0554_0446.en      1    949 0.554000  -90.16    0.00    0.00    0.00    0.00  -67.82  -22.34    5.89    1.56  -68.43  -14.07   -5.27   -9.83    0.00
md_2_0554_0446.en      2    949 0.446000  -75.57    0.00    0.00    0.00    0.00  -68.73   -6.84    5.08    1.03  -68.10   -4.83   -5.71   -3.03    0.00
--> Name of file number  11:                                                     
md_2_0518_0482.en      1    949 0.518000  -89.69    0.00    0.00    0.00    0.00  -66.61  -23.08    5.47    1.31  -67.78  -14.23   -4.30  -10.15    0.00
md_2_0518_0482.en      2    949 0.482000  -75.12    0.00    0.00    0.00    0.00  -67.55   -7.57    4.50    0.97  -67.42   -5.26   -4.64   -3.28    0.00
--> Name of file number  12:                                                     
md_2_0484_0516.en      1    949 0.484000  -87.89    0.00    0.00    0.00    0.00  -66.23  -21.65    5.42    1.47  -68.43  -14.07   -3.22   -9.05    0.00
md_2_0484_0516.en      2    949 0.516000  -74.42    0.00    0.00    0.00    0.00  -67.13   -7.28    4.38    0.96  -67.99   -5.29   -3.52   -2.95    0.00
--> Name of file number  13:                                                     
md_2_0452_0548.en      1    949 0.452000  -87.25    0.00    0.00    0.00    0.00  -65.54  -21.71    5.63    1.42  -68.31  -13.14   -2.86   -9.99    0.00
md_2_0452_0548.en      2    949 0.548000  -74.95    0.00    0.00    0.00    0.00  -66.37   -8.58    4.22    0.93  -67.48   -6.09   -3.11   -3.42    0.00
--> Name of file number  14:                                                     
md_2_0422_0578.en      1    949 0.422000  -86.87    0.00    0.00    0.00    0.00  -65.31  -21.55    5.30    1.42  -67.34  -13.74   -3.27   -9.23    0.00
md_2_0422_0578.en      2    949 0.578000  -74.41    0.00    0.00    0.00    0.00  -66.11   -8.29    3.94    1.01  -66.72   -5.64   -3.34   -3.66    0.00
--> Name of file number  15:                                                     
md_2_0394_0606.en      1    949 0.394000  -87.25    0.00    0.00    0.00    0.00  -66.69  -20.56    5.47    1.62  -68.70  -13.48   -3.46   -8.70    0.00
md_2_0394_0606.en      2    949 0.606000  -74.89    0.00    0.00    0.00    0.00  -67.57   -7.33    4.43    0.94  -68.17   -4.95   -3.82   -3.32    0.00
--> Name of file number  16:                                                     
md_2_0368_0632.en      1    949 0.368000  -87.18    0.00    0.00    0.00    0.00  -67.11  -20.06    5.79    1.56  -68.32  -12.87   -4.58   -8.75    0.00
md_2_0368_0632.en      2    949 0.632000  -75.45    0.00    0.00    0.00    0.00  -67.97   -7.48    4.48    0.92  -67.68   -5.28   -4.78   -3.13    0.00
--> Name of file number  17:                                                     
md_2_0343_0657.en      1    949 0.343000  -85.96    0.00    0.00    0.00    0.00  -66.24  -19.72    5.18    1.71  -65.99  -13.57   -5.43   -7.86    0.00
md_2_0343_0657.en      2    949 0.657000  -75.54    0.00    0.00    0.00    0.00  -67.05   -8.48    3.90    0.93  -65.26   -6.56   -5.69   -2.85    0.00
--> Name of file number  18:                                                     
md_2_0319_0681.en      1    949 0.319000  -84.37    0.00    0.00    0.00    0.00  -64.87  -19.50    5.74    1.75  -67.42  -12.89   -3.20   -8.36    0.00
md_2_0319_0681.en      2    949 0.681000  -73.91    0.00    0.00    0.00    0.00  -65.70   -8.21    4.24    0.95  -66.62   -5.50   -3.32   -3.66    0.00
--> Name of file number  19:                                                     
md_2_0297_0703.en      1    949 0.297000  -85.56    0.00    0.00    0.00    0.00  -66.20  -19.36    5.70    2.03  -67.66  -13.42   -4.24   -7.98    0.00
md_2_0297_0703.en      2    949 0.703000  -74.69    0.00    0.00    0.00    0.00  -67.04   -7.66    4.20    0.99  -66.87   -5.21   -4.37   -3.43    0.00
--> Name of file number  20:                                                     
md_2_0276_0724.en      1    949 0.276000  -84.08    0.00    0.00    0.00    0.00  -65.80  -18.28    4.72    1.65  -65.80  -13.61   -4.71   -6.33    0.00
md_2_0276_0724.en      2    949 0.724000  -74.61    0.00    0.00    0.00    0.00  -66.63   -7.99    3.47    0.91  -65.26   -5.64   -4.83   -3.26    0.00
--> Name of file number  21:                                                     
md_2_0257_0743.en      1    949 0.257000  -84.61    0.00    0.00    0.00    0.00  -67.31  -17.30    4.88    1.87  -67.56  -12.63   -4.63   -6.54    0.00
md_2_0257_0743.en      2    949 0.743000  -75.35    0.00    0.00    0.00    0.00  -68.24   -7.11    3.80    0.95  -67.18   -4.82   -4.86   -3.23    0.00
--> Name of file number  22:                                                     
md_2_0239_0761.en      1    949 0.239000  -82.56    0.00    0.00    0.00    0.00  -66.69  -15.87    5.52    2.15  -67.93  -12.11   -4.28   -5.90    0.00
md_2_0239_0761.en      2    949 0.761000  -74.74    0.00    0.00    0.00    0.00  -67.45   -7.29    4.09    1.07  -67.24   -4.93   -4.29   -3.43    0.00
--> Name of file number  23:                                                     
md_2_0221_0779.en      1    949 0.221000  -84.67    0.00    0.00    0.00    0.00  -66.64  -18.03    5.60    2.19  -71.44  -13.08   -0.80   -7.13    0.00
md_2_0221_0779.en      2    949 0.779000  -74.71    0.00    0.00    0.00    0.00  -67.55   -7.17    4.26    0.86  -70.95   -4.19   -0.86   -3.83    0.00
--> Name of file number  24:                                                     
md_2_0205_0795.en      1    949 0.205000  -86.60    0.00    0.00    0.00    0.00  -71.43  -15.17    6.29    2.28  -70.76  -10.55   -6.96   -6.90    0.00
md_2_0205_0795.en      2    949 0.795000  -77.69    0.00    0.00    0.00    0.00  -72.48   -5.21    5.57    0.85  -70.75   -2.65   -7.30   -3.40    0.00
--> Name of file number  25:                                                     
md_2_0190_0810.en      1    949 0.190000  -83.67    0.00    0.00    0.00    0.00  -68.76  -14.91    5.88    2.22  -70.48  -10.37   -4.16   -6.76    0.00
md_2_0190_0810.en      2    949 0.810000  -75.79    0.00    0.00    0.00    0.00  -69.86   -5.93    4.71    0.92  -70.04   -3.30   -4.52   -3.56    0.00
--> Name of file number  26:                                                     
md_2_0175_0825.en      1    949 0.175000  -80.16    0.00    0.00    0.00    0.00  -70.09  -10.08    5.89    2.97  -72.05   -8.30   -3.93   -4.75    0.00
md_2_0175_0825.en      2    949 0.825000  -76.61    0.00    0.00    0.00    0.00  -71.26   -5.35    4.76    0.93  -71.69   -2.92   -4.32   -3.36    0.00
--> Name of file number  27:                                                     
md_2_0162_0838.en      1    949 0.162000  -81.31    0.00    0.00    0.00    0.00  -69.50  -11.81    6.00    2.37  -72.93   -9.06   -2.56   -5.12    0.00
md_2_0162_0838.en      2    949 0.838000  -76.62    0.00    0.00    0.00    0.00  -70.63   -5.99    4.77    0.93  -72.47   -3.23   -2.93   -3.69    0.00
--> Name of file number  28:                                                     
md_2_0149_0851.en      1    949 0.149000  -78.85    0.00    0.00    0.00    0.00  -68.57  -10.28    5.97    2.44  -72.34   -7.82   -2.20   -4.90    0.00
md_2_0149_0851.en      2    949 0.851000  -75.74    0.00    0.00    0.00    0.00  -69.71   -6.03    4.63    0.94  -71.81   -3.09   -2.52   -3.88    0.00
--> Name of file number  29:                                                     
md_2_0137_0863.en      1    949 0.137000  -77.12    0.00    0.00    0.00    0.00  -69.17   -7.95    5.67    2.28  -71.42   -8.73   -3.43   -1.50    0.00
md_2_0137_0863.en      2    949 0.863000  -76.91    0.00    0.00    0.00    0.00  -70.32   -6.59    4.38    0.92  -70.78   -3.74   -3.92   -3.77    0.00
--> Name of file number  30:                                                     
md_2_0126_0874.en      1    949 0.126000  -73.44    0.00    0.00    0.00    0.00  -70.10   -3.34    5.84    2.73  -71.21   -6.55   -4.73    0.48    0.00
md_2_0126_0874.en      2    949 0.874000  -76.79    0.00    0.00    0.00    0.00  -71.20   -5.59    4.70    0.94  -70.77   -3.24   -5.13   -3.29    0.00
--> Name of file number  31:                                                     
md_2_0115_0885.en      1    949 0.115000  -75.91    0.00    0.00    0.00    0.00  -68.48   -7.43    5.84    2.64  -69.67   -8.77   -4.66   -1.30    0.00
md_2_0115_0885.en      2    949 0.885000  -75.24    0.00    0.00    0.00    0.00  -69.57   -5.67    4.89    0.92  -69.37   -3.42   -5.09   -3.18    0.00
--> Name of file number  32:                                                     
md_2_0105_0895.en      1    949 0.105000  -78.39    0.00    0.00    0.00    0.00  -68.86   -9.53    5.74    2.46  -70.80   -8.53   -3.80   -3.46    0.00
md_2_0105_0895.en      2    949 0.895000  -75.18    0.00    0.00    0.00    0.00  -69.97   -5.21    4.76    0.96  -70.59   -2.97   -4.14   -3.20    0.00
--> Name of file number  33:                                                     
md_2_0096_0904.en      1    949 0.096000  -78.72    0.00    0.00    0.00    0.00  -69.22   -9.50    5.82    2.94  -71.08   -8.58   -3.96   -3.86    0.00
md_2_0096_0904.en      2    949 0.904000  -75.87    0.00    0.00    0.00    0.00  -70.36   -5.51    4.75    0.90  -70.80   -2.94   -4.32   -3.47    0.00
--> Name of file number  34:                                                     
md_2_0087_0913.en      1    949 0.087000  -73.75    0.00    0.00    0.00    0.00  -70.42   -3.33    5.87    2.52  -70.27   -5.48   -6.03   -0.38    0.00
md_2_0087_0913.en      2    949 0.913000  -77.04    0.00    0.00    0.00    0.00  -71.56   -5.49    5.01    0.91  -70.10   -2.83   -6.47   -3.57    0.00
--> Name of file number  35:                                                     
md_2_0079_0921.en      1    949 0.079000  -63.92    0.00    0.00    0.00    0.00  -68.63    4.71    5.82    3.30  -73.54   -4.49   -0.91    5.90    0.00
md_2_0079_0921.en      2    949 0.921000  -75.67    0.00    0.00    0.00    0.00  -69.80   -5.87    4.79    0.87  -73.30   -3.10   -1.29   -3.64    0.00
--> Name of file number  36:                                                     
md_2_0071_0929.en      1    949 0.071000  -63.53    0.00    0.00    0.00    0.00  -69.78    6.25    5.70    3.63  -71.17   -5.56   -4.30    8.18    0.00
md_2_0071_0929.en      2    949 0.929000  -76.48    0.00    0.00    0.00    0.00  -70.96   -5.52    4.56    0.96  -70.77   -3.06   -4.74   -3.42    0.00
--> Name of file number  37:                                                     
md_2_0064_0936.en      1    949 0.064000  -69.05    0.00    0.00    0.00    0.00  -70.50    1.45    5.98    3.30  -70.80   -5.31   -5.68    3.46    0.00
md_2_0064_0936.en      2    949 0.936000  -76.75    0.00    0.00    0.00    0.00  -71.62   -5.13    4.97    0.90  -70.50   -3.02   -6.09   -3.01    0.00
--> Name of file number  38:                                                     
md_2_0057_0943.en      1    949 0.057000  -50.26    0.00    0.00    0.00    0.00  -70.02   19.77    5.80    4.03  -70.39   -4.11   -5.43   19.84    0.00
md_2_0057_0943.en      2    949 0.943000  -77.08    0.00    0.00    0.00    0.00  -71.15   -5.94    4.85    0.93  -70.11   -3.47   -5.89   -3.39    0.00
--> Name of file number  39:                                                     
md_2_0050_0950.en      1    949 0.050000  -57.29    0.00    0.00    0.00    0.00  -68.95   11.66    5.66    4.99  -71.58   -5.29   -3.03   11.96    0.00
md_2_0050_0950.en      2    949 0.950000  -76.45    0.00    0.00    0.00    0.00  -70.07   -6.38    4.54    0.92  -71.17   -4.02   -3.44   -3.27    0.00
--> Name of file number  40:                                                     
md_2_0044_0956.en      1    949 0.044000  -45.41    0.00    0.00    0.00    0.00  -67.32   21.91    5.89    5.57  -72.53   -3.50   -0.69   19.85    0.00
md_2_0044_0956.en      2    949 0.956000  -75.73    0.00    0.00    0.00    0.00  -68.49   -7.23    4.74    0.97  -72.20   -4.22   -1.03   -3.98    0.00
--> Name of file number  41:                                                     
md_2_0039_0961.en      1    949 0.039000  -26.97    0.00    0.00    0.00    0.00  -67.76   40.78    5.75    3.75  -71.53   -2.20   -1.98   39.23    0.00
md_2_0039_0961.en      2    949 0.961000  -76.54    0.00    0.00    0.00    0.00  -68.89   -7.65    4.42    0.95  -71.06   -4.66   -2.26   -3.95    0.00
--> Name of file number  42:                                                     
md_2_0033_0967.en      1    949 0.033000  -29.37    0.00    0.00    0.00    0.00  -67.90   38.52    5.55    4.53  -70.58    3.46   -2.86   30.53    0.00
md_2_0033_0967.en      2    949 0.967000  -75.80    0.00    0.00    0.00    0.00  -69.04   -6.76    4.59    0.93  -70.34   -3.72   -3.30   -3.98    0.00
--> Name of file number  43:                                                     
md_2_0028_0972.en      1    949 0.028000    1.49    0.00    0.00    0.00    0.00  -69.50   70.99    5.82    2.98  -69.10    9.15   -6.22   58.86    0.00
md_2_0028_0972.en      2    949 0.972000  -78.33    0.00    0.00    0.00    0.00  -70.54   -7.79    4.37    0.85  -68.48   -4.91   -6.43   -3.72    0.00
--> Name of file number  44:                                                     
md_2_0023_0977.en      1    949 0.023000   24.22    0.00    0.00    0.00    0.00  -68.09   92.31    5.55    3.29  -71.87   10.92   -1.77   78.10    0.00
md_2_0023_0977.en      2    949 0.977000  -76.67    0.00    0.00    0.00    0.00  -69.25   -7.42    4.41    0.91  -71.55   -4.31   -2.11   -4.02    0.00
--> Name of file number  45:                                                     
md_2_0019_0981.en      1    949 0.019000   35.94    0.00    0.00    0.00    0.00  -65.75  101.68    5.32    2.97  -70.72   19.03   -0.35   79.67    0.00
md_2_0019_0981.en      2    949 0.981000  -75.02    0.00    0.00    0.00    0.00  -66.87   -8.15    4.15    0.91  -70.41   -4.58   -0.61   -4.49    0.00
--> Name of file number  46:                                                     
md_2_0015_0985.en      1    949 0.015000    8.36    0.00    0.00    0.00    0.00  -69.52   77.89    5.81    5.69  -71.94   12.53   -3.39   59.66    0.00
md_2_0015_0985.en      2    949 0.985000  -77.34    0.00    0.00    0.00    0.00  -70.69   -6.65    4.68    0.90  -71.63   -3.91   -3.74   -3.64    0.00
--> Name of file number  47:                                                     
md_2_0011_0989.en      1    949 0.011000   56.84    0.00    0.00    0.00    0.00  -70.52  127.36    5.59    3.10  -71.30   45.83   -4.81   78.43    0.00
md_2_0011_0989.en      2    949 0.989000  -78.26    0.00    0.00    0.00    0.00  -71.70   -6.56    4.48    0.91  -71.01   -3.87   -5.17   -3.60    0.00
--> Name of file number  48:                                                     
md_2_0007_0993.en      1    949 0.007000   73.68    0.00    0.00    0.00    0.00  -69.82  143.49    5.57    4.62  -71.22   52.18   -4.17   86.69    0.00
md_2_0007_0993.en      2    949 0.993000  -77.55    0.00    0.00    0.00    0.00  -70.96   -6.60    4.48    0.95  -71.03   -3.85   -4.41   -3.70    0.00
--> Name of file number  49:                                                     
md_2_0003_0997.en      1    949 0.003000  140.02    0.00    0.00    0.00    0.00  -70.35  210.37    5.49    5.16  -70.42  134.45   -5.42   70.76    0.00
md_2_0003_0997.en      2    949 0.997000  -78.40    0.00    0.00    0.00    0.00  -71.52   -6.88    4.33    1.01  -70.08   -4.12   -5.77   -3.78    0.00
--> Name of file number  50:                                                     
md_2_0000_1000.en      1    949 0.000000  236.41    0.00    0.00    0.00    0.00  -67.98  304.39    5.63    6.62  -67.47  256.68   -6.14   41.09    0.00
md_2_0000_1000.en      2    949 1.000000  -77.10    0.00    0.00    0.00    0.00  -69.09   -8.01    4.35    1.00  -66.83   -4.98   -6.61   -4.03    0.00


# Part 1: Free energy perturbation summary:
# lambda(1)      dGf sum(dGf)      dGr sum(dGr)     <dG>
   1.000000    0.000    0.000   -1.115   -6.465    0.000
   0.938000    1.122    1.122   -1.061   -5.350    1.119
   0.879000    1.042    2.165   -0.988   -4.289    2.170
   0.823000    0.991    3.156   -0.923   -3.301    3.160
   0.771000    0.901    4.057   -0.820   -2.378    4.072
   0.722000    0.852    4.909   -0.694   -1.558    4.908
   0.676000    0.754    5.662   -0.652   -0.864    5.631
   0.633000    0.636    6.298   -0.620   -0.212    6.275
   0.592000    0.610    6.908   -0.560    0.407    6.890
   0.554000    0.563    7.471   -0.530    0.968    7.452
   0.518000    0.520    7.991   -0.465    1.498    7.977
   0.484000    0.490    8.481   -0.400    1.963    8.454
   0.452000    0.425    8.905   -0.379    2.363    8.867
   0.422000    0.362    9.268   -0.351    2.743    9.238
   0.394000    0.343    9.611   -0.311    3.094    9.585
   0.368000    0.317    9.928   -0.269    3.405    9.899
   0.343000    0.286   10.214   -0.258    3.673   10.176
   0.319000    0.242   10.456   -0.245    3.932   10.427
   0.297000    0.224   10.680   -0.204    4.176   10.661
   0.276000    0.223   10.902   -0.181    4.381   10.874
   0.257000    0.175   11.077   -0.148    4.562   11.052
   0.239000    0.162   11.239   -0.187    4.710   11.207
   0.221000    0.133   11.372   -0.147    4.897   11.367
   0.205000    0.152   11.524   -0.122    5.044   11.517
   0.190000    0.129   11.654   -0.061    5.166   11.643
   0.175000    0.113   11.767   -0.068    5.228   11.730
   0.162000    0.040   11.807   -0.047    5.295   11.784
   0.149000    0.053   11.860   -0.013    5.342   11.834
   0.137000    0.032   11.892    0.023    5.355   11.856
   0.126000   -0.008   11.884   -0.016    5.332   11.840
   0.115000   -0.054   11.830   -0.037    5.348   11.822
   0.105000   -0.002   11.828   -0.030    5.385   11.840
   0.096000    0.024   11.853    0.019    5.416   11.867
   0.087000    0.020   11.873    0.076    5.397   11.867
   0.079000   -0.036   11.837    0.084    5.321   11.812
   0.071000   -0.116   11.721    0.046    5.237   11.712
   0.064000   -0.114   11.608    0.165    5.191   11.632
   0.057000   -0.063   11.545    0.116    5.026   11.518
   0.050000   -0.215   11.330    0.162    4.910   11.353
   0.044000   -0.130   11.200    0.222    4.748   11.207
   0.039000   -0.167   11.032    0.258    4.526   11.012
   0.033000   -0.343   10.689    0.377    4.268   10.711
   0.028000   -0.247   10.442    0.474    3.891   10.399
   0.023000   -0.422   10.020    0.424    3.417    9.951
   0.019000   -0.423    9.597    0.324    2.993    9.527
   0.015000   -0.467    9.129    0.503    2.668    9.131
   0.011000   -0.363    8.767    0.574    2.166    8.699
   0.007000   -0.586    8.181    0.763    1.592    8.119
   0.003000   -0.642    7.539    0.829    0.829    7.416
   0.000000   -0.735    6.804    0.000    0.000    6.634

# Min energy-gap is:   -104.55
# Max energy-gap is:    467.90


# Part 2: Reaction free energy summary:
# Lambda(1)  bin Energy gap      dGa     dGb     dGg    # pts    c1**2    c2**2
   1.000000    1     -98.82     0.00    17.17    -0.00    562    0.000    0.000
   1.000000    2     -87.37     0.00    14.60    -0.00    387    0.000    0.000
   0.938000    1     -98.82    -0.04    16.21    -0.04    453    0.000    0.000
   0.938000    2     -87.37     0.04    12.98     0.04    496    0.000    0.000
   0.879000    1     -98.82    -0.12    17.48    -0.12    405    0.000    0.000
   0.879000    2     -87.37     0.06    15.27     0.06    544    0.000    0.000
   0.823000    1     -98.82    -0.15    17.15    -0.15    472    0.000    0.000
   0.823000    2     -87.37     0.15    14.83     0.15    476    0.000    0.000
   0.771000    1     -98.82    -0.27    16.47    -0.27    486    0.000    0.000
   0.771000    2     -87.37     0.11    13.64     0.11    463    0.000    0.000
   0.722000    1     -98.82    -0.18    16.33    -0.18    441    0.000    0.000
   0.722000    2     -87.37     0.40    14.38     0.40    507    0.000    0.000
   0.676000    1     -98.82    -0.03    16.56    -0.03    118    0.000    0.000
   0.676000    2     -87.37     0.61    13.94     0.61    830    0.000    0.000
   0.633000    1     -98.82    -0.16    16.44    -0.16    101    0.000    0.000
   0.633000    2     -87.37     0.50    13.84     0.50    844    0.000    0.000
   0.592000    1     -98.82    -0.11    16.11    -0.11    160    0.000    0.000
   0.592000    2     -87.37     0.39    14.09     0.39    781    0.000    0.000
   0.554000    1     -98.82    -0.25    16.31    -0.25    132    0.000    0.000
   0.554000    2     -87.37     0.54    13.68     0.54    812    0.000    0.000
   0.518000    1     -98.82    -0.33    16.31    -0.33    120    0.000    0.000
   0.518000    2     -87.37     0.37    13.85     0.37    813    0.000    0.000
   0.484000    1     -98.82    -0.44    16.12    -0.44     65    0.000    0.000
   0.484000    2     -87.37     0.53    13.71     0.53    843    0.000    0.000
   0.452000    2     -87.37     0.93    13.59     0.93    846    0.000    0.000
   0.452000    3     -75.92     3.89     9.50     3.89     67    0.000    0.000
   0.422000    2     -87.37     0.68    13.77     0.68    872    0.000    0.000
   0.422000    3     -75.92     4.06    10.41     4.06     59    0.000    0.000
   0.394000    2     -87.37     0.68    13.71     0.68    881    0.000    0.000
   0.368000    1     -98.82    -0.61    15.59    -0.61     50    0.000    0.000
   0.368000    2     -87.37     0.65    13.56     0.65    825    0.000    0.000
   0.368000    3     -75.92     4.52     9.74     4.52     71    0.000    0.000
   0.343000    2     -87.37     0.72    13.18     0.72    768    0.000    0.000
   0.343000    3     -75.92     3.97    10.57     3.97    151    0.000    0.000
   0.319000    2     -87.37     0.22    13.48     0.22    735    0.000    0.000
   0.319000    3     -75.92     4.20    11.33     4.20    201    0.000    0.000
   0.297000    2     -87.37     0.33    13.60     0.33    752    0.000    0.000
   0.297000    3     -75.92     4.04    11.39     4.04    165    0.000    0.000
   0.276000    2     -87.37     0.71    13.48     0.71    687    0.000    0.000
   0.276000    3     -75.92     4.11    11.38     4.11    255    0.000    0.000
   0.257000    2     -87.37     0.74    13.49     0.74    665    0.000    0.000
   0.257000    3     -75.92     4.96    11.60     4.96    253    0.000    0.000
   0.239000    2     -87.37     0.14    13.41     0.14    554    0.000    0.000
   0.239000    3     -75.92     5.05    11.35     5.05    375    0.000    0.000
   0.221000    2     -87.37    -0.87    13.72    -0.87    686    0.000    0.000
   0.221000    3     -75.92     4.69    11.60     4.69    209    0.000    0.000
   0.205000    1     -98.82    -1.47    14.18    -1.47     69    0.000    0.000
   0.205000    2     -87.37     0.31    13.11     0.31    736    0.000    0.000
   0.205000    3     -75.92     4.99    11.40     4.99    140    0.000    0.000
   0.190000    2     -87.37     0.24    13.27     0.24    638    0.000    0.000
   0.190000    3     -75.92     4.25    11.79     4.25    287    0.000    0.000
   0.175000    2     -87.37     1.64    13.00     1.64    423    0.000    0.000
   0.175000    3     -75.92     6.32    11.53     6.32    456    0.000    0.000
   0.175000    4     -64.47    16.11     9.53     9.53     62    0.000    0.000
   0.162000    2     -87.37     1.02    13.07     1.02    521    0.000    0.000
   0.162000    3     -75.92     5.71    11.63     5.71    328    0.000    0.000
   0.162000    4     -64.47    14.65     9.98     9.98     74    0.000    0.000
   0.149000    2     -87.37     1.84    13.00     1.84    350    0.000    0.000
   0.149000    3     -75.92     5.57    11.85     5.57    479    0.000    0.000
   0.149000    4     -64.47    15.65    10.24    10.24    109    0.000    0.000
   0.137000    2     -87.37     0.76    12.89     0.76    315    0.000    0.000
   0.137000    3     -75.92     6.42    11.60     6.42    440    0.000    0.000
   0.137000    4     -64.47    15.36    10.13    10.13    132    0.000    0.000
   0.126000    2     -87.37     0.19    12.76     0.19    232    0.000    0.000
   0.126000    3     -75.92     6.18    11.60     6.18    437    0.000    0.000
   0.126000    4     -64.47    16.51    10.29    10.29    172    0.000    0.000
   0.126000    5     -53.03    26.27     8.71     8.71     62    0.000    0.000
   0.115000    2     -87.37     0.18    12.82     0.18    306    0.000    0.000
   0.115000    3     -75.92     4.44    11.85     4.44    377    0.000    0.000
   0.115000    4     -64.47    13.66    10.60    10.59    188    0.000    0.000
   0.115000    5     -53.03    24.47     9.38     9.38     62    0.000    0.000
   0.105000    2     -87.37    -0.18    12.82    -0.18    374    0.000    0.000
   0.105000    3     -75.92     4.09    11.90     4.09    431    0.000    0.000
   0.105000    4     -64.47    11.03    10.75    10.46    122    0.000    0.000
   0.096000    2     -87.37     0.51    12.69     0.51    397    0.000    0.000
   0.096000    3     -75.92     5.37    11.88     5.37    383    0.000    0.000
   0.096000    4     -64.47    14.84    10.88    10.88    112    0.000    0.000
   0.087000    2     -87.37    -1.05    12.48    -1.05    309    0.000    0.000
   0.087000    3     -75.92     5.40    11.76     5.40    323    0.000    0.000
   0.087000    4     -64.47    17.44    10.77    10.77    157    0.000    0.000
   0.087000    5     -53.03    27.97     9.83     9.83    102    0.000    0.000
   0.079000    2     -87.37    -2.49    12.49    -2.49    136    0.000    0.000
   0.079000    3     -75.92     5.54    11.80     5.54    293    0.000    0.000
   0.079000    4     -64.47    13.36    10.88    10.87    208    0.000    0.000
   0.079000    5     -53.03    26.15    10.02    10.02    137    0.000    0.000
   0.079000    6     -41.58    36.89     9.06     9.06     81    0.000    0.000
   0.079000    7     -30.13    49.15     8.12     8.12     53    0.000    0.000
   0.071000    2     -87.37     0.33    12.21     0.33    120    0.000    0.000
   0.071000    3     -75.92     6.76    11.63     6.76    279    0.000    0.000
   0.071000    4     -64.47    16.09    10.84    10.84    289    0.000    0.000
   0.071000    5     -53.03    27.26    10.04    10.04    128    0.000    0.000
   0.071000    6     -41.58    36.83     9.31     9.31     70    0.000    0.000
   0.064000    2     -87.37     0.16    12.13     0.16    196    0.000    0.000
   0.064000    3     -75.92     7.19    11.54     7.19    316    0.000    0.000
   0.064000    4     -64.47    16.53    10.83    10.83    221    0.000    0.000
   0.064000    5     -53.03    28.59    10.10    10.10    135    0.000    0.000
   0.064000    6     -41.58    40.65     9.34     9.34     59    0.000    0.000
   0.057000    2     -87.37    -0.06    11.93    -0.06     67    0.000    0.000
   0.057000    3     -75.92     4.97    11.38     4.97    142    0.000    0.000
   0.057000    4     -64.47    15.31    10.72    10.72    182    0.000    0.000
   0.057000    5     -53.03    25.58    10.08    10.08    197    0.000    0.000
   0.057000    6     -41.58    39.05     9.49     9.49    154    0.000    0.000
   0.057000    7     -30.13    49.04     8.87     8.87     71    0.000    0.000
   0.050000    2     -87.37    -1.61    11.74    -1.61     91    0.000    0.000
   0.050000    3     -75.92     6.54    11.30     6.54    245    0.000    0.000
   0.050000    4     -64.47    14.69    10.72    10.72    182    0.000    0.000
   0.050000    5     -53.03    25.52    10.18    10.18    133    0.000    0.000
   0.050000    6     -41.58    38.37     9.57     9.57    128    0.000    0.000
   0.050000    7     -30.13    48.43     9.01     9.01     88    0.000    0.000
   0.050000    8     -18.68    61.37     8.49     8.49     54    0.000    0.000
   0.044000    3     -75.92     6.73    11.13     6.73    135    0.000    0.000
   0.044000    4     -64.47    13.06    10.67    10.66    150    0.000    0.000
   0.044000    5     -53.03    26.08    10.19    10.19    198    0.000    0.000
   0.044000    6     -41.58    36.42     9.71     9.71    111    0.000    0.000
   0.044000    7     -30.13    48.83     9.17     9.17    103    0.000    0.000
   0.044000    8     -18.68    59.60     8.67     8.67     98    0.000    0.000
   0.044000    9      -7.23    69.80     8.16     8.16     59    0.000    0.000
   0.039000    3     -75.92     5.54    10.94     5.54     63    0.000    0.000
   0.039000    4     -64.47    15.12    10.55    10.55    101    0.000    0.000
   0.039000    5     -53.03    26.64    10.08    10.08    124    0.000    0.000
   0.039000    6     -41.58    36.61     9.59     9.59    157    0.000    0.000
   0.039000    7     -30.13    47.45     9.19     9.19    155    0.000    0.000
   0.039000    8     -18.68    58.18     8.77     8.77     93    0.000    0.000
   0.039000    9      -7.23    70.04     8.33     8.33     69    0.000    0.000
   0.039000   10       4.22    82.62     7.91     7.91     50    0.000    0.000
   0.033000    4     -64.47    15.14    10.31    10.31     96    0.000    0.000
   0.033000    5     -53.03    23.99     9.96     9.96    123    0.000    0.000
   0.033000    6     -41.58    35.11     9.57     9.57    126    0.000    0.000
   0.033000    7     -30.13    44.23     9.19     9.19    156    0.000    0.000
   0.033000    8     -18.68    56.15     8.82     8.82    142    0.000    0.000
   0.033000    9      -7.23    69.62     8.44     8.44    116    0.000    0.000
   0.033000   10       4.22    79.06     8.05     8.05     71    0.000    0.000
   0.028000    6     -41.58    41.01     9.33     9.33     55    0.000    0.000
   0.028000    7     -30.13    49.06     9.04     9.04    112    0.000    0.000
   0.028000    8     -18.68    62.53     8.72     8.72    117    0.000    0.000
   0.028000    9      -7.23    73.47     8.38     8.38    136    0.000    0.000
   0.028000   10       4.22    85.19     8.07     8.07    136    0.000    0.000
   0.028000   11      15.67    94.38     7.76     7.76     74    0.000    0.000
   0.028000   12      27.12   106.70     7.46     7.46     75    0.000    0.000
   0.028000   13      38.57   114.79     7.15     7.15     79    0.000    0.000
   0.028000   14      50.01   128.06     6.82     6.82     58    0.000    0.000
   0.023000    8     -18.68    60.32     8.60     8.60     51    0.000    0.000
   0.023000    9      -7.23    71.33     8.32     8.32    100    0.000    0.000
   0.023000   10       4.22    78.79     8.09     8.09    107    0.000    0.000
   0.023000   11      15.67    93.22     7.82     7.82     72    0.000    0.000
   0.023000   12      27.12   104.05     7.55     7.55    101    0.000    0.000
   0.023000   13      38.57   114.01     7.28     7.28    109    0.000    0.000
   0.023000   14      50.01   124.85     7.04     7.04    116    0.000    0.000
   0.023000   15      61.46   135.66     6.80     6.80     86    0.000    0.000
   0.019000    9      -7.23    71.49     8.22     8.22     74    0.000    0.000
   0.019000   10       4.22    79.58     8.03     8.03    108    0.000    0.000
   0.019000   11      15.67    92.52     7.81     7.81    131    0.000    0.000
   0.019000   12      27.12   101.15     7.58     7.58    131    0.000    0.000
   0.019000   13      38.57   114.61     7.36     7.36    113    0.000    0.000
   0.019000   14      50.01   125.32     7.14     7.14     74    0.000    0.000
   0.019000   15      61.46   136.26     6.93     6.93     69    0.000    0.000
   0.019000   16      72.91   148.51     6.72     6.72     70    0.000    0.000
   0.015000    6     -41.58    39.26     8.58     8.58     71    0.000    0.000
   0.015000    7     -30.13    50.60     8.42     8.42    101    0.000    0.000
   0.015000    8     -18.68    61.16     8.24     8.24    103    0.000    0.000
   0.015000    9      -7.23    72.49     8.07     8.07    120    0.000    0.000
   0.015000   10       4.22    82.21     7.91     7.91    102    0.000    0.000
   0.015000   11      15.67    95.35     7.74     7.74     86    0.000    0.000
   0.015000   12      27.12   106.05     7.57     7.57     69    0.000    0.000
   0.015000   13      38.57   114.15     7.39     7.39     74    0.000    0.000
   0.015000   14      50.01   129.99     7.22     7.22     67    0.000    0.000
   0.011000   10       4.22    86.18     7.79     7.79     56    0.000    0.000
   0.011000   11      15.67    96.76     7.67     7.67     69    0.000    0.000
   0.011000   12      27.12   106.31     7.54     7.54     89    0.000    0.000
   0.011000   13      38.57   117.44     7.42     7.42     87    0.000    0.000
   0.011000   14      50.01   129.72     7.28     7.28     93    0.000    0.000
   0.011000   15      61.46   140.54     7.16     7.16     93    0.000    0.000
   0.011000   16      72.91   153.23     7.04     7.04     66    0.000    0.000
   0.011000   17      84.36   163.52     6.91     6.91     56    0.000    0.000
   0.011000   18      95.81   174.20     6.79     6.79     54    0.000    0.000
   0.007000   11      15.67    92.01     7.46     7.46     58    0.000    0.000
   0.007000   12      27.12   108.17     7.37     7.37     92    0.000    0.000
   0.007000   13      38.57   117.10     7.30     7.30    104    0.000    0.000
   0.007000   14      50.01   128.83     7.23     7.23     91    0.000    0.000
   0.007000   15      61.46   136.86     7.14     7.14     98    0.000    0.000
   0.007000   16      72.91   152.35     7.07     7.07     95    0.000    0.000
   0.007000   17      84.36   159.90     6.98     6.98     85    0.000    0.000
   0.003000   14      50.01   128.71     7.03     7.03     54    0.000    0.000
   0.003000   18      95.81   175.83     6.90     6.90     78    0.000    0.000
   0.003000   19     107.26   184.98     6.86     6.86     55    0.000    0.000
   0.003000   20     118.71   194.77     6.83     6.83     60    0.000    0.000
   0.003000   21     130.16   204.81     6.79     6.79     54    0.000    0.000
   0.000000   42     370.58   445.08     6.63     6.63     57    0.000    0.000


# Part 3: Bin-averaged summary:
# bin  energy gap  <dGg> <dGg norm> pts  <c1**2> <c2**2> <r_xy>
   1    -98.82    -0.17     0.00   3634   0.000   0.000   0.000
   2    -87.37     0.41     0.58  21278   0.000   0.000   0.000
   3    -75.92     5.37     5.55   7360   0.000   0.000   0.000
   4    -64.47    10.59    10.76   2557   0.000   0.000   0.000
   5    -53.03     9.98    10.15   1401   0.000   0.000   0.000
   6    -41.58     9.42     9.59   1012   0.000   0.000   0.000
   7    -30.13     8.96     9.13    839   0.000   0.000   0.000
   8    -18.68     8.64     8.81    658   0.000   0.000   0.000
   9     -7.23     8.28     8.46    674   0.000   0.000   0.000
  10      4.22     8.00     8.17    630   0.000   0.000   0.000
  11     15.67     7.73     7.90    490   0.000   0.000   0.000
  12     27.12     7.52     7.69    557   0.000   0.000   0.000
  13     38.57     7.32     7.49    566   0.000   0.000   0.000
  14     50.01     7.12     7.29    553   0.000   0.000   0.000
  15     61.46     7.02     7.19    346   0.000   0.000   0.000
  16     72.91     6.95     7.13    231   0.000   0.000   0.000
  17     84.36     6.96     7.13    141   0.000   0.000   0.000
  18     95.81     6.85     7.03    132   0.000   0.000   0.000
  19    107.26     6.86     7.04     55   0.000   0.000   0.000
  20    118.71     6.83     7.00     60   0.000   0.000   0.000
  21    130.16     6.79     6.97     54   0.000   0.000   0.000
  42    370.58     6.63     6.81     57   0.000   0.000   0.000


# Part 4: Termodynamic integration:
# lambda(1)      dGti    sum(dGti) 
   1.000000    0.000    0.000
   0.938000   18.258    1.119
   0.879000   17.830    2.171
   0.823000   17.839    3.160
   0.771000   17.485    4.072
   0.722000   17.571    4.908
   0.676000   16.553    5.632
   0.633000   14.931    6.276
   0.592000   15.025    6.890
   0.554000   14.961    7.452
   0.518000   14.597    7.977
   0.484000   14.569    8.454
   0.452000   13.473    8.866
   0.422000   12.297    9.237
   0.394000   12.457    9.585
   0.368000   12.360    9.898
   0.343000   11.722   10.175
   0.319000   10.419   10.425
   0.297000   10.463   10.660
   0.276000   10.867   10.873
   0.257000    9.461   11.051
   0.239000    9.261   11.205
   0.221000    7.819   11.365
   0.205000    9.959   11.516
   0.190000    8.915   11.642
   0.175000    7.876   11.728
   0.162000    3.552   11.781
   0.149000    4.690   11.832
   0.137000    3.115   11.852
   0.126000    0.214   11.835
   0.115000   -3.354   11.820
   0.105000    0.669   11.839
   0.096000    3.202   11.866
   0.087000    2.844   11.864
   0.079000   -3.293   11.804
   0.071000  -11.750   11.705
   0.064000  -12.948   11.633
   0.057000   -7.700   11.512
   0.050000  -26.829   11.351
   0.044000  -19.155   11.203
   0.039000  -30.316   11.003
   0.033000  -49.569   10.715
   0.028000  -46.426   10.400
   0.023000  -79.815    9.948
   0.019000 -100.891    9.524
   0.015000 -110.958    9.131
   0.011000  -85.706    8.689
   0.007000 -135.093    8.117
   0.003000 -151.232    7.377
   0.000000 -218.423    6.579


# Part 5: Overlap sampling Lu et al:
# lambda(1)      dG    sum(dG) 
   1.000000    0.000    0.000
   0.938000    1.119    1.119
   0.879000    1.052    2.171
   0.823000    0.989    3.160
   0.771000    0.912    4.072
   0.722000    0.836    4.908
   0.676000    0.724    5.632
   0.633000    0.644    6.276
   0.592000    0.615    6.891
   0.554000    0.562    7.452
   0.518000    0.525    7.978
   0.484000    0.477    8.455
   0.452000    0.412    8.867
   0.422000    0.371    9.238
   0.394000    0.347    9.586
   0.368000    0.314    9.899
   0.343000    0.277   10.177
   0.319000    0.250   10.427
   0.297000    0.234   10.661
   0.276000    0.214   10.875
   0.257000    0.178   11.053
   0.239000    0.154   11.207
   0.221000    0.160   11.367
   0.205000    0.150   11.518
   0.190000    0.126   11.644
   0.175000    0.087   11.730
   0.162000    0.054   11.784
   0.149000    0.050   11.834
   0.137000    0.021   11.856
   0.126000   -0.016   11.840
   0.115000   -0.016   11.823
   0.105000    0.019   11.842
   0.096000    0.027   11.869
   0.087000   -0.001   11.869
   0.079000   -0.058   11.811
   0.071000   -0.099   11.712
   0.064000   -0.075   11.637
   0.057000   -0.117   11.520
   0.050000   -0.163   11.357
   0.044000   -0.147   11.210
   0.039000   -0.197   11.013
   0.033000   -0.294   10.720
   0.028000   -0.314   10.406
   0.023000   -0.450    9.956
   0.019000   -0.423    9.533
   0.015000   -0.394    9.139
   0.011000   -0.437    8.702
   0.007000   -0.575    8.126
   0.003000   -0.718    7.409
   0.000000   -0.789    6.620


# lambda(1)      dG    sum(dG) 
# Part 6: BAR Bennet:
   1.000000    0.000    0.000
   0.938000    1.119    1.119
   0.879000    1.052    2.171
   0.823000    0.989    3.160
   0.771000    0.912    4.072
   0.722000    0.836    4.908
   0.676000    0.724    5.632
   0.633000    0.644    6.276
   0.592000    0.615    6.891
   0.554000    0.562    7.453
   0.518000    0.525    7.978
   0.484000    0.477    8.455
   0.452000    0.412    8.867
   0.422000    0.371    9.239
   0.394000    0.348    9.586
   0.368000    0.313    9.900
   0.343000    0.277   10.177
   0.319000    0.251   10.427
   0.297000    0.235   10.662
   0.276000    0.214   10.876
   0.257000    0.178   11.054
   0.239000    0.154   11.207
   0.221000    0.160   11.368
   0.205000    0.151   11.519
   0.190000    0.126   11.645
   0.175000    0.086   11.731
   0.162000    0.054   11.784
   0.149000    0.051   11.835
   0.137000    0.020   11.856
   0.126000   -0.017   11.839
   0.115000   -0.014   11.825
   0.105000    0.020   11.844
   0.096000    0.027   11.872
   0.087000   -0.002   11.870
   0.079000   -0.059   11.810
   0.071000   -0.097   11.713
   0.064000   -0.071   11.642
   0.057000   -0.120   11.522
   0.050000   -0.160   11.362
   0.044000   -0.148   11.214
   0.039000   -0.199   11.016
   0.033000   -0.287   10.729
   0.028000   -0.315   10.414
   0.023000   -0.452    9.963
   0.019000   -0.423    9.539
   0.015000   -0.393    9.147
   0.011000   -0.440    8.707
   0.007000   -0.571    8.136
   0.003000   -0.730    7.406
   0.000000   -0.795    6.611
