--------------------------------------------------------------------------------
Welcome to qfep version: 6.0.1
 
This version was compiled using: GCC version 11.5.0 20240719 (Red Hat 11.5.0-2)
 
And using the following compiler options: 
-cpp -D G95=1 -mtune=generic -march=x86-64-v2 -O3 -Wall -Wtabs -std=legacy -funroll-loops -ffree-line-length-none -fcray-pointer -fall-intrinsics -fstack-protector -fpre-include=/usr/include/finclude/math-vector-fortran.h

 
For command line options type qfep --help  or qcalc -h at the terminal.
 
If you are using the interactive mode and want to quit type "quit" or Ctrl-C.
--------------------------------------------------------------------------------
--> Number of energy files: # Number of files                                  =    50
--> No. of states, no. of predefined off-diag elements: # Number of states     =     2
# Number of off-diagonal elements                                              =     0
--> Give kT & num. of pts to skip & calculation mode: # kT                     = 0.592
# Number of data points to skip                                                =    50
# Only QQ interactions will be considered                                      =     0
--> Give number of gap-bins: # Number of gap-bins                              =    50
--> Give minimum # pts/bin: # Minimum number of points per bin                 =    50
--> Give alpha for state  2                                                     # Alpha for state  2              =  0.00
--> Number of off-diagonal elements: # Number of off-diagonal elements         =     0
--> linear combination of states defining reaction coord: # Linear combination coefficients=    1.00    0.00


# Part 0: Average energies for all states in all files
# file             state   pts   lambda    EQtot   EQbond  EQang   EQtor   EQimp    EQel   EQvdW  Eel_qq  EvdW_qq Eel_qp  EvdW_qp Eel_qw EvdW_qw Eqrstr
--> Name of file number   1:                                                     
md_2_1000_0000.en      1    949 1.000000  -93.08    0.00    0.00    0.00    0.00  -67.83  -25.25    4.20    1.08  -64.25  -15.81   -7.77  -10.52    0.00
md_2_1000_0000.en      2    949 0.000000  -75.61    0.00    0.00    0.00    0.00  -68.66   -6.95    3.20    1.24  -63.81   -5.43   -8.05   -2.76    0.00
--> Name of file number   2:                                                     
md_2_0938_0062.en      1    949 0.938000  -92.04    0.00    0.00    0.00    0.00  -68.26  -23.78    5.01    1.08  -65.06  -13.53   -8.21  -11.33    0.00
md_2_0938_0062.en      2    949 0.062000  -76.02    0.00    0.00    0.00    0.00  -69.17   -6.85    3.93    1.09  -64.47   -4.95   -8.63   -2.99    0.00
--> Name of file number   3:                                                     
md_2_0879_0121.en      1    949 0.879000  -93.94    0.00    0.00    0.00    0.00  -69.19  -24.75    5.26    1.17  -66.41  -14.53   -8.04  -11.39    0.00
md_2_0879_0121.en      2    949 0.121000  -77.22    0.00    0.00    0.00    0.00  -70.19   -7.03    4.39    1.03  -66.15   -4.80   -8.43   -3.26    0.00
--> Name of file number   4:                                                     
md_2_0823_0177.en      1    949 0.823000  -93.14    0.00    0.00    0.00    0.00  -67.84  -25.30    4.69    0.91  -65.65  -15.16   -6.88  -11.04    0.00
md_2_0823_0177.en      2    949 0.177000  -76.65    0.00    0.00    0.00    0.00  -68.80   -7.85    3.60    0.97  -65.16   -5.85   -7.24   -2.97    0.00
--> Name of file number   5:                                                     
md_2_0771_0229.en      1    949 0.771000  -93.48    0.00    0.00    0.00    0.00  -68.86  -24.62    5.37    0.92  -68.27  -13.95   -5.97  -11.58    0.00
md_2_0771_0229.en      2    949 0.229000  -77.48    0.00    0.00    0.00    0.00  -69.87   -7.62    4.23    0.88  -67.62   -5.03   -6.48   -3.47    0.00
--> Name of file number   6:                                                     
md_2_0722_0278.en      1    949 0.722000  -93.19    0.00    0.00    0.00    0.00  -70.10  -23.10    5.54    0.95  -68.74  -12.55   -6.90  -11.50    0.00
md_2_0722_0278.en      2    949 0.278000  -77.89    0.00    0.00    0.00    0.00  -71.03   -6.86    4.35    0.96  -67.90   -4.67   -7.48   -3.15    0.00
--> Name of file number   7:                                                     
md_2_0676_0324.en      1    949 0.676000  -92.03    0.00    0.00    0.00    0.00  -67.80  -24.23    5.40    1.00  -68.81  -12.87   -4.39  -12.37    0.00
md_2_0676_0324.en      2    949 0.324000  -76.40    0.00    0.00    0.00    0.00  -68.81   -7.59    4.26    0.94  -68.28   -4.50   -4.79   -4.03    0.00
--> Name of file number   8:                                                     
md_2_0633_0367.en      1    949 0.633000  -94.05    0.00    0.00    0.00    0.00  -70.30  -23.75    5.48    0.91  -68.70  -14.44   -7.08  -10.23    0.00
md_2_0633_0367.en      2    949 0.367000  -79.17    0.00    0.00    0.00    0.00  -71.16   -8.01    4.05    0.92  -67.65   -6.33   -7.56   -2.60    0.00
--> Name of file number   9:                                                     
md_2_0592_0408.en      1    949 0.592000  -91.93    0.00    0.00    0.00    0.00  -68.41  -23.51    5.56    0.95  -70.05  -13.67   -3.93  -10.80    0.00
md_2_0592_0408.en      2    949 0.408000  -77.71    0.00    0.00    0.00    0.00  -69.39   -8.32    4.16    0.87  -68.94   -6.16   -4.61   -3.03    0.00
--> Name of file number  10:                                                     
md_2_0554_0446.en      1    949 0.554000  -92.68    0.00    0.00    0.00    0.00  -69.31  -23.37    5.83    1.00  -71.09  -13.99   -4.05  -10.38    0.00
md_2_0554_0446.en      2    949 0.446000  -78.58    0.00    0.00    0.00    0.00  -70.18   -8.40    4.35    0.91  -69.95   -6.28   -4.58   -3.03    0.00
--> Name of file number  11:                                                     
md_2_0518_0482.en      1    949 0.518000  -91.88    0.00    0.00    0.00    0.00  -70.10  -21.77    5.59    1.14  -72.30  -13.38   -3.38   -9.53    0.00
md_2_0518_0482.en      2    949 0.482000  -78.37    0.00    0.00    0.00    0.00  -71.03   -7.34    4.18    0.96  -71.28   -5.83   -3.92   -2.47    0.00
--> Name of file number  12:                                                     
md_2_0484_0516.en      1    949 0.484000  -91.56    0.00    0.00    0.00    0.00  -69.79  -21.77    5.58    1.39  -73.85  -13.86   -1.51   -9.30    0.00
md_2_0484_0516.en      2    949 0.516000  -77.75    0.00    0.00    0.00    0.00  -70.80   -6.95    4.30    0.99  -73.03   -5.57   -2.08   -2.37    0.00
--> Name of file number  13:                                                     
md_2_0452_0548.en      1    949 0.452000  -92.68    0.00    0.00    0.00    0.00  -70.53  -22.15    5.39    1.11  -71.16  -14.02   -4.75   -9.24    0.00
md_2_0452_0548.en      2    949 0.548000  -78.56    0.00    0.00    0.00    0.00  -71.50   -7.06    4.15    0.91  -70.52   -5.95   -5.14   -2.02    0.00
--> Name of file number  14:                                                     
md_2_0422_0578.en      1    949 0.422000  -90.77    0.00    0.00    0.00    0.00  -71.06  -19.71    5.59    1.57  -73.26  -13.02   -3.39   -8.26    0.00
md_2_0422_0578.en      2    949 0.578000  -78.03    0.00    0.00    0.00    0.00  -72.13   -5.90    4.48    1.02  -72.84   -5.10   -3.77   -1.82    0.00
--> Name of file number  15:                                                     
md_2_0394_0606.en      1    949 0.394000  -90.13    0.00    0.00    0.00    0.00  -69.06  -21.07    5.43    1.37  -70.95  -13.93   -3.55   -8.51    0.00
md_2_0394_0606.en      2    949 0.606000  -77.67    0.00    0.00    0.00    0.00  -70.07   -7.60    4.21    0.92  -70.26   -5.92   -4.01   -2.60    0.00
--> Name of file number  16:                                                     
md_2_0368_0632.en      1    949 0.368000  -89.85    0.00    0.00    0.00    0.00  -68.16  -21.69    5.30    1.45  -70.42  -14.11   -3.04   -9.04    0.00
md_2_0368_0632.en      2    949 0.632000  -77.00    0.00    0.00    0.00    0.00  -69.15   -7.85    4.09    0.91  -69.78   -5.87   -3.46   -2.88    0.00
--> Name of file number  17:                                                     
md_2_0343_0657.en      1    949 0.343000  -88.50    0.00    0.00    0.00    0.00  -69.91  -18.59    5.80    1.47  -72.66  -13.25   -3.05   -6.82    0.00
md_2_0343_0657.en      2    949 0.657000  -78.23    0.00    0.00    0.00    0.00  -70.84   -7.39    4.34    0.92  -71.60   -5.82   -3.58   -2.48    0.00
--> Name of file number  18:                                                     
md_2_0319_0681.en      1    949 0.319000  -87.68    0.00    0.00    0.00    0.00  -68.60  -19.09    5.77    1.54  -72.28  -12.93   -2.09   -7.69    0.00
md_2_0319_0681.en      2    949 0.681000  -77.30    0.00    0.00    0.00    0.00  -69.51   -7.79    4.35    0.92  -71.33   -5.35   -2.53   -3.36    0.00
--> Name of file number  19:                                                     
md_2_0297_0703.en      1    949 0.297000  -87.93    0.00    0.00    0.00    0.00  -70.50  -17.43    6.25    2.15  -71.12  -12.10   -5.64   -7.49    0.00
md_2_0297_0703.en      2    949 0.703000  -78.58    0.00    0.00    0.00    0.00  -71.35   -7.24    4.67    0.95  -69.82   -5.30   -6.19   -2.89    0.00
--> Name of file number  20:                                                     
md_2_0276_0724.en      1    949 0.276000  -86.18    0.00    0.00    0.00    0.00  -69.19  -16.99    6.07    1.63  -69.61  -12.14   -5.65   -6.48    0.00
md_2_0276_0724.en      2    949 0.724000  -77.29    0.00    0.00    0.00    0.00  -70.04   -7.25    4.52    0.99  -68.59   -5.39   -5.97   -2.85    0.00
--> Name of file number  21:                                                     
md_2_0257_0743.en      1    949 0.257000  -85.91    0.00    0.00    0.00    0.00  -69.52  -16.39    5.72    1.45  -69.59  -12.64   -5.65   -5.20    0.00
md_2_0257_0743.en      2    949 0.743000  -78.07    0.00    0.00    0.00    0.00  -70.35   -7.72    4.24    0.88  -68.63   -6.09   -5.96   -2.51    0.00
--> Name of file number  22:                                                     
md_2_0239_0761.en      1    949 0.239000  -86.64    0.00    0.00    0.00    0.00  -70.15  -16.48    5.57    1.59  -69.06  -12.69   -6.67   -5.39    0.00
md_2_0239_0761.en      2    949 0.761000  -77.87    0.00    0.00    0.00    0.00  -71.02   -6.86    4.10    0.89  -68.18   -5.84   -6.94   -1.91    0.00
--> Name of file number  23:                                                     
md_2_0221_0779.en      1    949 0.221000  -86.88    0.00    0.00    0.00    0.00  -71.68  -15.20    5.56    1.80  -70.10  -12.95   -7.14   -4.05    0.00
md_2_0221_0779.en      2    949 0.779000  -79.42    0.00    0.00    0.00    0.00  -72.55   -6.87    4.09    0.93  -69.21   -5.96   -7.43   -1.84    0.00
--> Name of file number  24:                                                     
md_2_0205_0795.en      1    949 0.205000  -87.95    0.00    0.00    0.00    0.00  -72.81  -15.14    5.93    1.76  -71.12  -12.74   -7.62   -4.15    0.00
md_2_0205_0795.en      2    949 0.795000  -80.50    0.00    0.00    0.00    0.00  -73.70   -6.80    4.38    0.93  -70.14   -6.24   -7.95   -1.50    0.00
--> Name of file number  25:                                                     
md_2_0190_0810.en      1    949 0.190000  -85.79    0.00    0.00    0.00    0.00  -73.16  -12.62    5.62    1.94  -70.59  -11.84   -8.20   -2.72    0.00
md_2_0190_0810.en      2    949 0.810000  -80.99    0.00    0.00    0.00    0.00  -74.03   -6.96    4.14    0.88  -69.54   -5.97   -8.63   -1.88    0.00
--> Name of file number  26:                                                     
md_2_0175_0825.en      1    949 0.175000  -83.73    0.00    0.00    0.00    0.00  -72.96  -10.78    5.87    1.88  -70.60  -10.99   -8.23   -1.66    0.00
md_2_0175_0825.en      2    949 0.825000  -80.94    0.00    0.00    0.00    0.00  -73.77   -7.16    4.35    0.91  -69.51   -6.36   -8.61   -1.71    0.00
--> Name of file number  27:                                                     
md_2_0162_0838.en      1    949 0.162000  -81.26    0.00    0.00    0.00    0.00  -71.37   -9.89    5.86    2.52  -70.02  -11.49   -7.21   -0.92    0.00
md_2_0162_0838.en      2    949 0.838000  -78.99    0.00    0.00    0.00    0.00  -72.19   -6.80    4.32    0.94  -68.84   -6.30   -7.67   -1.44    0.00
--> Name of file number  28:                                                     
md_2_0149_0851.en      1    949 0.149000  -82.38    0.00    0.00    0.00    0.00  -72.49   -9.89    5.89    2.29  -69.65  -10.65   -8.73   -1.53    0.00
md_2_0149_0851.en      2    949 0.851000  -80.13    0.00    0.00    0.00    0.00  -73.34   -6.80    4.37    0.90  -68.53   -6.03   -9.17   -1.67    0.00
--> Name of file number  29:                                                     
md_2_0137_0863.en      1    949 0.137000  -75.74    0.00    0.00    0.00    0.00  -72.08   -3.66    6.07    2.66  -70.25   -8.86   -7.90    2.54    0.00
md_2_0137_0863.en      2    949 0.863000  -80.20    0.00    0.00    0.00    0.00  -72.87   -7.33    4.51    0.95  -69.12   -5.73   -8.27   -2.54    0.00
--> Name of file number  30:                                                     
md_2_0126_0874.en      1    949 0.126000  -68.42    0.00    0.00    0.00    0.00  -71.22    2.80    6.16    2.42  -70.42   -5.12   -6.96    5.51    0.00
md_2_0126_0874.en      2    949 0.874000  -79.31    0.00    0.00    0.00    0.00  -72.07   -7.24    4.57    1.03  -69.32   -6.03   -7.32   -2.24    0.00
--> Name of file number  31:                                                     
md_2_0115_0885.en      1    949 0.115000  -77.52    0.00    0.00    0.00    0.00  -71.37   -6.15    5.79    1.95  -72.04   -8.49   -5.11    0.39    0.00
md_2_0115_0885.en      2    949 0.885000  -79.55    0.00    0.00    0.00    0.00  -72.34   -7.21    4.41    0.91  -71.18   -5.54   -5.58   -2.58    0.00
--> Name of file number  32:                                                     
md_2_0105_0895.en      1    949 0.105000  -76.18    0.00    0.00    0.00    0.00  -69.13   -7.05    5.50    1.95  -70.55  -11.78   -4.08    2.78    0.00
md_2_0105_0895.en      2    949 0.895000  -77.36    0.00    0.00    0.00    0.00  -70.20   -7.17    4.37    0.90  -70.05   -5.36   -4.52   -2.70    0.00
--> Name of file number  33:                                                     
md_2_0096_0904.en      1    949 0.096000  -72.24    0.00    0.00    0.00    0.00  -69.41   -2.83    5.07    2.22  -69.12   -9.81   -5.36    4.77    0.00
md_2_0096_0904.en      2    949 0.904000  -78.10    0.00    0.00    0.00    0.00  -70.37   -7.73    3.81    0.90  -68.54   -6.21   -5.65   -2.43    0.00
--> Name of file number  34:                                                     
md_2_0087_0913.en      1    949 0.087000  -66.67    0.00    0.00    0.00    0.00  -70.57    3.90    5.89    2.50  -68.98   -6.26   -7.48    7.65    0.00
md_2_0087_0913.en      2    949 0.913000  -79.21    0.00    0.00    0.00    0.00  -71.38   -7.83    4.36    0.89  -67.85   -6.20   -7.90   -2.52    0.00
--> Name of file number  35:                                                     
md_2_0079_0921.en      1    949 0.079000  -60.78    0.00    0.00    0.00    0.00  -70.15    9.37    5.86    3.24  -70.51   -4.17   -5.50   10.30    0.00
md_2_0079_0921.en      2    949 0.921000  -78.70    0.00    0.00    0.00    0.00  -71.02   -7.68    4.35    0.94  -69.38   -6.31   -5.98   -2.31    0.00
--> Name of file number  36:                                                     
md_2_0071_0929.en      1    949 0.071000  -56.16    0.00    0.00    0.00    0.00  -71.30   15.14    5.83    2.67  -71.58   -3.24   -5.55   15.72    0.00
md_2_0071_0929.en      2    949 0.929000  -79.12    0.00    0.00    0.00    0.00  -72.19   -6.93    4.34    0.97  -70.64   -5.47   -5.89   -2.43    0.00
--> Name of file number  37:                                                     
md_2_0064_0936.en      1    949 0.064000  -58.61    0.00    0.00    0.00    0.00  -68.82   10.21    5.47    2.32  -72.45   -3.71   -1.85   11.60    0.00
md_2_0064_0936.en      2    949 0.936000  -77.00    0.00    0.00    0.00    0.00  -69.85   -7.15    4.26    0.90  -71.77   -4.82   -2.34   -3.23    0.00
--> Name of file number  38:                                                     
md_2_0057_0943.en      1    949 0.057000  -51.33    0.00    0.00    0.00    0.00  -70.28   18.95    5.27    2.83  -69.79    0.45   -5.76   15.67    0.00
md_2_0057_0943.en      2    949 0.943000  -78.34    0.00    0.00    0.00    0.00  -71.18   -7.16    3.91    0.93  -69.09   -5.70   -6.00   -2.39    0.00
--> Name of file number  39:                                                     
md_2_0050_0950.en      1    949 0.050000  -47.78    0.00    0.00    0.00    0.00  -71.11   23.32    5.84    2.52  -69.66   -3.77   -7.28   24.58    0.00
md_2_0050_0950.en      2    949 0.950000  -78.84    0.00    0.00    0.00    0.00  -71.95   -6.89    4.32    0.92  -68.73   -5.77   -7.54   -2.05    0.00
--> Name of file number  40:                                                     
md_2_0044_0956.en      1    949 0.044000  -31.31    0.00    0.00    0.00    0.00  -70.11   38.80    5.64    2.46  -68.24    6.28   -7.51   30.06    0.00
md_2_0044_0956.en      2    949 0.956000  -78.48    0.00    0.00    0.00    0.00  -71.01   -7.47    4.17    0.90  -67.33   -5.66   -7.85   -2.71    0.00
--> Name of file number  41:                                                     
md_2_0039_0961.en      1    949 0.039000   -9.23    0.00    0.00    0.00    0.00  -70.74   61.50    5.33    2.64  -70.22   17.32   -5.85   41.55    0.00
md_2_0039_0961.en      2    949 0.961000  -78.26    0.00    0.00    0.00    0.00  -71.74   -6.52    4.13    0.98  -69.61   -5.10   -6.26   -2.40    0.00
--> Name of file number  42:                                                     
md_2_0033_0967.en      1    949 0.033000  -12.02    0.00    0.00    0.00    0.00  -71.02   59.00    5.59    3.26  -71.25    6.97   -5.36   48.77    0.00
md_2_0033_0967.en      2    949 0.967000  -78.59    0.00    0.00    0.00    0.00  -72.15   -6.44    4.53    0.99  -70.83   -4.60   -5.85   -2.84    0.00
--> Name of file number  43:                                                     
md_2_0028_0972.en      1    949 0.028000    5.57    0.00    0.00    0.00    0.00  -71.57   77.13    5.83    2.51  -72.13   14.34   -5.27   60.29    0.00
md_2_0028_0972.en      2    949 0.972000  -78.90    0.00    0.00    0.00    0.00  -72.74   -6.16    4.80    0.98  -71.82   -4.61   -5.72   -2.53    0.00
--> Name of file number  44:                                                     
md_2_0023_0977.en      1    949 0.023000   33.66    0.00    0.00    0.00    0.00  -70.93  104.59    5.57    3.06  -71.37   20.81   -5.13   80.72    0.00
md_2_0023_0977.en      2    949 0.977000  -78.26    0.00    0.00    0.00    0.00  -72.09   -6.17    4.51    0.97  -71.04   -4.45   -5.56   -2.69    0.00
--> Name of file number  45:                                                     
md_2_0019_0981.en      1    949 0.019000   40.20    0.00    0.00    0.00    0.00  -71.38  111.58    6.02    2.84  -71.66   24.72   -5.74   84.01    0.00
md_2_0019_0981.en      2    949 0.981000  -78.39    0.00    0.00    0.00    0.00  -72.56   -5.83    5.03    0.95  -71.41   -4.19   -6.17   -2.59    0.00
--> Name of file number  46:                                                     
md_2_0015_0985.en      1    949 0.015000   66.96    0.00    0.00    0.00    0.00  -71.50  138.46    5.79    3.31  -71.11   39.76   -6.19   95.39    0.00
md_2_0015_0985.en      2    949 0.985000  -78.57    0.00    0.00    0.00    0.00  -72.68   -5.89    4.86    0.99  -70.87   -4.01   -6.67   -2.87    0.00
--> Name of file number  47:                                                     
md_2_0011_0989.en      1    949 0.011000   72.71    0.00    0.00    0.00    0.00  -72.13  144.84    5.97    3.83  -72.84   58.51   -5.25   82.50    0.00
md_2_0011_0989.en      2    949 0.989000  -78.83    0.00    0.00    0.00    0.00  -73.36   -5.47    4.91    0.96  -72.41   -3.54   -5.86   -2.89    0.00
--> Name of file number  48:                                                     
md_2_0007_0993.en      1    949 0.007000   86.24    0.00    0.00    0.00    0.00  -70.69  156.93    5.70    3.34  -69.99   60.29   -6.40   93.30    0.00
md_2_0007_0993.en      2    949 0.993000  -77.67    0.00    0.00    0.00    0.00  -71.87   -5.80    4.81    1.02  -69.63   -4.14   -7.04   -2.68    0.00
--> Name of file number  49:                                                     
md_2_0003_0997.en      1    949 0.003000  118.04    0.00    0.00    0.00    0.00  -70.03  188.07    5.43    3.04  -66.99   95.18   -8.46   89.85    0.00
md_2_0003_0997.en      2    949 0.997000  -78.30    0.00    0.00    0.00    0.00  -71.20   -7.10    4.63    1.07  -66.92   -5.53   -8.91   -2.64    0.00
--> Name of file number  50:                                                     
md_2_0000_1000.en      1    949 0.000000  316.30    0.00    0.00    0.00    0.00  -68.18  384.48    4.24   17.15  -65.89  333.85   -6.53   33.48    0.00
md_2_0000_1000.en      2    949 1.000000  -77.67    0.00    0.00    0.00    0.00  -69.26   -8.41    3.08    1.17  -65.69   -6.81   -6.65   -2.78    0.00


# Part 1: Free energy perturbation summary:
# lambda(1)      dGf sum(dGf)      dGr sum(dGr)     <dG>
   1.000000    0.000    0.000   -1.002   -4.314    0.000
   0.938000    1.075    1.075   -0.995   -3.311    1.039
   0.879000    0.937    2.012   -0.930   -2.317    2.004
   0.823000    0.929    2.941   -0.839   -1.386    2.934
   0.771000    0.852    3.792   -0.756   -0.548    3.779
   0.722000    0.777    4.570   -0.724    0.209    4.546
   0.676000    0.698    5.268   -0.646    0.933    5.257
   0.633000    0.668    5.935   -0.589    1.578    5.914
   0.592000    0.604    6.540   -0.540    2.167    6.510
   0.554000    0.534    7.074   -0.491    2.708    7.048
   0.518000    0.503    7.577   -0.475    3.199    7.545
   0.484000    0.454    8.031   -0.455    3.673    8.009
   0.452000    0.437    8.468   -0.386    4.129    8.455
   0.422000    0.420    8.888   -0.355    4.515    8.859
   0.394000    0.353    9.241   -0.339    4.870    9.213
   0.368000    0.318    9.560   -0.264    5.209    9.541
   0.343000    0.317    9.877   -0.256    5.473    9.832
   0.319000    0.240   10.116   -0.212    5.729   10.080
   0.297000    0.222   10.338   -0.194    5.942   10.297
   0.276000    0.190   10.528   -0.156    6.136   10.489
   0.257000    0.162   10.690   -0.164    6.292   10.648
   0.239000    0.135   10.825   -0.142    6.456   10.797
   0.221000    0.151   10.976   -0.124    6.598   10.944
   0.205000    0.112   11.088   -0.080    6.722   11.062
   0.190000    0.107   11.195   -0.053    6.802   11.155
   0.175000    0.063   11.259   -0.041    6.855   11.214
   0.162000    0.027   11.285   -0.038    6.896   11.248
   0.149000    0.015   11.300    0.042    6.934   11.274
   0.137000    0.018   11.319    0.102    6.892   11.262
   0.126000   -0.060   11.259    0.015    6.791   11.182
   0.115000   -0.139   11.120    0.006    6.776   11.105
   0.105000   -0.027   11.093    0.041    6.770   11.088
   0.096000   -0.016   11.077    0.102    6.729   11.060
   0.087000   -0.066   11.012    0.130    6.626   10.976
   0.079000   -0.109   10.902    0.162    6.497   10.856
   0.071000   -0.159   10.744    0.112    6.334   10.696
   0.064000   -0.181   10.563    0.172    6.223   10.550
   0.057000   -0.150   10.413    0.202    6.051   10.389
   0.050000   -0.208   10.205    0.259    5.849   10.184
   0.044000   -0.199   10.006    0.329    5.591    9.955
   0.039000   -0.255    9.751    0.368    5.262    9.663
   0.033000   -0.438    9.313    0.384    4.893    9.260
   0.028000   -0.357    8.957    0.522    4.510    8.890
   0.023000   -0.464    8.493    0.463    3.988    8.397
   0.019000   -0.472    8.021    0.566    3.525    7.930
   0.015000   -0.487    7.534    0.563    2.959    7.403
   0.011000   -0.600    6.935    0.621    2.396    6.822
   0.007000   -0.671    6.263    0.748    1.775    6.176
   0.003000   -0.699    5.564    1.026    1.026    5.452
   0.000000   -0.613    4.952    0.000    0.000    4.633

# Min energy-gap is:   -106.26
# Max energy-gap is:   3448.93


# Part 2: Reaction free energy summary:
# Lambda(1)  bin Energy gap      dGa     dGb     dGg    # pts    c1**2    c2**2
   1.000000    1     -70.71     0.00    13.88    -0.00    949    0.000    0.000
   0.938000    1     -70.71     0.04    12.97     0.04    949    0.000    0.000
   0.879000    1     -70.71    -0.05    10.61    -0.05    949    0.000    0.000
   0.823000    1     -70.71    -0.05    14.45    -0.05    949    0.000    0.000
   0.771000    1     -70.71    -0.01    13.87    -0.01    949    0.000    0.000
   0.722000    1     -70.71     0.11    13.28     0.11    949    0.000    0.000
   0.676000    1     -70.71    -0.03    14.10    -0.03    949    0.000    0.000
   0.633000    1     -70.71     0.13    12.32     0.13    949    0.000    0.000
   0.592000    1     -70.71     0.25    12.06     0.25    949    0.000    0.000
   0.554000    1     -70.71     0.22    13.34     0.22    949    0.000    0.000
   0.518000    1     -70.71     0.35    11.24     0.35    949    0.000    0.000
   0.484000    1     -70.71     0.09    12.97     0.09    949    0.000    0.000
   0.452000    1     -70.71    -0.08    13.59    -0.08    949    0.000    0.000
   0.422000    1     -70.71     0.39    13.19     0.39    949    0.000    0.000
   0.394000    1     -70.71     0.02    12.34     0.02    949    0.000    0.000
   0.368000    1     -70.71    -0.21    13.06    -0.21    949    0.000    0.000
   0.343000    1     -70.71     0.69    11.27     0.69    949    0.000    0.000
   0.319000    1     -70.71     0.23    11.06     0.23    949    0.000    0.000
   0.297000    1     -70.71     0.14    11.41     0.14    949    0.000    0.000
   0.276000    1     -70.71     0.33    10.74     0.33    949    0.000    0.000
   0.257000    1     -70.71     0.84    10.89     0.84    949    0.000    0.000
   0.239000    1     -70.71    -0.89    11.08    -0.89    949    0.000    0.000
   0.221000    1     -70.71     0.04    10.88     0.04    949    0.000    0.000
   0.205000    1     -70.71     0.60    11.12     0.60    949    0.000    0.000
   0.190000    1     -70.71     1.09    10.23     1.09    949    0.000    0.000
   0.175000    1     -70.71     0.50     8.10     0.50    949    0.000    0.000
   0.162000    1     -70.71    -0.50     7.83    -0.50    949    0.000    0.000
   0.149000    1     -70.71     0.22     9.50     0.22    949    0.000    0.000
   0.137000    1     -70.71     0.40     8.72     0.40    946    0.000    0.000
   0.126000    1     -70.71     0.68     7.68     0.68    941    0.000    0.000
   0.115000    1     -70.71     0.72     9.33     0.72    949    0.000    0.000
   0.105000    1     -70.71     0.79    10.11     0.79    949    0.000    0.000
   0.096000    1     -70.71     0.98     9.14     0.98    934    0.000    0.000
   0.087000    1     -70.71     1.48     9.07     1.48    931    0.000    0.000
   0.079000    1     -70.71     2.19     8.85     2.19    871    0.000    0.000
   0.079000    2       0.40    51.28     6.09     6.09     78    0.000    0.000
   0.071000    1     -70.71     1.73     8.84     1.73    811    0.000    0.000
   0.071000    2       0.40    49.49     4.65     4.65    137    0.000    0.000
   0.064000    1     -70.71     0.94     9.19     0.94    829    0.000    0.000
   0.064000    2       0.40    49.15     5.47     5.47    119    0.000    0.000
   0.057000    1     -70.71     4.27     8.85     4.27    761    0.000    0.000
   0.057000    2       0.40    51.58     6.37     6.37    188    0.000    0.000
   0.050000    1     -70.71     2.19     8.79     2.19    697    0.000    0.000
   0.050000    2       0.40    51.29     7.00     7.00    252    0.000    0.000
   0.044000    1     -70.71     6.75     8.70     6.73    459    0.000    0.000
   0.044000    2       0.40    51.70     6.43     6.43    470    0.000    0.000
   0.039000    1     -70.71     6.07     8.45     6.05    179    0.000    0.000
   0.039000    2       0.40    52.26     6.35     6.35    725    0.000    0.000
   0.033000    1     -70.71    11.09     8.28     8.28    232    0.000    0.000
   0.033000    2       0.40    51.13     6.50     6.50    643    0.000    0.000
   0.033000    3      71.50   119.10     4.57     4.57     74    0.000    0.000
   0.028000    1     -70.71    13.91     8.09     8.09    197    0.000    0.000
   0.028000    2       0.40    49.31     6.41     6.41    516    0.000    0.000
   0.028000    3      71.50   119.41     4.71     4.71    227    0.000    0.000
   0.023000    2       0.40    54.55     6.38     6.38    454    0.000    0.000
   0.023000    3      71.50   120.76     4.93     4.93    425    0.000    0.000
   0.019000    2       0.40    56.28     6.06     6.06    449    0.000    0.000
   0.019000    3      71.50   119.90     5.25     5.25    473    0.000    0.000
   0.015000    2       0.40    76.51     5.90     5.90    186    0.000    0.000
   0.015000    3      71.50   118.80     5.12     5.12    643    0.000    0.000
   0.015000    4     142.60   190.61     4.25     4.25    118    0.000    0.000
   0.011000    2       0.40    53.89     5.78     5.78    249    0.000    0.000
   0.011000    3      71.50   122.14     5.17     5.17    515    0.000    0.000
   0.011000    4     142.60   192.53     4.38     4.38    118    0.000    0.000
   0.007000    2       0.40    60.28     5.49     5.49    139    0.000    0.000
   0.007000    3      71.50   120.93     5.12     5.12    560    0.000    0.000
   0.007000    4     142.60   189.32     4.68     4.68    170    0.000    0.000
   0.007000    5     213.71   262.18     4.23     4.23     68    0.000    0.000
   0.003000    2       0.40    82.02     5.14     5.14     53    0.000    0.000
   0.003000    3      71.50   121.69     4.97     4.97    393    0.000    0.000
   0.003000    4     142.60   189.59     4.81     4.81    365    0.000    0.000
   0.003000    5     213.71   259.75     4.61     4.61    116    0.000    0.000
   0.000000    4     142.60   194.41     4.63     4.63    145    0.000    0.000
   0.000000    5     213.71   262.47     4.63     4.63    155    0.000    0.000
   0.000000    6     284.81   332.63     4.63     4.63    226    0.000    0.000
   0.000000    7     355.92   405.11     4.63     4.63    261    0.000    0.000
   0.000000    8     427.02   475.12     4.63     4.63     65    0.000    0.000


# Part 3: Bin-averaged summary:
# bin  energy gap  <dGg> <dGg norm> pts  <c1**2> <c2**2> <r_xy>
   1    -70.71     0.69     0.69  37258   0.000   0.000   0.000
   2      0.40     6.23     6.23   4658   0.000   0.000   0.000
   3     71.50     5.06     5.06   3310   0.000   0.000   0.000
   4    142.60     4.63     4.63    916   0.000   0.000   0.000
   5    213.71     4.54     4.54    339   0.000   0.000   0.000
   6    284.81     4.63     4.63    226   0.000   0.000   0.000
   7    355.92     4.63     4.63    261   0.000   0.000   0.000
   8    427.02     4.63     4.63     65   0.000   0.000   0.000


# Part 4: Termodynamic integration:
# lambda(1)      dGti    sum(dGti) 
   1.000000    0.000    0.000
   0.938000   17.471    1.038
   0.879000   16.022    2.004
   0.823000   16.724    2.934
   0.771000   16.493    3.779
   0.722000   15.995    4.546
   0.676000   15.305    5.257
   0.633000   15.631    5.913
   0.592000   14.883    6.510
   0.554000   14.214    7.048
   0.518000   14.097    7.545
   0.484000   13.504    8.009
   0.452000   13.807    8.456
   0.422000   14.118    8.859
   0.394000   12.739    9.212
   0.368000   12.469    9.541
   0.343000   12.856    9.830
   0.319000   10.274   10.078
   0.297000   10.383   10.295
   0.276000    9.350   10.486
   0.257000    8.892   10.645
   0.239000    7.847   10.795
   0.221000    8.767   10.941
   0.205000    7.452   11.060
   0.190000    7.449   11.152
   0.175000    4.797   11.209
   0.162000    2.798   11.242
   0.149000    2.270   11.271
   0.137000    2.241   11.258
   0.126000   -4.467   11.173
   0.115000  -10.887   11.102
   0.105000   -2.032   11.086
   0.096000   -1.182   11.055
   0.087000   -5.861   10.972
   0.079000  -12.543   10.850
   0.071000  -17.919   10.686
   0.064000  -22.965   10.542
   0.057000  -18.393   10.383
   0.050000  -27.012   10.179
   0.044000  -31.061    9.945
   0.039000  -47.163    9.654
   0.033000  -69.024    9.248
   0.028000  -66.570    8.870
   0.023000  -84.463    8.379
   0.019000 -111.924    7.918
   0.015000 -118.590    7.390
   0.011000 -145.524    6.796
   0.007000 -151.542    6.165
   0.003000 -163.910    5.444
   0.000000 -196.339    4.559


# Part 5: Overlap sampling Lu et al:
# lambda(1)      dG    sum(dG) 
   1.000000    0.000    0.000
   0.938000    1.039    1.039
   0.879000    0.966    2.004
   0.823000    0.930    2.934
   0.771000    0.845    3.779
   0.722000    0.767    4.546
   0.676000    0.711    5.257
   0.633000    0.656    5.914
   0.592000    0.597    6.511
   0.554000    0.538    7.048
   0.518000    0.497    7.545
   0.484000    0.464    8.010
   0.452000    0.447    8.456
   0.422000    0.403    8.859
   0.394000    0.354    9.213
   0.368000    0.329    9.542
   0.343000    0.290    9.831
   0.319000    0.248   10.080
   0.297000    0.217   10.297
   0.276000    0.192   10.489
   0.257000    0.159   10.648
   0.239000    0.150   10.797
   0.221000    0.146   10.944
   0.205000    0.119   11.062
   0.190000    0.093   11.155
   0.175000    0.058   11.213
   0.162000    0.034   11.247
   0.149000    0.028   11.275
   0.137000   -0.012   11.262
   0.126000   -0.082   11.180
   0.115000   -0.074   11.106
   0.105000   -0.016   11.090
   0.096000   -0.030   11.060
   0.087000   -0.083   10.976
   0.079000   -0.121   10.856
   0.071000   -0.162   10.694
   0.064000   -0.145   10.549
   0.057000   -0.160   10.390
   0.050000   -0.204   10.186
   0.044000   -0.231    9.954
   0.039000   -0.291    9.663
   0.033000   -0.405    9.259
   0.028000   -0.373    8.885
   0.023000   -0.492    8.393
   0.019000   -0.464    7.929
   0.015000   -0.527    7.402
   0.011000   -0.587    6.815
   0.007000   -0.636    6.179
   0.003000   -0.721    5.458
   0.000000   -0.839    4.619


# lambda(1)      dG    sum(dG) 
# Part 6: BAR Bennet:
   1.000000    0.000    0.000
   0.938000    1.038    1.038
   0.879000    0.966    2.005
   0.823000    0.930    2.935
   0.771000    0.845    3.780
   0.722000    0.767    4.546
   0.676000    0.712    5.258
   0.633000    0.656    5.914
   0.592000    0.597    6.511
   0.554000    0.538    7.049
   0.518000    0.497    7.546
   0.484000    0.464    8.010
   0.452000    0.447    8.457
   0.422000    0.403    8.860
   0.394000    0.353    9.213
   0.368000    0.329    9.542
   0.343000    0.289    9.831
   0.319000    0.248   10.080
   0.297000    0.217   10.297
   0.276000    0.192   10.488
   0.257000    0.159   10.648
   0.239000    0.150   10.797
   0.221000    0.146   10.943
   0.205000    0.119   11.063
   0.190000    0.092   11.155
   0.175000    0.057   11.212
   0.162000    0.033   11.245
   0.149000    0.030   11.275
   0.137000   -0.013   11.262
   0.126000   -0.084   11.178
   0.115000   -0.071   11.107
   0.105000   -0.016   11.091
   0.096000   -0.031   11.060
   0.087000   -0.083   10.978
   0.079000   -0.122   10.856
   0.071000   -0.163   10.693
   0.064000   -0.144   10.549
   0.057000   -0.158   10.391
   0.050000   -0.203   10.188
   0.044000   -0.234    9.954
   0.039000   -0.290    9.664
   0.033000   -0.406    9.258
   0.028000   -0.377    8.881
   0.023000   -0.491    8.390
   0.019000   -0.461    7.929
   0.015000   -0.528    7.402
   0.011000   -0.592    6.810
   0.007000   -0.628    6.182
   0.003000   -0.719    5.463
   0.000000   -0.846    4.617
