--------------------------------------------------------------------------------
Welcome to qfep version: 6.0.1
 
This version was compiled using: GCC version 11.5.0 20240719 (Red Hat 11.5.0-2)
 
And using the following compiler options: 
-cpp -D G95=1 -mtune=generic -march=x86-64-v2 -O3 -Wall -Wtabs -std=legacy -funroll-loops -ffree-line-length-none -fcray-pointer -fall-intrinsics -fstack-protector -fpre-include=/usr/include/finclude/math-vector-fortran.h

 
For command line options type qfep --help  or qcalc -h at the terminal.
 
If you are using the interactive mode and want to quit type "quit" or Ctrl-C.
--------------------------------------------------------------------------------
--> Number of energy files: # Number of files                                  =    50
--> No. of states, no. of predefined off-diag elements: # Number of states     =     2
# Number of off-diagonal elements                                              =     0
--> Give kT & num. of pts to skip & calculation mode: # kT                     = 0.592
# Number of data points to skip                                                =    50
# Only QQ interactions will be considered                                      =     0
--> Give number of gap-bins: # Number of gap-bins                              =    50
--> Give minimum # pts/bin: # Minimum number of points per bin                 =    50
--> Give alpha for state  2                                                     # Alpha for state  2              =  0.00
--> Number of off-diagonal elements: # Number of off-diagonal elements         =     0
--> linear combination of states defining reaction coord: # Linear combination coefficients=    1.00    0.00


# Part 0: Average energies for all states in all files
# file             state   pts   lambda    EQtot   EQbond  EQang   EQtor   EQimp    EQel   EQvdW  Eel_qq  EvdW_qq Eel_qp  EvdW_qp Eel_qw EvdW_qw Eqrstr
--> Name of file number   1:                                                     
md_1_1000_0000.en      1    949 1.000000 -221.91    0.00    0.00    0.00    0.00 -212.98   -8.93    3.66    1.99 -125.17   -9.08  -91.47   -1.84    0.00
md_1_1000_0000.en      2    949 0.000000  -92.35    0.00    0.00    0.00    0.00  -68.36  -23.99    5.69    0.40  -70.29  -17.03   -3.77   -7.37    0.00
--> Name of file number   2:                                                     
md_1_0997_0003.en      1    949 0.997000 -217.63    0.00    0.00    0.00    0.00 -207.76   -9.87    3.79    1.87 -121.85   -9.40  -89.70   -2.34    0.00
md_1_0997_0003.en      2    949 0.003000  -92.89    0.00    0.00    0.00    0.00  -68.54  -24.34    5.12    0.40  -69.63  -17.03   -4.04   -7.71    0.00
--> Name of file number   3:                                                     
md_1_0993_0007.en      1    949 0.993000 -219.84    0.00    0.00    0.00    0.00 -211.92   -7.92    3.73    1.88 -124.64   -8.12  -91.02   -1.68    0.00
md_1_0993_0007.en      2    949 0.007000  -91.89    0.00    0.00    0.00    0.00  -69.09  -22.80    5.59    0.31  -70.69  -15.96   -4.00   -7.14    0.00
--> Name of file number   4:                                                     
md_1_0989_0011.en      1    949 0.989000 -219.83    0.00    0.00    0.00    0.00 -211.66   -8.16    3.68    2.07 -125.59   -8.63  -89.75   -1.60    0.00
md_1_0989_0011.en      2    949 0.011000  -91.87    0.00    0.00    0.00    0.00  -68.54  -23.33    5.50    0.37  -70.49  -16.27   -3.55   -7.43    0.00
--> Name of file number   5:                                                     
md_1_0985_0015.en      1    949 0.985000 -218.90    0.00    0.00    0.00    0.00 -210.05   -8.85    3.69    1.97 -125.29   -8.52  -88.46   -2.30    0.00
md_1_0985_0015.en      2    949 0.015000  -92.64    0.00    0.00    0.00    0.00  -69.30  -23.34    5.38    0.35  -69.56  -15.97   -5.12   -7.72    0.00
--> Name of file number   6:                                                     
md_1_0981_0019.en      1    949 0.981000 -218.63    0.00    0.00    0.00    0.00 -210.48   -8.15    3.71    1.96 -119.62   -8.81  -94.56   -1.30    0.00
md_1_0981_0019.en      2    949 0.019000  -91.01    0.00    0.00    0.00    0.00  -68.43  -22.58    5.75    0.71  -70.29  -16.36   -3.89   -6.93    0.00
--> Name of file number   7:                                                     
md_1_0977_0023.en      1    949 0.977000 -215.67    0.00    0.00    0.00    0.00 -205.34  -10.33    3.77    1.87 -120.93   -9.57  -88.17   -2.63    0.00
md_1_0977_0023.en      2    949 0.023000  -92.48    0.00    0.00    0.00    0.00  -68.22  -24.26    5.63    0.30  -70.33  -16.95   -3.52   -7.61    0.00
--> Name of file number   8:                                                     
md_1_0972_0028.en      1    949 0.972000 -215.82    0.00    0.00    0.00    0.00 -206.85   -8.97    3.65    2.04 -127.31   -8.96  -83.20   -2.05    0.00
md_1_0972_0028.en      2    949 0.028000  -91.99    0.00    0.00    0.00    0.00  -68.61  -23.38    5.90    0.36  -72.43  -16.37   -2.08   -7.38    0.00
--> Name of file number   9:                                                     
md_1_0967_0033.en      1    949 0.967000 -216.20    0.00    0.00    0.00    0.00 -207.53   -8.67    3.61    1.89 -122.04   -9.08  -89.10   -1.48    0.00
md_1_0967_0033.en      2    949 0.033000  -91.40    0.00    0.00    0.00    0.00  -68.13  -23.27    5.83    0.35  -71.71  -16.54   -2.25   -7.09    0.00
--> Name of file number  10:                                                     
md_1_0961_0039.en      1    949 0.961000 -213.80    0.00    0.00    0.00    0.00 -203.32  -10.48    3.56    1.80 -124.46  -10.03  -82.42   -2.24    0.00
md_1_0961_0039.en      2    949 0.039000  -92.15    0.00    0.00    0.00    0.00  -67.34  -24.81    4.94    0.27  -68.88  -17.62   -3.40   -7.46    0.00
--> Name of file number  11:                                                     
md_1_0956_0044.en      1    949 0.956000 -215.49    0.00    0.00    0.00    0.00 -205.30  -10.20    3.55    1.89 -123.37   -9.78  -85.47   -2.30    0.00
md_1_0956_0044.en      2    949 0.044000  -91.85    0.00    0.00    0.00    0.00  -67.46  -24.38    5.05    0.33  -68.79  -17.24   -3.72   -7.47    0.00
--> Name of file number  12:                                                     
md_1_0950_0050.en      1    949 0.950000 -214.71    0.00    0.00    0.00    0.00 -204.76   -9.95    3.48    2.13 -125.19   -9.52  -83.05   -2.57    0.00
md_1_0950_0050.en      2    949 0.050000  -92.86    0.00    0.00    0.00    0.00  -68.37  -24.49    5.75    0.36  -71.24  -17.21   -2.89   -7.64    0.00
--> Name of file number  13:                                                     
md_1_0943_0057.en      1    949 0.943000 -215.21    0.00    0.00    0.00    0.00 -205.64   -9.57    3.58    1.97 -121.22   -9.56  -88.00   -1.98    0.00
md_1_0943_0057.en      2    949 0.057000  -92.66    0.00    0.00    0.00    0.00  -68.77  -23.88    5.89    0.33  -72.08  -16.99   -2.58   -7.22    0.00
--> Name of file number  14:                                                     
md_1_0936_0064.en      1    949 0.936000 -213.10    0.00    0.00    0.00    0.00 -202.81  -10.29    3.66    1.88 -120.61  -10.37  -85.86   -1.80    0.00
md_1_0936_0064.en      2    949 0.064000  -92.75    0.00    0.00    0.00    0.00  -68.18  -24.57    5.01    0.32  -68.67  -17.79   -4.52   -7.10    0.00
--> Name of file number  15:                                                     
md_1_0929_0071.en      1    949 0.929000 -214.02    0.00    0.00    0.00    0.00 -204.09   -9.93    3.72    2.13 -120.49   -9.93  -87.32   -2.13    0.00
md_1_0929_0071.en      2    949 0.071000  -94.03    0.00    0.00    0.00    0.00  -69.73  -24.30    5.57    0.43  -71.07  -17.48   -4.23   -7.24    0.00
--> Name of file number  16:                                                     
md_1_0921_0079.en      1    949 0.921000 -213.88    0.00    0.00    0.00    0.00 -203.25  -10.64    3.50    2.05 -122.83   -9.91  -83.92   -2.77    0.00
md_1_0921_0079.en      2    949 0.079000  -94.34    0.00    0.00    0.00    0.00  -69.51  -24.83    5.91    0.27  -71.84  -17.31   -3.58   -7.79    0.00
--> Name of file number  17:                                                     
md_1_0913_0087.en      1    949 0.913000 -213.21    0.00    0.00    0.00    0.00 -203.69   -9.52    3.63    1.96 -123.75   -9.78  -83.57   -1.70    0.00
md_1_0913_0087.en      2    949 0.087000  -92.70    0.00    0.00    0.00    0.00  -68.98  -23.71    5.71    0.44  -71.60  -17.14   -3.10   -7.02    0.00
--> Name of file number  18:                                                     
md_1_0904_0096.en      1    949 0.904000 -210.88    0.00    0.00    0.00    0.00 -199.91  -10.97    3.75    2.02 -124.60   -9.75  -79.05   -3.24    0.00
md_1_0904_0096.en      2    949 0.096000  -93.48    0.00    0.00    0.00    0.00  -68.63  -24.85    5.53    0.27  -70.96  -17.29   -3.20   -7.83    0.00
--> Name of file number  19:                                                     
md_1_0895_0105.en      1    949 0.895000 -208.72    0.00    0.00    0.00    0.00 -198.11  -10.60    3.65    1.90 -122.89   -9.74  -78.88   -2.75    0.00
md_1_0895_0105.en      2    949 0.105000  -91.12    0.00    0.00    0.00    0.00  -66.62  -24.49    4.80    0.27  -68.96  -17.10   -2.46   -7.67    0.00
--> Name of file number  20:                                                     
md_1_0885_0115.en      1    949 0.885000 -208.91    0.00    0.00    0.00    0.00 -198.22  -10.69    3.62    2.02 -123.54  -10.25  -78.30   -2.47    0.00
md_1_0885_0115.en      2    949 0.115000  -92.81    0.00    0.00    0.00    0.00  -68.45  -24.36    5.85    0.38  -71.39  -17.56   -2.91   -7.18    0.00
--> Name of file number  21:                                                     
md_1_0874_0126.en      1    949 0.874000 -208.80    0.00    0.00    0.00    0.00 -197.92  -10.88    3.81    2.06 -122.89   -9.85  -78.83   -3.10    0.00
md_1_0874_0126.en      2    949 0.126000  -94.53    0.00    0.00    0.00    0.00  -69.75  -24.77    5.99    0.23  -73.14  -16.99   -2.60   -8.00    0.00
--> Name of file number  22:                                                     
md_1_0863_0137.en      1    949 0.863000 -205.20    0.00    0.00    0.00    0.00 -193.63  -11.56    3.79    1.95 -126.50  -10.04  -70.92   -3.48    0.00
md_1_0863_0137.en      2    949 0.137000  -93.11    0.00    0.00    0.00    0.00  -68.25  -24.86    5.45    0.24  -70.30  -16.97   -3.40   -8.12    0.00
--> Name of file number  23:                                                     
md_1_0851_0149.en      1    949 0.851000 -203.73    0.00    0.00    0.00    0.00 -192.73  -11.00    3.74    2.10 -125.96   -9.52  -70.52   -3.58    0.00
md_1_0851_0149.en      2    949 0.149000  -92.55    0.00    0.00    0.00    0.00  -68.02  -24.54    5.87    0.24  -71.82  -16.74   -2.06   -8.04    0.00
--> Name of file number  24:                                                     
md_1_0838_0162.en      1    949 0.838000 -204.51    0.00    0.00    0.00    0.00 -193.30  -11.21    3.79    1.96 -125.47   -9.79  -71.62   -3.38    0.00
md_1_0838_0162.en      2    949 0.162000  -92.94    0.00    0.00    0.00    0.00  -68.25  -24.69    5.93    0.23  -71.69  -16.99   -2.49   -7.93    0.00
--> Name of file number  25:                                                     
md_1_0825_0175.en      1    949 0.825000 -203.95    0.00    0.00    0.00    0.00 -192.26  -11.68    3.75    2.02 -118.30  -10.12  -77.72   -3.58    0.00
md_1_0825_0175.en      2    949 0.175000  -93.31    0.00    0.00    0.00    0.00  -68.50  -24.81    6.05    0.19  -71.07  -16.92   -3.47   -8.08    0.00
--> Name of file number  26:                                                     
md_1_0810_0190.en      1    949 0.810000 -202.27    0.00    0.00    0.00    0.00 -190.70  -11.57    3.85    1.82 -116.79   -9.88  -77.76   -3.50    0.00
md_1_0810_0190.en      2    949 0.190000  -92.66    0.00    0.00    0.00    0.00  -67.62  -25.04    5.37    0.15  -69.55  -17.02   -3.45   -8.17    0.00
--> Name of file number  27:                                                     
md_1_0795_0205.en      1    949 0.795000 -197.16    0.00    0.00    0.00    0.00 -184.70  -12.47    4.03    2.00 -119.42   -9.77  -69.31   -4.70    0.00
md_1_0795_0205.en      2    949 0.205000  -92.26    0.00    0.00    0.00    0.00  -67.14  -25.12    5.83    0.43  -70.65  -16.71   -2.32   -8.83    0.00
--> Name of file number  28:                                                     
md_1_0779_0221.en      1    949 0.779000 -196.76    0.00    0.00    0.00    0.00 -184.92  -11.85    3.98    2.16 -121.26  -10.19  -67.64   -3.81    0.00
md_1_0779_0221.en      2    949 0.221000  -93.68    0.00    0.00    0.00    0.00  -68.66  -25.02    5.96    0.29  -70.77  -17.25   -3.85   -8.06    0.00
--> Name of file number  29:                                                     
md_1_0761_0239.en      1    949 0.761000 -194.99    0.00    0.00    0.00    0.00 -182.47  -12.52    3.80    1.89 -112.59  -10.54  -73.69   -3.87    0.00
md_1_0761_0239.en      2    949 0.239000  -93.95    0.00    0.00    0.00    0.00  -68.62  -25.33    4.45    0.24  -67.30  -17.24   -5.77   -8.34    0.00
--> Name of file number  30:                                                     
md_1_0743_0257.en      1    949 0.743000 -196.51    0.00    0.00    0.00    0.00 -183.83  -12.68    3.92    1.84 -114.44  -10.26  -73.32   -4.25    0.00
md_1_0743_0257.en      2    949 0.257000  -94.30    0.00    0.00    0.00    0.00  -68.68  -25.62    4.47    0.19  -66.99  -17.32   -6.16   -8.49    0.00
--> Name of file number  31:                                                     
md_1_0724_0276.en      1    949 0.724000 -187.67    0.00    0.00    0.00    0.00 -174.67  -13.00    3.80    2.37 -113.19  -10.42  -65.27   -4.96    0.00
md_1_0724_0276.en      2    949 0.276000  -93.36    0.00    0.00    0.00    0.00  -68.39  -24.97    3.52    0.72  -63.41  -16.85   -8.50   -8.84    0.00
--> Name of file number  32:                                                     
md_1_0703_0297.en      1    949 0.703000 -185.53    0.00    0.00    0.00    0.00 -171.83  -13.70    3.59    2.60 -115.67  -11.36  -59.75   -4.94    0.00
md_1_0703_0297.en      2    949 0.297000  -93.10    0.00    0.00    0.00    0.00  -67.41  -25.69    3.21    0.83  -61.48  -18.00   -9.15   -8.52    0.00
--> Name of file number  33:                                                     
md_1_0681_0319.en      1    949 0.681000 -183.32    0.00    0.00    0.00    0.00 -169.36  -13.96    4.26    2.12 -116.87  -11.69  -56.74   -4.39    0.00
md_1_0681_0319.en      2    949 0.319000  -92.71    0.00    0.00    0.00    0.00  -66.66  -26.05    4.86    0.28  -67.16  -18.02   -4.36   -8.30    0.00
--> Name of file number  34:                                                     
md_1_0657_0343.en      1    949 0.657000 -184.22    0.00    0.00    0.00    0.00 -170.58  -13.64    4.22    2.22 -124.05  -10.43  -50.75   -5.43    0.00
md_1_0657_0343.en      2    949 0.343000  -93.85    0.00    0.00    0.00    0.00  -67.89  -25.97    5.57    0.31  -70.21  -17.24   -3.25   -9.04    0.00
--> Name of file number  35:                                                     
md_1_0632_0368.en      1    949 0.632000 -181.46    0.00    0.00    0.00    0.00 -166.57  -14.89    4.21    2.10 -120.66  -11.14  -50.12   -5.84    0.00
md_1_0632_0368.en      2    949 0.368000  -95.25    0.00    0.00    0.00    0.00  -68.81  -26.44    5.81    0.19  -71.91  -17.58   -2.71   -9.05    0.00
--> Name of file number  36:                                                     
md_1_0606_0394.en      1    949 0.606000 -172.00    0.00    0.00    0.00    0.00 -156.14  -15.86    4.58    2.23 -110.93  -11.52  -49.79   -6.57    0.00
md_1_0606_0394.en      2    949 0.394000  -94.54    0.00    0.00    0.00    0.00  -67.69  -26.85    5.65    0.31  -71.14  -17.89   -2.19   -9.27    0.00
--> Name of file number  37:                                                     
md_1_0578_0422.en      1    949 0.578000 -168.84    0.00    0.00    0.00    0.00 -152.82  -16.02    4.12    2.28 -102.30  -12.13  -54.63   -6.17    0.00
md_1_0578_0422.en      2    949 0.422000  -95.18    0.00    0.00    0.00    0.00  -68.11  -27.07    5.72    0.35  -70.90  -18.29   -2.93   -9.12    0.00
--> Name of file number  38:                                                     
md_1_0548_0452.en      1    949 0.548000 -163.84    0.00    0.00    0.00    0.00 -147.17  -16.67    4.50    2.45  -99.14  -12.71  -52.53   -6.42    0.00
md_1_0548_0452.en      2    949 0.452000  -95.02    0.00    0.00    0.00    0.00  -68.54  -26.48    5.40    0.36  -69.50  -18.00   -4.44   -8.83    0.00
--> Name of file number  39:                                                     
md_1_0516_0484.en      1    949 0.516000 -162.41    0.00    0.00    0.00    0.00 -144.75  -17.66    4.45    2.48  -98.18  -13.35  -51.01   -6.79    0.00
md_1_0516_0484.en      2    949 0.484000  -94.91    0.00    0.00    0.00    0.00  -67.53  -27.38    3.85    0.57  -65.18  -18.62   -6.19   -9.33    0.00
--> Name of file number  40:                                                     
md_1_0482_0518.en      1    949 0.482000 -159.22    0.00    0.00    0.00    0.00 -142.52  -16.70    4.64    2.72  -98.48  -12.55  -48.68   -6.87    0.00
md_1_0482_0518.en      2    949 0.518000  -95.38    0.00    0.00    0.00    0.00  -68.41  -26.97    5.88    0.41  -71.37  -17.96   -2.93   -9.42    0.00
--> Name of file number  41:                                                     
md_1_0446_0554.en      1    949 0.446000 -153.73    0.00    0.00    0.00    0.00 -136.21  -17.52    4.83    2.55  -92.40  -13.41  -48.64   -6.66    0.00
md_1_0446_0554.en      2    949 0.554000  -94.47    0.00    0.00    0.00    0.00  -66.57  -27.90    5.13    0.38  -68.34  -19.20   -3.37   -9.09    0.00
--> Name of file number  42:                                                     
md_1_0408_0592.en      1    949 0.408000 -147.92    0.00    0.00    0.00    0.00 -130.14  -17.79    4.86    2.41  -93.37  -13.31  -41.63   -6.89    0.00
md_1_0408_0592.en      2    949 0.592000  -94.11    0.00    0.00    0.00    0.00  -66.65  -27.46    4.87    0.35  -68.52  -18.84   -3.01   -8.98    0.00
--> Name of file number  43:                                                     
md_1_0367_0633.en      1    949 0.367000 -143.75    0.00    0.00    0.00    0.00 -125.44  -18.31    4.68    2.73  -94.63  -14.03  -35.49   -7.01    0.00
md_1_0367_0633.en      2    949 0.633000  -93.32    0.00    0.00    0.00    0.00  -65.33  -27.99    5.18    0.49  -68.35  -19.35   -2.16   -9.14    0.00
--> Name of file number  44:                                                     
md_1_0324_0676.en      1    949 0.324000 -137.09    0.00    0.00    0.00    0.00 -119.35  -17.74    4.66    2.92 -101.72  -13.93  -22.29   -6.74    0.00
md_1_0324_0676.en      2    949 0.676000  -95.09    0.00    0.00    0.00    0.00  -67.40  -27.69    5.76    0.52  -71.36  -19.43   -1.79   -8.77    0.00
--> Name of file number  45:                                                     
md_1_0278_0722.en      1    949 0.278000 -133.02    0.00    0.00    0.00    0.00 -115.70  -17.32    4.81    3.13 -107.51  -13.98  -13.01   -6.47    0.00
md_1_0278_0722.en      2    949 0.722000  -94.52    0.00    0.00    0.00    0.00  -67.12  -27.41    5.94    0.59  -70.63  -19.22   -2.43   -8.77    0.00
--> Name of file number  46:                                                     
md_1_0229_0771.en      1    949 0.229000 -127.79    0.00    0.00    0.00    0.00 -110.32  -17.47    4.77    2.86 -104.04  -14.27  -11.06   -6.07    0.00
md_1_0229_0771.en      2    949 0.771000  -93.61    0.00    0.00    0.00    0.00  -66.03  -27.58    4.70    0.62  -67.39  -20.01   -3.33   -8.20    0.00
--> Name of file number  47:                                                     
md_1_0177_0823.en      1    949 0.177000 -117.20    0.00    0.00    0.00    0.00 -100.65  -16.55    4.80    3.33  -87.59  -13.34  -17.86   -6.54    0.00
md_1_0177_0823.en      2    949 0.823000  -93.84    0.00    0.00    0.00    0.00  -67.36  -26.48    5.59    0.73  -69.59  -18.36   -3.36   -8.85    0.00
--> Name of file number  48:                                                     
md_1_0121_0879.en      1    949 0.121000 -105.66    0.00    0.00    0.00    0.00  -89.68  -15.99    5.56    2.90  -56.78  -10.84  -38.47   -8.04    0.00
md_1_0121_0879.en      2    949 0.879000  -91.93    0.00    0.00    0.00    0.00  -67.03  -24.90    5.70    0.70  -67.93  -15.05   -4.81  -10.55    0.00
--> Name of file number  49:                                                     
md_1_0062_0938.en      1    949 0.062000  -98.63    0.00    0.00    0.00    0.00  -81.35  -17.28    5.01    3.02  -46.87  -12.35  -39.49   -7.95    0.00
md_1_0062_0938.en      2    949 0.938000  -91.74    0.00    0.00    0.00    0.00  -65.48  -26.26    4.30    0.93  -62.70  -16.51   -7.08  -10.69    0.00
--> Name of file number  50:                                                     
md_1_0000_1000.en      1    949 0.000000  -91.16    0.00    0.00    0.00    0.00  -76.05  -15.11    5.92    3.09  -51.90  -10.04  -30.06   -8.16    0.00
md_1_0000_1000.en      2    949 1.000000  -91.98    0.00    0.00    0.00    0.00  -68.26  -23.72    6.29    0.83  -69.88  -13.79   -4.68  -10.76    0.00


# Part 1: Free energy perturbation summary:
# lambda(1)      dGf sum(dGf)      dGr sum(dGr)     <dG>
   1.000000    0.000    0.000   -0.375  -65.736    0.000
   0.997000    0.388    0.388   -0.513  -65.361    0.381
   0.993000    0.498    0.886   -0.513  -64.848    0.887
   0.989000    0.511    1.397   -0.506  -64.336    1.399
   0.985000    0.511    1.908   -0.512  -63.830    1.907
   0.981000    0.504    2.412   -0.494  -63.318    2.415
   0.977000    0.509    2.921   -0.620  -62.824    2.916
   0.972000    0.614    3.536   -0.625  -62.204    3.534
   0.967000    0.618    4.154   -0.732  -61.579    4.155
   0.961000    0.747    4.900   -0.619  -60.847    4.895
   0.956000    0.607    5.507   -0.733  -60.227    5.508
   0.950000    0.740    6.247   -0.861  -59.494    6.245
   0.943000    0.850    7.097   -0.846  -58.633    7.100
   0.936000    0.855    7.952   -0.843  -57.787    7.950
   0.929000    0.839    8.791   -0.960  -56.944    8.791
   0.921000    0.956    9.747   -0.968  -55.984    9.749
   0.913000    0.953   10.700   -1.062  -55.017   10.710
   0.904000    1.080   11.780   -1.063  -53.955   11.781
   0.895000    1.051   12.831   -1.167  -52.891   12.838
   0.885000    1.170   14.001   -1.264  -51.724   14.006
   0.874000    1.269   15.270   -1.242  -50.460   15.273
   0.863000    1.250   16.521   -1.343  -49.218   16.519
   0.851000    1.334   17.855   -1.461  -47.875   17.858
   0.838000    1.435   19.290   -1.450  -46.414   19.306
   0.825000    1.440   20.729   -1.657  -44.964   20.751
   0.810000    1.644   22.373   -1.590  -43.307   22.401
   0.795000    1.631   24.004   -1.668  -41.717   24.012
   0.779000    1.660   25.664   -1.835  -40.049   25.676
   0.761000    1.831   27.496   -1.861  -38.214   27.509
   0.743000    1.803   29.298   -1.813  -36.353   29.341
   0.724000    1.918   31.217   -1.970  -34.540   31.206
   0.703000    1.954   33.171   -2.021  -32.570   33.169
   0.681000    2.002   35.173   -2.219  -30.549   35.180
   0.657000    2.141   37.313   -2.193  -28.330   37.360
   0.632000    2.203   39.516   -2.057  -26.137   39.558
   0.606000    2.200   41.716   -2.110  -24.080   41.686
   0.578000    2.121   43.837   -2.141  -21.969   43.802
   0.548000    2.154   45.991   -2.247  -19.829   45.949
   0.516000    2.124   48.115   -2.254  -17.582   48.134
   0.482000    2.203   50.318   -2.219  -15.328   50.363
   0.446000    2.204   52.522   -2.139  -13.109   52.574
   0.408000    2.158   54.680   -2.162  -10.970   54.723
   0.367000    2.094   56.774   -1.917   -8.809   56.851
   0.324000    2.064   58.838   -1.903   -6.892   58.841
   0.278000    1.808   60.646   -1.824   -4.989   60.696
   0.229000    1.730   62.376   -1.388   -3.165   62.473
   0.177000    1.617   63.992   -0.954   -1.777   63.975
   0.121000    1.111   65.103   -0.627   -0.824   65.008
   0.062000    0.601   65.704   -0.196   -0.196   65.622
   0.000000    0.167   65.871    0.000    0.000   65.804

# Min energy-gap is:   -250.30
# Max energy-gap is:    -57.99


# Part 2: Reaction free energy summary:
# Lambda(1)  bin Energy gap      dGa     dGb     dGg    # pts    c1**2    c2**2
   1.000000    5    -232.99     0.00   137.25    -0.00     75    0.000    0.000
   1.000000    6    -229.15     0.00   131.25     0.00    118    0.000    0.000
   1.000000    7    -225.30     0.00   128.94     0.00    163    0.000    0.000
   1.000000    8    -221.46     0.00   123.82     0.00    152    0.000    0.000
   1.000000    9    -217.61     0.00   121.45     0.00    136    0.000    0.000
   1.000000   10    -213.76     0.00   118.51     0.00    114    0.000    0.000
   1.000000   11    -209.92     0.00   113.98    -0.00     62    0.000    0.000
   0.997000    6    -229.15    -0.03   132.47    -0.03     82    0.000    0.000
   0.997000    7    -225.30    -0.01   127.02    -0.01    111    0.000    0.000
   0.997000    8    -221.46    -0.00   124.55    -0.00    157    0.000    0.000
   0.997000    9    -217.61     0.01   120.15     0.01    169    0.000    0.000
   0.997000   10    -213.76     0.02   117.65     0.02    138    0.000    0.000
   0.997000   11    -209.92     0.03   113.44     0.03    128    0.000    0.000
   0.997000   12    -206.07     0.04   110.45     0.04     79    0.000    0.000
   0.993000    5    -232.99    -0.10   134.70    -0.10     54    0.000    0.000
   0.993000    6    -229.15    -0.07   130.98    -0.07     76    0.000    0.000
   0.993000    7    -225.30    -0.04   129.13    -0.04    158    0.000    0.000
   0.993000    8    -221.46    -0.02   124.72    -0.02    169    0.000    0.000
   0.993000    9    -217.61     0.01   119.62     0.01    157    0.000    0.000
   0.993000   10    -213.76     0.03   118.19     0.03    109    0.000    0.000
   0.993000   11    -209.92     0.05   114.23     0.05     99    0.000    0.000
   0.989000    6    -229.15    -0.11   132.14    -0.11     93    0.000    0.000
   0.989000    7    -225.30    -0.07   127.73    -0.07    161    0.000    0.000
   0.989000    8    -221.46    -0.03   125.11    -0.03    169    0.000    0.000
   0.989000    9    -217.61     0.01   122.59     0.01    190    0.000    0.000
   0.989000   10    -213.76     0.06   118.25     0.06    123    0.000    0.000
   0.989000   11    -209.92     0.09   114.96     0.09     70    0.000    0.000
   0.985000    6    -229.15    -0.13   131.98    -0.13     78    0.000    0.000
   0.985000    7    -225.30    -0.08   128.08    -0.08    149    0.000    0.000
   0.985000    8    -221.46    -0.02   123.12    -0.02    185    0.000    0.000
   0.985000    9    -217.61     0.03   119.01     0.03    156    0.000    0.000
   0.985000   10    -213.76     0.09   114.09     0.09    124    0.000    0.000
   0.985000   11    -209.92     0.13   115.67     0.13     90    0.000    0.000
   0.985000   12    -206.07     0.19   109.69     0.19     58    0.000    0.000
   0.981000    6    -229.15    -0.19   131.61    -0.19     87    0.000    0.000
   0.981000    7    -225.30    -0.14   130.10    -0.14    128    0.000    0.000
   0.981000    8    -221.46    -0.07   126.60    -0.07    140    0.000    0.000
   0.981000    9    -217.61     0.01   121.85     0.01    173    0.000    0.000
   0.981000   10    -213.76     0.07   119.02     0.07    138    0.000    0.000
   0.981000   11    -209.92     0.14   115.22     0.14    107    0.000    0.000
   0.981000   12    -206.07     0.21   112.23     0.21     55    0.000    0.000
   0.977000    7    -225.30    -0.13   125.59    -0.13     89    0.000    0.000
   0.977000    8    -221.46    -0.05   124.76    -0.05    134    0.000    0.000
   0.977000    9    -217.61     0.04   120.15     0.04    180    0.000    0.000
   0.977000   10    -213.76     0.11   116.76     0.11    163    0.000    0.000
   0.977000   11    -209.92     0.21   111.82     0.21    135    0.000    0.000
   0.977000   12    -206.07     0.29   109.53     0.29     87    0.000    0.000
   0.977000   13    -202.22     0.38   106.53     0.38     52    0.000    0.000
   0.972000    7    -225.30    -0.18   126.58    -0.18    103    0.000    0.000
   0.972000    8    -221.46    -0.08   125.07    -0.08    141    0.000    0.000
   0.972000    9    -217.61     0.02   121.57     0.02    177    0.000    0.000
   0.972000   10    -213.76     0.11   118.23     0.11    184    0.000    0.000
   0.972000   11    -209.92     0.20   113.42     0.20    144    0.000    0.000
   0.972000   12    -206.07     0.33   108.20     0.33     70    0.000    0.000
   0.967000    6    -229.15    -0.35   132.98    -0.35     63    0.000    0.000
   0.967000    7    -225.30    -0.25   128.57    -0.25     99    0.000    0.000
   0.967000    8    -221.46    -0.13   124.98    -0.13    147    0.000    0.000
   0.967000    9    -217.61     0.00   121.34     0.00    176    0.000    0.000
   0.967000   10    -213.76     0.09   118.56     0.09    161    0.000    0.000
   0.967000   11    -209.92     0.20   114.48     0.20    136    0.000    0.000
   0.967000   12    -206.07     0.32   111.90     0.32     75    0.000    0.000
   0.961000    7    -225.30    -0.25   126.38    -0.25     59    0.000    0.000
   0.961000    8    -221.46    -0.14   125.40    -0.14    113    0.000    0.000
   0.961000    9    -217.61     0.00   121.00     0.00    160    0.000    0.000
   0.961000   10    -213.76     0.13   119.23     0.13    169    0.000    0.000
   0.961000   11    -209.92     0.28   111.81     0.28    139    0.000    0.000
   0.961000   12    -206.07     0.42   109.55     0.42     97    0.000    0.000
   0.961000   13    -202.22     0.57   107.29     0.57     80    0.000    0.000
   0.956000    7    -225.30    -0.32   128.09    -0.32     77    0.000    0.000
   0.956000    8    -221.46    -0.17   123.26    -0.17    151    0.000    0.000
   0.956000    9    -217.61    -0.03   121.85    -0.03    181    0.000    0.000
   0.956000   10    -213.76     0.12   116.59     0.12    164    0.000    0.000
   0.956000   11    -209.92     0.27   114.07     0.27    155    0.000    0.000
   0.956000   12    -206.07     0.43   112.13     0.43    100    0.000    0.000
   0.950000    7    -225.30    -0.32   125.45    -0.32     80    0.000    0.000
   0.950000    8    -221.46    -0.16   122.75    -0.16    122    0.000    0.000
   0.950000    9    -217.61    -0.02   121.09    -0.02    148    0.000    0.000
   0.950000   10    -213.76     0.18   116.73     0.18    155    0.000    0.000
   0.950000   11    -209.92     0.34   113.88     0.34    143    0.000    0.000
   0.950000   12    -206.07     0.52   111.48     0.52     95    0.000    0.000
   0.950000   13    -202.22     0.71   107.11     0.71     61    0.000    0.000
   0.943000    7    -225.30    -0.44   128.42    -0.44     81    0.000    0.000
   0.943000    8    -221.46    -0.22   121.34    -0.22    126    0.000    0.000
   0.943000    9    -217.61    -0.03   119.94    -0.03    183    0.000    0.000
   0.943000   10    -213.76     0.17   115.95     0.17    169    0.000    0.000
   0.943000   11    -209.92     0.36   114.10     0.36    159    0.000    0.000
   0.943000   12    -206.07     0.57   109.74     0.57     85    0.000    0.000
   0.936000    7    -225.30    -0.53   127.07    -0.53     72    0.000    0.000
   0.936000    8    -221.46    -0.27   124.29    -0.27    110    0.000    0.000
   0.936000    9    -217.61    -0.06   120.35    -0.06    138    0.000    0.000
   0.936000   10    -213.76     0.18   117.06     0.18    162    0.000    0.000
   0.936000   11    -209.92     0.40   114.32     0.40    120    0.000    0.000
   0.936000   12    -206.07     0.65   111.55     0.65    126    0.000    0.000
   0.936000   13    -202.22     0.88   105.94     0.88     88    0.000    0.000
   0.936000   14    -198.38     1.05   103.38     1.05     50    0.000    0.000
   0.929000    7    -225.30    -0.51   126.10    -0.51     78    0.000    0.000
   0.929000    8    -221.46    -0.27   123.10    -0.27    116    0.000    0.000
   0.929000    9    -217.61     0.02   117.44     0.02    178    0.000    0.000
   0.929000   10    -213.76     0.24   116.04     0.24    169    0.000    0.000
   0.929000   11    -209.92     0.53   111.89     0.53    132    0.000    0.000
   0.929000   12    -206.07     0.76   108.98     0.76    108    0.000    0.000
   0.929000   13    -202.22     0.95   106.83     0.95     61    0.000    0.000
   0.921000    7    -225.30    -0.55   125.65    -0.55     64    0.000    0.000
   0.921000    8    -221.46    -0.30   122.47    -0.30    116    0.000    0.000
   0.921000    9    -217.61     0.00   119.54     0.00    157    0.000    0.000
   0.921000   10    -213.76     0.24   116.51     0.24    172    0.000    0.000
   0.921000   11    -209.92     0.56   112.17     0.56    139    0.000    0.000
   0.921000   12    -206.07     0.85   109.35     0.85    116    0.000    0.000
   0.921000   13    -202.22     1.11   105.73     1.11     75    0.000    0.000
   0.913000    7    -225.30    -0.76   127.31    -0.76     67    0.000    0.000
   0.913000    8    -221.46    -0.47   123.25    -0.47    116    0.000    0.000
   0.913000    9    -217.61    -0.21   120.30    -0.21    141    0.000    0.000
   0.913000   10    -213.76     0.10   114.76     0.10    178    0.000    0.000
   0.913000   11    -209.92     0.42   112.12     0.42    159    0.000    0.000
   0.913000   12    -206.07     0.75   110.89     0.75    140    0.000    0.000
   0.913000   13    -202.22     1.07   108.14     1.07     69    0.000    0.000
   0.904000    8    -221.46    -0.49   122.71    -0.49     78    0.000    0.000
   0.904000    9    -217.61    -0.16   120.25    -0.16    125    0.000    0.000
   0.904000   10    -213.76     0.19   116.43     0.19    166    0.000    0.000
   0.904000   11    -209.92     0.57   112.83     0.57    162    0.000    0.000
   0.904000   12    -206.07     0.91   110.15     0.91    143    0.000    0.000
   0.904000   13    -202.22     1.25   105.90     1.25     90    0.000    0.000
   0.904000   14    -198.38     1.58   103.30     1.58     63    0.000    0.000
   0.895000    8    -221.46    -0.79   126.12    -0.79     59    0.000    0.000
   0.895000    9    -217.61    -0.39   119.90    -0.39    113    0.000    0.000
   0.895000   10    -213.76    -0.07   118.90    -0.07    144    0.000    0.000
   0.895000   11    -209.92     0.29   114.56     0.29    174    0.000    0.000
   0.895000   12    -206.07     0.68   111.68     0.68    150    0.000    0.000
   0.895000   13    -202.22     1.04   108.72     1.04    112    0.000    0.000
   0.895000   14    -198.38     1.43   105.65     1.43     75    0.000    0.000
   0.885000    8    -221.46    -0.74   123.97    -0.74     60    0.000    0.000
   0.885000    9    -217.61    -0.36   119.85    -0.36    119    0.000    0.000
   0.885000   10    -213.76     0.06   116.97     0.06    133    0.000    0.000
   0.885000   11    -209.92     0.42   114.97     0.42    171    0.000    0.000
   0.885000   12    -206.07     0.85   111.23     0.85    144    0.000    0.000
   0.885000   13    -202.22     1.31   107.92     1.31    123    0.000    0.000
   0.885000   14    -198.38     1.74   104.68     1.74     85    0.000    0.000
   0.874000    9    -217.61    -0.30   119.84    -0.30    112    0.000    0.000
   0.874000   10    -213.76     0.21   115.46     0.21    138    0.000    0.000
   0.874000   11    -209.92     0.66   113.33     0.66    176    0.000    0.000
   0.874000   12    -206.07     1.15   108.80     1.15    171    0.000    0.000
   0.874000   13    -202.22     1.58   106.72     1.58    124    0.000    0.000
   0.874000   14    -198.38     1.98   104.21     1.98     93    0.000    0.000
   0.863000    9    -217.61    -0.59   121.25    -0.59     64    0.000    0.000
   0.863000   10    -213.76    -0.06   116.71    -0.06    115    0.000    0.000
   0.863000   11    -209.92     0.42   113.78     0.42    123    0.000    0.000
   0.863000   12    -206.07     0.89   110.62     0.89    146    0.000    0.000
   0.863000   13    -202.22     1.40   108.15     1.40    158    0.000    0.000
   0.863000   14    -198.38     1.97   104.22     1.97    113    0.000    0.000
   0.863000   15    -194.53     2.40   101.28     2.40     81    0.000    0.000
   0.863000   16    -190.68     3.02    97.32     3.02     52    0.000    0.000
   0.851000    9    -217.61    -0.77   119.68    -0.77     53    0.000    0.000
   0.851000   10    -213.76    -0.21   117.33    -0.21     94    0.000    0.000
   0.851000   11    -209.92     0.24   114.19     0.24    125    0.000    0.000
   0.851000   12    -206.07     0.84   109.68     0.84    140    0.000    0.000
   0.851000   13    -202.22     1.35   107.44     1.35    168    0.000    0.000
   0.851000   14    -198.38     1.89   104.59     1.89    145    0.000    0.000
   0.851000   15    -194.53     2.38   102.30     2.38     97    0.000    0.000
   0.851000   16    -190.68     3.04    98.62     3.04     64    0.000    0.000
   0.838000    9    -217.61    -1.01   120.68    -1.01     64    0.000    0.000
   0.838000   10    -213.76    -0.30   116.58    -0.30     87    0.000    0.000
   0.838000   11    -209.92     0.10   113.32     0.10    145    0.000    0.000
   0.838000   12    -206.07     0.80   110.18     0.80    169    0.000    0.000
   0.838000   13    -202.22     1.43   106.84     1.43    151    0.000    0.000
   0.838000   14    -198.38     1.93   104.16     1.93    149    0.000    0.000
   0.838000   15    -194.53     2.61   101.00     2.61     81    0.000    0.000
   0.825000   10    -213.76    -0.39   115.57    -0.39    112    0.000    0.000
   0.825000   11    -209.92     0.16   113.47     0.16    123    0.000    0.000
   0.825000   12    -206.07     0.86   110.09     0.86    169    0.000    0.000
   0.825000   13    -202.22     1.42   107.47     1.42    138    0.000    0.000
   0.825000   14    -198.38     2.06   104.41     2.06    121    0.000    0.000
   0.825000   15    -194.53     2.83   101.01     2.83     92    0.000    0.000
   0.825000   16    -190.68     3.44    98.06     3.44     57    0.000    0.000
   0.810000   10    -213.76    -0.69   117.41    -0.69     69    0.000    0.000
   0.810000   11    -209.92    -0.04   114.19    -0.04    128    0.000    0.000
   0.810000   12    -206.07     0.74   110.53     0.74    145    0.000    0.000
   0.810000   13    -202.22     1.35   108.05     1.35    168    0.000    0.000
   0.810000   14    -198.38     1.88   104.50     1.88    151    0.000    0.000
   0.810000   15    -194.53     2.60   103.11     2.60    125    0.000    0.000
   0.810000   16    -190.68     3.29    98.88     3.29     55    0.000    0.000
   0.795000   11    -209.92    -0.20   113.71    -0.20     68    0.000    0.000
   0.795000   12    -206.07     0.49   110.67     0.49     89    0.000    0.000
   0.795000   13    -202.22     1.26   108.64     1.26    126    0.000    0.000
   0.795000   14    -198.38     1.95   105.01     1.95    146    0.000    0.000
   0.795000   15    -194.53     2.66   101.71     2.66    162    0.000    0.000
   0.795000   16    -190.68     3.52    99.17     3.52    136    0.000    0.000
   0.795000   17    -186.84     3.92    95.88     3.92     72    0.000    0.000
   0.795000   18    -182.99     4.70    94.70     4.70     57    0.000    0.000
   0.779000   11    -209.92    -0.10   112.41    -0.10     66    0.000    0.000
   0.779000   12    -206.07     0.67   109.28     0.67    109    0.000    0.000
   0.779000   13    -202.22     1.20   106.57     1.20    127    0.000    0.000
   0.779000   14    -198.38     1.95   103.33     1.95    130    0.000    0.000
   0.779000   15    -194.53     2.93   101.04     2.93    139    0.000    0.000
   0.779000   16    -190.68     3.71    97.98     3.71    140    0.000    0.000
   0.779000   17    -186.84     4.58    95.64     4.58    106    0.000    0.000
   0.761000   12    -206.07     0.66   109.92     0.66     80    0.000    0.000
   0.761000   13    -202.22     1.47   106.92     1.47    113    0.000    0.000
   0.761000   14    -198.38     2.17   104.42     2.17    169    0.000    0.000
   0.761000   15    -194.53     3.10   101.05     3.10    179    0.000    0.000
   0.761000   16    -190.68     3.90    98.68     3.90    168    0.000    0.000
   0.761000   17    -186.84     4.77    96.20     4.77     98    0.000    0.000
   0.761000   18    -182.99     5.66    93.76     5.66     69    0.000    0.000
   0.743000   12    -206.07     0.43   110.01     0.43     97    0.000    0.000
   0.743000   13    -202.22     1.22   106.88     1.22    136    0.000    0.000
   0.743000   14    -198.38     2.27   103.90     2.27    164    0.000    0.000
   0.743000   15    -194.53     3.22   100.78     3.22    161    0.000    0.000
   0.743000   16    -190.68     4.00    98.86     4.00    133    0.000    0.000
   0.743000   17    -186.84     5.15    96.79     5.15     83    0.000    0.000
   0.724000   14    -198.38     2.00   104.00     2.00     78    0.000    0.000
   0.724000   15    -194.53     2.97   100.40     2.97    118    0.000    0.000
   0.724000   16    -190.68     3.90    98.38     3.90    169    0.000    0.000
   0.724000   17    -186.84     4.99    96.05     4.99    176    0.000    0.000
   0.724000   18    -182.99     5.85    93.46     5.85    140    0.000    0.000
   0.724000   19    -179.15     6.79    91.87     6.79    101    0.000    0.000
   0.724000   20    -175.30     7.85    89.53     7.85     52    0.000    0.000
   0.703000   14    -198.38     1.73   103.03     1.73     61    0.000    0.000
   0.703000   15    -194.53     2.75   101.49     2.75    107    0.000    0.000
   0.703000   16    -190.68     3.74    97.18     3.74    137    0.000    0.000
   0.703000   17    -186.84     4.86    95.73     4.86    159    0.000    0.000
   0.703000   18    -182.99     5.70    93.85     5.70    158    0.000    0.000
   0.703000   19    -179.15     6.82    90.56     6.82     96    0.000    0.000
   0.703000   20    -175.30     7.95    86.66     7.95     85    0.000    0.000
   0.703000   21    -171.45     9.00    86.69     9.00     57    0.000    0.000
   0.681000   15    -194.53     2.33   101.90     2.33     80    0.000    0.000
   0.681000   16    -190.68     3.40    98.85     3.40    124    0.000    0.000
   0.681000   17    -186.84     4.68    97.19     4.68    152    0.000    0.000
   0.681000   18    -182.99     5.56    94.24     5.56    165    0.000    0.000
   0.681000   19    -179.15     6.83    91.69     6.83    166    0.000    0.000
   0.681000   20    -175.30     8.02    89.87     8.02    107    0.000    0.000
   0.681000   21    -171.45     9.23    87.41     9.23     57    0.000    0.000
   0.657000   15    -194.53     1.96   100.99     1.96     96    0.000    0.000
   0.657000   16    -190.68     3.00    98.37     3.00    124    0.000    0.000
   0.657000   17    -186.84     4.64    95.93     4.64    139    0.000    0.000
   0.657000   18    -182.99     6.12    93.62     6.12    157    0.000    0.000
   0.657000   19    -179.15     6.80    90.55     6.80    111    0.000    0.000
   0.657000   20    -175.30     7.86    87.80     7.86     86    0.000    0.000
   0.657000   21    -171.45     9.95    85.16     9.95     83    0.000    0.000
   0.632000   15    -194.53     2.70    99.38     2.70     55    0.000    0.000
   0.632000   16    -190.68     3.69    98.11     3.69     99    0.000    0.000
   0.632000   17    -186.84     5.26    95.75     5.26    145    0.000    0.000
   0.632000   18    -182.99     6.66    93.36     6.66    174    0.000    0.000
   0.632000   19    -179.15     7.90    90.36     7.90    151    0.000    0.000
   0.632000   20    -175.30     9.11    88.14     9.11    128    0.000    0.000
   0.632000   21    -171.45    10.41    86.63    10.41     83    0.000    0.000
   0.606000   18    -182.99     6.72    92.87     6.72     66    0.000    0.000
   0.606000   19    -179.15     7.62    90.79     7.62    129    0.000    0.000
   0.606000   20    -175.30     8.94    88.63     8.94    136    0.000    0.000
   0.606000   21    -171.45     9.97    86.48     9.97    156    0.000    0.000
   0.606000   22    -167.61    11.75    84.10    11.75    146    0.000    0.000
   0.606000   23    -163.76    13.01    82.51    13.01    128    0.000    0.000
   0.606000   24    -159.91    14.48    79.81    14.48     68    0.000    0.000
   0.578000   19    -179.15     7.95    90.12     7.95     99    0.000    0.000
   0.578000   20    -175.30     8.97    87.20     8.97    104    0.000    0.000
   0.578000   21    -171.45    10.93    86.26    10.93    170    0.000    0.000
   0.578000   22    -167.61    11.83    83.24    11.83    146    0.000    0.000
   0.578000   23    -163.76    13.51    81.82    13.51    151    0.000    0.000
   0.578000   24    -159.91    14.84    79.33    14.84    105    0.000    0.000
   0.548000   20    -175.30     9.05    88.51     9.05     65    0.000    0.000
   0.548000   21    -171.45    10.14    86.26    10.14    118    0.000    0.000
   0.548000   22    -167.61    11.99    84.17    11.99    127    0.000    0.000
   0.548000   23    -163.76    13.13    81.81    13.13    160    0.000    0.000
   0.548000   24    -159.91    15.43    80.01    15.43    144    0.000    0.000
   0.548000   25    -156.07    17.02    78.30    17.02    117    0.000    0.000
   0.548000   26    -152.22    18.82    75.85    18.82     76    0.000    0.000
   0.516000   20    -175.30     8.31    87.71     8.31     57    0.000    0.000
   0.516000   21    -171.45     9.98    85.44     9.98     92    0.000    0.000
   0.516000   22    -167.61    11.74    84.31    11.74    124    0.000    0.000
   0.516000   23    -163.76    12.97    82.48    12.97    140    0.000    0.000
   0.516000   24    -159.91    14.66    80.69    14.66    140    0.000    0.000
   0.516000   25    -156.07    17.36    78.55    17.36    123    0.000    0.000
   0.516000   26    -152.22    18.55    76.28    18.55     97    0.000    0.000
   0.516000   27    -148.38    20.64    74.66    20.64     59    0.000    0.000
   0.482000   21    -171.45     9.42    85.44     9.42     66    0.000    0.000
   0.482000   22    -167.61    12.12    83.89    12.12     96    0.000    0.000
   0.482000   23    -163.76    13.11    82.10    13.11    137    0.000    0.000
   0.482000   24    -159.91    15.37    80.04    15.37    164    0.000    0.000
   0.482000   25    -156.07    17.30    78.80    17.30    153    0.000    0.000
   0.482000   26    -152.22    19.51    76.79    19.51    105    0.000    0.000
   0.482000   27    -148.38    20.61    74.86    20.61     77    0.000    0.000
   0.482000   28    -144.53    22.09    73.11    22.09     56    0.000    0.000
   0.446000   23    -163.76    12.44    82.41    12.44     81    0.000    0.000
   0.446000   24    -159.91    15.18    80.53    15.18    134    0.000    0.000
   0.446000   25    -156.07    17.27    78.99    17.27    147    0.000    0.000
   0.446000   26    -152.22    18.65    77.55    18.65    154    0.000    0.000
   0.446000   27    -148.38    20.63    76.12    20.63    143    0.000    0.000
   0.446000   28    -144.53    22.96    74.12    22.96    106    0.000    0.000
   0.446000   29    -140.68    24.49    72.55    24.49     54    0.000    0.000
   0.408000   24    -159.91    15.28    80.11    15.28     59    0.000    0.000
   0.408000   25    -156.07    16.50    78.95    16.50    110    0.000    0.000
   0.408000   26    -152.22    18.48    77.50    18.48    136    0.000    0.000
   0.408000   27    -148.38    19.95    76.01    19.95    152    0.000    0.000
   0.408000   28    -144.53    22.64    74.70    22.64    155    0.000    0.000
   0.408000   29    -140.68    24.49    73.02    24.49    112    0.000    0.000
   0.408000   30    -136.84    27.43    71.54    27.43     79    0.000    0.000
   0.367000   25    -156.07    16.35    78.75    16.35     82    0.000    0.000
   0.367000   26    -152.22    17.80    77.47    17.80     79    0.000    0.000
   0.367000   27    -148.38    20.02    76.02    20.02    161    0.000    0.000
   0.367000   28    -144.53    22.18    74.77    22.18    155    0.000    0.000
   0.367000   29    -140.68    24.95    73.51    24.95    175    0.000    0.000
   0.367000   30    -136.84    26.73    72.20    26.73    112    0.000    0.000
   0.367000   31    -132.99    27.81    70.92    27.81     83    0.000    0.000
   0.324000   27    -148.38    20.83    75.46    20.83     68    0.000    0.000
   0.324000   28    -144.53    24.02    74.16    24.02    107    0.000    0.000
   0.324000   29    -140.68    25.76    72.80    25.76    159    0.000    0.000
   0.324000   30    -136.84    28.52    71.75    28.52    174    0.000    0.000
   0.324000   31    -132.99    30.76    70.59    30.76    138    0.000    0.000
   0.324000   32    -129.14    32.08    69.38    32.08    104    0.000    0.000
   0.324000   33    -125.30    35.24    68.22    35.24     78    0.000    0.000
   0.278000   28    -144.53    22.57    73.97    22.57     82    0.000    0.000
   0.278000   29    -140.68    26.01    73.02    26.01    113    0.000    0.000
   0.278000   30    -136.84    28.52    71.84    28.52    152    0.000    0.000
   0.278000   31    -132.99    30.87    71.16    30.87    168    0.000    0.000
   0.278000   32    -129.14    33.85    70.20    33.85    129    0.000    0.000
   0.278000   33    -125.30    36.19    69.06    36.19    105    0.000    0.000
   0.278000   34    -121.45    38.85    67.91    38.85     79    0.000    0.000
   0.229000   29    -140.68    25.12    72.56    25.12     60    0.000    0.000
   0.229000   30    -136.84    26.78    71.80    26.78     89    0.000    0.000
   0.229000   31    -132.99    28.48    70.91    28.48    137    0.000    0.000
   0.229000   32    -129.14    31.33    70.30    31.33    147    0.000    0.000
   0.229000   33    -125.30    35.04    69.48    35.04    152    0.000    0.000
   0.229000   34    -121.45    37.26    68.61    37.26    150    0.000    0.000
   0.229000   35    -117.60    40.88    67.81    40.88     87    0.000    0.000
   0.229000   36    -113.76    42.87    67.11    42.87     52    0.000    0.000
   0.177000   32    -129.14    32.50    69.65    32.50     73    0.000    0.000
   0.177000   33    -125.30    34.64    69.10    34.64     93    0.000    0.000
   0.177000   34    -121.45    37.57    68.56    37.57    149    0.000    0.000
   0.177000   35    -117.60    40.56    67.88    40.56    134    0.000    0.000
   0.177000   36    -113.76    44.65    67.39    44.65    137    0.000    0.000
   0.177000   37    -109.91    45.32    66.80    45.32    126    0.000    0.000
   0.177000   38    -106.07    49.31    66.16    49.31     78    0.000    0.000
   0.121000   35    -117.60    40.11    67.83    40.11     78    0.000    0.000
   0.121000   36    -113.76    42.68    67.45    42.68     91    0.000    0.000
   0.121000   37    -109.91    47.13    67.00    47.13    145    0.000    0.000
   0.121000   38    -106.07    48.49    66.62    48.49    186    0.000    0.000
   0.121000   39    -102.22    53.24    66.22    53.24    134    0.000    0.000
   0.121000   40     -98.37    54.63    65.77    54.63    124    0.000    0.000
   0.121000   41     -94.53    57.82    65.47    57.82     68    0.000    0.000
   0.062000   36    -113.76    43.50    66.86    43.50     51    0.000    0.000
   0.062000   37    -109.91    46.48    66.68    46.48     61    0.000    0.000
   0.062000   38    -106.07    47.98    66.45    47.98    124    0.000    0.000
   0.062000   39    -102.22    53.33    66.22    53.33    154    0.000    0.000
   0.062000   40     -98.37    55.83    66.01    55.83    143    0.000    0.000
   0.062000   41     -94.53    59.70    65.83    59.70    127    0.000    0.000
   0.062000   42     -90.68    61.53    65.58    61.52    121    0.000    0.000
   0.062000   43     -86.83    65.67    65.37    65.12     69    0.000    0.000
   0.000000   38    -106.07    49.22    65.80    49.22     51    0.000    0.000
   0.000000   39    -102.22    51.43    65.80    51.43     78    0.000    0.000
   0.000000   40     -98.37    55.73    65.80    55.73    118    0.000    0.000
   0.000000   41     -94.53    59.39    65.80    59.39    143    0.000    0.000
   0.000000   42     -90.68    64.20    65.80    64.18    161    0.000    0.000
   0.000000   43     -86.83    66.40    65.80    65.64    138    0.000    0.000
   0.000000   44     -82.99    69.86    65.80    65.80     90    0.000    0.000
   0.000000   45     -79.14    73.37    65.80    65.80     67    0.000    0.000


# Part 3: Bin-averaged summary:
# bin  energy gap  <dGg> <dGg norm> pts  <c1**2> <c2**2> <r_xy>
   5   -232.99    -0.04     0.17    129   0.000   0.000   0.000
   6   -229.15    -0.11     0.10    597   0.000   0.000   0.000
   7   -225.30    -0.21     0.00   1739   0.000   0.000   0.000
   8   -221.46    -0.17     0.04   2561   0.000   0.000   0.000
   9   -217.61    -0.09     0.12   3450   0.000   0.000   0.000
  10   -213.76     0.06     0.27   3650   0.000   0.000   0.000
  11   -209.92     0.28     0.49   3578   0.000   0.000   0.000
  12   -206.07     0.67     0.88   3043   0.000   0.000   0.000
  13   -202.22     1.22     1.43   2220   0.000   0.000   0.000
  14   -198.38     1.92     2.13   1793   0.000   0.000   0.000
  15   -194.53     2.74     2.95   1573   0.000   0.000   0.000
  16   -190.68     3.60     3.81   1458   0.000   0.000   0.000
  17   -186.84     4.81     5.02   1130   0.000   0.000   0.000
  18   -182.99     5.94     6.15    986   0.000   0.000   0.000
  19   -179.15     7.26     7.47    853   0.000   0.000   0.000
  20   -175.30     8.53     8.74    820   0.000   0.000   0.000
  21   -171.45    10.07    10.28    882   0.000   0.000   0.000
  22   -167.61    11.87    12.08    639   0.000   0.000   0.000
  23   -163.76    13.08    13.29    797   0.000   0.000   0.000
  24   -159.91    15.08    15.29    814   0.000   0.000   0.000
  25   -156.07    17.03    17.25    732   0.000   0.000   0.000
  26   -152.22    18.65    18.86    647   0.000   0.000   0.000
  27   -148.38    20.34    20.55    660   0.000   0.000   0.000
  28   -144.53    22.75    22.96    661   0.000   0.000   0.000
  29   -140.68    25.22    25.43    673   0.000   0.000   0.000
  30   -136.84    27.79    28.00    606   0.000   0.000   0.000
  31   -132.99    29.73    29.94    526   0.000   0.000   0.000
  32   -129.14    32.41    32.62    453   0.000   0.000   0.000
  33   -125.30    35.27    35.49    428   0.000   0.000   0.000
  34   -121.45    37.71    37.92    378   0.000   0.000   0.000
  35   -117.60    40.54    40.75    299   0.000   0.000   0.000
  36   -113.76    43.65    43.86    331   0.000   0.000   0.000
  37   -109.91    46.32    46.53    332   0.000   0.000   0.000
  38   -106.07    48.57    48.79    439   0.000   0.000   0.000
  39   -102.22    52.89    53.10    366   0.000   0.000   0.000
  40    -98.37    55.41    55.62    385   0.000   0.000   0.000
  41    -94.53    59.19    59.40    338   0.000   0.000   0.000
  42    -90.68    63.04    63.25    282   0.000   0.000   0.000
  43    -86.83    65.47    65.68    207   0.000   0.000   0.000
  44    -82.99    65.80    66.01     90   0.000   0.000   0.000
  45    -79.14    65.80    66.01     67   0.000   0.000   0.000


# Part 4: Termodynamic integration:
# lambda(1)      dGti    sum(dGti) 
   1.000000    0.000    0.000
   0.997000  129.558    0.381
   0.993000  124.744    0.887
   0.989000  127.951    1.399
   0.985000  127.955    1.907
   0.981000  126.261    2.415
   0.977000  127.619    2.916
   0.972000  123.191    3.534
   0.967000  123.823    4.156
   0.961000  124.797    4.895
   0.956000  121.644    5.508
   0.950000  123.649    6.245
   0.943000  121.849    7.100
   0.936000  122.554    7.950
   0.929000  120.348    8.791
   0.921000  119.991    9.750
   0.913000  119.549   10.710
   0.904000  120.513   11.780
   0.895000  117.395   12.838
   0.885000  117.600   14.006
   0.874000  116.100   15.273
   0.863000  114.274   16.518
   0.851000  112.090   17.858
   0.838000  111.179   19.306
   0.825000  111.574   20.750
   0.810000  110.636   22.402
   0.795000  109.606   24.011
   0.779000  104.905   25.675
   0.761000  103.086   27.512
   0.743000  101.045   29.341
   0.724000  102.211   31.208
   0.703000   94.311   33.169
   0.681000   92.430   35.182
   0.657000   90.608   37.354
   0.632000   90.372   39.561
   0.606000   86.202   41.689
   0.578000   77.462   43.805
   0.548000   73.658   45.942
   0.516000   68.820   48.123
   0.482000   67.506   50.356
   0.446000   63.841   52.572
   0.408000   59.253   54.720
   0.367000   53.809   56.857
   0.324000   50.427   58.844
   0.278000   42.007   60.696
   0.229000   38.499   62.476
   0.177000   34.185   63.973
   0.121000   23.359   65.011
   0.062000   13.734   65.620
   0.000000    6.890   65.808


# Part 5: Overlap sampling Lu et al:
# lambda(1)      dG    sum(dG) 
   1.000000    0.000    0.000
   0.997000    0.381    0.381
   0.993000    0.505    0.887
   0.989000    0.512    1.399
   0.985000    0.508    1.907
   0.981000    0.508    2.415
   0.977000    0.502    2.916
   0.972000    0.617    3.534
   0.967000    0.622    4.156
   0.961000    0.739    4.895
   0.956000    0.613    5.508
   0.950000    0.737    6.245
   0.943000    0.855    7.100
   0.936000    0.850    7.950
   0.929000    0.841    8.791
   0.921000    0.958    9.750
   0.913000    0.960   10.710
   0.904000    1.071   11.780
   0.895000    1.057   12.838
   0.885000    1.169   14.006
   0.874000    1.267   15.273
   0.863000    1.246   16.519
   0.851000    1.339   17.858
   0.838000    1.448   19.306
   0.825000    1.445   20.751
   0.810000    1.651   22.402
   0.795000    1.610   24.011
   0.779000    1.664   25.675
   0.761000    1.835   27.511
   0.743000    1.830   29.341
   0.724000    1.866   31.207
   0.703000    1.961   33.169
   0.681000    2.012   35.181
   0.657000    2.176   37.357
   0.632000    2.203   39.560
   0.606000    2.128   41.688
   0.578000    2.115   43.804
   0.548000    2.142   45.945
   0.516000    2.183   48.128
   0.482000    2.230   50.358
   0.446000    2.214   52.572
   0.408000    2.149   54.720
   0.367000    2.132   56.853
   0.324000    1.989   58.842
   0.278000    1.854   60.695
   0.229000    1.779   62.474
   0.177000    1.499   63.973
   0.121000    1.035   65.008
   0.062000    0.614   65.621
   0.000000    0.187   65.808


# lambda(1)      dG    sum(dG) 
# Part 6: BAR Bennet:
   1.000000    0.000    0.000
   0.997000    0.381    0.381
   0.993000    0.505    0.887
   0.989000    0.512    1.399
   0.985000    0.508    1.907
   0.981000    0.508    2.415
   0.977000    0.502    2.916
   0.972000    0.618    3.534
   0.967000    0.622    4.156
   0.961000    0.739    4.895
   0.956000    0.613    5.508
   0.950000    0.736    6.245
   0.943000    0.855    7.100
   0.936000    0.850    7.950
   0.929000    0.841    8.791
   0.921000    0.958    9.750
   0.913000    0.960   10.710
   0.904000    1.071   11.780
   0.895000    1.057   12.838
   0.885000    1.169   14.006
   0.874000    1.267   15.273
   0.863000    1.245   16.518
   0.851000    1.340   17.858
   0.838000    1.448   19.306
   0.825000    1.444   20.750
   0.810000    1.652   22.402
   0.795000    1.609   24.011
   0.779000    1.664   25.675
   0.761000    1.837   27.512
   0.743000    1.829   29.341
   0.724000    1.867   31.208
   0.703000    1.961   33.169
   0.681000    2.013   35.183
   0.657000    2.172   37.355
   0.632000    2.207   39.562
   0.606000    2.127   41.690
   0.578000    2.116   43.805
   0.548000    2.137   45.942
   0.516000    2.180   48.122
   0.482000    2.232   50.354
   0.446000    2.215   52.569
   0.408000    2.148   54.718
   0.367000    2.137   56.855
   0.324000    1.988   58.842
   0.278000    1.852   60.694
   0.229000    1.781   62.475
   0.177000    1.496   63.971
   0.121000    1.036   65.007
   0.062000    0.611   65.618
   0.000000    0.191   65.809
