--------------------------------------------------------------------------------
Welcome to qfep version: 6.0.1
 
This version was compiled using: GCC version 11.5.0 20240719 (Red Hat 11.5.0-2)
 
And using the following compiler options: 
-cpp -D G95=1 -mtune=generic -march=x86-64-v2 -O3 -Wall -Wtabs -std=legacy -funroll-loops -ffree-line-length-none -fcray-pointer -fall-intrinsics -fstack-protector -fpre-include=/usr/include/finclude/math-vector-fortran.h

 
For command line options type qfep --help  or qcalc -h at the terminal.
 
If you are using the interactive mode and want to quit type "quit" or Ctrl-C.
--------------------------------------------------------------------------------
--> Number of energy files: # Number of files                                  =    50
--> No. of states, no. of predefined off-diag elements: # Number of states     =     2
# Number of off-diagonal elements                                              =     0
--> Give kT & num. of pts to skip & calculation mode: # kT                     = 0.592
# Number of data points to skip                                                =    50
# Only QQ interactions will be considered                                      =     0
--> Give number of gap-bins: # Number of gap-bins                              =    50
--> Give minimum # pts/bin: # Minimum number of points per bin                 =    50
--> Give alpha for state  2                                                     # Alpha for state  2              =  0.00
--> Number of off-diagonal elements: # Number of off-diagonal elements         =     0
--> linear combination of states defining reaction coord: # Linear combination coefficients=    1.00    0.00


# Part 0: Average energies for all states in all files
# file             state   pts   lambda    EQtot   EQbond  EQang   EQtor   EQimp    EQel   EQvdW  Eel_qq  EvdW_qq Eel_qp  EvdW_qp Eel_qw EvdW_qw Eqrstr
--> Name of file number   1:                                                     
md_1_1000_0000.en      1    949 1.000000 -214.77    0.00    0.00    0.00    0.00 -205.71   -9.07    3.73    2.24 -143.08   -7.85  -66.36   -3.46    0.00
md_1_1000_0000.en      2    949 0.000000  -87.93    0.00    0.00    0.00    0.00  -64.42  -23.51    4.28    0.61  -67.99  -14.94   -0.70   -9.18    0.00
--> Name of file number   2:                                                     
md_1_0997_0003.en      1    949 0.997000 -215.53    0.00    0.00    0.00    0.00 -206.52   -9.01    3.74    2.28 -138.52   -7.24  -71.75   -4.05    0.00
md_1_0997_0003.en      2    949 0.003000  -88.43    0.00    0.00    0.00    0.00  -64.86  -23.57    4.15    0.61  -67.88  -14.45   -1.13   -9.72    0.00
--> Name of file number   3:                                                     
md_1_0993_0007.en      1    949 0.993000 -213.37    0.00    0.00    0.00    0.00 -203.07  -10.30    3.88    2.43 -139.48   -8.14  -67.47   -4.60    0.00
md_1_0993_0007.en      2    949 0.007000  -88.73    0.00    0.00    0.00    0.00  -64.74  -23.99    4.08    0.75  -67.00  -14.88   -1.82   -9.86    0.00
--> Name of file number   4:                                                     
md_1_0989_0011.en      1    949 0.989000 -214.43    0.00    0.00    0.00    0.00 -204.49   -9.94    3.25    2.19 -134.85   -7.78  -72.88   -4.34    0.00
md_1_0989_0011.en      2    949 0.011000  -88.64    0.00    0.00    0.00    0.00  -64.78  -23.86    3.82    0.60  -67.59  -14.55   -1.01   -9.91    0.00
--> Name of file number   5:                                                     
md_1_0985_0015.en      1    949 0.985000 -213.67    0.00    0.00    0.00    0.00 -204.45   -9.23    3.45    2.05 -141.82   -7.54  -66.08   -3.74    0.00
md_1_0985_0015.en      2    949 0.015000  -90.18    0.00    0.00    0.00    0.00  -66.47  -23.71    4.02    0.48  -66.97  -14.72   -3.52   -9.48    0.00
--> Name of file number   6:                                                     
md_1_0981_0019.en      1    949 0.981000 -212.63    0.00    0.00    0.00    0.00 -202.19  -10.44    3.81    2.24 -139.50   -8.03  -66.50   -4.65    0.00
md_1_0981_0019.en      2    949 0.019000  -88.75    0.00    0.00    0.00    0.00  -64.29  -24.46    4.48    0.60  -67.32  -14.87   -1.45  -10.19    0.00
--> Name of file number   7:                                                     
md_1_0977_0023.en      1    949 0.977000 -212.81    0.00    0.00    0.00    0.00 -201.87  -10.94    3.73    2.11 -139.83   -7.97  -65.77   -5.09    0.00
md_1_0977_0023.en      2    949 0.023000  -89.25    0.00    0.00    0.00    0.00  -64.55  -24.70    4.31    0.53  -66.97  -14.68   -1.88  -10.56    0.00
--> Name of file number   8:                                                     
md_1_0972_0028.en      1    949 0.972000 -211.52    0.00    0.00    0.00    0.00 -200.54  -10.98    3.90    2.22 -143.42   -8.21  -61.02   -4.99    0.00
md_1_0972_0028.en      2    949 0.028000  -89.43    0.00    0.00    0.00    0.00  -64.68  -24.75    4.62    0.55  -67.29  -15.01   -2.01  -10.30    0.00
--> Name of file number   9:                                                     
md_1_0967_0033.en      1    949 0.967000 -213.33    0.00    0.00    0.00    0.00 -202.72  -10.61    3.62    2.32 -147.63   -8.70  -58.70   -4.23    0.00
md_1_0967_0033.en      2    949 0.033000  -89.12    0.00    0.00    0.00    0.00  -63.92  -25.20    4.40    0.52  -67.11  -16.23   -1.21   -9.48    0.00
--> Name of file number  10:                                                     
md_1_0961_0039.en      1    949 0.961000 -214.34    0.00    0.00    0.00    0.00 -203.89  -10.45    3.84    2.17 -144.83   -8.96  -62.89   -3.67    0.00
md_1_0961_0039.en      2    949 0.039000  -89.50    0.00    0.00    0.00    0.00  -64.96  -24.53    4.82    0.56  -68.42  -16.66   -1.37   -8.44    0.00
--> Name of file number  11:                                                     
md_1_0956_0044.en      1    949 0.956000 -214.18    0.00    0.00    0.00    0.00 -203.14  -11.04    3.59    2.10 -132.38   -8.79  -74.35   -4.35    0.00
md_1_0956_0044.en      2    949 0.044000  -89.52    0.00    0.00    0.00    0.00  -64.23  -25.30    4.77    0.44  -68.55  -16.62   -0.45   -9.11    0.00
--> Name of file number  12:                                                     
md_1_0950_0050.en      1    949 0.950000 -211.98    0.00    0.00    0.00    0.00 -201.60  -10.38    3.90    2.16 -138.32   -8.31  -67.18   -4.23    0.00
md_1_0950_0050.en      2    949 0.050000  -89.14    0.00    0.00    0.00    0.00  -64.59  -24.55    4.69    0.46  -68.17  -15.80   -1.11   -9.21    0.00
--> Name of file number  13:                                                     
md_1_0943_0057.en      1    949 0.943000 -213.37    0.00    0.00    0.00    0.00 -203.38  -10.00    3.64    2.15 -138.69   -8.42  -68.33   -3.73    0.00
md_1_0943_0057.en      2    949 0.057000  -89.76    0.00    0.00    0.00    0.00  -65.25  -24.51    4.43    0.43  -67.62  -15.89   -2.06   -9.06    0.00
--> Name of file number  14:                                                     
md_1_0936_0064.en      1    949 0.936000 -211.61    0.00    0.00    0.00    0.00 -200.61  -11.00    4.19    2.14 -149.17   -8.69  -55.62   -4.45    0.00
md_1_0936_0064.en      2    949 0.064000  -89.91    0.00    0.00    0.00    0.00  -64.64  -25.27    4.78    0.36  -68.48  -16.56   -0.94   -9.07    0.00
--> Name of file number  15:                                                     
md_1_0929_0071.en      1    949 0.929000 -210.29    0.00    0.00    0.00    0.00 -199.80  -10.49    3.92    2.32 -137.97   -8.46  -65.76   -4.35    0.00
md_1_0929_0071.en      2    949 0.071000  -89.11    0.00    0.00    0.00    0.00  -64.72  -24.38    4.47    0.54  -67.77  -15.83   -1.43   -9.10    0.00
--> Name of file number  16:                                                     
md_1_0921_0079.en      1    949 0.921000 -207.65    0.00    0.00    0.00    0.00 -195.92  -11.73    3.72    2.31 -144.19   -9.09  -55.46   -4.95    0.00
md_1_0921_0079.en      2    949 0.079000  -89.43    0.00    0.00    0.00    0.00  -63.83  -25.60    4.74    0.54  -68.25  -16.95   -0.32   -9.19    0.00
--> Name of file number  17:                                                     
md_1_0913_0087.en      1    949 0.913000 -210.10    0.00    0.00    0.00    0.00 -199.62  -10.48    4.06    2.34 -146.21   -8.94  -57.48   -3.87    0.00
md_1_0913_0087.en      2    949 0.087000  -89.20    0.00    0.00    0.00    0.00  -64.16  -25.04    4.69    0.51  -67.65  -16.51   -1.20   -9.05    0.00
--> Name of file number  18:                                                     
md_1_0904_0096.en      1    949 0.904000 -204.69    0.00    0.00    0.00    0.00 -193.50  -11.19    3.75    2.28 -138.74   -8.98  -58.51   -4.49    0.00
md_1_0904_0096.en      2    949 0.096000  -88.54    0.00    0.00    0.00    0.00  -63.60  -24.95    4.35    0.54  -66.70  -16.56   -1.25   -8.93    0.00
--> Name of file number  19:                                                     
md_1_0895_0105.en      1    949 0.895000 -205.62    0.00    0.00    0.00    0.00 -193.23  -12.39    3.81    2.23 -144.51   -8.99  -52.53   -5.63    0.00
md_1_0895_0105.en      2    949 0.105000  -89.76    0.00    0.00    0.00    0.00  -63.68  -26.08    4.78    0.51  -67.40  -17.04   -1.07   -9.54    0.00
--> Name of file number  20:                                                     
md_1_0885_0115.en      1    949 0.885000 -207.46    0.00    0.00    0.00    0.00 -195.70  -11.76    3.58    2.36 -148.31   -9.08  -50.97   -5.04    0.00
md_1_0885_0115.en      2    949 0.115000  -90.24    0.00    0.00    0.00    0.00  -64.21  -26.03    4.84    0.38  -68.00  -17.46   -1.05   -8.96    0.00
--> Name of file number  21:                                                     
md_1_0874_0126.en      1    949 0.874000 -205.31    0.00    0.00    0.00    0.00 -193.89  -11.41    3.83    2.35 -134.56   -8.88  -63.16   -4.89    0.00
md_1_0874_0126.en      2    949 0.126000  -89.47    0.00    0.00    0.00    0.00  -64.29  -25.18    4.71    0.55  -67.65  -16.61   -1.35   -9.11    0.00
--> Name of file number  22:                                                     
md_1_0863_0137.en      1    949 0.863000 -203.20    0.00    0.00    0.00    0.00 -191.61  -11.59    4.26    2.31 -133.65   -8.94  -62.23   -4.96    0.00
md_1_0863_0137.en      2    949 0.137000  -89.39    0.00    0.00    0.00    0.00  -64.53  -24.86    4.71    0.54  -67.98  -16.21   -1.27   -9.19    0.00
--> Name of file number  23:                                                     
md_1_0851_0149.en      1    949 0.851000 -200.90    0.00    0.00    0.00    0.00 -187.30  -13.60    4.41    2.40 -132.05  -10.21  -59.65   -5.79    0.00
md_1_0851_0149.en      2    949 0.149000  -90.15    0.00    0.00    0.00    0.00  -63.45  -26.71    4.58    0.51  -67.23  -17.53   -0.79   -9.68    0.00
--> Name of file number  24:                                                     
md_1_0838_0162.en      1    949 0.838000 -203.44    0.00    0.00    0.00    0.00 -190.65  -12.79    3.72    2.54 -144.91   -9.10  -49.46   -6.23    0.00
md_1_0838_0162.en      2    949 0.162000  -90.94    0.00    0.00    0.00    0.00  -64.25  -26.68    4.79    0.50  -67.92  -17.47   -1.13   -9.71    0.00
--> Name of file number  25:                                                     
md_1_0825_0175.en      1    949 0.825000 -199.81    0.00    0.00    0.00    0.00 -187.29  -12.53    3.47    2.54 -146.54   -9.39  -44.21   -5.68    0.00
md_1_0825_0175.en      2    949 0.175000  -89.65    0.00    0.00    0.00    0.00  -63.93  -25.72    4.23    0.65  -67.74  -17.11   -0.42   -9.26    0.00
--> Name of file number  26:                                                     
md_1_0810_0190.en      1    949 0.810000 -199.24    0.00    0.00    0.00    0.00 -186.38  -12.87    3.80    2.61 -138.21   -9.84  -51.97   -5.64    0.00
md_1_0810_0190.en      2    949 0.190000  -89.77    0.00    0.00    0.00    0.00  -63.34  -26.44    4.30    0.58  -67.15  -17.69   -0.49   -9.33    0.00
--> Name of file number  27:                                                     
md_1_0795_0205.en      1    949 0.795000 -194.19    0.00    0.00    0.00    0.00 -180.70  -13.49    3.81    2.63 -140.73   -9.65  -43.78   -6.47    0.00
md_1_0795_0205.en      2    949 0.205000  -89.99    0.00    0.00    0.00    0.00  -63.56  -26.43    4.77    0.51  -68.16  -17.51   -0.16   -9.43    0.00
--> Name of file number  28:                                                     
md_1_0779_0221.en      1    949 0.779000 -194.57    0.00    0.00    0.00    0.00 -181.60  -12.97    4.20    2.29 -134.67   -8.83  -51.13   -6.42    0.00
md_1_0779_0221.en      2    949 0.221000  -89.77    0.00    0.00    0.00    0.00  -64.13  -25.63    4.45    0.43  -68.09  -16.05   -0.49  -10.02    0.00
--> Name of file number  29:                                                     
md_1_0761_0239.en      1    949 0.761000 -190.82    0.00    0.00    0.00    0.00 -177.70  -13.12    3.91    2.39 -135.26  -10.04  -46.35   -5.48    0.00
md_1_0761_0239.en      2    949 0.239000  -89.42    0.00    0.00    0.00    0.00  -63.32  -26.09    4.63    0.47  -68.08  -17.21    0.12   -9.36    0.00
--> Name of file number  30:                                                     
md_1_0743_0257.en      1    949 0.743000 -187.37    0.00    0.00    0.00    0.00 -172.96  -14.41    3.81    2.53 -129.15  -11.23  -47.61   -5.71    0.00
md_1_0743_0257.en      2    949 0.257000  -90.03    0.00    0.00    0.00    0.00  -63.33  -26.70    4.06    0.56  -67.38  -18.01   -0.00   -9.25    0.00
--> Name of file number  31:                                                     
md_1_0724_0276.en      1    949 0.724000 -185.56    0.00    0.00    0.00    0.00 -171.37  -14.19    4.06    2.47 -130.39  -10.23  -45.04   -6.43    0.00
md_1_0724_0276.en      2    949 0.276000  -89.60    0.00    0.00    0.00    0.00  -63.16  -26.45    4.18    0.61  -67.31  -17.09   -0.03   -9.97    0.00
--> Name of file number  32:                                                     
md_1_0703_0297.en      1    949 0.703000 -186.91    0.00    0.00    0.00    0.00 -173.19  -13.73    4.47    2.53 -141.85   -9.99  -35.80   -6.27    0.00
md_1_0703_0297.en      2    949 0.297000  -90.57    0.00    0.00    0.00    0.00  -64.05  -26.52    5.15    0.50  -69.42  -17.49    0.22   -9.53    0.00
--> Name of file number  33:                                                     
md_1_0681_0319.en      1    949 0.681000 -183.75    0.00    0.00    0.00    0.00 -169.07  -14.68    4.11    2.77 -140.50  -10.97  -32.68   -6.49    0.00
md_1_0681_0319.en      2    949 0.319000  -90.97    0.00    0.00    0.00    0.00  -63.86  -27.11    4.83    0.63  -68.33  -18.18   -0.37   -9.56    0.00
--> Name of file number  34:                                                     
md_1_0657_0343.en      1    949 0.657000 -178.71    0.00    0.00    0.00    0.00 -162.64  -16.07    3.99    2.65 -123.33  -11.91  -43.29   -6.81    0.00
md_1_0657_0343.en      2    949 0.343000  -91.18    0.00    0.00    0.00    0.00  -63.14  -28.04    3.96    0.73  -65.69  -18.66   -1.42  -10.11    0.00
--> Name of file number  35:                                                     
md_1_0632_0368.en      1    949 0.632000 -177.29    0.00    0.00    0.00    0.00 -161.16  -16.13    4.34    2.62 -123.02  -11.92  -42.48   -6.84    0.00
md_1_0632_0368.en      2    949 0.368000  -90.70    0.00    0.00    0.00    0.00  -62.85  -27.85    4.42    0.57  -67.13  -18.42   -0.13  -10.00    0.00
--> Name of file number  36:                                                     
md_1_0606_0394.en      1    949 0.606000 -170.25    0.00    0.00    0.00    0.00 -153.10  -17.15    4.76    2.67 -130.73  -12.67  -27.14   -7.15    0.00
md_1_0606_0394.en      2    949 0.394000  -90.78    0.00    0.00    0.00    0.00  -62.64  -28.14    4.55    0.67  -67.40  -18.87    0.21   -9.94    0.00
--> Name of file number  37:                                                     
md_1_0578_0422.en      1    949 0.578000 -160.19    0.00    0.00    0.00    0.00 -140.74  -19.45    5.38    2.72 -125.19  -14.50  -20.93   -7.67    0.00
md_1_0578_0422.en      2    949 0.422000  -92.24    0.00    0.00    0.00    0.00  -62.92  -29.32    4.00    0.90  -67.23  -20.08    0.32  -10.14    0.00
--> Name of file number  38:                                                     
md_1_0548_0452.en      1    949 0.548000 -159.32    0.00    0.00    0.00    0.00 -141.42  -17.90    5.71    2.77 -121.23  -13.19  -25.90   -7.48    0.00
md_1_0548_0452.en      2    949 0.452000  -91.40    0.00    0.00    0.00    0.00  -62.81  -28.59    4.19    0.84  -66.71  -19.19   -0.29  -10.24    0.00
--> Name of file number  39:                                                     
md_1_0516_0484.en      1    949 0.516000 -154.30    0.00    0.00    0.00    0.00 -135.67  -18.63    5.60    2.74 -123.16  -13.48  -18.10   -7.89    0.00
md_1_0516_0484.en      2    949 0.484000  -92.01    0.00    0.00    0.00    0.00  -62.69  -29.32    4.17    0.83  -67.36  -19.83    0.50  -10.32    0.00
--> Name of file number  40:                                                     
md_1_0482_0518.en      1    949 0.482000 -149.55    0.00    0.00    0.00    0.00 -130.84  -18.70    5.61    2.88 -115.02  -14.18  -21.44   -7.40    0.00
md_1_0482_0518.en      2    949 0.518000  -92.10    0.00    0.00    0.00    0.00  -63.01  -29.09    4.16    0.85  -66.84  -19.85   -0.34  -10.09    0.00
--> Name of file number  41:                                                     
md_1_0446_0554.en      1    949 0.446000 -145.55    0.00    0.00    0.00    0.00 -125.81  -19.74    5.83    2.85 -115.36  -15.17  -16.28   -7.42    0.00
md_1_0446_0554.en      2    949 0.554000  -93.24    0.00    0.00    0.00    0.00  -63.80  -29.45    4.00    0.83  -67.10  -20.04   -0.70  -10.24    0.00
--> Name of file number  42:                                                     
md_1_0408_0592.en      1    949 0.408000 -140.19    0.00    0.00    0.00    0.00 -119.74  -20.45    5.61    2.91 -114.35  -15.77  -11.01   -7.58    0.00
md_1_0408_0592.en      2    949 0.592000  -91.92    0.00    0.00    0.00    0.00  -62.20  -29.72    4.24    0.81  -66.84  -20.23    0.40  -10.30    0.00
--> Name of file number  43:                                                     
md_1_0367_0633.en      1    949 0.367000 -137.39    0.00    0.00    0.00    0.00 -117.67  -19.72    5.62    3.27 -115.52  -15.10   -7.77   -7.90    0.00
md_1_0367_0633.en      2    949 0.633000  -92.06    0.00    0.00    0.00    0.00  -62.64  -29.42    3.75    1.08  -66.70  -19.98    0.31  -10.52    0.00
--> Name of file number  44:                                                     
md_1_0324_0676.en      1    949 0.324000 -134.29    0.00    0.00    0.00    0.00 -114.64  -19.65    6.02    3.54 -107.72  -15.83  -12.95   -7.37    0.00
md_1_0324_0676.en      2    949 0.676000  -92.18    0.00    0.00    0.00    0.00  -62.80  -29.37    3.62    1.18  -66.68  -20.82    0.26   -9.74    0.00
--> Name of file number  45:                                                     
md_1_0278_0722.en      1    949 0.278000 -130.78    0.00    0.00    0.00    0.00 -110.64  -20.14    6.23    3.43 -115.99  -16.02   -0.88   -7.54    0.00
md_1_0278_0722.en      2    949 0.722000  -92.21    0.00    0.00    0.00    0.00  -62.35  -29.85    3.87    1.14  -66.43  -21.00    0.21  -10.00    0.00
--> Name of file number  46:                                                     
md_1_0229_0771.en      1    949 0.229000 -120.17    0.00    0.00    0.00    0.00 -101.33  -18.84    7.87    3.47 -106.80  -14.87   -2.41   -7.44    0.00
md_1_0229_0771.en      2    949 0.771000  -93.24    0.00    0.00    0.00    0.00  -64.25  -28.99    5.33    1.02  -68.53  -19.82   -1.05  -10.19    0.00
--> Name of file number  47:                                                     
md_1_0177_0823.en      1    949 0.177000 -113.74    0.00    0.00    0.00    0.00  -94.51  -19.23    6.80    3.49 -103.97  -15.53    2.66   -7.19    0.00
md_1_0177_0823.en      2    949 0.823000  -92.57    0.00    0.00    0.00    0.00  -63.11  -29.46    4.41    1.17  -67.84  -20.38    0.32  -10.25    0.00
--> Name of file number  48:                                                     
md_1_0121_0879.en      1    949 0.121000 -106.28    0.00    0.00    0.00    0.00  -87.05  -19.23    6.07    3.53  -94.18  -15.59    1.07   -7.17    0.00
md_1_0121_0879.en      2    949 0.879000  -92.01    0.00    0.00    0.00    0.00  -62.63  -29.38    4.11    1.11  -67.32  -20.24    0.58  -10.24    0.00
--> Name of file number  49:                                                     
md_1_0062_0938.en      1    949 0.062000  -97.79    0.00    0.00    0.00    0.00  -79.37  -18.42    6.97    3.25  -86.13  -15.05   -0.21   -6.62    0.00
md_1_0062_0938.en      2    949 0.938000  -91.73    0.00    0.00    0.00    0.00  -62.62  -29.11    4.72    0.98  -68.44  -20.09    1.10  -10.01    0.00
--> Name of file number  50:                                                     
md_1_0000_1000.en      1    949 0.000000  -91.85    0.00    0.00    0.00    0.00  -72.47  -19.37    6.47    3.52  -94.30  -16.37   15.36   -6.52    0.00
md_1_0000_1000.en      2    949 1.000000  -91.85    0.00    0.00    0.00    0.00  -61.88  -29.97    4.34    1.05  -67.98  -20.99    1.76  -10.02    0.00


# Part 1: Free energy perturbation summary:
# lambda(1)      dGf sum(dGf)      dGr sum(dGr)     <dG>
   1.000000    0.000    0.000   -0.382  -64.186    0.000
   0.997000    0.380    0.380   -0.500  -63.804    0.381
   0.993000    0.508    0.887   -0.504  -63.305    0.884
   0.989000    0.498    1.385   -0.495  -62.801    1.385
   0.985000    0.502    1.887   -0.497  -62.305    1.884
   0.981000    0.493    2.380   -0.495  -61.809    2.379
   0.977000    0.494    2.874   -0.612  -61.313    2.874
   0.972000    0.616    3.491   -0.623  -60.701    3.488
   0.967000    0.609    4.100   -0.751  -60.079    4.103
   0.961000    0.743    4.842   -0.625  -59.328    4.850
   0.956000    0.623    5.465   -0.740  -58.703    5.474
   0.950000    0.746    6.211   -0.868  -57.963    6.217
   0.943000    0.856    7.068   -0.855  -57.095    7.079
   0.936000    0.863    7.930   -0.851  -56.240    7.938
   0.929000    0.848    8.779   -0.950  -55.389    8.788
   0.921000    0.966    9.745   -0.972  -54.439    9.746
   0.913000    0.942   10.686   -1.051  -53.468   10.702
   0.904000    1.083   11.769   -1.048  -52.417   11.769
   0.895000    1.040   12.809   -1.179  -51.369   12.813
   0.885000    1.153   13.961   -1.282  -50.190   13.979
   0.874000    1.281   15.242   -1.259  -48.908   15.260
   0.863000    1.266   16.508   -1.337  -47.649   16.523
   0.851000    1.357   17.865   -1.472  -46.312   17.870
   0.838000    1.430   19.296   -1.443  -44.839   19.321
   0.825000    1.453   20.748   -1.655  -43.397   20.769
   0.810000    1.638   22.387   -1.579  -41.742   22.415
   0.795000    1.629   24.015   -1.693  -40.163   24.019
   0.779000    1.649   25.664   -1.846  -38.470   25.690
   0.761000    1.865   27.530   -1.775  -36.623   27.546
   0.743000    1.805   29.335   -1.848  -34.849   29.336
   0.724000    1.825   31.159   -2.050  -33.000   31.173
   0.703000    1.985   33.144   -2.074  -30.950   33.190
   0.681000    2.090   35.234   -2.141  -28.877   35.272
   0.657000    2.187   37.421   -2.208  -26.736   37.435
   0.632000    2.144   39.565   -2.121  -24.528   39.612
   0.606000    2.203   41.768   -1.951  -22.407   41.774
   0.578000    2.161   43.929   -2.104  -20.456   43.830
   0.548000    1.982   45.911   -2.073  -18.352   45.873
   0.516000    2.099   48.010   -2.025  -16.278   47.959
   0.482000    2.031   50.041   -1.966  -14.253   49.987
   0.446000    1.991   52.032   -1.917  -12.287   51.965
   0.408000    1.897   53.928   -1.965  -10.369   53.872
   0.367000    1.883   55.811   -1.923   -8.405   55.796
   0.324000    1.834   57.645   -1.885   -6.481   57.675
   0.278000    1.806   59.451   -1.474   -4.596   59.520
   0.229000    1.757   61.208   -1.288   -3.122   61.136
   0.177000    1.225   62.433   -0.996   -1.834   62.392
   0.121000    0.959   63.392   -0.593   -0.839   63.370
   0.062000    0.615   64.007   -0.245   -0.245   63.974
   0.000000    0.116   64.124    0.000    0.000   64.155

# Min energy-gap is:   -249.05
# Max energy-gap is:    -50.42


# Part 2: Reaction free energy summary:
# Lambda(1)  bin Energy gap      dGa     dGb     dGg    # pts    c1**2    c2**2
   1.000000    6    -227.20     0.00   133.86    -0.00     64    0.000    0.000
   1.000000    7    -223.23     0.00   131.84    -0.00    112    0.000    0.000
   1.000000    8    -219.26     0.00   126.98     0.00    155    0.000    0.000
   1.000000    9    -215.28     0.00   119.82    -0.00    162    0.000    0.000
   1.000000   10    -211.31     0.00   119.82     0.00    137    0.000    0.000
   1.000000   11    -207.34     0.00   113.85    -0.00    120    0.000    0.000
   1.000000   12    -203.37     0.00   113.46    -0.00     78    0.000    0.000
   0.997000    6    -227.20    -0.03   134.45    -0.03     70    0.000    0.000
   0.997000    7    -223.23    -0.02   128.53    -0.02    113    0.000    0.000
   0.997000    8    -219.26    -0.01   126.21    -0.01    158    0.000    0.000
   0.997000    9    -215.28     0.00   121.97     0.00    189    0.000    0.000
   0.997000   10    -211.31     0.01   119.27     0.01    165    0.000    0.000
   0.997000   11    -207.34     0.02   116.10     0.02    115    0.000    0.000
   0.997000   12    -203.37     0.03   111.32     0.03     57    0.000    0.000
   0.993000    6    -227.20    -0.08   133.84    -0.08     51    0.000    0.000
   0.993000    7    -223.23    -0.05   128.97    -0.05    121    0.000    0.000
   0.993000    8    -219.26    -0.03   126.50    -0.03    114    0.000    0.000
   0.993000    9    -215.28    -0.00   122.17    -0.00    160    0.000    0.000
   0.993000   10    -211.31     0.03   117.87     0.03    163    0.000    0.000
   0.993000   11    -207.34     0.05   114.65     0.05    120    0.000    0.000
   0.993000   12    -203.37     0.08   110.18     0.08     93    0.000    0.000
   0.993000   13    -199.39     0.10   108.26     0.10     58    0.000    0.000
   0.989000    6    -227.20    -0.13   133.29    -0.13     54    0.000    0.000
   0.989000    7    -223.23    -0.09   128.69    -0.09    100    0.000    0.000
   0.989000    8    -219.26    -0.05   126.41    -0.05    157    0.000    0.000
   0.989000    9    -215.28    -0.01   122.48    -0.01    174    0.000    0.000
   0.989000   10    -211.31     0.03   117.37     0.03    164    0.000    0.000
   0.989000   11    -207.34     0.08   114.86     0.08    126    0.000    0.000
   0.989000   12    -203.37     0.11   112.97     0.11     85    0.000    0.000
   0.985000    6    -227.20    -0.15   131.96    -0.15     52    0.000    0.000
   0.985000    7    -223.23    -0.10   128.63    -0.10     98    0.000    0.000
   0.985000    8    -219.26    -0.05   123.44    -0.05    134    0.000    0.000
   0.985000    9    -215.28     0.01   119.66     0.01    165    0.000    0.000
   0.985000   10    -211.31     0.06   116.69     0.06    143    0.000    0.000
   0.985000   11    -207.34     0.12   114.03     0.12    110    0.000    0.000
   0.985000   12    -203.37     0.17   109.81     0.17     82    0.000    0.000
   0.985000   13    -199.39     0.21   105.80     0.21     61    0.000    0.000
   0.981000    6    -227.20    -0.25   135.19    -0.25     50    0.000    0.000
   0.981000    7    -223.23    -0.15   127.92    -0.15     99    0.000    0.000
   0.981000    8    -219.26    -0.10   126.40    -0.10    130    0.000    0.000
   0.981000    9    -215.28    -0.03   122.81    -0.03    169    0.000    0.000
   0.981000   10    -211.31     0.05   116.31     0.05    152    0.000    0.000
   0.981000   11    -207.34     0.12   114.90     0.12    131    0.000    0.000
   0.981000   12    -203.37     0.18   110.57     0.18     94    0.000    0.000
   0.981000   13    -199.39     0.25   106.78     0.25     56    0.000    0.000
   0.977000    6    -227.20    -0.27   131.69    -0.27     56    0.000    0.000
   0.977000    7    -223.23    -0.20   128.58    -0.20     82    0.000    0.000
   0.977000    8    -219.26    -0.11   125.81    -0.11    128    0.000    0.000
   0.977000    9    -215.28    -0.03   121.86    -0.03    152    0.000    0.000
   0.977000   10    -211.31     0.07   117.89     0.07    170    0.000    0.000
   0.977000   11    -207.34     0.14   112.05     0.14    160    0.000    0.000
   0.977000   12    -203.37     0.23   112.31     0.23     80    0.000    0.000
   0.977000   13    -199.39     0.32   107.74     0.32     58    0.000    0.000
   0.972000    7    -223.23    -0.22   128.75    -0.22     73    0.000    0.000
   0.972000    8    -219.26    -0.14   125.10    -0.14    124    0.000    0.000
   0.972000    9    -215.28    -0.04   122.16    -0.04    131    0.000    0.000
   0.972000   10    -211.31     0.06   116.40     0.06    191    0.000    0.000
   0.972000   11    -207.34     0.17   113.72     0.17    131    0.000    0.000
   0.972000   12    -203.37     0.28   110.86     0.28     98    0.000    0.000
   0.972000   13    -199.39     0.38   105.94     0.38     80    0.000    0.000
   0.967000    6    -227.20    -0.45   134.49    -0.45     59    0.000    0.000
   0.967000    7    -223.23    -0.31   129.33    -0.31     90    0.000    0.000
   0.967000    8    -219.26    -0.18   124.84    -0.18    144    0.000    0.000
   0.967000    9    -215.28    -0.07   122.31    -0.07    154    0.000    0.000
   0.967000   10    -211.31     0.07   118.41     0.07    169    0.000    0.000
   0.967000   11    -207.34     0.19   114.96     0.19    127    0.000    0.000
   0.967000   12    -203.37     0.31   110.89     0.31     85    0.000    0.000
   0.967000   13    -199.39     0.44   108.05     0.44     55    0.000    0.000
   0.961000    6    -227.20    -0.49   131.96    -0.49     66    0.000    0.000
   0.961000    7    -223.23    -0.35   128.64    -0.35    129    0.000    0.000
   0.961000    8    -219.26    -0.21   124.99    -0.21    123    0.000    0.000
   0.961000    9    -215.28    -0.06   121.04    -0.06    171    0.000    0.000
   0.961000   10    -211.31     0.09   117.65     0.09    165    0.000    0.000
   0.961000   11    -207.34     0.23   114.15     0.23    136    0.000    0.000
   0.961000   12    -203.37     0.35   111.66     0.35     89    0.000    0.000
   0.956000    6    -227.20    -0.57   132.54    -0.57     52    0.000    0.000
   0.956000    7    -223.23    -0.40   126.98    -0.40     89    0.000    0.000
   0.956000    8    -219.26    -0.22   124.35    -0.22    166    0.000    0.000
   0.956000    9    -215.28    -0.07   118.69    -0.07    192    0.000    0.000
   0.956000   10    -211.31     0.09   117.30     0.09    144    0.000    0.000
   0.956000   11    -207.34     0.25   115.23     0.25    144    0.000    0.000
   0.956000   12    -203.37     0.44   110.13     0.44     70    0.000    0.000
   0.950000    7    -223.23    -0.47   129.27    -0.47     77    0.000    0.000
   0.950000    8    -219.26    -0.30   126.50    -0.30    110    0.000    0.000
   0.950000    9    -215.28    -0.10   122.40    -0.10    174    0.000    0.000
   0.950000   10    -211.31     0.08   119.21     0.08    150    0.000    0.000
   0.950000   11    -207.34     0.27   114.98     0.27    149    0.000    0.000
   0.950000   12    -203.37     0.48   110.39     0.48    108    0.000    0.000
   0.950000   13    -199.39     0.65   108.49     0.65     68    0.000    0.000
   0.943000    7    -223.23    -0.53   129.80    -0.53     91    0.000    0.000
   0.943000    8    -219.26    -0.30   125.05    -0.30    135    0.000    0.000
   0.943000    9    -215.28    -0.09   121.92    -0.09    167    0.000    0.000
   0.943000   10    -211.31     0.14   117.50     0.14    174    0.000    0.000
   0.943000   11    -207.34     0.36   113.35     0.36    152    0.000    0.000
   0.943000   12    -203.37     0.54   111.61     0.54    114    0.000    0.000
   0.936000    7    -223.23    -0.63   128.04    -0.63     78    0.000    0.000
   0.936000    8    -219.26    -0.34   125.32    -0.34    123    0.000    0.000
   0.936000    9    -215.28    -0.06   120.61    -0.06    159    0.000    0.000
   0.936000   10    -211.31     0.14   118.01     0.14    146    0.000    0.000
   0.936000   11    -207.34     0.38   114.90     0.38    149    0.000    0.000
   0.936000   12    -203.37     0.60   110.77     0.60     99    0.000    0.000
   0.936000   13    -199.39     0.86   107.60     0.86     65    0.000    0.000
   0.929000    7    -223.23    -0.68   129.20    -0.68     56    0.000    0.000
   0.929000    8    -219.26    -0.45   125.13    -0.45     93    0.000    0.000
   0.929000    9    -215.28    -0.16   123.10    -0.16    155    0.000    0.000
   0.929000   10    -211.31     0.09   118.68     0.09    179    0.000    0.000
   0.929000   11    -207.34     0.36   114.01     0.36    179    0.000    0.000
   0.929000   12    -203.37     0.60   111.61     0.60    128    0.000    0.000
   0.929000   13    -199.39     0.88   109.23     0.88     68    0.000    0.000
   0.921000    8    -219.26    -0.45   125.50    -0.45     69    0.000    0.000
   0.921000    9    -215.28    -0.21   121.20    -0.21    123    0.000    0.000
   0.921000   10    -211.31     0.12   118.44     0.12    159    0.000    0.000
   0.921000   11    -207.34     0.40   115.53     0.40    164    0.000    0.000
   0.921000   12    -203.37     0.71   112.25     0.71    158    0.000    0.000
   0.921000   13    -199.39     0.99   108.89     0.99    105    0.000    0.000
   0.921000   14    -195.42     1.21   106.06     1.21     63    0.000    0.000
   0.913000    7    -223.23    -0.94   129.35    -0.94     50    0.000    0.000
   0.913000    8    -219.26    -0.59   124.95    -0.59    101    0.000    0.000
   0.913000    9    -215.28    -0.31   121.25    -0.31    173    0.000    0.000
   0.913000   10    -211.31     0.06   118.80     0.06    148    0.000    0.000
   0.913000   11    -207.34     0.35   115.01     0.35    149    0.000    0.000
   0.913000   12    -203.37     0.69   112.20     0.69    136    0.000    0.000
   0.913000   13    -199.39     1.04   109.13     1.04     64    0.000    0.000
   0.904000    9    -215.28    -0.39   121.63    -0.39     79    0.000    0.000
   0.904000   10    -211.31    -0.05   117.83    -0.05    130    0.000    0.000
   0.904000   11    -207.34     0.37   115.46     0.37    146    0.000    0.000
   0.904000   12    -203.37     0.68   112.79     0.68    146    0.000    0.000
   0.904000   13    -199.39     1.05   109.20     1.05    144    0.000    0.000
   0.904000   14    -195.42     1.40   105.97     1.40    123    0.000    0.000
   0.904000   15    -191.45     1.82   100.88     1.82     56    0.000    0.000
   0.895000    9    -215.28    -0.38   121.00    -0.38     90    0.000    0.000
   0.895000   10    -211.31     0.05   117.88     0.05    140    0.000    0.000
   0.895000   11    -207.34     0.42   114.78     0.42    178    0.000    0.000
   0.895000   12    -203.37     0.77   109.41     0.77    167    0.000    0.000
   0.895000   13    -199.39     1.16   107.10     1.16    131    0.000    0.000
   0.895000   14    -195.42     1.63   103.88     1.63     87    0.000    0.000
   0.895000   15    -191.45     1.94   101.89     1.94     50    0.000    0.000
   0.885000    8    -219.26    -0.84   124.00    -0.84     78    0.000    0.000
   0.885000    9    -215.28    -0.44   121.28    -0.44    111    0.000    0.000
   0.885000   10    -211.31    -0.03   116.75    -0.03    161    0.000    0.000
   0.885000   11    -207.34     0.40   114.57     0.40    160    0.000    0.000
   0.885000   12    -203.37     0.87   109.70     0.87    150    0.000    0.000
   0.885000   13    -199.39     1.26   106.00     1.26    102    0.000    0.000
   0.885000   14    -195.42     1.71   102.71     1.71     63    0.000    0.000
   0.874000    9    -215.28    -0.56   121.40    -0.56     92    0.000    0.000
   0.874000   10    -211.31    -0.15   117.06    -0.15    149    0.000    0.000
   0.874000   11    -207.34     0.35   114.55     0.35    173    0.000    0.000
   0.874000   12    -203.37     0.80   111.56     0.80    156    0.000    0.000
   0.874000   13    -199.39     1.26   105.98     1.26    124    0.000    0.000
   0.874000   14    -195.42     1.80   105.65     1.80     86    0.000    0.000
   0.863000    9    -215.28    -0.71   121.58    -0.71     69    0.000    0.000
   0.863000   10    -211.31    -0.20   118.26    -0.20    116    0.000    0.000
   0.863000   11    -207.34     0.27   114.66     0.27    157    0.000    0.000
   0.863000   12    -203.37     0.76   111.81     0.76    176    0.000    0.000
   0.863000   13    -199.39     1.30   109.16     1.30    143    0.000    0.000
   0.863000   14    -195.42     1.77   105.04     1.77    130    0.000    0.000
   0.863000   15    -191.45     2.30   103.35     2.30     73    0.000    0.000
   0.851000   10    -211.31    -0.16   116.34    -0.16     84    0.000    0.000
   0.851000   11    -207.34     0.34   114.07     0.34    139    0.000    0.000
   0.851000   12    -203.37     0.90   111.34     0.90    180    0.000    0.000
   0.851000   13    -199.39     1.39   107.40     1.39    161    0.000    0.000
   0.851000   14    -195.42     2.00   105.31     2.00    145    0.000    0.000
   0.851000   15    -191.45     2.53   100.81     2.53    104    0.000    0.000
   0.851000   16    -187.47     3.25    98.61     3.25     51    0.000    0.000
   0.838000    9    -215.28    -0.81   119.80    -0.81     67    0.000    0.000
   0.838000   10    -211.31    -0.20   117.29    -0.20    122    0.000    0.000
   0.838000   11    -207.34     0.34   112.78     0.34    152    0.000    0.000
   0.838000   12    -203.37     1.01   110.65     1.01    203    0.000    0.000
   0.838000   13    -199.39     1.53   107.77     1.53    142    0.000    0.000
   0.838000   14    -195.42     2.20   104.61     2.20    100    0.000    0.000
   0.838000   15    -191.45     2.68   100.44     2.68     66    0.000    0.000
   0.825000   10    -211.31    -0.58   117.54    -0.58     79    0.000    0.000
   0.825000   11    -207.34     0.01   115.02     0.01    119    0.000    0.000
   0.825000   12    -203.37     0.72   111.39     0.72    168    0.000    0.000
   0.825000   13    -199.39     1.42   107.77     1.42    160    0.000    0.000
   0.825000   14    -195.42     2.05   105.63     2.05    140    0.000    0.000
   0.825000   15    -191.45     2.71   102.35     2.71    118    0.000    0.000
   0.825000   16    -187.47     3.35    99.62     3.35     58    0.000    0.000
   0.810000   10    -211.31    -0.84   116.68    -0.84     53    0.000    0.000
   0.810000   11    -207.34    -0.07   113.85    -0.07    123    0.000    0.000
   0.810000   12    -203.37     0.67   111.88     0.67    181    0.000    0.000
   0.810000   13    -199.39     1.34   108.05     1.34    167    0.000    0.000
   0.810000   14    -195.42     2.10   105.33     2.10    154    0.000    0.000
   0.810000   15    -191.45     2.73   101.81     2.73    109    0.000    0.000
   0.810000   16    -187.47     3.64    99.58     3.64     69    0.000    0.000
   0.795000   11    -207.34    -0.12   114.92    -0.12     70    0.000    0.000
   0.795000   12    -203.37     0.56   112.03     0.56    101    0.000    0.000
   0.795000   13    -199.39     1.40   107.59     1.40    152    0.000    0.000
   0.795000   14    -195.42     2.28   104.71     2.28    150    0.000    0.000
   0.795000   15    -191.45     3.00   101.80     3.00    147    0.000    0.000
   0.795000   16    -187.47     3.63    98.91     3.63    111    0.000    0.000
   0.795000   17    -183.50     4.37    95.65     4.37     95    0.000    0.000
   0.779000   11    -207.34    -0.27   115.34    -0.27     56    0.000    0.000
   0.779000   12    -203.37     0.37   111.66     0.37    108    0.000    0.000
   0.779000   13    -199.39     1.29   108.88     1.29    146    0.000    0.000
   0.779000   14    -195.42     2.05   105.57     2.05    170    0.000    0.000
   0.779000   15    -191.45     2.96   102.18     2.96    169    0.000    0.000
   0.779000   16    -187.47     3.77    99.51     3.77    117    0.000    0.000
   0.779000   17    -183.50     4.70    96.20     4.70     81    0.000    0.000
   0.761000   12    -203.37     0.31   110.11     0.31     59    0.000    0.000
   0.761000   13    -199.39     1.13   108.50     1.13     98    0.000    0.000
   0.761000   14    -195.42     1.88   104.88     1.88    161    0.000    0.000
   0.761000   15    -191.45     2.72   101.53     2.72    186    0.000    0.000
   0.761000   16    -187.47     3.76    99.75     3.76    164    0.000    0.000
   0.761000   17    -183.50     4.76    96.49     4.76    111    0.000    0.000
   0.761000   18    -179.53     5.44    93.35     5.44     68    0.000    0.000
   0.743000   13    -199.39     1.11   107.51     1.11     61    0.000    0.000
   0.743000   14    -195.42     2.10   105.09     2.10    100    0.000    0.000
   0.743000   15    -191.45     2.92   102.23     2.92    139    0.000    0.000
   0.743000   16    -187.47     3.87    99.79     3.87    168    0.000    0.000
   0.743000   17    -183.50     5.04    96.13     5.04    170    0.000    0.000
   0.743000   18    -179.53     5.52    93.77     5.52    101    0.000    0.000
   0.743000   19    -175.56     6.73    90.32     6.73     74    0.000    0.000
   0.724000   13    -199.39     0.52   108.67     0.52     61    0.000    0.000
   0.724000   14    -195.42     1.59   104.60     1.59     72    0.000    0.000
   0.724000   15    -191.45     2.83   102.02     2.83    136    0.000    0.000
   0.724000   16    -187.47     3.84    99.32     3.84    161    0.000    0.000
   0.724000   17    -183.50     4.82    97.14     4.82    172    0.000    0.000
   0.724000   18    -179.53     5.88    94.18     5.88    141    0.000    0.000
   0.724000   19    -175.56     6.63    91.52     6.63     78    0.000    0.000
   0.703000   13    -199.39     0.53   106.93     0.53     60    0.000    0.000
   0.703000   14    -195.42     1.75   103.87     1.75    119    0.000    0.000
   0.703000   15    -191.45     2.81   101.62     2.81    167    0.000    0.000
   0.703000   16    -187.47     3.78    98.59     3.78    149    0.000    0.000
   0.703000   17    -183.50     5.10    96.54     5.10    153    0.000    0.000
   0.703000   18    -179.53     6.14    92.21     6.14    129    0.000    0.000
   0.703000   19    -175.56     7.56    90.86     7.56     63    0.000    0.000
   0.681000   14    -195.42     1.36   104.47     1.36     71    0.000    0.000
   0.681000   15    -191.45     2.70   100.16     2.70    111    0.000    0.000
   0.681000   16    -187.47     3.71    98.49     3.71    174    0.000    0.000
   0.681000   17    -183.50     4.87    95.66     4.87    169    0.000    0.000
   0.681000   18    -179.53     5.99    92.56     5.99    147    0.000    0.000
   0.681000   19    -175.56     7.61    91.14     7.61    113    0.000    0.000
   0.681000   20    -171.58     8.80    87.68     8.80     62    0.000    0.000
   0.657000   15    -191.45     2.48   101.18     2.48     68    0.000    0.000
   0.657000   16    -187.47     3.77    97.94     3.77    111    0.000    0.000
   0.657000   17    -183.50     4.91    95.46     4.91    134    0.000    0.000
   0.657000   18    -179.53     6.60    93.39     6.60    185    0.000    0.000
   0.657000   19    -175.56     7.63    90.67     7.63    142    0.000    0.000
   0.657000   20    -171.58     9.18    88.74     9.18    100    0.000    0.000
   0.657000   21    -167.61    10.59    85.84    10.59     89    0.000    0.000
   0.632000   16    -187.47     3.42    98.76     3.42    103    0.000    0.000
   0.632000   17    -183.50     4.85    96.27     4.85    134    0.000    0.000
   0.632000   18    -179.53     6.26    94.24     6.26    154    0.000    0.000
   0.632000   19    -175.56     7.64    91.80     7.64    174    0.000    0.000
   0.632000   20    -171.58     8.98    88.93     8.98    110    0.000    0.000
   0.632000   21    -167.61    10.28    85.86    10.28     85    0.000    0.000
   0.632000   22    -163.64    11.69    83.63    11.69     64    0.000    0.000
   0.606000   17    -183.50     3.85    95.97     3.85     52    0.000    0.000
   0.606000   18    -179.53     5.33    93.42     5.33     96    0.000    0.000
   0.606000   19    -175.56     7.30    91.13     7.30    149    0.000    0.000
   0.606000   20    -171.58     8.77    88.52     8.77    167    0.000    0.000
   0.606000   21    -167.61    10.31    86.34    10.31    150    0.000    0.000
   0.606000   22    -163.64    11.94    83.68    11.94    120    0.000    0.000
   0.606000   23    -159.67    13.47    81.71    13.47     76    0.000    0.000
   0.606000   24    -155.69    15.59    78.82    15.59     57    0.000    0.000
   0.578000   20    -171.58     9.92    87.99     9.92     88    0.000    0.000
   0.578000   21    -167.61    11.35    85.55    11.35    132    0.000    0.000
   0.578000   22    -163.64    12.64    82.76    12.64    139    0.000    0.000
   0.578000   23    -159.67    13.78    81.10    13.78    158    0.000    0.000
   0.578000   24    -155.69    16.01    79.27    16.01    157    0.000    0.000
   0.578000   25    -151.72    16.96    77.15    16.96     87    0.000    0.000
   0.578000   26    -147.75    19.10    74.71    19.10     70    0.000    0.000
   0.548000   20    -171.58     8.28    88.53     8.28     68    0.000    0.000
   0.548000   21    -167.61    10.29    86.53    10.29    119    0.000    0.000
   0.548000   22    -163.64    12.19    84.01    12.19    146    0.000    0.000
   0.548000   23    -159.67    13.67    82.10    13.67    131    0.000    0.000
   0.548000   24    -155.69    15.58    80.06    15.58    178    0.000    0.000
   0.548000   25    -151.72    17.88    77.97    17.88    105    0.000    0.000
   0.548000   26    -147.75    19.61    75.56    19.61     85    0.000    0.000
   0.516000   21    -167.61     9.71    85.57     9.71     60    0.000    0.000
   0.516000   22    -163.64    12.76    83.54    12.76     88    0.000    0.000
   0.516000   23    -159.67    14.34    81.68    14.34    132    0.000    0.000
   0.516000   24    -155.69    16.03    79.93    16.03    138    0.000    0.000
   0.516000   25    -151.72    18.04    77.67    18.04    161    0.000    0.000
   0.516000   26    -147.75    19.65    75.68    19.65    131    0.000    0.000
   0.516000   27    -143.77    21.45    73.93    21.45     97    0.000    0.000
   0.482000   23    -159.67    13.42    80.72    13.42     90    0.000    0.000
   0.482000   24    -155.69    15.70    79.24    15.70    119    0.000    0.000
   0.482000   25    -151.72    17.86    77.64    17.86    175    0.000    0.000
   0.482000   26    -147.75    19.33    75.75    19.33    162    0.000    0.000
   0.482000   27    -143.77    21.13    74.18    21.13    158    0.000    0.000
   0.482000   28    -139.80    23.55    72.30    23.55     81    0.000    0.000
   0.482000   29    -135.83    25.06    70.76    25.06     50    0.000    0.000
   0.446000   23    -159.67    14.30    80.53    14.30     56    0.000    0.000
   0.446000   24    -155.69    16.84    78.48    16.84     87    0.000    0.000
   0.446000   25    -151.72    18.24    77.07    18.24    130    0.000    0.000
   0.446000   26    -147.75    19.96    75.53    19.96    148    0.000    0.000
   0.446000   27    -143.77    22.33    73.84    22.33    162    0.000    0.000
   0.446000   28    -139.80    24.18    72.10    24.18    145    0.000    0.000
   0.446000   29    -135.83    26.22    70.23    26.22     98    0.000    0.000
   0.446000   30    -131.86    28.78    68.63    28.78     54    0.000    0.000
   0.408000   25    -151.72    17.66    76.98    17.66     70    0.000    0.000
   0.408000   26    -147.75    19.45    75.58    19.45    118    0.000    0.000
   0.408000   27    -143.77    20.92    74.08    20.92    177    0.000    0.000
   0.408000   28    -139.80    23.95    72.68    23.95    167    0.000    0.000
   0.408000   29    -135.83    26.33    71.22    26.33    151    0.000    0.000
   0.408000   30    -131.86    28.40    69.89    28.40    113    0.000    0.000
   0.408000   31    -127.88    30.69    68.27    30.69     56    0.000    0.000
   0.367000   26    -147.75    19.86    75.50    19.86     91    0.000    0.000
   0.367000   27    -143.77    21.72    74.14    21.72    135    0.000    0.000
   0.367000   28    -139.80    23.69    72.58    23.69    150    0.000    0.000
   0.367000   29    -135.83    26.19    71.26    26.19    168    0.000    0.000
   0.367000   30    -131.86    28.83    69.87    28.83    137    0.000    0.000
   0.367000   31    -127.88    30.42    68.53    30.42    103    0.000    0.000
   0.367000   32    -123.91    33.17    67.27    33.17     50    0.000    0.000
   0.324000   26    -147.75    18.75    74.79    18.75     55    0.000    0.000
   0.324000   27    -143.77    21.12    73.78    21.12     92    0.000    0.000
   0.324000   28    -139.80    24.29    72.62    24.29    139    0.000    0.000
   0.324000   29    -135.83    26.19    71.32    26.19    162    0.000    0.000
   0.324000   30    -131.86    27.75    70.08    27.75    171    0.000    0.000
   0.324000   31    -127.88    30.96    68.77    30.96    132    0.000    0.000
   0.324000   32    -123.91    34.04    67.76    34.04     75    0.000    0.000
   0.278000   27    -143.77    20.74    73.19    20.74     56    0.000    0.000
   0.278000   28    -139.80    24.11    72.16    24.11    113    0.000    0.000
   0.278000   29    -135.83    25.09    71.13    25.09    155    0.000    0.000
   0.278000   30    -131.86    28.83    70.18    28.83    167    0.000    0.000
   0.278000   31    -127.88    31.47    69.19    31.47    173    0.000    0.000
   0.278000   32    -123.91    33.98    68.24    33.98    126    0.000    0.000
   0.278000   33    -119.94    37.05    67.33    37.05     64    0.000    0.000
   0.229000   30    -131.86    29.03    69.52    29.03     70    0.000    0.000
   0.229000   31    -127.88    31.81    68.69    31.81    122    0.000    0.000
   0.229000   32    -123.91    35.62    67.82    35.62    138    0.000    0.000
   0.229000   33    -119.94    37.44    67.00    37.44    175    0.000    0.000
   0.229000   34    -115.97    40.26    66.14    40.26    149    0.000    0.000
   0.229000   35    -111.99    43.41    65.45    43.41     91    0.000    0.000
   0.229000   36    -108.02    46.83    64.51    46.83     70    0.000    0.000
   0.177000   32    -123.91    34.98    67.72    34.98     92    0.000    0.000
   0.177000   33    -119.94    38.21    66.91    38.21    123    0.000    0.000
   0.177000   34    -115.97    40.21    66.31    40.21    152    0.000    0.000
   0.177000   35    -111.99    42.77    65.74    42.77    169    0.000    0.000
   0.177000   36    -108.02    46.20    65.05    46.20    116    0.000    0.000
   0.177000   37    -104.05    48.83    64.46    48.83     93    0.000    0.000
   0.177000   38    -100.07    51.41    63.85    51.41     53    0.000    0.000
   0.121000   33    -119.94    37.40    66.52    37.40     56    0.000    0.000
   0.121000   34    -115.97    40.24    66.08    40.24     92    0.000    0.000
   0.121000   35    -111.99    40.90    65.69    40.90    139    0.000    0.000
   0.121000   36    -108.02    46.92    65.18    46.92    157    0.000    0.000
   0.121000   37    -104.05    48.84    64.77    48.84    176    0.000    0.000
   0.121000   38    -100.07    52.12    64.33    52.12    122    0.000    0.000
   0.121000   39     -96.10    53.82    63.93    53.82     77    0.000    0.000
   0.121000   40     -92.13    58.24    63.51    58.24     55    0.000    0.000
   0.062000   35    -111.99    44.55    65.12    44.55     53    0.000    0.000
   0.062000   36    -108.02    47.08    64.88    47.08     85    0.000    0.000
   0.062000   37    -104.05    48.36    64.69    48.36    125    0.000    0.000
   0.062000   38    -100.07    52.86    64.45    52.86    137    0.000    0.000
   0.062000   39     -96.10    56.33    64.23    56.33    179    0.000    0.000
   0.062000   40     -92.13    58.71    64.04    58.71    127    0.000    0.000
   0.062000   41     -88.16    62.49    63.77    62.43     95    0.000    0.000
   0.000000   37    -104.05    48.02    64.15    48.02     66    0.000    0.000
   0.000000   38    -100.07    54.00    64.15    54.00    124    0.000    0.000
   0.000000   39     -96.10    56.50    64.15    56.50    143    0.000    0.000
   0.000000   40     -92.13    60.14    64.15    60.14    168    0.000    0.000
   0.000000   41     -88.16    63.98    64.15    63.69    136    0.000    0.000
   0.000000   42     -84.18    67.88    64.15    64.15    111    0.000    0.000
   0.000000   43     -80.21    72.61    64.15    64.15     67    0.000    0.000


# Part 3: Bin-averaged summary:
# bin  energy gap  <dGg> <dGg norm> pts  <c1**2> <c2**2> <r_xy>
   6   -227.20    -0.24     0.03    574   0.000   0.000   0.000
   7   -223.23    -0.27     0.00   1458   0.000   0.000   0.000
   8   -219.26    -0.21     0.07   2242   0.000   0.000   0.000
   9   -215.28    -0.14     0.13   3278   0.000   0.000   0.000
  10   -211.31     0.00     0.28   3753   0.000   0.000   0.000
  11   -207.34     0.23     0.50   3835   0.000   0.000   0.000
  12   -203.37     0.57     0.85   3449   0.000   0.000   0.000
  13   -199.39     1.06     1.33   2590   0.000   0.000   0.000
  14   -195.42     1.88     2.15   1934   0.000   0.000   0.000
  15   -191.45     2.71     2.98   1699   0.000   0.000   0.000
  16   -187.47     3.70     3.98   1436   0.000   0.000   0.000
  17   -183.50     4.82     5.09   1271   0.000   0.000   0.000
  18   -179.53     6.00     6.27   1021   0.000   0.000   0.000
  19   -175.56     7.38     7.65    793   0.000   0.000   0.000
  20   -171.58     9.00     9.27    595   0.000   0.000   0.000
  21   -167.61    10.50    10.77    635   0.000   0.000   0.000
  22   -163.64    12.28    12.56    557   0.000   0.000   0.000
  23   -159.67    13.83    14.10    643   0.000   0.000   0.000
  24   -155.69    15.93    16.20    736   0.000   0.000   0.000
  25   -151.72    17.84    18.12    728   0.000   0.000   0.000
  26   -147.75    19.53    19.81    860   0.000   0.000   0.000
  27   -143.77    21.41    21.68    877   0.000   0.000   0.000
  28   -139.80    23.98    24.26    795   0.000   0.000   0.000
  29   -135.83    25.93    26.21    784   0.000   0.000   0.000
  30   -131.86    28.52    28.79    712   0.000   0.000   0.000
  31   -127.88    31.16    31.44    586   0.000   0.000   0.000
  32   -123.91    34.57    34.84    481   0.000   0.000   0.000
  33   -119.94    37.60    37.88    418   0.000   0.000   0.000
  34   -115.97    40.23    40.51    393   0.000   0.000   0.000
  35   -111.99    42.53    42.81    452   0.000   0.000   0.000
  36   -108.02    46.74    47.02    428   0.000   0.000   0.000
  37   -104.05    48.59    48.86    460   0.000   0.000   0.000
  38   -100.07    52.80    53.07    436   0.000   0.000   0.000
  39    -96.10    55.91    56.18    399   0.000   0.000   0.000
  40    -92.13    59.32    59.60    350   0.000   0.000   0.000
  41    -88.16    63.17    63.45    231   0.000   0.000   0.000
  42    -84.18    64.15    64.43    111   0.000   0.000   0.000
  43    -80.21    64.15    64.43     67   0.000   0.000   0.000


# Part 4: Termodynamic integration:
# lambda(1)      dGti    sum(dGti) 
   1.000000    0.000    0.000
   0.997000  126.840    0.381
   0.993000  127.098    0.884
   0.989000  124.642    1.385
   0.985000  125.789    1.884
   0.981000  123.493    2.379
   0.977000  123.885    2.873
   0.972000  123.568    3.488
   0.967000  122.088    4.103
   0.961000  124.211    4.851
   0.956000  124.844    5.474
   0.950000  124.659    6.217
   0.943000  122.839    7.079
   0.936000  123.612    7.938
   0.929000  121.692    8.788
   0.921000  121.179    9.746
   0.913000  118.225   10.702
   0.904000  120.901   11.769
   0.895000  116.147   12.813
   0.885000  115.863   13.978
   0.874000  117.222   15.260
   0.863000  115.839   16.523
   0.851000  113.811   17.871
   0.838000  110.749   19.322
   0.825000  112.507   20.769
   0.810000  110.163   22.416
   0.795000  109.470   24.019
   0.779000  104.198   25.691
   0.761000  104.808   27.547
   0.743000  101.407   29.336
   0.724000   97.344   31.172
   0.703000   95.958   33.191
   0.681000   96.339   35.271
   0.657000   92.772   37.435
   0.632000   87.531   39.611
   0.606000   86.595   41.770
   0.578000   79.467   43.834
   0.548000   67.952   45.872
   0.516000   67.921   47.956
   0.482000   62.293   49.991
   0.446000   57.443   51.967
   0.408000   52.306   53.878
   0.367000   48.270   55.796
   0.324000   45.327   57.676
   0.278000   42.114   59.532
   0.229000   38.572   61.137
   0.177000   26.936   62.388
   0.121000   21.166   63.380
   0.062000   14.269   63.980
   0.000000    6.056   64.167


# Part 5: Overlap sampling Lu et al:
# lambda(1)      dG    sum(dG) 
   1.000000    0.000    0.000
   0.997000    0.381    0.381
   0.993000    0.504    0.884
   0.989000    0.501    1.385
   0.985000    0.499    1.884
   0.981000    0.495    2.379
   0.977000    0.495    2.873
   0.972000    0.614    3.488
   0.967000    0.616    4.103
   0.961000    0.747    4.850
   0.956000    0.624    5.474
   0.950000    0.743    6.217
   0.943000    0.862    7.079
   0.936000    0.859    7.938
   0.929000    0.850    8.788
   0.921000    0.958    9.746
   0.913000    0.957   10.702
   0.904000    1.067   11.769
   0.895000    1.044   12.813
   0.885000    1.166   13.978
   0.874000    1.282   15.260
   0.863000    1.263   16.523
   0.851000    1.347   17.870
   0.838000    1.451   19.321
   0.825000    1.448   20.769
   0.810000    1.647   22.416
   0.795000    1.603   24.019
   0.779000    1.672   25.691
   0.761000    1.856   27.547
   0.743000    1.789   29.336
   0.724000    1.836   31.172
   0.703000    2.018   33.191
   0.681000    2.081   35.272
   0.657000    2.164   37.435
   0.632000    2.177   39.612
   0.606000    2.160   41.772
   0.578000    2.060   43.832
   0.548000    2.041   45.873
   0.516000    2.084   47.957
   0.482000    2.031   49.989
   0.446000    1.977   51.966
   0.408000    1.909   53.875
   0.367000    1.921   55.796
   0.324000    1.879   57.675
   0.278000    1.851   59.526
   0.229000    1.611   61.137
   0.177000    1.254   62.391
   0.121000    0.986   63.377
   0.062000    0.603   63.979
   0.000000    0.185   64.165


# lambda(1)      dG    sum(dG) 
# Part 6: BAR Bennet:
   1.000000    0.000    0.000
   0.997000    0.381    0.381
   0.993000    0.503    0.884
   0.989000    0.501    1.385
   0.985000    0.499    1.884
   0.981000    0.495    2.379
   0.977000    0.495    2.873
   0.972000    0.614    3.488
   0.967000    0.616    4.103
   0.961000    0.747    4.851
   0.956000    0.624    5.474
   0.950000    0.742    6.217
   0.943000    0.863    7.079
   0.936000    0.859    7.938
   0.929000    0.850    8.788
   0.921000    0.958    9.746
   0.913000    0.957   10.702
   0.904000    1.067   11.769
   0.895000    1.044   12.813
   0.885000    1.165   13.978
   0.874000    1.282   15.260
   0.863000    1.263   16.523
   0.851000    1.347   17.871
   0.838000    1.451   19.322
   0.825000    1.447   20.769
   0.810000    1.647   22.417
   0.795000    1.603   24.019
   0.779000    1.672   25.691
   0.761000    1.856   27.547
   0.743000    1.789   29.336
   0.724000    1.836   31.172
   0.703000    2.019   33.191
   0.681000    2.080   35.272
   0.657000    2.164   37.435
   0.632000    2.177   39.612
   0.606000    2.159   41.772
   0.578000    2.063   43.835
   0.548000    2.038   45.873
   0.516000    2.083   47.956
   0.482000    2.034   49.990
   0.446000    1.975   51.965
   0.408000    1.911   53.876
   0.367000    1.919   55.794
   0.324000    1.880   57.674
   0.278000    1.856   59.531
   0.229000    1.608   61.139
   0.177000    1.252   62.391
   0.121000    0.992   63.383
   0.062000    0.601   63.984
   0.000000    0.190   64.174
