--------------------------------------------------------------------------------
Welcome to qfep version: 6.0.1
 
This version was compiled using: GCC version 11.5.0 20240719 (Red Hat 11.5.0-2)
 
And using the following compiler options: 
-cpp -D G95=1 -mtune=generic -march=x86-64-v2 -O3 -Wall -Wtabs -std=legacy -funroll-loops -ffree-line-length-none -fcray-pointer -fall-intrinsics -fstack-protector -fpre-include=/usr/include/finclude/math-vector-fortran.h

 
For command line options type qfep --help  or qcalc -h at the terminal.
 
If you are using the interactive mode and want to quit type "quit" or Ctrl-C.
--------------------------------------------------------------------------------
--> Number of energy files: # Number of files                                  =    50
--> No. of states, no. of predefined off-diag elements: # Number of states     =     2
# Number of off-diagonal elements                                              =     0
--> Give kT & num. of pts to skip & calculation mode: # kT                     = 0.592
# Number of data points to skip                                                =    50
# Only QQ interactions will be considered                                      =     0
--> Give number of gap-bins: # Number of gap-bins                              =    50
--> Give minimum # pts/bin: # Minimum number of points per bin                 =    50
--> Give alpha for state  2                                                     # Alpha for state  2              =  0.00
--> Number of off-diagonal elements: # Number of off-diagonal elements         =     0
--> linear combination of states defining reaction coord: # Linear combination coefficients=    1.00    0.00


# Part 0: Average energies for all states in all files
# file             state   pts   lambda    EQtot   EQbond  EQang   EQtor   EQimp    EQel   EQvdW  Eel_qq  EvdW_qq Eel_qp  EvdW_qp Eel_qw EvdW_qw Eqrstr
--> Name of file number   1:                                                     
md_2_1000_0000.en      1    949 1.000000  -92.80    0.00    0.00    0.00    0.00  -67.51  -25.29    6.09    0.79  -72.93  -13.19   -0.67  -12.89    0.00
md_2_1000_0000.en      2    949 0.000000  -75.95    0.00    0.00    0.00    0.00  -68.56   -7.39    5.04    1.08  -72.62   -4.57   -0.98   -3.90    0.00
--> Name of file number   2:                                                     
md_2_0938_0062.en      1    949 0.938000  -91.94    0.00    0.00    0.00    0.00  -66.46  -25.48    5.87    0.92  -72.42  -14.64    0.09  -11.75    0.00
md_2_0938_0062.en      2    949 0.062000  -75.74    0.00    0.00    0.00    0.00  -67.44   -8.30    4.66    1.02  -71.68   -5.92   -0.42   -3.40    0.00
--> Name of file number   3:                                                     
md_2_0879_0121.en      1    949 0.879000  -91.11    0.00    0.00    0.00    0.00  -66.36  -24.75    5.86    1.05  -73.87  -14.02    1.65  -11.79    0.00
md_2_0879_0121.en      2    949 0.121000  -75.63    0.00    0.00    0.00    0.00  -67.22   -8.42    4.35    1.00  -72.52   -6.33    0.95   -3.08    0.00
--> Name of file number   4:                                                     
md_2_0823_0177.en      1    949 0.823000  -91.06    0.00    0.00    0.00    0.00  -65.36  -25.69    5.78    1.07  -71.91  -14.75    0.77  -12.01    0.00
md_2_0823_0177.en      2    949 0.177000  -75.39    0.00    0.00    0.00    0.00  -66.13   -9.27    4.24    0.97  -70.37   -7.18    0.00   -3.06    0.00
--> Name of file number   5:                                                     
md_2_0771_0229.en      1    949 0.771000  -91.34    0.00    0.00    0.00    0.00  -65.86  -25.49    6.12    1.36  -73.56  -14.80    1.58  -12.04    0.00
md_2_0771_0229.en      2    949 0.229000  -75.70    0.00    0.00    0.00    0.00  -66.72   -8.98    4.55    1.06  -71.92   -6.84    0.65   -3.20    0.00
--> Name of file number   6:                                                     
md_2_0722_0278.en      1    949 0.722000  -91.29    0.00    0.00    0.00    0.00  -65.87  -25.41    6.02    1.24  -72.24  -14.63    0.35  -12.03    0.00
md_2_0722_0278.en      2    949 0.278000  -76.23    0.00    0.00    0.00    0.00  -66.67   -9.56    4.45    1.01  -70.76   -7.16   -0.36   -3.42    0.00
--> Name of file number   7:                                                     
md_2_0676_0324.en      1    949 0.676000  -91.55    0.00    0.00    0.00    0.00  -67.26  -24.30    6.17    1.34  -72.94  -13.67   -0.49  -11.96    0.00
md_2_0676_0324.en      2    949 0.324000  -76.98    0.00    0.00    0.00    0.00  -68.14   -8.84    4.59    1.04  -71.55   -6.35   -1.17   -3.53    0.00
--> Name of file number   8:                                                     
md_2_0633_0367.en      1    949 0.633000  -89.42    0.00    0.00    0.00    0.00  -65.16  -24.26    5.77    1.12  -71.27  -13.97    0.35  -11.41    0.00
md_2_0633_0367.en      2    949 0.367000  -75.58    0.00    0.00    0.00    0.00  -66.02   -9.57    4.23    0.98  -70.16   -6.96   -0.09   -3.59    0.00
--> Name of file number   9:                                                     
md_2_0592_0408.en      1    949 0.592000  -88.67    0.00    0.00    0.00    0.00  -65.36  -23.31    6.15    1.44  -72.45  -14.26    0.95  -10.49    0.00
md_2_0592_0408.en      2    949 0.408000  -75.25    0.00    0.00    0.00    0.00  -66.18   -9.08    4.56    1.00  -70.88   -7.10    0.14   -2.98    0.00
--> Name of file number  10:                                                     
md_2_0554_0446.en      1    949 0.554000  -89.08    0.00    0.00    0.00    0.00  -65.78  -23.30    5.87    1.26  -73.49  -13.79    1.85  -10.77    0.00
md_2_0554_0446.en      2    949 0.446000  -75.38    0.00    0.00    0.00    0.00  -66.70   -8.68    4.38    1.00  -72.25   -6.09    1.17   -3.59    0.00
--> Name of file number  11:                                                     
md_2_0518_0482.en      1    949 0.518000  -87.66    0.00    0.00    0.00    0.00  -65.16  -22.50    5.94    1.37  -73.84  -13.24    2.73  -10.63    0.00
md_2_0518_0482.en      2    949 0.482000  -74.56    0.00    0.00    0.00    0.00  -66.04   -8.52    4.40    0.95  -72.62   -5.81    2.18   -3.67    0.00
--> Name of file number  12:                                                     
md_2_0484_0516.en      1    949 0.484000  -87.63    0.00    0.00    0.00    0.00  -65.99  -21.63    6.36    1.66  -74.92  -12.47    2.57  -10.83    0.00
md_2_0484_0516.en      2    949 0.516000  -74.80    0.00    0.00    0.00    0.00  -66.84   -7.96    4.74    1.05  -73.55   -5.44    1.98   -3.57    0.00
--> Name of file number  13:                                                     
md_2_0452_0548.en      1    949 0.452000  -86.44    0.00    0.00    0.00    0.00  -65.13  -21.31    6.26    1.91  -74.06  -12.90    2.67  -10.32    0.00
md_2_0452_0548.en      2    949 0.548000  -74.18    0.00    0.00    0.00    0.00  -65.98   -8.20    4.66    1.07  -72.62   -5.97    1.98   -3.30    0.00
--> Name of file number  14:                                                     
md_2_0422_0578.en      1    949 0.422000  -86.72    0.00    0.00    0.00    0.00  -66.49  -20.23    6.26    1.54  -75.57  -11.64    2.82  -10.13    0.00
md_2_0422_0578.en      2    949 0.578000  -75.19    0.00    0.00    0.00    0.00  -67.39   -7.80    4.67    0.96  -74.39   -5.33    2.33   -3.43    0.00
--> Name of file number  15:                                                     
md_2_0394_0606.en      1    949 0.394000  -87.76    0.00    0.00    0.00    0.00  -66.17  -21.60    6.00    1.38  -74.56  -13.07    2.40   -9.92    0.00
md_2_0394_0606.en      2    949 0.606000  -76.02    0.00    0.00    0.00    0.00  -67.13   -8.88    4.46    0.93  -73.51   -6.42    1.92   -3.40    0.00
--> Name of file number  16:                                                     
md_2_0368_0632.en      1    949 0.368000  -88.36    0.00    0.00    0.00    0.00  -66.61  -21.75    5.72    1.43  -75.57  -13.49    3.24   -9.69    0.00
md_2_0368_0632.en      2    949 0.632000  -76.23    0.00    0.00    0.00    0.00  -67.53   -8.70    4.24    0.95  -74.74   -6.21    2.97   -3.44    0.00
--> Name of file number  17:                                                     
md_2_0343_0657.en      1    949 0.343000  -87.06    0.00    0.00    0.00    0.00  -67.25  -19.81    6.11    1.79  -76.01  -13.05    2.66   -8.56    0.00
md_2_0343_0657.en      2    949 0.657000  -76.58    0.00    0.00    0.00    0.00  -68.10   -8.48    4.55    1.02  -74.72   -6.29    2.07   -3.22    0.00
--> Name of file number  18:                                                     
md_2_0319_0681.en      1    949 0.319000  -86.75    0.00    0.00    0.00    0.00  -65.94  -20.80    5.86    1.71  -74.21  -13.50    2.41   -9.02    0.00
md_2_0319_0681.en      2    949 0.681000  -75.60    0.00    0.00    0.00    0.00  -66.85   -8.75    4.37    0.92  -73.08   -6.37    1.86   -3.30    0.00
--> Name of file number  19:                                                     
md_2_0297_0703.en      1    949 0.297000  -85.61    0.00    0.00    0.00    0.00  -66.21  -19.40    5.88    1.59  -73.42  -12.35    1.33   -8.64    0.00
md_2_0297_0703.en      2    949 0.703000  -75.33    0.00    0.00    0.00    0.00  -67.10   -8.22    4.38    0.90  -72.40   -5.89    0.92   -3.23    0.00
--> Name of file number  20:                                                     
md_2_0276_0724.en      1    949 0.276000  -86.43    0.00    0.00    0.00    0.00  -65.72  -20.71    5.64    1.43  -72.47  -13.14    1.11   -9.00    0.00
md_2_0276_0724.en      2    949 0.724000  -75.94    0.00    0.00    0.00    0.00  -66.69   -9.25    4.22    0.88  -71.59   -6.57    0.69   -3.56    0.00
--> Name of file number  21:                                                     
md_2_0257_0743.en      1    949 0.257000  -84.18    0.00    0.00    0.00    0.00  -65.31  -18.87    5.46    1.46  -71.67  -12.93    0.89   -7.39    0.00
md_2_0257_0743.en      2    949 0.743000  -75.64    0.00    0.00    0.00    0.00  -66.28   -9.36    4.07    0.90  -70.89   -6.86    0.54   -3.40    0.00
--> Name of file number  22:                                                     
md_2_0239_0761.en      1    949 0.239000  -82.86    0.00    0.00    0.00    0.00  -65.06  -17.79    5.66    1.37  -71.98  -11.86    1.25   -7.30    0.00
md_2_0239_0761.en      2    949 0.761000  -75.69    0.00    0.00    0.00    0.00  -66.02   -9.67    4.17    0.86  -71.08   -7.26    0.90   -3.27    0.00
--> Name of file number  23:                                                     
md_2_0221_0779.en      1    949 0.221000  -82.20    0.00    0.00    0.00    0.00  -66.50  -15.70    5.98    1.81  -74.12  -10.77    1.63   -6.74    0.00
md_2_0221_0779.en      2    949 0.779000  -76.15    0.00    0.00    0.00    0.00  -67.49   -8.66    4.49    0.88  -73.13   -6.18    1.16   -3.37    0.00
--> Name of file number  24:                                                     
md_2_0205_0795.en      1    949 0.205000  -82.42    0.00    0.00    0.00    0.00  -66.74  -15.68    6.04    1.99  -73.44  -11.30    0.66   -6.36    0.00
md_2_0205_0795.en      2    949 0.795000  -76.52    0.00    0.00    0.00    0.00  -67.72   -8.80    4.64    0.90  -72.52   -6.30    0.17   -3.39    0.00
--> Name of file number  25:                                                     
md_2_0190_0810.en      1    949 0.190000  -81.45    0.00    0.00    0.00    0.00  -66.56  -14.89    6.22    2.07  -75.16  -11.20    2.38   -5.76    0.00
md_2_0190_0810.en      2    949 0.810000  -75.66    0.00    0.00    0.00    0.00  -67.41   -8.25    4.62    0.99  -73.99   -5.94    1.96   -3.30    0.00
--> Name of file number  26:                                                     
md_2_0175_0825.en      1    949 0.175000  -80.36    0.00    0.00    0.00    0.00  -65.91  -14.45    6.00    1.73  -73.95  -11.04    2.05   -5.14    0.00
md_2_0175_0825.en      2    949 0.825000  -75.32    0.00    0.00    0.00    0.00  -66.81   -8.51    4.44    0.94  -72.93   -6.20    1.68   -3.26    0.00
--> Name of file number  27:                                                     
md_2_0162_0838.en      1    949 0.162000  -77.47    0.00    0.00    0.00    0.00  -66.06  -11.41    5.93    1.88  -74.10  -10.52    2.11   -2.77    0.00
md_2_0162_0838.en      2    949 0.838000  -75.65    0.00    0.00    0.00    0.00  -67.00   -8.65    4.40    0.86  -73.05   -6.40    1.64   -3.11    0.00
--> Name of file number  28:                                                     
md_2_0149_0851.en      1    949 0.149000  -75.09    0.00    0.00    0.00    0.00  -66.19   -8.90    6.12    2.46  -73.35  -10.51    1.04   -0.84    0.00
md_2_0149_0851.en      2    949 0.851000  -75.37    0.00    0.00    0.00    0.00  -67.07   -8.30    4.55    0.95  -72.33   -6.06    0.71   -3.19    0.00
--> Name of file number  29:                                                     
md_2_0137_0863.en      1    949 0.137000  -74.38    0.00    0.00    0.00    0.00  -65.97   -8.41    5.79    1.86  -73.36   -9.82    1.60   -0.45    0.00
md_2_0137_0863.en      2    949 0.863000  -75.83    0.00    0.00    0.00    0.00  -66.97   -8.86    4.32    0.88  -72.38   -6.42    1.10   -3.32    0.00
--> Name of file number  30:                                                     
md_2_0126_0874.en      1    949 0.126000  -76.24    0.00    0.00    0.00    0.00  -66.65   -9.59    5.74    1.99  -73.15   -9.58    0.76   -2.00    0.00
md_2_0126_0874.en      2    949 0.874000  -76.24    0.00    0.00    0.00    0.00  -67.60   -8.64    4.26    0.87  -72.09   -6.26    0.23   -3.25    0.00
--> Name of file number  31:                                                     
md_2_0115_0885.en      1    949 0.115000  -73.82    0.00    0.00    0.00    0.00  -65.23   -8.59    5.67    1.77  -72.87   -9.09    1.97   -1.27    0.00
md_2_0115_0885.en      2    949 0.885000  -75.20    0.00    0.00    0.00    0.00  -66.14   -9.05    4.16    0.89  -71.97   -6.75    1.66   -3.20    0.00
--> Name of file number  32:                                                     
md_2_0105_0895.en      1    949 0.105000  -70.02    0.00    0.00    0.00    0.00  -64.89   -5.13    4.61    2.73  -67.78  -10.49   -1.72    2.64    0.00
md_2_0105_0895.en      2    949 0.895000  -75.16    0.00    0.00    0.00    0.00  -65.83   -9.33    3.36    1.15  -67.12   -7.47   -2.07   -3.02    0.00
--> Name of file number  33:                                                     
md_2_0096_0904.en      1    949 0.096000  -63.51    0.00    0.00    0.00    0.00  -64.12    0.60    5.01    2.93  -66.02   -6.31   -3.11    3.98    0.00
md_2_0096_0904.en      2    949 0.904000  -73.38    0.00    0.00    0.00    0.00  -65.01   -8.36    3.69    1.16  -65.31   -6.69   -3.40   -2.83    0.00
--> Name of file number  34:                                                     
md_2_0087_0913.en      1    949 0.087000  -51.59    0.00    0.00    0.00    0.00  -67.49   15.90    6.43    4.01  -70.30   -4.03   -3.62   15.92    0.00
md_2_0087_0913.en      2    949 0.913000  -75.76    0.00    0.00    0.00    0.00  -68.41   -7.35    4.77    1.10  -69.29   -4.88   -3.89   -3.57    0.00
--> Name of file number  35:                                                     
md_2_0079_0921.en      1    949 0.079000  -56.32    0.00    0.00    0.00    0.00  -65.53    9.21    6.06    2.07  -69.32   -3.73   -2.27   10.87    0.00
md_2_0079_0921.en      2    949 0.921000  -74.75    0.00    0.00    0.00    0.00  -66.42   -8.33    4.51    1.00  -68.40   -5.78   -2.53   -3.55    0.00
--> Name of file number  36:                                                     
md_2_0071_0929.en      1    949 0.071000  -60.16    0.00    0.00    0.00    0.00  -65.59    5.43    5.67    3.04  -68.26   -9.24   -3.00   11.63    0.00
md_2_0071_0929.en      2    949 0.929000  -74.63    0.00    0.00    0.00    0.00  -66.46   -8.17    4.17    1.11  -67.10   -5.60   -3.53   -3.67    0.00
--> Name of file number  37:                                                     
md_2_0064_0936.en      1    949 0.064000  -46.23    0.00    0.00    0.00    0.00  -65.95   19.71    5.83    2.82  -68.51   -4.83   -3.27   21.72    0.00
md_2_0064_0936.en      2    949 0.936000  -75.34    0.00    0.00    0.00    0.00  -66.89   -8.45    4.32    0.95  -67.35   -5.81   -3.86   -3.59    0.00
--> Name of file number  38:                                                     
md_2_0057_0943.en      1    949 0.057000  -45.18    0.00    0.00    0.00    0.00  -66.92   21.74    5.93    2.56  -70.34   -0.02   -2.51   19.20    0.00
md_2_0057_0943.en      2    949 0.943000  -75.65    0.00    0.00    0.00    0.00  -67.83   -7.82    4.40    0.92  -69.18   -5.16   -3.04   -3.57    0.00
--> Name of file number  39:                                                     
md_2_0050_0950.en      1    949 0.050000  -31.25    0.00    0.00    0.00    0.00  -67.58   36.33    6.09    2.78  -69.28    0.39   -4.39   33.16    0.00
md_2_0050_0950.en      2    949 0.950000  -76.21    0.00    0.00    0.00    0.00  -68.42   -7.79    4.49    1.04  -68.08   -5.30   -4.84   -3.53    0.00
--> Name of file number  40:                                                     
md_2_0044_0956.en      1    949 0.044000  -17.62    0.00    0.00    0.00    0.00  -67.65   50.03    6.02    2.83  -68.88    4.18   -4.78   43.02    0.00
md_2_0044_0956.en      2    949 0.956000  -76.50    0.00    0.00    0.00    0.00  -68.54   -7.95    4.45    0.98  -67.64   -5.36   -5.36   -3.57    0.00
--> Name of file number  41:                                                     
md_2_0039_0961.en      1    949 0.039000   -8.41    0.00    0.00    0.00    0.00  -68.15   59.74    6.25    3.02  -69.52    5.81   -4.88   50.90    0.00
md_2_0039_0961.en      2    949 0.961000  -76.66    0.00    0.00    0.00    0.00  -69.07   -7.59    4.66    0.98  -68.21   -5.15   -5.52   -3.42    0.00
--> Name of file number  42:                                                     
md_2_0033_0967.en      1    949 0.033000  -21.83    0.00    0.00    0.00    0.00  -66.23   44.39    6.45    3.11  -69.46    9.24   -3.22   32.05    0.00
md_2_0033_0967.en      2    949 0.967000  -75.02    0.00    0.00    0.00    0.00  -67.13   -7.89    4.82    1.00  -68.30   -5.44   -3.66   -3.45    0.00
--> Name of file number  43:                                                     
md_2_0028_0972.en      1    949 0.028000    3.77    0.00    0.00    0.00    0.00  -65.58   69.35    6.53    3.42  -69.27   17.80   -2.84   48.13    0.00
md_2_0028_0972.en      2    949 0.972000  -74.58    0.00    0.00    0.00    0.00  -66.53   -8.05    4.88    1.07  -68.07   -5.01   -3.33   -4.10    0.00
--> Name of file number  44:                                                     
md_2_0023_0977.en      1    949 0.023000   43.01    0.00    0.00    0.00    0.00  -65.87  108.87    6.67    3.03  -69.38   21.21   -3.16   84.64    0.00
md_2_0023_0977.en      2    949 0.977000  -75.05    0.00    0.00    0.00    0.00  -66.79   -8.26    4.98    1.09  -68.23   -5.95   -3.54   -3.40    0.00
--> Name of file number  45:                                                     
md_2_0019_0981.en      1    949 0.019000   31.37    0.00    0.00    0.00    0.00  -65.35   96.72    6.41    3.72  -68.16   22.67   -3.60   70.33    0.00
md_2_0019_0981.en      2    949 0.981000  -75.01    0.00    0.00    0.00    0.00  -66.29   -8.72    4.77    1.02  -66.98   -6.45   -4.08   -3.30    0.00
--> Name of file number  46:                                                     
md_2_0015_0985.en      1    949 0.015000   74.90    0.00    0.00    0.00    0.00  -64.92  139.82    6.31    4.40  -68.76   44.45   -2.46   90.97    0.00
md_2_0015_0985.en      2    949 0.985000  -75.25    0.00    0.00    0.00    0.00  -65.88   -9.37    4.69    0.97  -67.52   -6.75   -3.05   -3.60    0.00
--> Name of file number  47:                                                     
md_2_0011_0989.en      1    949 0.011000   68.19    0.00    0.00    0.00    0.00  -67.38  135.57    6.29    4.62  -67.18   25.29   -6.49  105.67    0.00
md_2_0011_0989.en      2    949 0.989000  -77.26    0.00    0.00    0.00    0.00  -68.21   -9.05    4.68    0.89  -65.90   -6.99   -6.99   -2.96    0.00
--> Name of file number  48:                                                     
md_2_0007_0993.en      1    949 0.007000  112.22    0.00    0.00    0.00    0.00  -66.57  178.78    5.84    5.55  -67.11   89.85   -5.29   83.39    0.00
md_2_0007_0993.en      2    949 0.993000  -76.39    0.00    0.00    0.00    0.00  -67.40   -8.99    4.30    0.89  -65.99   -6.84   -5.71   -3.04    0.00
--> Name of file number  49:                                                     
md_2_0003_0997.en      1    949 0.003000  265.92    0.00    0.00    0.00    0.00  -65.64  331.56    3.36   14.28  -59.35  291.73   -9.65   25.54    0.00
md_2_0003_0997.en      2    949 0.997000  -75.02    0.00    0.00    0.00    0.00  -66.49   -8.52    2.32    1.58  -58.59   -7.68  -10.23   -2.43    0.00
--> Name of file number  50:                                                     
md_2_0000_1000.en      1    949 0.000000  381.54    0.00    0.00    0.00    0.00  -64.99  446.53    2.97   27.87  -57.46  411.15  -10.50    7.51    0.00
md_2_0000_1000.en      2    949 1.000000  -74.47    0.00    0.00    0.00    0.00  -65.85   -8.63    2.07    1.73  -56.91   -7.67  -11.00   -2.69    0.00


# Part 1: Free energy perturbation summary:
# lambda(1)      dGf sum(dGf)      dGr sum(dGr)     <dG>
   1.000000    0.000    0.000   -1.012   -3.141    0.000
   0.938000    1.038    1.038   -0.919   -2.129    1.025
   0.879000    0.948    1.986   -0.883   -1.210    1.959
   0.823000    0.861    2.847   -0.820   -0.326    2.831
   0.771000    0.809    3.656   -0.745    0.494    3.645
   0.722000    0.761    4.416   -0.676    1.238    4.398
   0.676000    0.686    5.102   -0.602    1.914    5.079
   0.633000    0.621    5.723   -0.557    2.516    5.690
   0.592000    0.561    6.284   -0.527    3.073    6.249
   0.554000    0.503    6.787   -0.478    3.599    6.764
   0.518000    0.486    7.273   -0.441    4.077    7.246
   0.484000    0.439    7.712   -0.398    4.518    7.686
   0.452000    0.406    8.119   -0.352    4.915    8.088
   0.422000    0.363    8.481   -0.335    5.268    8.445
   0.394000    0.317    8.798   -0.320    5.602    8.771
   0.368000    0.300    9.098   -0.268    5.922    9.081
   0.343000    0.299    9.397   -0.273    6.190    9.364
   0.319000    0.245    9.642   -0.231    6.463    9.623
   0.297000    0.241    9.883   -0.227    6.694    9.859
   0.276000    0.211   10.094   -0.169    6.921   10.078
   0.257000    0.193   10.288   -0.136    7.090   10.259
   0.239000    0.147   10.434   -0.115    7.226   10.401
   0.221000    0.122   10.556   -0.101    7.342   10.519
   0.205000    0.092   10.647   -0.095    7.443   10.616
   0.190000    0.082   10.729   -0.084    7.538   10.704
   0.175000    0.078   10.807   -0.033    7.622   10.785
   0.162000    0.058   10.865   -0.005    7.655   10.831
   0.149000    0.013   10.878    0.008    7.661   10.840
   0.137000   -0.012   10.866   -0.008    7.652   10.830
   0.126000   -0.024   10.842    0.007    7.660   10.822
   0.115000   -0.009   10.833    0.041    7.653   10.814
   0.105000   -0.021   10.812    0.080    7.612   10.783
   0.096000   -0.056   10.756    0.192    7.533   10.715
   0.087000   -0.099   10.658    0.130    7.341   10.570
   0.079000   -0.217   10.441    0.105    7.211   10.397
   0.071000   -0.169   10.272    0.189    7.107   10.260
   0.064000   -0.111   10.162    0.191    6.917   10.110
   0.057000   -0.219    9.943    0.282    6.727    9.905
   0.050000   -0.241    9.701    0.323    6.445    9.644
   0.044000   -0.297    9.404    0.314    6.122    9.333
   0.039000   -0.317    9.087    0.293    5.808    9.018
   0.033000   -0.450    8.637    0.364    5.515    8.646
   0.028000   -0.287    8.350    0.567    5.150    8.321
   0.023000   -0.422    7.928    0.407    4.583    7.826
   0.019000   -0.488    7.441    0.573    4.176    7.379
   0.015000   -0.446    6.995    0.559    3.603    6.870
   0.011000   -0.630    6.365    0.697    3.044    6.275
   0.007000   -0.605    5.759    1.244    2.347    5.624
   0.003000   -0.831    4.929    1.103    1.103    4.587
   0.000000   -1.099    3.829    0.000    0.000    3.485

# Min energy-gap is:   -101.37
# Max energy-gap is:   4722.86


# Part 2: Reaction free energy summary:
# Lambda(1)  bin Energy gap      dGa     dGb     dGg    # pts    c1**2    c2**2
   1.000000    1     -53.12     0.00    14.88    -0.00    949    0.000    0.000
   0.938000    1     -53.12     0.01    14.23     0.01    949    0.000    0.000
   0.879000    1     -53.12     0.06    14.18     0.06    949    0.000    0.000
   0.823000    1     -53.12    -0.00    14.14    -0.00    949    0.000    0.000
   0.771000    1     -53.12    -0.05    13.66    -0.05    949    0.000    0.000
   0.722000    1     -53.12     0.01    12.67     0.01    949    0.000    0.000
   0.676000    1     -53.12     0.12    12.21     0.12    949    0.000    0.000
   0.633000    1     -53.12     0.23    11.76     0.23    949    0.000    0.000
   0.592000    1     -53.12     0.28     9.39     0.28    949    0.000    0.000
   0.554000    1     -53.12     0.07     8.23     0.07    949    0.000    0.000
   0.518000    1     -53.12     0.17    11.46     0.17    949    0.000    0.000
   0.484000    1     -53.12     0.32    12.74     0.32    949    0.000    0.000
   0.452000    1     -53.12     0.37    11.77     0.37    949    0.000    0.000
   0.422000    1     -53.12     0.49    11.31     0.49    949    0.000    0.000
   0.394000    1     -53.12     0.01    11.58     0.01    949    0.000    0.000
   0.368000    1     -53.12    -0.30    12.04    -0.30    949    0.000    0.000
   0.343000    1     -53.12     0.41    11.12     0.41    949    0.000    0.000
   0.319000    1     -53.12    -0.38    10.99    -0.38    949    0.000    0.000
   0.297000    1     -53.12     0.04    11.35     0.04    949    0.000    0.000
   0.276000    1     -53.12    -0.46    10.84    -0.46    949    0.000    0.000
   0.257000    1     -53.12    -0.01     7.78    -0.01    949    0.000    0.000
   0.239000    1     -53.12     0.27    10.58     0.27    949    0.000    0.000
   0.221000    1     -53.12     0.79    10.19     0.79    949    0.000    0.000
   0.205000    1     -53.12     0.63    10.08     0.63    949    0.000    0.000
   0.190000    1     -53.12    -0.75     9.78    -0.75    949    0.000    0.000
   0.175000    1     -53.12    -0.34     8.39    -0.34    949    0.000    0.000
   0.162000    1     -53.12    -0.45     9.38    -0.45    949    0.000    0.000
   0.149000    1     -53.12     1.09     9.15     1.09    949    0.000    0.000
   0.137000    1     -53.12     1.23     9.10     1.23    949    0.000    0.000
   0.126000    1     -53.12    -0.61     8.58    -0.61    949    0.000    0.000
   0.115000    1     -53.12    -0.39     9.61    -0.39    949    0.000    0.000
   0.105000    1     -53.12     1.10     8.17     1.10    949    0.000    0.000
   0.096000    1     -53.12     3.40     8.10     3.40    949    0.000    0.000
   0.087000    1     -53.12     3.36     6.38     3.35    931    0.000    0.000
   0.079000    1     -53.12     3.06     7.26     3.06    933    0.000    0.000
   0.071000    1     -53.12     1.39     8.06     1.39    947    0.000    0.000
   0.064000    1     -53.12     1.36     7.36     1.36    927    0.000    0.000
   0.057000    1     -53.12     2.77     7.54     2.77    878    0.000    0.000
   0.057000    2      43.36    71.92     4.33     4.33     71    0.000    0.000
   0.050000    1     -53.12     7.51     7.32     7.00    788    0.000    0.000
   0.050000    2      43.36    75.90     4.27     4.27    161    0.000    0.000
   0.044000    1     -53.12     8.80     7.11     7.07    620    0.000    0.000
   0.044000    2      43.36    78.56     4.36     4.36    329    0.000    0.000
   0.039000    1     -53.12     6.81     7.04     6.51    493    0.000    0.000
   0.039000    2      43.36    78.29     4.47     4.47    455    0.000    0.000
   0.033000    1     -53.12     6.64     7.06     6.40    710    0.000    0.000
   0.033000    2      43.36    75.42     5.24     5.24    231    0.000    0.000
   0.028000    1     -53.12    16.23     6.91     6.91    425    0.000    0.000
   0.028000    2      43.36    77.25     4.99     4.99    515    0.000    0.000
   0.023000    1     -53.12    55.16     6.38     6.38     76    0.000    0.000
   0.023000    2      43.36    78.46     4.88     4.88    800    0.000    0.000
   0.023000    3     139.85   171.75     3.49     3.49     73    0.000    0.000
   0.019000    1     -53.12    30.36     6.32     6.32    172    0.000    0.000
   0.019000    2      43.36    76.08     5.04     5.04    728    0.000    0.000
   0.015000    2      43.36    76.52     4.85     4.85    612    0.000    0.000
   0.015000    3     139.85   174.00     3.72     3.72    300    0.000    0.000
   0.011000    2      43.36    81.21     4.80     4.80    670    0.000    0.000
   0.011000    3     139.85   174.46     4.04     4.04    253    0.000    0.000
   0.007000    2      43.36    82.08     4.66     4.66    454    0.000    0.000
   0.007000    3     139.85   172.93     4.12     4.12    349    0.000    0.000
   0.007000    4     236.33   266.14     3.45     3.45    113    0.000    0.000
   0.003000    3     139.85   172.69     3.94     3.94    217    0.000    0.000
   0.003000    4     236.33   268.42     3.64     3.64    286    0.000    0.000
   0.003000    5     332.81   363.60     3.38     3.38    336    0.000    0.000
   0.003000    6     429.30   459.61     3.13     3.13     87    0.000    0.000
   0.000000    3     139.85   186.69     3.49     3.49     76    0.000    0.000
   0.000000    4     236.33   266.57     3.49     3.49    292    0.000    0.000
   0.000000    5     332.81   363.53     3.49     3.49    382    0.000    0.000
   0.000000    6     429.30   461.81     3.49     3.49    109    0.000    0.000


# Part 3: Bin-averaged summary:
# bin  energy gap  <dGg> <dGg norm> pts  <c1**2> <c2**2> <r_xy>
   1    -53.12     1.02     1.02  39217   0.000   0.000   0.000
   2     43.36     4.80     4.80   5026   0.000   0.000   0.000
   3    139.85     3.90     3.90   1268   0.000   0.000   0.000
   4    236.33     3.54     3.54    691   0.000   0.000   0.000
   5    332.81     3.43     3.43    718   0.000   0.000   0.000
   6    429.30     3.33     3.33    196   0.000   0.000   0.000


# Part 4: Termodynamic integration:
# lambda(1)      dGti    sum(dGti) 
   1.000000    0.000    0.000
   0.938000   16.847    1.024
   0.879000   16.196    1.959
   0.823000   15.475    2.831
   0.771000   15.665    3.645
   0.722000   15.645    4.397
   0.676000   15.053    5.078
   0.633000   14.571    5.689
   0.592000   13.834    6.247
   0.554000   13.412    6.762
   0.518000   13.696    7.245
   0.484000   13.101    7.685
   0.452000   12.827    8.087
   0.422000   12.263    8.444
   0.394000   11.533    8.770
   0.368000   11.748    9.080
   0.343000   12.127    9.363
   0.319000   10.478    9.622
   0.297000   11.149    9.858
   0.276000   10.286   10.076
   0.257000   10.491   10.257
   0.239000    8.538   10.398
   0.221000    7.170   10.517
   0.205000    6.055   10.613
   0.190000    5.899   10.701
   0.175000    5.791   10.782
   0.162000    5.034   10.826
   0.149000    1.815   10.836
   0.137000   -0.282   10.826
   0.126000   -1.447   10.818
   0.115000    0.005   10.810
   0.105000   -1.376   10.778
   0.096000   -5.149   10.710
   0.087000   -9.862   10.557
   0.079000  -24.165   10.387
   0.071000  -18.421   10.255
   0.064000  -14.469   10.103
   0.057000  -29.107    9.894
   0.050000  -30.462    9.630
   0.044000  -44.952    9.319
   0.039000  -58.878    9.001
   0.033000  -68.249    8.637
   0.028000  -53.186    8.308
   0.023000  -78.346    7.817
   0.019000 -118.060    7.368
   0.015000 -106.383    6.855
   0.011000 -150.155    6.264
   0.007000 -145.450    5.596
   0.003000 -188.611    4.536
   0.000000 -340.933    3.341


# Part 5: Overlap sampling Lu et al:
# lambda(1)      dG    sum(dG) 
   1.000000    0.000    0.000
   0.938000    1.025    1.025
   0.879000    0.934    1.959
   0.823000    0.872    2.831
   0.771000    0.814    3.645
   0.722000    0.752    4.397
   0.676000    0.681    5.079
   0.633000    0.611    5.690
   0.592000    0.559    6.248
   0.554000    0.515    6.763
   0.518000    0.482    7.246
   0.484000    0.440    7.686
   0.452000    0.402    8.088
   0.422000    0.357    8.445
   0.394000    0.326    8.771
   0.368000    0.310    9.081
   0.343000    0.283    9.364
   0.319000    0.259    9.624
   0.297000    0.236    9.860
   0.276000    0.219   10.078
   0.257000    0.181   10.259
   0.239000    0.141   10.401
   0.221000    0.119   10.520
   0.205000    0.096   10.616
   0.190000    0.088   10.704
   0.175000    0.081   10.785
   0.162000    0.045   10.830
   0.149000    0.010   10.840
   0.137000   -0.010   10.830
   0.126000   -0.008   10.822
   0.115000   -0.008   10.814
   0.105000   -0.032   10.783
   0.096000   -0.068   10.715
   0.087000   -0.149   10.566
   0.079000   -0.171   10.395
   0.071000   -0.134   10.261
   0.064000   -0.151   10.110
   0.057000   -0.206    9.904
   0.050000   -0.262    9.641
   0.044000   -0.310    9.331
   0.039000   -0.316    9.015
   0.033000   -0.368    8.647
   0.028000   -0.327    8.320
   0.023000   -0.493    7.827
   0.019000   -0.448    7.380
   0.015000   -0.511    6.869
   0.011000   -0.593    6.276
   0.007000   -0.659    5.617
   0.003000   -1.046    4.571
   0.000000   -1.109    3.462


# lambda(1)      dG    sum(dG) 
# Part 6: BAR Bennet:
   1.000000    0.000    0.000
   0.938000    1.024    1.024
   0.879000    0.934    1.959
   0.823000    0.872    2.831
   0.771000    0.814    3.645
   0.722000    0.752    4.397
   0.676000    0.681    5.078
   0.633000    0.611    5.689
   0.592000    0.559    6.248
   0.554000    0.515    6.763
   0.518000    0.483    7.246
   0.484000    0.441    7.687
   0.452000    0.402    8.088
   0.422000    0.357    8.445
   0.394000    0.326    8.771
   0.368000    0.310    9.082
   0.343000    0.283    9.364
   0.319000    0.260    9.624
   0.297000    0.236    9.860
   0.276000    0.218   10.078
   0.257000    0.181   10.259
   0.239000    0.142   10.401
   0.221000    0.119   10.520
   0.205000    0.096   10.616
   0.190000    0.088   10.704
   0.175000    0.081   10.785
   0.162000    0.045   10.830
   0.149000    0.010   10.840
   0.137000   -0.010   10.830
   0.126000   -0.008   10.822
   0.115000   -0.007   10.815
   0.105000   -0.032   10.782
   0.096000   -0.067   10.715
   0.087000   -0.152   10.563
   0.079000   -0.170   10.393
   0.071000   -0.131   10.262
   0.064000   -0.152   10.110
   0.057000   -0.208    9.903
   0.050000   -0.262    9.640
   0.044000   -0.311    9.329
   0.039000   -0.318    9.012
   0.033000   -0.363    8.648
   0.028000   -0.328    8.321
   0.023000   -0.491    7.830
   0.019000   -0.449    7.381
   0.015000   -0.512    6.869
   0.011000   -0.591    6.278
   0.007000   -0.665    5.613
   0.003000   -1.050    4.564
   0.000000   -1.107    3.456
