--------------------------------------------------------------------------------
Welcome to qfep version: 6.0.1
 
This version was compiled using: GCC version 11.5.0 20240719 (Red Hat 11.5.0-2)
 
And using the following compiler options: 
-cpp -D G95=1 -mtune=generic -march=x86-64-v2 -O3 -Wall -Wtabs -std=legacy -funroll-loops -ffree-line-length-none -fcray-pointer -fall-intrinsics -fstack-protector -fpre-include=/usr/include/finclude/math-vector-fortran.h

 
For command line options type qfep --help  or qcalc -h at the terminal.
 
If you are using the interactive mode and want to quit type "quit" or Ctrl-C.
--------------------------------------------------------------------------------
--> Number of energy files: # Number of files                                  =    50
--> No. of states, no. of predefined off-diag elements: # Number of states     =     2
# Number of off-diagonal elements                                              =     0
--> Give kT & num. of pts to skip & calculation mode: # kT                     = 0.592
# Number of data points to skip                                                =    50
# Only QQ interactions will be considered                                      =     0
--> Give number of gap-bins: # Number of gap-bins                              =    50
--> Give minimum # pts/bin: # Minimum number of points per bin                 =    50
--> Give alpha for state  2                                                     # Alpha for state  2              =  0.00
--> Number of off-diagonal elements: # Number of off-diagonal elements         =     0
--> linear combination of states defining reaction coord: # Linear combination coefficients=    1.00    0.00


# Part 0: Average energies for all states in all files
# file             state   pts   lambda    EQtot   EQbond  EQang   EQtor   EQimp    EQel   EQvdW  Eel_qq  EvdW_qq Eel_qp  EvdW_qp Eel_qw EvdW_qw Eqrstr
--> Name of file number   1:                                                     
md_1_1000_0000.en      1    949 1.000000 -217.83    0.00    0.00    0.00    0.00 -212.26   -5.57    5.96    2.25 -131.91   -5.55  -86.32   -2.27    0.00
md_1_1000_0000.en      2    949 0.000000  -88.94    0.00    0.00    0.00    0.00  -68.76  -20.17    6.01    0.59  -73.86  -12.96   -0.92   -7.80    0.00
--> Name of file number   2:                                                     
md_1_0997_0003.en      1    949 0.997000 -216.93    0.00    0.00    0.00    0.00 -210.04   -6.89    6.55    2.17 -133.00   -5.59  -83.59   -3.46    0.00
md_1_0997_0003.en      2    949 0.003000  -90.78    0.00    0.00    0.00    0.00  -68.66  -22.12    6.15    0.50  -73.13  -13.56   -1.68   -9.06    0.00
--> Name of file number   3:                                                     
md_1_0993_0007.en      1    949 0.993000 -219.22    0.00    0.00    0.00    0.00 -210.26   -8.96    3.89    1.93 -127.25   -8.26  -86.90   -2.64    0.00
md_1_0993_0007.en      2    949 0.007000  -92.67    0.00    0.00    0.00    0.00  -69.29  -23.38    4.89    0.54  -67.73  -15.99   -6.46   -7.92    0.00
--> Name of file number   4:                                                     
md_1_0989_0011.en      1    949 0.989000 -217.51    0.00    0.00    0.00    0.00 -208.09   -9.43    3.59    2.02 -123.71   -9.21  -87.96   -2.24    0.00
md_1_0989_0011.en      2    949 0.011000  -90.63    0.00    0.00    0.00    0.00  -66.08  -24.55    5.38    0.33  -68.42  -17.12   -3.05   -7.77    0.00
--> Name of file number   5:                                                     
md_1_0985_0015.en      1    949 0.985000 -218.39    0.00    0.00    0.00    0.00 -209.12   -9.27    3.32    1.74 -122.93   -9.44  -89.51   -1.58    0.00
md_1_0985_0015.en      2    949 0.015000  -91.49    0.00    0.00    0.00    0.00  -67.07  -24.41    4.65    0.24  -66.74  -17.51   -4.99   -7.14    0.00
--> Name of file number   6:                                                     
md_1_0981_0019.en      1    949 0.981000 -213.88    0.00    0.00    0.00    0.00 -205.32   -8.56    3.81    1.98 -131.71   -8.82  -77.43   -1.72    0.00
md_1_0981_0019.en      2    949 0.019000  -91.26    0.00    0.00    0.00    0.00  -67.43  -23.83    5.46    0.26  -70.99  -16.82   -1.90   -7.27    0.00
--> Name of file number   7:                                                     
md_1_0977_0023.en      1    949 0.977000 -221.45    0.00    0.00    0.00    0.00 -212.13   -9.32    3.65    2.00 -134.96   -8.95  -80.82   -2.37    0.00
md_1_0977_0023.en      2    949 0.023000  -93.20    0.00    0.00    0.00    0.00  -69.19  -24.01    5.81    0.38  -71.50  -16.73   -3.49   -7.67    0.00
--> Name of file number   8:                                                     
md_1_0972_0028.en      1    949 0.972000 -217.97    0.00    0.00    0.00    0.00 -209.35   -8.62    3.64    1.97 -135.17   -8.37  -77.82   -2.22    0.00
md_1_0972_0028.en      2    949 0.028000  -92.14    0.00    0.00    0.00    0.00  -68.51  -23.62    5.65    0.29  -70.91  -16.28   -3.25   -7.63    0.00
--> Name of file number   9:                                                     
md_1_0967_0033.en      1    949 0.967000 -219.14    0.00    0.00    0.00    0.00 -210.17   -8.97    3.41    2.04 -124.44   -8.93  -89.14   -2.09    0.00
md_1_0967_0033.en      2    949 0.033000  -92.99    0.00    0.00    0.00    0.00  -68.99  -24.00    5.28    0.35  -69.39  -16.83   -4.88   -7.52    0.00
--> Name of file number  10:                                                     
md_1_0961_0039.en      1    949 0.961000 -216.55    0.00    0.00    0.00    0.00 -207.94   -8.61    3.54    2.14 -127.18   -9.03  -84.30   -1.72    0.00
md_1_0961_0039.en      2    949 0.039000  -91.83    0.00    0.00    0.00    0.00  -67.85  -23.98    5.81    0.37  -70.37  -16.77   -3.30   -7.57    0.00
--> Name of file number  11:                                                     
md_1_0956_0044.en      1    949 0.956000 -213.73    0.00    0.00    0.00    0.00 -204.06   -9.67    3.34    1.92 -121.27   -9.38  -86.13   -2.21    0.00
md_1_0956_0044.en      2    949 0.044000  -92.21    0.00    0.00    0.00    0.00  -67.90  -24.31    4.69    0.37  -66.77  -17.22   -5.82   -7.46    0.00
--> Name of file number  12:                                                     
md_1_0950_0050.en      1    949 0.950000 -215.47    0.00    0.00    0.00    0.00 -205.75   -9.71    3.60    1.96 -130.11   -9.40  -79.24   -2.28    0.00
md_1_0950_0050.en      2    949 0.050000  -92.39    0.00    0.00    0.00    0.00  -67.89  -24.50    5.92    0.28  -70.64  -17.17   -3.17   -7.61    0.00
--> Name of file number  13:                                                     
md_1_0943_0057.en      1    949 0.943000 -214.22    0.00    0.00    0.00    0.00 -204.63   -9.59    3.40    1.94 -128.60  -10.02  -79.42   -1.52    0.00
md_1_0943_0057.en      2    949 0.057000  -91.52    0.00    0.00    0.00    0.00  -67.44  -24.08    4.69    0.41  -66.83  -17.52   -5.30   -6.96    0.00
--> Name of file number  14:                                                     
md_1_0936_0064.en      1    949 0.936000 -212.04    0.00    0.00    0.00    0.00 -201.24  -10.80    3.72    1.90 -122.82   -9.97  -82.13   -2.72    0.00
md_1_0936_0064.en      2    949 0.064000  -92.59    0.00    0.00    0.00    0.00  -67.87  -24.72    4.95    0.42  -67.48  -17.62   -5.34   -7.52    0.00
--> Name of file number  15:                                                     
md_1_0929_0071.en      1    949 0.929000 -211.93    0.00    0.00    0.00    0.00 -201.48  -10.45    3.63    1.87 -120.38   -9.75  -84.73   -2.56    0.00
md_1_0929_0071.en      2    949 0.071000  -92.27    0.00    0.00    0.00    0.00  -67.58  -24.69    4.08    0.36  -64.38  -17.56   -7.29   -7.49    0.00
--> Name of file number  16:                                                     
md_1_0921_0079.en      1    949 0.921000 -215.31    0.00    0.00    0.00    0.00 -205.12  -10.19    3.66    1.86 -118.92  -10.07  -89.86   -1.98    0.00
md_1_0921_0079.en      2    949 0.079000  -93.33    0.00    0.00    0.00    0.00  -68.59  -24.74    4.26    0.27  -65.78  -17.72   -7.08   -7.29    0.00
--> Name of file number  17:                                                     
md_1_0913_0087.en      1    949 0.913000 -213.11    0.00    0.00    0.00    0.00 -202.35  -10.76    3.41    1.91 -124.31  -10.35  -81.45   -2.31    0.00
md_1_0913_0087.en      2    949 0.087000  -93.55    0.00    0.00    0.00    0.00  -68.37  -25.19    4.68    0.23  -67.25  -18.16   -5.80   -7.25    0.00
--> Name of file number  18:                                                     
md_1_0904_0096.en      1    949 0.904000 -213.53    0.00    0.00    0.00    0.00 -202.79  -10.75    3.51    1.88 -125.79  -10.11  -80.51   -2.52    0.00
md_1_0904_0096.en      2    949 0.096000  -93.04    0.00    0.00    0.00    0.00  -68.23  -24.81    5.09    0.23  -68.66  -17.75   -4.66   -7.29    0.00
--> Name of file number  19:                                                     
md_1_0895_0105.en      1    949 0.895000 -212.05    0.00    0.00    0.00    0.00 -201.66  -10.39    3.94    1.94 -125.27   -9.98  -80.33   -2.35    0.00
md_1_0895_0105.en      2    949 0.105000  -94.04    0.00    0.00    0.00    0.00  -69.23  -24.81    5.14    0.25  -70.08  -17.57   -4.29   -7.49    0.00
--> Name of file number  20:                                                     
md_1_0885_0115.en      1    949 0.885000 -207.79    0.00    0.00    0.00    0.00 -197.09  -10.69    4.68    1.88 -126.56   -9.38  -75.22   -3.19    0.00
md_1_0885_0115.en      2    949 0.115000  -93.75    0.00    0.00    0.00    0.00  -68.91  -24.84    5.06    0.38  -69.81  -17.27   -4.15   -7.94    0.00
--> Name of file number  21:                                                     
md_1_0874_0126.en      1    949 0.874000 -206.81    0.00    0.00    0.00    0.00 -195.77  -11.05    3.79    2.02 -119.79  -10.34  -79.77   -2.72    0.00
md_1_0874_0126.en      2    949 0.126000  -93.33    0.00    0.00    0.00    0.00  -68.30  -25.03    4.19    0.38  -65.35  -17.97   -7.14   -7.45    0.00
--> Name of file number  22:                                                     
md_1_0863_0137.en      1    949 0.863000 -207.67    0.00    0.00    0.00    0.00 -196.49  -11.18    4.59    2.00 -119.16   -9.99  -81.92   -3.19    0.00
md_1_0863_0137.en      2    949 0.137000  -93.92    0.00    0.00    0.00    0.00  -68.74  -25.18    5.14    0.30  -68.64  -17.55   -5.24   -7.93    0.00
--> Name of file number  23:                                                     
md_1_0851_0149.en      1    949 0.851000 -206.29    0.00    0.00    0.00    0.00 -194.41  -11.89    3.64    2.00 -114.96  -10.10  -83.09   -3.79    0.00
md_1_0851_0149.en      2    949 0.149000  -92.87    0.00    0.00    0.00    0.00  -67.22  -25.65    5.09    0.29  -67.97  -17.49   -4.35   -8.45    0.00
--> Name of file number  24:                                                     
md_1_0838_0162.en      1    949 0.838000 -205.07    0.00    0.00    0.00    0.00 -193.00  -12.07    3.62    2.23 -119.57  -10.79  -77.05   -3.51    0.00
md_1_0838_0162.en      2    949 0.162000  -92.95    0.00    0.00    0.00    0.00  -67.38  -25.57    5.42    0.56  -68.41  -17.93   -4.38   -8.19    0.00
--> Name of file number  25:                                                     
md_1_0825_0175.en      1    949 0.825000 -200.59    0.00    0.00    0.00    0.00 -189.28  -11.31    4.00    2.19 -122.46   -9.48  -70.83   -4.01    0.00
md_1_0825_0175.en      2    949 0.175000  -92.38    0.00    0.00    0.00    0.00  -67.47  -24.91    5.28    0.37  -71.43  -16.71   -1.32   -8.57    0.00
--> Name of file number  26:                                                     
md_1_0810_0190.en      1    949 0.810000 -198.45    0.00    0.00    0.00    0.00 -186.14  -12.30    3.93    2.23 -118.24  -10.61  -71.84   -3.93    0.00
md_1_0810_0190.en      2    949 0.190000  -93.60    0.00    0.00    0.00    0.00  -68.30  -25.30    4.57    0.52  -68.19  -17.27   -4.68   -8.55    0.00
--> Name of file number  27:                                                     
md_1_0795_0205.en      1    949 0.795000 -199.43    0.00    0.00    0.00    0.00 -186.59  -12.84    3.82    2.11 -124.11  -10.67  -66.31   -4.28    0.00
md_1_0795_0205.en      2    949 0.205000  -93.09    0.00    0.00    0.00    0.00  -67.26  -25.82    4.94    0.34  -69.75  -17.56   -2.46   -8.60    0.00
--> Name of file number  28:                                                     
md_1_0779_0221.en      1    949 0.779000 -196.71    0.00    0.00    0.00    0.00 -182.89  -13.83    4.01    2.00 -123.66  -10.37  -63.24   -5.46    0.00
md_1_0779_0221.en      2    949 0.221000  -94.58    0.00    0.00    0.00    0.00  -68.20  -26.38    5.48    0.25  -71.12  -17.42   -2.56   -9.21    0.00
--> Name of file number  29:                                                     
md_1_0761_0239.en      1    949 0.761000 -197.81    0.00    0.00    0.00    0.00 -186.64  -11.18    4.06    2.09 -116.09   -9.86  -74.61   -3.41    0.00
md_1_0761_0239.en      2    949 0.239000  -92.99    0.00    0.00    0.00    0.00  -68.18  -24.81    4.49    0.33  -66.42  -17.23   -6.25   -7.91    0.00
--> Name of file number  30:                                                     
md_1_0743_0257.en      1    949 0.743000 -191.94    0.00    0.00    0.00    0.00 -179.00  -12.94    4.13    1.92 -120.08  -10.14  -63.06   -4.72    0.00
md_1_0743_0257.en      2    949 0.257000  -93.41    0.00    0.00    0.00    0.00  -67.86  -25.55    4.18    0.31  -65.95  -17.32   -6.08   -8.53    0.00
--> Name of file number  31:                                                     
md_1_0724_0276.en      1    949 0.724000 -189.63    0.00    0.00    0.00    0.00 -176.86  -12.77    4.31    2.22 -117.70  -10.17  -63.47   -4.82    0.00
md_1_0724_0276.en      2    949 0.276000  -93.98    0.00    0.00    0.00    0.00  -68.68  -25.30    3.94    0.46  -65.70  -17.05   -6.91   -8.71    0.00
--> Name of file number  32:                                                     
md_1_0703_0297.en      1    949 0.703000 -187.69    0.00    0.00    0.00    0.00 -174.20  -13.49    4.14    2.27 -120.68  -10.48  -57.66   -5.29    0.00
md_1_0703_0297.en      2    949 0.297000  -92.87    0.00    0.00    0.00    0.00  -67.14  -25.73    3.98    0.52  -66.05  -17.32   -5.07   -8.92    0.00
--> Name of file number  33:                                                     
md_1_0681_0319.en      1    949 0.681000 -184.95    0.00    0.00    0.00    0.00 -172.13  -12.82    4.14    2.08 -116.41  -10.62  -59.86   -4.28    0.00
md_1_0681_0319.en      2    949 0.319000  -93.39    0.00    0.00    0.00    0.00  -68.46  -24.94    3.97    0.35  -66.18  -17.19   -6.25   -8.10    0.00
--> Name of file number  34:                                                     
md_1_0657_0343.en      1    949 0.657000 -180.17    0.00    0.00    0.00    0.00 -165.22  -14.94    4.42    1.87 -125.24  -11.29  -44.40   -5.53    0.00
md_1_0657_0343.en      2    949 0.343000  -93.95    0.00    0.00    0.00    0.00  -67.74  -26.22    4.26    0.17  -67.16  -17.44   -4.84   -8.95    0.00
--> Name of file number  35:                                                     
md_1_0632_0368.en      1    949 0.632000 -180.09    0.00    0.00    0.00    0.00 -165.04  -15.05    4.08    2.08 -117.73  -11.55  -51.39   -5.57    0.00
md_1_0632_0368.en      2    949 0.368000  -94.40    0.00    0.00    0.00    0.00  -67.75  -26.64    4.04    0.34  -65.98  -18.27   -5.81   -8.71    0.00
--> Name of file number  36:                                                     
md_1_0606_0394.en      1    949 0.606000 -174.71    0.00    0.00    0.00    0.00 -159.70  -15.02    4.77    2.37 -112.46  -11.28  -52.00   -6.11    0.00
md_1_0606_0394.en      2    949 0.394000  -93.78    0.00    0.00    0.00    0.00  -67.65  -26.14    3.94    0.57  -65.28  -17.54   -6.31   -9.17    0.00
--> Name of file number  37:                                                     
md_1_0578_0422.en      1    949 0.578000 -172.29    0.00    0.00    0.00    0.00 -156.36  -15.93    4.94    2.22 -116.05  -11.57  -45.25   -6.58    0.00
md_1_0578_0422.en      2    949 0.422000  -94.56    0.00    0.00    0.00    0.00  -67.63  -26.93    4.22    0.43  -66.37  -17.97   -5.47   -9.39    0.00
--> Name of file number  38:                                                     
md_1_0548_0452.en      1    949 0.548000 -168.70    0.00    0.00    0.00    0.00 -153.10  -15.60    4.75    2.33 -109.82  -11.96  -48.03   -5.96    0.00
md_1_0548_0452.en      2    949 0.452000  -94.74    0.00    0.00    0.00    0.00  -68.12  -26.62    3.97    0.53  -64.91  -18.22   -7.19   -8.93    0.00
--> Name of file number  39:                                                     
md_1_0516_0484.en      1    949 0.516000 -164.16    0.00    0.00    0.00    0.00 -147.82  -16.35    4.72    2.33 -105.00  -12.59  -47.54   -6.09    0.00
md_1_0516_0484.en      2    949 0.484000  -93.14    0.00    0.00    0.00    0.00  -66.22  -26.91    4.51    0.36  -66.35  -18.09   -4.38   -9.18    0.00
--> Name of file number  40:                                                     
md_1_0482_0518.en      1    949 0.482000 -161.26    0.00    0.00    0.00    0.00 -144.53  -16.73    4.32    2.56 -116.22  -12.72  -32.62   -6.58    0.00
md_1_0482_0518.en      2    949 0.518000  -94.72    0.00    0.00    0.00    0.00  -67.00  -27.72    5.72    0.39  -71.09  -18.73   -1.63   -9.38    0.00
--> Name of file number  41:                                                     
md_1_0446_0554.en      1    949 0.446000 -151.22    0.00    0.00    0.00    0.00 -132.87  -18.36    4.60    2.52 -106.72  -13.80  -30.75   -7.08    0.00
md_1_0446_0554.en      2    949 0.554000  -94.90    0.00    0.00    0.00    0.00  -66.76  -28.14    3.88    0.61  -64.04  -19.35   -6.60   -9.40    0.00
--> Name of file number  42:                                                     
md_1_0408_0592.en      1    949 0.408000 -148.82    0.00    0.00    0.00    0.00 -131.33  -17.48    4.74    2.66 -107.68  -13.41  -28.39   -6.73    0.00
md_1_0408_0592.en      2    949 0.592000  -94.71    0.00    0.00    0.00    0.00  -67.31  -27.40    4.03    0.63  -65.97  -18.92   -5.37   -9.11    0.00
--> Name of file number  43:                                                     
md_1_0367_0633.en      1    949 0.367000 -143.98    0.00    0.00    0.00    0.00 -125.87  -18.11    4.88    2.53 -103.63  -13.68  -27.11   -6.96    0.00
md_1_0367_0633.en      2    949 0.633000  -95.29    0.00    0.00    0.00    0.00  -67.22  -28.07    4.77    0.41  -68.79  -19.02   -3.20   -9.47    0.00
--> Name of file number  44:                                                     
md_1_0324_0676.en      1    949 0.324000 -140.36    0.00    0.00    0.00    0.00 -122.64  -17.72    4.95    2.67 -107.04  -13.44  -20.54   -6.95    0.00
md_1_0324_0676.en      2    949 0.676000  -94.88    0.00    0.00    0.00    0.00  -67.25  -27.63    5.02    0.43  -69.16  -18.87   -3.11   -9.18    0.00
--> Name of file number  45:                                                     
md_1_0278_0722.en      1    949 0.278000 -135.07    0.00    0.00    0.00    0.00 -117.67  -17.40    5.04    2.75 -104.40  -13.02  -18.31   -7.13    0.00
md_1_0278_0722.en      2    949 0.722000  -94.35    0.00    0.00    0.00    0.00  -67.13  -27.23    3.77    0.71  -64.71  -18.61   -6.19   -9.32    0.00
--> Name of file number  46:                                                     
md_1_0229_0771.en      1    949 0.229000 -121.22    0.00    0.00    0.00    0.00 -103.41  -17.80    4.45    3.52  -77.78  -15.54  -30.08   -5.78    0.00
md_1_0229_0771.en      2    949 0.771000  -95.98    0.00    0.00    0.00    0.00  -68.28  -27.69    3.53    1.34  -61.07  -20.39  -10.75   -8.63    0.00
--> Name of file number  47:                                                     
md_1_0177_0823.en      1    949 0.177000 -115.42    0.00    0.00    0.00    0.00  -97.44  -17.98    4.66    3.06  -84.98  -14.29  -17.12   -6.74    0.00
md_1_0177_0823.en      2    949 0.823000  -94.12    0.00    0.00    0.00    0.00  -66.77  -27.35    3.26    1.06  -62.86  -19.19   -7.17   -9.21    0.00
--> Name of file number  48:                                                     
md_1_0121_0879.en      1    949 0.121000 -106.83    0.00    0.00    0.00    0.00  -89.53  -17.30    4.91    3.18  -81.49  -13.76  -12.94   -6.72    0.00
md_1_0121_0879.en      2    949 0.879000  -93.03    0.00    0.00    0.00    0.00  -65.85  -27.18    3.37    1.10  -62.89  -18.84   -6.33   -9.44    0.00
--> Name of file number  49:                                                     
md_1_0062_0938.en      1    949 0.062000 -100.98    0.00    0.00    0.00    0.00  -84.21  -16.77    4.89    3.52  -69.48  -13.56  -19.62   -6.73    0.00
md_1_0062_0938.en      2    949 0.938000  -93.56    0.00    0.00    0.00    0.00  -67.03  -26.53    3.21    1.32  -60.70  -18.48   -9.54   -9.37    0.00
--> Name of file number  50:                                                     
md_1_0000_1000.en      1    949 0.000000  -93.76    0.00    0.00    0.00    0.00  -77.60  -16.15    5.07    3.60  -75.39  -13.30   -7.29   -6.45    0.00
md_1_0000_1000.en      2    949 1.000000  -93.02    0.00    0.00    0.00    0.00  -66.81  -26.21    3.53    1.31  -62.62  -18.18   -7.72   -9.35    0.00


# Part 1: Free energy perturbation summary:
# lambda(1)      dGf sum(dGf)      dGr sum(dGr)     <dG>
   1.000000    0.000    0.000   -0.379  -65.932    0.000
   0.997000    0.386    0.386   -0.507  -65.553    0.383
   0.993000    0.504    0.890   -0.508  -65.046    0.888
   0.989000    0.505    1.395   -0.509  -64.538    1.395
   0.985000    0.507    1.902   -0.491  -64.029    1.902
   0.981000    0.507    2.408   -0.514  -63.538    2.401
   0.977000    0.490    2.898   -0.631  -63.024    2.903
   0.972000    0.640    3.538   -0.632  -62.393    3.539
   0.967000    0.628    4.166   -0.751  -61.761    4.168
   0.961000    0.755    4.921   -0.609  -61.010    4.921
   0.956000    0.622    5.543   -0.741  -60.401    5.537
   0.950000    0.727    6.269   -0.862  -59.661    6.270
   0.943000    0.859    7.128   -0.839  -58.799    7.131
   0.936000    0.856    7.984   -0.841  -57.960    7.978
   0.929000    0.833    8.817   -0.979  -57.119    8.815
   0.921000    0.953    9.771   -0.960  -56.140    9.781
   0.913000    0.972   10.743   -1.089  -55.180   10.748
   0.904000    1.071   11.814   -1.066  -54.091   11.828
   0.895000    1.080   12.894   -1.147  -53.024   12.901
   0.885000    1.175   14.069   -1.255  -51.878   14.062
   0.874000    1.247   15.316   -1.258  -50.623   15.312
   0.863000    1.242   16.557   -1.370  -49.365   16.562
   0.851000    1.357   17.914   -1.468  -47.995   17.925
   0.838000    1.464   19.379   -1.417  -46.527   19.392
   0.825000    1.447   20.826   -1.586  -45.110   20.824
   0.810000    1.610   22.435   -1.609  -43.525   22.421
   0.795000    1.560   23.995   -1.649  -41.916   24.005
   0.779000    1.686   25.681   -1.908  -40.267   25.673
   0.761000    1.819   27.499   -1.797  -38.359   27.536
   0.743000    1.866   29.365   -1.839  -36.562   29.368
   0.724000    1.846   31.211   -2.025  -34.723   31.210
   0.703000    1.981   33.193   -2.047  -32.698   33.213
   0.681000    2.052   35.244   -2.113  -30.651   35.263
   0.657000    2.159   37.403   -2.185  -28.537   37.399
   0.632000    2.106   39.509   -2.150  -26.352   39.544
   0.606000    2.183   41.691   -2.237  -24.202   41.711
   0.578000    2.212   43.904   -2.278  -21.965   43.935
   0.548000    2.265   46.168   -2.358  -19.687   46.207
   0.516000    2.300   48.469   -2.337  -17.329   48.536
   0.482000    2.309   50.777   -2.109  -14.993   50.858
   0.446000    2.309   53.087   -2.163  -12.883   53.068
   0.408000    2.048   55.135   -2.107  -10.721   55.173
   0.367000    2.103   57.238   -2.076   -8.614   57.278
   0.324000    1.970   59.208   -2.013   -6.538   59.301
   0.278000    1.956   61.164   -1.375   -4.525   61.286
   0.229000    1.833   62.996   -1.266   -3.150   62.889
   0.177000    1.159   64.155   -0.963   -1.884   64.102
   0.121000    1.003   65.158   -0.634   -0.920   65.085
   0.062000    0.598   65.756   -0.287   -0.287   65.700
   0.000000    0.240   65.995    0.000    0.000   65.964

# Min energy-gap is:   -246.84
# Max energy-gap is:    -54.66


# Part 2: Reaction free energy summary:
# Lambda(1)  bin Energy gap      dGa     dGb     dGg    # pts    c1**2    c2**2
   1.000000    5    -229.54     0.00   137.01    -0.00     64    0.000    0.000
   1.000000    6    -225.70     0.00   131.51     0.00    101    0.000    0.000
   1.000000    7    -221.85     0.00   128.56     0.00    170    0.000    0.000
   1.000000    8    -218.01     0.00   123.76    -0.00    166    0.000    0.000
   1.000000    9    -214.17     0.00   121.19     0.00    161    0.000    0.000
   1.000000   10    -210.32     0.00   116.39    -0.00    106    0.000    0.000
   1.000000   11    -206.48     0.00   114.71     0.00     69    0.000    0.000
   0.997000    5    -229.54    -0.03   133.13    -0.03     60    0.000    0.000
   0.997000    6    -225.70    -0.02   129.38    -0.02    105    0.000    0.000
   0.997000    7    -221.85    -0.01   125.88    -0.01    137    0.000    0.000
   0.997000    8    -218.01     0.00   121.67     0.00    165    0.000    0.000
   0.997000    9    -214.17     0.01   118.67     0.01    170    0.000    0.000
   0.997000   10    -210.32     0.02   115.09     0.02    112    0.000    0.000
   0.997000   11    -206.48     0.03   110.32     0.03     76    0.000    0.000
   0.993000    5    -229.54    -0.06   130.68    -0.06     82    0.000    0.000
   0.993000    6    -225.70    -0.04   128.86    -0.04    134    0.000    0.000
   0.993000    7    -221.85    -0.01   124.51    -0.01    166    0.000    0.000
   0.993000    8    -218.01     0.01   121.13     0.01    175    0.000    0.000
   0.993000    9    -214.17     0.04   117.58     0.04    128    0.000    0.000
   0.993000   10    -210.32     0.06   113.22     0.06     97    0.000    0.000
   0.989000    5    -229.54    -0.12   133.51    -0.12     58    0.000    0.000
   0.989000    6    -225.70    -0.08   128.20    -0.08    116    0.000    0.000
   0.989000    7    -221.85    -0.04   125.00    -0.04    171    0.000    0.000
   0.989000    8    -218.01    -0.01   122.22    -0.01    165    0.000    0.000
   0.989000    9    -214.17     0.03   118.22     0.03    163    0.000    0.000
   0.989000   10    -210.32     0.07   115.50     0.07    119    0.000    0.000
   0.989000   11    -206.48     0.10   111.99     0.10     71    0.000    0.000
   0.985000    5    -229.54    -0.15   132.58    -0.15     83    0.000    0.000
   0.985000    6    -225.70    -0.10   128.86    -0.10    128    0.000    0.000
   0.985000    7    -221.85    -0.05   126.63    -0.05    153    0.000    0.000
   0.985000    8    -218.01     0.01   122.41     0.01    164    0.000    0.000
   0.985000    9    -214.17     0.05   118.93     0.05    153    0.000    0.000
   0.985000   10    -210.32     0.11   115.65     0.11    100    0.000    0.000
   0.985000   11    -206.48     0.15   112.26     0.15     71    0.000    0.000
   0.981000    6    -225.70    -0.13   128.21    -0.13     60    0.000    0.000
   0.981000    7    -221.85    -0.06   124.25    -0.06    103    0.000    0.000
   0.981000    8    -218.01    -0.01   119.97    -0.01    144    0.000    0.000
   0.981000    9    -214.17     0.07   117.09     0.07    165    0.000    0.000
   0.981000   10    -210.32     0.13   114.62     0.13    175    0.000    0.000
   0.981000   11    -206.48     0.20   112.69     0.20    123    0.000    0.000
   0.981000   12    -202.64     0.26   107.33     0.26     77    0.000    0.000
   0.977000    4    -233.38    -0.28   133.71    -0.28     52    0.000    0.000
   0.977000    5    -229.54    -0.21   130.71    -0.21    115    0.000    0.000
   0.977000    6    -225.70    -0.14   127.56    -0.14    164    0.000    0.000
   0.977000    7    -221.85    -0.05   122.90    -0.05    192    0.000    0.000
   0.977000    8    -218.01     0.02   120.48     0.02    156    0.000    0.000
   0.977000    9    -214.17     0.09   116.40     0.09    110    0.000    0.000
   0.977000   10    -210.32     0.19   114.55     0.19     74    0.000    0.000
   0.972000    5    -229.54    -0.30   131.10    -0.30     56    0.000    0.000
   0.972000    6    -225.70    -0.19   128.46    -0.19    115    0.000    0.000
   0.972000    7    -221.85    -0.08   124.93    -0.08    166    0.000    0.000
   0.972000    8    -218.01     0.01   121.22     0.01    161    0.000    0.000
   0.972000    9    -214.17     0.11   118.66     0.11    134    0.000    0.000
   0.972000   10    -210.32     0.22   114.20     0.22    117    0.000    0.000
   0.972000   11    -206.48     0.29   112.01     0.29     84    0.000    0.000
   0.967000    5    -229.54    -0.32   130.79    -0.32     91    0.000    0.000
   0.967000    6    -225.70    -0.20   127.01    -0.20    131    0.000    0.000
   0.967000    7    -221.85    -0.08   123.97    -0.08    162    0.000    0.000
   0.967000    8    -218.01     0.01   121.26     0.01    176    0.000    0.000
   0.967000    9    -214.17     0.16   116.13     0.16    146    0.000    0.000
   0.967000   10    -210.32     0.26   114.16     0.26    102    0.000    0.000
   0.967000   11    -206.48     0.39   109.65     0.39     55    0.000    0.000
   0.961000    5    -229.54    -0.40   133.10    -0.40     65    0.000    0.000
   0.961000    6    -225.70    -0.28   128.68    -0.28    102    0.000    0.000
   0.961000    7    -221.85    -0.13   125.93    -0.13    138    0.000    0.000
   0.961000    8    -218.01     0.00   121.29     0.00    160    0.000    0.000
   0.961000    9    -214.17     0.14   117.92     0.14    150    0.000    0.000
   0.961000   10    -210.32     0.24   115.66     0.24    129    0.000    0.000
   0.961000   11    -206.48     0.41   111.01     0.41     74    0.000    0.000
   0.961000   12    -202.64     0.53   107.00     0.53     51    0.000    0.000
   0.956000    6    -225.70    -0.28   128.46    -0.28     55    0.000    0.000
   0.956000    7    -221.85    -0.16   124.00    -0.16    111    0.000    0.000
   0.956000    8    -218.01    -0.01   120.33    -0.01    146    0.000    0.000
   0.956000    9    -214.17     0.15   118.87     0.15    147    0.000    0.000
   0.956000   10    -210.32     0.32   114.73     0.32    156    0.000    0.000
   0.956000   11    -206.48     0.47   111.90     0.47    133    0.000    0.000
   0.956000   12    -202.64     0.63   106.31     0.63     88    0.000    0.000
   0.950000    6    -225.70    -0.35   128.21    -0.35    105    0.000    0.000
   0.950000    7    -221.85    -0.18   125.72    -0.18    123    0.000    0.000
   0.950000    8    -218.01    -0.01   121.99    -0.01    159    0.000    0.000
   0.950000    9    -214.17     0.17   117.32     0.17    150    0.000    0.000
   0.950000   10    -210.32     0.32   115.09     0.32    158    0.000    0.000
   0.950000   11    -206.48     0.53   112.13     0.53     98    0.000    0.000
   0.943000    6    -225.70    -0.48   127.93    -0.48     74    0.000    0.000
   0.943000    7    -221.85    -0.31   125.97    -0.31    111    0.000    0.000
   0.943000    8    -218.01    -0.06   121.37    -0.06    157    0.000    0.000
   0.943000    9    -214.17     0.12   118.96     0.12    177    0.000    0.000
   0.943000   10    -210.32     0.31   114.83     0.31    149    0.000    0.000
   0.943000   11    -206.48     0.52   112.24     0.52    115    0.000    0.000
   0.943000   12    -202.64     0.70   107.81     0.70     65    0.000    0.000
   0.936000    6    -225.70    -0.48   128.25    -0.48     51    0.000    0.000
   0.936000    7    -221.85    -0.27   124.61    -0.27     85    0.000    0.000
   0.936000    8    -218.01    -0.02   120.95    -0.02    116    0.000    0.000
   0.936000    9    -214.17     0.16   117.72     0.16    168    0.000    0.000
   0.936000   10    -210.32     0.40   113.87     0.40    165    0.000    0.000
   0.936000   11    -206.48     0.66   109.94     0.66    145    0.000    0.000
   0.936000   12    -202.64     0.86   105.20     0.86     86    0.000    0.000
   0.936000   13    -198.79     1.09   101.85     1.09     51    0.000    0.000
   0.929000    6    -225.70    -0.61   128.97    -0.61     51    0.000    0.000
   0.929000    7    -221.85    -0.35   123.40    -0.35     96    0.000    0.000
   0.929000    8    -218.01    -0.10   119.17    -0.10    126    0.000    0.000
   0.929000    9    -214.17     0.13   117.57     0.13    156    0.000    0.000
   0.929000   10    -210.32     0.36   114.94     0.36    174    0.000    0.000
   0.929000   11    -206.48     0.68   108.69     0.68    139    0.000    0.000
   0.929000   12    -202.64     0.92   107.69     0.92     85    0.000    0.000
   0.929000   13    -198.79     1.08   105.13     1.08     50    0.000    0.000
   0.921000    6    -225.70    -0.62   127.90    -0.62     84    0.000    0.000
   0.921000    7    -221.85    -0.38   124.77    -0.38    145    0.000    0.000
   0.921000    8    -218.01    -0.09   121.36    -0.09    148    0.000    0.000
   0.921000    9    -214.17     0.16   118.49     0.16    189    0.000    0.000
   0.921000   10    -210.32     0.47   113.03     0.47    137    0.000    0.000
   0.921000   11    -206.48     0.75   110.74     0.75    103    0.000    0.000
   0.921000   12    -202.64     1.05   107.64     1.05     60    0.000    0.000
   0.913000    6    -225.70    -0.69   124.94    -0.69     61    0.000    0.000
   0.913000    7    -221.85    -0.36   124.24    -0.36     99    0.000    0.000
   0.913000    8    -218.01    -0.09   121.13    -0.09    154    0.000    0.000
   0.913000    9    -214.17     0.18   117.59     0.18    166    0.000    0.000
   0.913000   10    -210.32     0.49   113.87     0.49    155    0.000    0.000
   0.913000   11    -206.48     0.81   110.67     0.81    115    0.000    0.000
   0.913000   12    -202.64     1.16   106.84     1.16     91    0.000    0.000
   0.904000    6    -225.70    -0.81   127.67    -0.81     64    0.000    0.000
   0.904000    7    -221.85    -0.47   123.04    -0.47    112    0.000    0.000
   0.904000    8    -218.01    -0.20   119.78    -0.20    140    0.000    0.000
   0.904000    9    -214.17     0.11   117.82     0.11    154    0.000    0.000
   0.904000   10    -210.32     0.43   114.29     0.43    159    0.000    0.000
   0.904000   11    -206.48     0.77   110.88     0.77    121    0.000    0.000
   0.904000   12    -202.64     1.12   109.09     1.12     82    0.000    0.000
   0.895000    7    -221.85    -0.52   121.79    -0.52     79    0.000    0.000
   0.895000    8    -218.01    -0.12   119.33    -0.12    139    0.000    0.000
   0.895000    9    -214.17     0.22   117.05     0.22    177    0.000    0.000
   0.895000   10    -210.32     0.62   113.69     0.62    193    0.000    0.000
   0.895000   11    -206.48     1.00   109.16     1.00    140    0.000    0.000
   0.895000   12    -202.64     1.38   107.31     1.38     80    0.000    0.000
   0.885000    8    -218.01    -0.18   119.39    -0.18     87    0.000    0.000
   0.885000    9    -214.17     0.16   117.38     0.16    113    0.000    0.000
   0.885000   10    -210.32     0.58   114.17     0.58    170    0.000    0.000
   0.885000   11    -206.48     1.02   110.04     1.02    172    0.000    0.000
   0.885000   12    -202.64     1.36   107.19     1.36    111    0.000    0.000
   0.885000   13    -198.79     1.76   104.44     1.76    111    0.000    0.000
   0.885000   14    -194.95     2.29   100.74     2.29     53    0.000    0.000
   0.874000    8    -218.01    -0.33   119.72    -0.33     76    0.000    0.000
   0.874000    9    -214.17     0.07   115.46     0.07    125    0.000    0.000
   0.874000   10    -210.32     0.51   111.81     0.51    157    0.000    0.000
   0.874000   11    -206.48     0.92   108.32     0.92    172    0.000    0.000
   0.874000   12    -202.64     1.32   106.59     1.32    154    0.000    0.000
   0.874000   13    -198.79     1.87   102.99     1.87    105    0.000    0.000
   0.874000   14    -194.95     2.25   102.30     2.25     62    0.000    0.000
   0.863000    8    -218.01    -0.41   120.17    -0.41     70    0.000    0.000
   0.863000    9    -214.17    -0.01   117.33    -0.01    136    0.000    0.000
   0.863000   10    -210.32     0.55   113.76     0.55    172    0.000    0.000
   0.863000   11    -206.48     1.02   111.12     1.02    168    0.000    0.000
   0.863000   12    -202.64     1.46   107.29     1.46    146    0.000    0.000
   0.863000   13    -198.79     2.01   104.87     2.01    110    0.000    0.000
   0.851000    8    -218.01    -0.71   120.06    -0.71     79    0.000    0.000
   0.851000    9    -214.17    -0.20   116.11    -0.20    118    0.000    0.000
   0.851000   10    -210.32     0.34   114.83     0.34    155    0.000    0.000
   0.851000   11    -206.48     0.84   110.96     0.84    159    0.000    0.000
   0.851000   12    -202.64     1.36   107.75     1.36    152    0.000    0.000
   0.851000   13    -198.79     1.79   103.08     1.79    106    0.000    0.000
   0.851000   14    -194.95     2.53   101.35     2.53     70    0.000    0.000
   0.838000    8    -218.01    -1.05   121.51    -1.05     52    0.000    0.000
   0.838000    9    -214.17    -0.31   117.00    -0.31    101    0.000    0.000
   0.838000   10    -210.32     0.33   113.75     0.33    135    0.000    0.000
   0.838000   11    -206.48     0.80   110.56     0.80    159    0.000    0.000
   0.838000   12    -202.64     1.40   107.28     1.40    184    0.000    0.000
   0.838000   13    -198.79     2.05   105.31     2.05    125    0.000    0.000
   0.838000   14    -194.95     2.61   100.33     2.61     78    0.000    0.000
   0.825000    9    -214.17    -0.47   115.38    -0.47     56    0.000    0.000
   0.825000   10    -210.32     0.08   114.06     0.08     89    0.000    0.000
   0.825000   11    -206.48     0.80   111.11     0.80    142    0.000    0.000
   0.825000   12    -202.64     1.34   107.99     1.34    155    0.000    0.000
   0.825000   13    -198.79     1.89   104.97     1.89    152    0.000    0.000
   0.825000   14    -194.95     2.51   102.72     2.51    143    0.000    0.000
   0.825000   15    -191.11     3.11    99.85     3.11     78    0.000    0.000
   0.825000   16    -187.26     3.72    97.65     3.72     52    0.000    0.000
   0.810000   10    -210.32     0.14   112.83     0.14     63    0.000    0.000
   0.810000   11    -206.48     0.79   110.00     0.79    111    0.000    0.000
   0.810000   12    -202.64     1.49   106.83     1.49    152    0.000    0.000
   0.810000   13    -198.79     2.05   104.29     2.05    161    0.000    0.000
   0.810000   14    -194.95     2.80   101.43     2.80    168    0.000    0.000
   0.810000   15    -191.11     3.63    98.47     3.63    115    0.000    0.000
   0.810000   16    -187.26     4.28    93.91     4.28     82    0.000    0.000
   0.795000   10    -210.32    -0.28   112.87    -0.28     72    0.000    0.000
   0.795000   11    -206.48     0.23   108.61     0.23    128    0.000    0.000
   0.795000   12    -202.64     1.22   106.39     1.22    176    0.000    0.000
   0.795000   13    -198.79     1.93   103.38     1.93    179    0.000    0.000
   0.795000   14    -194.95     2.68    99.07     2.68    141    0.000    0.000
   0.795000   15    -191.11     3.26    98.57     3.26     97    0.000    0.000
   0.795000   16    -187.26     4.12    94.78     4.12     51    0.000    0.000
   0.779000   11    -206.48     0.85   109.06     0.85     86    0.000    0.000
   0.779000   12    -202.64     1.64   105.42     1.64    141    0.000    0.000
   0.779000   13    -198.79     2.35   103.78     2.35    176    0.000    0.000
   0.779000   14    -194.95     3.13   101.13     3.13    143    0.000    0.000
   0.779000   15    -191.11     3.81    98.34     3.81    122    0.000    0.000
   0.779000   16    -187.26     4.72    94.65     4.72     98    0.000    0.000
   0.779000   17    -183.42     5.35    91.40     5.35     61    0.000    0.000
   0.761000   10    -210.32    -0.50   113.73    -0.50     74    0.000    0.000
   0.761000   11    -206.48     0.20   110.46     0.20     96    0.000    0.000
   0.761000   12    -202.64     1.17   107.05     1.17    125    0.000    0.000
   0.761000   13    -198.79     1.97   104.90     1.97    151    0.000    0.000
   0.761000   14    -194.95     2.81   100.79     2.81    169    0.000    0.000
   0.761000   15    -191.11     3.46    98.96     3.46    123    0.000    0.000
   0.761000   16    -187.26     4.27    95.67     4.27     91    0.000    0.000
   0.743000   12    -202.64     0.74   105.71     0.74     90    0.000    0.000
   0.743000   13    -198.79     1.59   104.00     1.59    112    0.000    0.000
   0.743000   14    -194.95     2.46   101.91     2.46    150    0.000    0.000
   0.743000   15    -191.11     3.41    98.87     3.41    173    0.000    0.000
   0.743000   16    -187.26     4.83    95.36     4.83    146    0.000    0.000
   0.743000   17    -183.42     5.41    93.33     5.41    106    0.000    0.000
   0.743000   18    -179.58     6.37    90.74     6.37     55    0.000    0.000
   0.724000   12    -202.64     1.04   106.22     1.04     63    0.000    0.000
   0.724000   13    -198.79     1.90   104.27     1.90     97    0.000    0.000
   0.724000   14    -194.95     2.96   101.94     2.96    146    0.000    0.000
   0.724000   15    -191.11     3.85    99.34     3.85    168    0.000    0.000
   0.724000   16    -187.26     5.02    96.63     5.02    166    0.000    0.000
   0.724000   17    -183.42     5.83    93.72     5.83    120    0.000    0.000
   0.724000   18    -179.58     7.04    90.48     7.04     81    0.000    0.000
   0.703000   13    -198.79     1.51   103.93     1.51     74    0.000    0.000
   0.703000   14    -194.95     2.42   103.27     2.42    107    0.000    0.000
   0.703000   15    -191.11     3.50    99.47     3.50    150    0.000    0.000
   0.703000   16    -187.26     4.05    97.59     4.05    157    0.000    0.000
   0.703000   17    -183.42     5.88    94.56     5.88    128    0.000    0.000
   0.703000   18    -179.58     6.74    92.53     6.74    126    0.000    0.000
   0.703000   19    -175.73     7.16    89.37     7.16     68    0.000    0.000
   0.681000   13    -198.79     0.95   105.67     0.95     53    0.000    0.000
   0.681000   14    -194.95     2.14   101.25     2.14     79    0.000    0.000
   0.681000   15    -191.11     3.06    98.03     3.06    118    0.000    0.000
   0.681000   16    -187.26     4.30    94.48     4.30    170    0.000    0.000
   0.681000   17    -183.42     5.66    93.06     5.66    155    0.000    0.000
   0.681000   18    -179.58     7.25    90.67     7.25    130    0.000    0.000
   0.681000   19    -175.73     8.34    89.27     8.34    119    0.000    0.000
   0.681000   20    -171.89     9.58    87.45     9.58     60    0.000    0.000
   0.657000   15    -191.11     3.68    98.09     3.68    105    0.000    0.000
   0.657000   16    -187.26     4.80    95.62     4.80    102    0.000    0.000
   0.657000   17    -183.42     6.00    94.09     6.00    155    0.000    0.000
   0.657000   18    -179.58     7.22    91.42     7.22    145    0.000    0.000
   0.657000   19    -175.73     8.53    88.50     8.53    109    0.000    0.000
   0.657000   20    -171.89    10.04    87.11    10.04    111    0.000    0.000
   0.657000   21    -168.05    11.34    84.60    11.34     70    0.000    0.000
   0.632000   15    -191.11     3.38    99.00     3.38     81    0.000    0.000
   0.632000   16    -187.26     4.55    96.01     4.55    121    0.000    0.000
   0.632000   17    -183.42     6.16    94.06     6.16    148    0.000    0.000
   0.632000   18    -179.58     7.44    91.45     7.44    152    0.000    0.000
   0.632000   19    -175.73     8.93    89.93     8.93    137    0.000    0.000
   0.632000   20    -171.89    10.28    87.16    10.28    104    0.000    0.000
   0.632000   21    -168.05    11.69    84.61    11.69     74    0.000    0.000
   0.606000   16    -187.26     4.55    96.38     4.55     55    0.000    0.000
   0.606000   17    -183.42     5.67    94.21     5.67    113    0.000    0.000
   0.606000   18    -179.58     7.05    91.64     7.05    139    0.000    0.000
   0.606000   19    -175.73     8.50    89.67     8.50    158    0.000    0.000
   0.606000   20    -171.89     9.92    87.91     9.92    149    0.000    0.000
   0.606000   21    -168.05    11.23    84.78    11.23    110    0.000    0.000
   0.606000   22    -164.20    12.76    83.01    12.76     77    0.000    0.000
   0.578000   16    -187.26     4.66    95.41     4.66     58    0.000    0.000
   0.578000   17    -183.42     5.49    93.19     5.49     74    0.000    0.000
   0.578000   18    -179.58     7.43    90.59     7.43    110    0.000    0.000
   0.578000   19    -175.73     8.53    88.64     8.53    135    0.000    0.000
   0.578000   20    -171.89     9.84    86.85     9.84    145    0.000    0.000
   0.578000   21    -168.05    11.73    84.80    11.73    128    0.000    0.000
   0.578000   22    -164.20    12.95    82.59    12.95    124    0.000    0.000
   0.578000   23    -160.36    14.54    79.99    14.54     75    0.000    0.000
   0.548000   18    -179.58     7.32    90.20     7.32     77    0.000    0.000
   0.548000   19    -175.73     9.02    88.93     9.02    118    0.000    0.000
   0.548000   20    -171.89    10.53    86.45    10.53    150    0.000    0.000
   0.548000   21    -168.05    12.10    85.20    12.10    173    0.000    0.000
   0.548000   22    -164.20    13.60    83.02    13.60    134    0.000    0.000
   0.548000   23    -160.36    15.41    80.88    15.41     96    0.000    0.000
   0.548000   24    -156.51    16.58    78.82    16.58     73    0.000    0.000
   0.516000   19    -175.73     8.04    89.74     8.04     88    0.000    0.000
   0.516000   20    -171.89     9.81    87.70     9.81    126    0.000    0.000
   0.516000   21    -168.05    11.23    85.97    11.23    111    0.000    0.000
   0.516000   22    -164.20    13.21    84.24    13.21    141    0.000    0.000
   0.516000   23    -160.36    14.51    82.47    14.51    137    0.000    0.000
   0.516000   24    -156.51    16.13    80.33    16.13     99    0.000    0.000
   0.516000   25    -152.67    18.33    78.08    18.33     78    0.000    0.000
   0.482000   20    -171.89     9.68    86.45     9.68    103    0.000    0.000
   0.482000   21    -168.05    11.43    84.53    11.43    113    0.000    0.000
   0.482000   22    -164.20    13.58    83.18    13.58    165    0.000    0.000
   0.482000   23    -160.36    14.98    81.03    14.98    144    0.000    0.000
   0.482000   24    -156.51    16.40    79.11    16.40    141    0.000    0.000
   0.482000   25    -152.67    19.39    77.46    19.39     92    0.000    0.000
   0.482000   26    -148.83    18.59    76.06    18.59     61    0.000    0.000
   0.446000   22    -164.20    13.78    82.15    13.78     52    0.000    0.000
   0.446000   23    -160.36    15.97    80.05    15.97    110    0.000    0.000
   0.446000   24    -156.51    16.95    78.83    16.95    134    0.000    0.000
   0.446000   25    -152.67    18.26    77.26    18.26    149    0.000    0.000
   0.446000   26    -148.83    21.56    75.78    21.56    156    0.000    0.000
   0.446000   27    -144.98    22.26    74.82    22.26    133    0.000    0.000
   0.446000   28    -141.14    25.38    73.34    25.38     81    0.000    0.000
   0.446000   29    -137.30    27.27    71.83    27.27     53    0.000    0.000
   0.408000   23    -160.36    13.96    80.74    13.96     63    0.000    0.000
   0.408000   24    -156.51    17.24    79.44    17.24    111    0.000    0.000
   0.408000   25    -152.67    17.79    77.74    17.79    155    0.000    0.000
   0.408000   26    -148.83    21.74    76.31    21.74    145    0.000    0.000
   0.408000   27    -144.98    23.32    74.93    23.32    150    0.000    0.000
   0.408000   28    -141.14    25.72    73.53    25.72     97    0.000    0.000
   0.408000   29    -137.30    27.48    72.34    27.48     80    0.000    0.000
   0.367000   24    -156.51    17.11    78.68    17.11     67    0.000    0.000
   0.367000   25    -152.67    19.14    77.18    19.14    100    0.000    0.000
   0.367000   26    -148.83    21.10    75.89    21.10    135    0.000    0.000
   0.367000   27    -144.98    23.68    74.68    23.68    143    0.000    0.000
   0.367000   28    -141.14    26.04    73.48    26.04    152    0.000    0.000
   0.367000   29    -137.30    27.51    72.05    27.51    111    0.000    0.000
   0.367000   30    -133.45    28.44    70.90    28.44     85    0.000    0.000
   0.324000   25    -152.67    18.79    77.17    18.79     64    0.000    0.000
   0.324000   26    -148.83    21.46    76.14    21.46    107    0.000    0.000
   0.324000   27    -144.98    22.98    74.83    22.98    142    0.000    0.000
   0.324000   28    -141.14    26.41    73.82    26.41    159    0.000    0.000
   0.324000   29    -137.30    28.67    72.74    28.67    148    0.000    0.000
   0.324000   30    -133.45    30.59    71.61    30.59    101    0.000    0.000
   0.324000   31    -129.61    32.78    70.32    32.78     92    0.000    0.000
   0.278000   26    -148.83    19.42    75.59    19.42     55    0.000    0.000
   0.278000   27    -144.98    23.06    74.71    23.06    104    0.000    0.000
   0.278000   28    -141.14    24.25    73.67    24.25    120    0.000    0.000
   0.278000   29    -137.30    27.34    72.84    27.34    153    0.000    0.000
   0.278000   30    -133.45    30.66    71.73    30.66    143    0.000    0.000
   0.278000   31    -129.61    33.07    70.78    33.07    125    0.000    0.000
   0.278000   32    -125.77    35.75    69.77    35.75     94    0.000    0.000
   0.278000   33    -121.92    37.63    69.09    37.63     67    0.000    0.000
   0.229000   30    -133.45    32.43    70.89    32.43     58    0.000    0.000
   0.229000   31    -129.61    35.20    70.14    35.20    102    0.000    0.000
   0.229000   32    -125.77    37.83    69.26    37.83    150    0.000    0.000
   0.229000   33    -121.92    40.04    68.54    40.04    157    0.000    0.000
   0.229000   34    -118.08    43.18    67.72    43.18    146    0.000    0.000
   0.229000   35    -114.24    45.68    67.04    45.68    120    0.000    0.000
   0.229000   36    -110.39    47.65    66.26    47.65     87    0.000    0.000
   0.177000   32    -125.77    35.73    69.25    35.73     77    0.000    0.000
   0.177000   33    -121.92    38.87    68.64    38.87    148    0.000    0.000
   0.177000   34    -118.08    40.35    68.07    40.35    141    0.000    0.000
   0.177000   35    -114.24    43.99    67.52    43.99    174    0.000    0.000
   0.177000   36    -110.39    47.62    66.90    47.62    112    0.000    0.000
   0.177000   37    -106.55    50.21    66.33    50.21    128    0.000    0.000
   0.177000   38    -102.71    52.45    65.73    52.45     54    0.000    0.000
   0.121000   34    -118.08    38.86    67.88    38.86     88    0.000    0.000
   0.121000   35    -114.24    44.11    67.44    44.11    105    0.000    0.000
   0.121000   36    -110.39    45.41    67.09    45.41    151    0.000    0.000
   0.121000   37    -106.55    49.42    66.60    49.42    164    0.000    0.000
   0.121000   38    -102.71    53.45    66.20    53.45    133    0.000    0.000
   0.121000   39     -98.86    55.59    65.83    55.59    116    0.000    0.000
   0.121000   40     -95.02    58.72    65.41    58.72     64    0.000    0.000
   0.062000   35    -114.24    45.16    66.85    45.16     58    0.000    0.000
   0.062000   36    -110.39    47.64    66.63    47.64     95    0.000    0.000
   0.062000   37    -106.55    50.58    66.43    50.58    135    0.000    0.000
   0.062000   38    -102.71    52.38    66.21    52.38    163    0.000    0.000
   0.062000   39     -98.86    55.85    66.04    55.85    152    0.000    0.000
   0.062000   40     -95.02    58.87    65.80    58.87    117    0.000    0.000
   0.062000   41     -91.18    62.68    65.62    62.68     89    0.000    0.000
   0.062000   42     -87.33    65.68    65.41    65.15     62    0.000    0.000
   0.000000   37    -106.55    50.11    65.96    50.11     62    0.000    0.000
   0.000000   38    -102.71    53.63    65.96    53.63    121    0.000    0.000
   0.000000   39     -98.86    57.50    65.96    57.50    138    0.000    0.000
   0.000000   40     -95.02    58.35    65.96    58.35    151    0.000    0.000
   0.000000   41     -91.18    63.00    65.96    63.00    135    0.000    0.000
   0.000000   42     -87.33    66.41    65.96    65.78     99    0.000    0.000
   0.000000   43     -83.49    69.84    65.96    65.96     78    0.000    0.000
   0.000000   44     -79.65    72.23    65.96    65.96     50    0.000    0.000


# Part 3: Bin-averaged summary:
# bin  energy gap  <dGg> <dGg norm> pts  <c1**2> <c2**2> <r_xy>
   4   -233.38    -0.28     0.00     52   0.000   0.000   0.000
   5   -229.54    -0.18     0.10    674   0.000   0.000   0.000
   6   -225.70    -0.25     0.03   1701   0.000   0.000   0.000
   7   -221.85    -0.16     0.13   2519   0.000   0.000   0.000
   8   -218.01    -0.08     0.20   3281   0.000   0.000   0.000
   9   -214.17     0.08     0.36   3613   0.000   0.000   0.000
  10   -210.32     0.29     0.58   3664   0.000   0.000   0.000
  11   -206.48     0.63     0.92   3125   0.000   0.000   0.000
  12   -202.64     1.18     1.47   2414   0.000   0.000   0.000
  13   -198.79     1.86     2.14   1813   0.000   0.000   0.000
  14   -194.95     2.65     2.94   1509   0.000   0.000   0.000
  15   -191.11     3.50     3.78   1330   0.000   0.000   0.000
  16   -187.26     4.50     4.79   1349   0.000   0.000   0.000
  17   -183.42     5.77     6.06   1060   0.000   0.000   0.000
  18   -179.58     7.14     7.43   1015   0.000   0.000   0.000
  19   -175.73     8.47     8.76    932   0.000   0.000   0.000
  20   -171.89    10.00    10.28    948   0.000   0.000   0.000
  21   -168.05    11.59    11.87    779   0.000   0.000   0.000
  22   -164.20    13.32    13.60    693   0.000   0.000   0.000
  23   -160.36    14.96    15.25    625   0.000   0.000   0.000
  24   -156.51    16.72    17.01    625   0.000   0.000   0.000
  25   -152.67    18.51    18.79    638   0.000   0.000   0.000
  26   -148.83    21.04    21.32    659   0.000   0.000   0.000
  27   -144.98    23.08    23.36    672   0.000   0.000   0.000
  28   -141.14    25.64    25.93    609   0.000   0.000   0.000
  29   -137.30    27.75    28.03    545   0.000   0.000   0.000
  30   -133.45    30.42    30.70    387   0.000   0.000   0.000
  31   -129.61    33.67    33.95    319   0.000   0.000   0.000
  32   -125.77    36.72    37.00    321   0.000   0.000   0.000
  33   -121.92    39.14    39.42    372   0.000   0.000   0.000
  34   -118.08    41.10    41.38    375   0.000   0.000   0.000
  35   -114.24    44.61    44.90    457   0.000   0.000   0.000
  36   -110.39    46.88    47.16    445   0.000   0.000   0.000
  37   -106.55    50.04    50.32    489   0.000   0.000   0.000
  38   -102.71    53.01    53.30    471   0.000   0.000   0.000
  39    -98.86    56.34    56.62    406   0.000   0.000   0.000
  40    -95.02    58.61    58.89    332   0.000   0.000   0.000
  41    -91.18    62.87    63.16    224   0.000   0.000   0.000
  42    -87.33    65.54    65.82    161   0.000   0.000   0.000
  43    -83.49    65.96    66.25     78   0.000   0.000   0.000
  44    -79.65    65.96    66.25     50   0.000   0.000   0.000


# Part 4: Termodynamic integration:
# lambda(1)      dGti    sum(dGti) 
   1.000000    0.000    0.000
   0.997000  128.893    0.383
   0.993000  126.150    0.888
   0.989000  126.552    1.395
   0.985000  126.880    1.902
   0.981000  126.902    2.401
   0.977000  122.618    2.903
   0.972000  128.257    3.538
   0.967000  125.836    4.168
   0.961000  126.149    4.921
   0.956000  124.718    5.537
   0.950000  121.517    6.270
   0.943000  123.075    7.131
   0.936000  122.703    7.978
   0.929000  119.448    8.815
   0.921000  119.657    9.782
   0.913000  121.985   10.748
   0.904000  119.557   11.828
   0.895000  120.490   12.901
   0.885000  118.009   14.061
   0.874000  114.037   15.313
   0.863000  113.481   16.563
   0.851000  113.754   17.926
   0.838000  113.420   19.392
   0.825000  112.121   20.824
   0.810000  108.206   22.422
   0.795000  104.848   24.006
   0.779000  106.340   25.673
   0.761000  102.129   27.536
   0.743000  104.827   29.366
   0.724000   98.539   31.211
   0.703000   95.651   33.211
   0.681000   94.828   35.261
   0.657000   91.553   37.394
   0.632000   86.213   39.543
   0.606000   85.696   41.709
   0.578000   80.930   43.931
   0.548000   77.726   46.206
   0.516000   73.961   48.526
   0.482000   71.026   50.864
   0.446000   66.544   53.076
   0.408000   56.325   55.174
   0.367000   54.104   57.281
   0.324000   48.690   59.306
   0.278000   45.475   61.288
   0.229000   40.719   62.904
   0.177000   25.239   64.114
   0.121000   21.299   65.097
   0.062000   13.800   65.723
   0.000000    7.426   65.976


# Part 5: Overlap sampling Lu et al:
# lambda(1)      dG    sum(dG) 
   1.000000    0.000    0.000
   0.997000    0.383    0.383
   0.993000    0.505    0.888
   0.989000    0.507    1.395
   0.985000    0.508    1.902
   0.981000    0.499    2.401
   0.977000    0.502    2.903
   0.972000    0.635    3.538
   0.967000    0.630    4.168
   0.961000    0.753    4.921
   0.956000    0.616    5.537
   0.950000    0.734    6.270
   0.943000    0.860    7.131
   0.936000    0.848    7.978
   0.929000    0.837    8.815
   0.921000    0.966    9.781
   0.913000    0.966   10.748
   0.904000    1.080   11.828
   0.895000    1.073   12.901
   0.885000    1.161   14.062
   0.874000    1.251   15.313
   0.863000    1.250   16.562
   0.851000    1.363   17.926
   0.838000    1.466   19.392
   0.825000    1.432   20.824
   0.810000    1.598   22.422
   0.795000    1.584   24.006
   0.779000    1.668   25.673
   0.761000    1.863   27.536
   0.743000    1.831   29.367
   0.724000    1.844   31.211
   0.703000    2.001   33.212
   0.681000    2.050   35.262
   0.657000    2.135   37.397
   0.632000    2.147   39.544
   0.606000    2.166   41.710
   0.578000    2.223   43.933
   0.548000    2.273   46.206
   0.516000    2.325   48.531
   0.482000    2.332   50.862
   0.446000    2.211   53.073
   0.408000    2.101   55.174
   0.367000    2.106   57.280
   0.324000    2.024   59.304
   0.278000    1.984   61.288
   0.229000    1.610   62.898
   0.177000    1.211   64.109
   0.121000    0.984   65.092
   0.062000    0.622   65.714
   0.000000    0.261   65.975


# lambda(1)      dG    sum(dG) 
# Part 6: BAR Bennet:
   1.000000    0.000    0.000
   0.997000    0.383    0.383
   0.993000    0.505    0.888
   0.989000    0.507    1.395
   0.985000    0.508    1.902
   0.981000    0.499    2.401
   0.977000    0.502    2.903
   0.972000    0.635    3.538
   0.967000    0.630    4.168
   0.961000    0.753    4.921
   0.956000    0.616    5.537
   0.950000    0.734    6.270
   0.943000    0.860    7.131
   0.936000    0.848    7.978
   0.929000    0.837    8.815
   0.921000    0.967    9.782
   0.913000    0.966   10.748
   0.904000    1.080   11.828
   0.895000    1.073   12.901
   0.885000    1.160   14.061
   0.874000    1.251   15.313
   0.863000    1.250   16.563
   0.851000    1.363   17.926
   0.838000    1.466   19.392
   0.825000    1.432   20.824
   0.810000    1.598   22.422
   0.795000    1.584   24.006
   0.779000    1.668   25.674
   0.761000    1.863   27.536
   0.743000    1.830   29.366
   0.724000    1.845   31.211
   0.703000    2.000   33.211
   0.681000    2.050   35.261
   0.657000    2.133   37.395
   0.632000    2.149   39.543
   0.606000    2.166   41.710
   0.578000    2.221   43.931
   0.548000    2.275   46.206
   0.516000    2.321   48.526
   0.482000    2.339   50.866
   0.446000    2.212   53.078
   0.408000    2.098   55.175
   0.367000    2.106   57.282
   0.324000    2.024   59.306
   0.278000    1.983   61.289
   0.229000    1.613   62.902
   0.177000    1.210   64.112
   0.121000    0.984   65.096
   0.062000    0.626   65.722
   0.000000    0.260   65.982
