--------------------------------------------------------------------------------
Welcome to qfep version: 6.0.1
 
This version was compiled using: GCC version 11.5.0 20240719 (Red Hat 11.5.0-2)
 
And using the following compiler options: 
-cpp -D G95=1 -mtune=generic -march=x86-64-v2 -O3 -Wall -Wtabs -std=legacy -funroll-loops -ffree-line-length-none -fcray-pointer -fall-intrinsics -fstack-protector -fpre-include=/usr/include/finclude/math-vector-fortran.h

 
For command line options type qfep --help  or qcalc -h at the terminal.
 
If you are using the interactive mode and want to quit type "quit" or Ctrl-C.
--------------------------------------------------------------------------------
--> Number of energy files: # Number of files                                  =    50
--> No. of states, no. of predefined off-diag elements: # Number of states     =     2
# Number of off-diagonal elements                                              =     0
--> Give kT & num. of pts to skip & calculation mode: # kT                     = 0.592
# Number of data points to skip                                                =    50
# Only QQ interactions will be considered                                      =     0
--> Give number of gap-bins: # Number of gap-bins                              =    50
--> Give minimum # pts/bin: # Minimum number of points per bin                 =    50
--> Give alpha for state  2                                                     # Alpha for state  2              =  0.00
--> Number of off-diagonal elements: # Number of off-diagonal elements         =     0
--> linear combination of states defining reaction coord: # Linear combination coefficients=    1.00    0.00


# Part 0: Average energies for all states in all files
# file             state   pts   lambda    EQtot   EQbond  EQang   EQtor   EQimp    EQel   EQvdW  Eel_qq  EvdW_qq Eel_qp  EvdW_qp Eel_qw EvdW_qw Eqrstr
--> Name of file number   1:                                                     
md_1_1000_0000.en      1    949 1.000000 -218.16    0.00    0.00    0.00    0.00 -208.29   -9.87    3.42    2.25 -157.05   -8.07  -54.66   -4.05    0.00
md_1_1000_0000.en      2    949 0.000000  -89.15    0.00    0.00    0.00    0.00  -64.59  -24.56    4.18    0.65  -68.24  -15.56   -0.53   -9.65    0.00
--> Name of file number   2:                                                     
md_1_0997_0003.en      1    949 0.997000 -218.00    0.00    0.00    0.00    0.00 -208.75   -9.26    3.42    2.06 -157.15   -8.17  -55.01   -3.15    0.00
md_1_0997_0003.en      2    949 0.003000  -88.50    0.00    0.00    0.00    0.00  -64.14  -24.36    4.27    0.51  -68.32  -15.98   -0.08   -8.89    0.00
--> Name of file number   3:                                                     
md_1_0993_0007.en      1    949 0.993000 -219.68    0.00    0.00    0.00    0.00 -210.54   -9.14    3.54    2.21 -155.78   -8.12  -58.29   -3.22    0.00
md_1_0993_0007.en      2    949 0.007000  -89.32    0.00    0.00    0.00    0.00  -65.48  -23.84    4.47    0.55  -69.18  -15.54   -0.78   -8.86    0.00
--> Name of file number   4:                                                     
md_1_0989_0011.en      1    949 0.989000 -217.76    0.00    0.00    0.00    0.00 -208.15   -9.60    3.29    2.25 -143.49   -8.28  -67.95   -3.58    0.00
md_1_0989_0011.en      2    949 0.011000  -88.64    0.00    0.00    0.00    0.00  -64.46  -24.18    3.98    0.52  -67.62  -15.59   -0.83   -9.11    0.00
--> Name of file number   5:                                                     
md_1_0985_0015.en      1    949 0.985000 -215.76    0.00    0.00    0.00    0.00 -206.86   -8.90    3.43    2.28 -124.68   -7.81  -85.62   -3.36    0.00
md_1_0985_0015.en      2    949 0.015000  -87.49    0.00    0.00    0.00    0.00  -64.25  -23.25    4.10    0.59  -67.56  -14.85   -0.79   -8.99    0.00
--> Name of file number   6:                                                     
md_1_0981_0019.en      1    949 0.981000 -213.34    0.00    0.00    0.00    0.00 -203.57   -9.77    3.59    2.13 -132.51   -7.31  -74.66   -4.59    0.00
md_1_0981_0019.en      2    949 0.019000  -88.30    0.00    0.00    0.00    0.00  -64.94  -23.36    4.32    0.63  -68.08  -14.18   -1.19   -9.81    0.00
--> Name of file number   7:                                                     
md_1_0977_0023.en      1    949 0.977000 -214.56    0.00    0.00    0.00    0.00 -204.93   -9.63    4.10    2.13 -139.03   -8.14  -70.00   -3.61    0.00
md_1_0977_0023.en      2    949 0.023000  -89.78    0.00    0.00    0.00    0.00  -66.24  -23.54    4.34    0.38  -68.74  -14.38   -1.85   -9.54    0.00
--> Name of file number   8:                                                     
md_1_0972_0028.en      1    949 0.972000 -212.17    0.00    0.00    0.00    0.00 -201.96  -10.20    3.95    2.07 -140.71   -8.00  -65.21   -4.28    0.00
md_1_0972_0028.en      2    949 0.028000  -89.39    0.00    0.00    0.00    0.00  -65.80  -23.59    4.37    0.35  -68.70  -14.24   -1.48   -9.70    0.00
--> Name of file number   9:                                                     
md_1_0967_0033.en      1    949 0.967000 -211.87    0.00    0.00    0.00    0.00 -201.70  -10.17    3.71    2.30 -146.08   -8.08  -59.33   -4.39    0.00
md_1_0967_0033.en      2    949 0.033000  -89.78    0.00    0.00    0.00    0.00  -65.43  -24.35    4.21    0.56  -68.33  -14.79   -1.31  -10.12    0.00
--> Name of file number  10:                                                     
md_1_0961_0039.en      1    949 0.961000 -212.56    0.00    0.00    0.00    0.00 -202.58   -9.98    3.55    1.99 -146.92   -7.35  -59.21   -4.63    0.00
md_1_0961_0039.en      2    949 0.039000  -89.21    0.00    0.00    0.00    0.00  -65.25  -23.96    4.47    0.42  -69.73  -14.22    0.01  -10.16    0.00
--> Name of file number  11:                                                     
md_1_0956_0044.en      1    949 0.956000 -212.73    0.00    0.00    0.00    0.00 -202.69  -10.04    3.46    2.16 -153.80   -6.88  -52.35   -5.32    0.00
md_1_0956_0044.en      2    949 0.044000  -89.70    0.00    0.00    0.00    0.00  -65.61  -24.10    4.41    0.50  -69.17  -14.02   -0.85  -10.58    0.00
--> Name of file number  12:                                                     
md_1_0950_0050.en      1    949 0.950000 -210.88    0.00    0.00    0.00    0.00 -202.10   -8.78    3.51    2.18 -151.09   -6.86  -54.53   -4.10    0.00
md_1_0950_0050.en      2    949 0.050000  -89.05    0.00    0.00    0.00    0.00  -66.27  -22.78    4.55    0.53  -70.84  -14.00    0.03   -9.31    0.00
--> Name of file number  13:                                                     
md_1_0943_0057.en      1    949 0.943000 -209.07    0.00    0.00    0.00    0.00 -199.29   -9.78    3.55    2.26 -139.79   -7.58  -63.05   -4.47    0.00
md_1_0943_0057.en      2    949 0.057000  -88.40    0.00    0.00    0.00    0.00  -64.66  -23.75    4.17    0.61  -68.93  -15.25    0.10   -9.10    0.00
--> Name of file number  14:                                                     
md_1_0936_0064.en      1    949 0.936000 -211.04    0.00    0.00    0.00    0.00 -201.10   -9.94    3.64    2.18 -138.45   -8.42  -66.28   -3.70    0.00
md_1_0936_0064.en      2    949 0.064000  -90.72    0.00    0.00    0.00    0.00  -66.87  -23.85    4.29    0.52  -67.45  -15.84   -3.71   -8.53    0.00
--> Name of file number  15:                                                     
md_1_0929_0071.en      1    949 0.929000 -209.56    0.00    0.00    0.00    0.00 -199.23  -10.33    3.11    2.45 -129.10   -8.40  -73.24   -4.38    0.00
md_1_0929_0071.en      2    949 0.071000  -88.59    0.00    0.00    0.00    0.00  -65.09  -23.50    4.57    0.65  -67.55  -14.81   -2.11   -9.34    0.00
--> Name of file number  16:                                                     
md_1_0921_0079.en      1    949 0.921000 -209.68    0.00    0.00    0.00    0.00 -199.25  -10.43    3.07    2.22 -139.11   -9.01  -63.21   -3.64    0.00
md_1_0921_0079.en      2    949 0.079000  -90.76    0.00    0.00    0.00    0.00  -66.71  -24.05    4.84    0.51  -68.33  -15.78   -3.23   -8.78    0.00
--> Name of file number  17:                                                     
md_1_0913_0087.en      1    949 0.913000 -208.05    0.00    0.00    0.00    0.00 -199.55   -8.51    3.51    2.30 -143.56   -6.67  -59.50   -4.14    0.00
md_1_0913_0087.en      2    949 0.087000  -90.52    0.00    0.00    0.00    0.00  -68.16  -22.36    4.54    0.60  -67.16  -14.46   -5.53   -8.51    0.00
--> Name of file number  18:                                                     
md_1_0904_0096.en      1    949 0.904000 -208.72    0.00    0.00    0.00    0.00 -199.95   -8.77    4.48    2.26 -143.90   -6.56  -60.52   -4.47    0.00
md_1_0904_0096.en      2    949 0.096000  -90.61    0.00    0.00    0.00    0.00  -67.94  -22.67    4.00    0.64  -66.14  -13.35   -5.80   -9.96    0.00
--> Name of file number  19:                                                     
md_1_0895_0105.en      1    949 0.895000 -206.54    0.00    0.00    0.00    0.00 -196.96   -9.58    4.17    2.30 -145.31   -7.33  -55.82   -4.55    0.00
md_1_0895_0105.en      2    949 0.105000  -91.97    0.00    0.00    0.00    0.00  -69.35  -22.62    4.01    0.61  -66.16  -13.49   -7.20   -9.74    0.00
--> Name of file number  20:                                                     
md_1_0885_0115.en      1    949 0.885000 -207.19    0.00    0.00    0.00    0.00 -200.09   -7.10    4.89    2.35 -146.11   -5.21  -58.86   -4.24    0.00
md_1_0885_0115.en      2    949 0.115000  -92.85    0.00    0.00    0.00    0.00  -71.49  -21.36    3.86    0.76  -67.38  -12.29   -7.98   -9.83    0.00
--> Name of file number  21:                                                     
md_1_0874_0126.en      1    949 0.874000 -205.74    0.00    0.00    0.00    0.00 -198.25   -7.49    4.61    2.26 -143.03   -5.83  -59.83   -3.91    0.00
md_1_0874_0126.en      2    949 0.126000  -92.65    0.00    0.00    0.00    0.00  -71.84  -20.81    3.78    0.76  -66.81  -12.57   -8.81   -9.00    0.00
--> Name of file number  22:                                                     
md_1_0863_0137.en      1    949 0.863000 -203.89    0.00    0.00    0.00    0.00 -195.53   -8.36    4.45    2.47 -140.31   -6.95  -59.67   -3.88    0.00
md_1_0863_0137.en      2    949 0.137000  -93.10    0.00    0.00    0.00    0.00  -70.73  -22.37    3.69    0.75  -66.49  -14.17   -7.93   -8.96    0.00
--> Name of file number  23:                                                     
md_1_0851_0149.en      1    949 0.851000 -204.37    0.00    0.00    0.00    0.00 -195.22   -9.15    4.03    2.32 -136.09   -7.36  -63.16   -4.11    0.00
md_1_0851_0149.en      2    949 0.149000  -93.50    0.00    0.00    0.00    0.00  -70.64  -22.86    3.83    0.63  -66.25  -15.09   -8.22   -8.40    0.00
--> Name of file number  24:                                                     
md_1_0838_0162.en      1    949 0.838000 -204.15    0.00    0.00    0.00    0.00 -193.65  -10.50    5.24    2.51 -128.27   -9.28  -70.62   -3.73    0.00
md_1_0838_0162.en      2    949 0.162000  -94.06    0.00    0.00    0.00    0.00  -70.15  -23.91    4.13    0.68  -65.42  -16.12   -8.86   -8.47    0.00
--> Name of file number  25:                                                     
md_1_0825_0175.en      1    949 0.825000 -200.10    0.00    0.00    0.00    0.00 -189.78  -10.31    5.70    2.52 -133.45   -9.00  -62.02   -3.83    0.00
md_1_0825_0175.en      2    949 0.175000  -93.64    0.00    0.00    0.00    0.00  -69.79  -23.85    4.14    0.66  -65.52  -15.88   -8.41   -8.63    0.00
--> Name of file number  26:                                                     
md_1_0810_0190.en      1    949 0.810000 -197.85    0.00    0.00    0.00    0.00 -186.36  -11.49    5.35    2.75 -125.49  -10.19  -66.22   -4.04    0.00
md_1_0810_0190.en      2    949 0.190000  -94.62    0.00    0.00    0.00    0.00  -70.02  -24.60    3.56    0.95  -65.16  -16.94   -8.42   -8.61    0.00
--> Name of file number  27:                                                     
md_1_0795_0205.en      1    949 0.795000 -196.62    0.00    0.00    0.00    0.00 -184.32  -12.30    5.92    2.73 -127.15  -10.27  -63.08   -4.76    0.00
md_1_0795_0205.en      2    949 0.205000  -92.72    0.00    0.00    0.00    0.00  -67.38  -25.34    4.13    0.82  -65.18  -16.71   -6.33   -9.44    0.00
--> Name of file number  28:                                                     
md_1_0779_0221.en      1    949 0.779000 -194.22    0.00    0.00    0.00    0.00 -181.26  -12.96    5.81    2.65 -127.48  -10.72  -59.59   -4.89    0.00
md_1_0779_0221.en      2    949 0.221000  -93.45    0.00    0.00    0.00    0.00  -68.05  -25.40    3.81    0.83  -65.08  -17.07   -6.79   -9.16    0.00
--> Name of file number  29:                                                     
md_1_0761_0239.en      1    949 0.761000 -191.40    0.00    0.00    0.00    0.00 -176.90  -14.50    5.97    2.47 -124.46  -11.91  -58.40   -5.06    0.00
md_1_0761_0239.en      2    949 0.239000  -95.35    0.00    0.00    0.00    0.00  -69.23  -26.12    4.09    0.68  -65.35  -17.68   -7.97   -9.13    0.00
--> Name of file number  30:                                                     
md_1_0743_0257.en      1    949 0.743000 -189.04    0.00    0.00    0.00    0.00 -175.17  -13.88    5.72    2.42 -134.93  -11.77  -45.95   -4.53    0.00
md_1_0743_0257.en      2    949 0.257000  -95.18    0.00    0.00    0.00    0.00  -69.70  -25.48    4.02    0.75  -66.10  -17.61   -7.62   -8.62    0.00
--> Name of file number  31:                                                     
md_1_0724_0276.en      1    949 0.724000 -186.47    0.00    0.00    0.00    0.00 -173.06  -13.41    5.61    2.45 -132.18  -10.61  -46.49   -5.25    0.00
md_1_0724_0276.en      2    949 0.276000  -92.46    0.00    0.00    0.00    0.00  -67.08  -25.38    4.01    0.72  -65.76  -16.92   -5.33   -9.18    0.00
--> Name of file number  32:                                                     
md_1_0703_0297.en      1    949 0.703000 -180.07    0.00    0.00    0.00    0.00 -164.54  -15.53    5.49    2.53 -128.23  -11.40  -41.80   -6.65    0.00
md_1_0703_0297.en      2    949 0.297000  -89.70    0.00    0.00    0.00    0.00  -62.86  -26.84    4.35    0.69  -66.44  -17.16   -0.77  -10.36    0.00
--> Name of file number  33:                                                     
md_1_0681_0319.en      1    949 0.681000 -178.13    0.00    0.00    0.00    0.00 -162.11  -16.02    5.49    2.58 -128.53  -12.13  -39.07   -6.47    0.00
md_1_0681_0319.en      2    949 0.319000  -91.40    0.00    0.00    0.00    0.00  -63.93  -27.46    4.20    0.65  -67.05  -17.79   -1.08  -10.32    0.00
--> Name of file number  34:                                                     
md_1_0657_0343.en      1    949 0.657000 -178.62    0.00    0.00    0.00    0.00 -163.85  -14.76    5.55    2.65 -123.78  -11.44  -45.62   -5.97    0.00
md_1_0657_0343.en      2    949 0.343000  -93.39    0.00    0.00    0.00    0.00  -67.32  -26.07    3.90    0.82  -65.44  -17.15   -5.78   -9.74    0.00
--> Name of file number  35:                                                     
md_1_0632_0368.en      1    949 0.632000 -175.35    0.00    0.00    0.00    0.00 -159.50  -15.85    5.81    2.81 -122.14  -12.10  -43.17   -6.56    0.00
md_1_0632_0368.en      2    949 0.368000  -93.32    0.00    0.00    0.00    0.00  -66.33  -26.99    3.88    0.89  -65.57  -17.69   -4.65  -10.19    0.00
--> Name of file number  36:                                                     
md_1_0606_0394.en      1    949 0.606000 -169.82    0.00    0.00    0.00    0.00 -152.87  -16.95    5.39    2.83 -137.58  -12.41  -20.68   -7.37    0.00
md_1_0606_0394.en      2    949 0.394000  -96.05    0.00    0.00    0.00    0.00  -68.01  -28.04    4.22    0.79  -66.83  -19.00   -5.40   -9.84    0.00
--> Name of file number  37:                                                     
md_1_0578_0422.en      1    949 0.578000 -163.54    0.00    0.00    0.00    0.00 -145.76  -17.77    5.80    2.59 -137.42  -13.87  -14.14   -6.50    0.00
md_1_0578_0422.en      2    949 0.422000  -96.42    0.00    0.00    0.00    0.00  -68.17  -28.25    4.35    0.72  -67.17  -19.76   -5.35   -9.21    0.00
--> Name of file number  38:                                                     
md_1_0548_0452.en      1    949 0.548000 -165.80    0.00    0.00    0.00    0.00 -150.80  -15.00    5.98    3.15 -141.39  -12.39  -15.38   -5.76    0.00
md_1_0548_0452.en      2    949 0.452000  -95.41    0.00    0.00    0.00    0.00  -69.92  -25.50    4.15    1.08  -66.07  -17.82   -8.00   -8.75    0.00
--> Name of file number  39:                                                     
md_1_0516_0484.en      1    949 0.516000 -157.46    0.00    0.00    0.00    0.00 -142.02  -15.44    5.40    3.24 -131.32  -13.10  -16.10   -5.57    0.00
md_1_0516_0484.en      2    949 0.484000  -95.35    0.00    0.00    0.00    0.00  -69.66  -25.70    4.33    1.04  -65.24  -18.45   -8.74   -8.29    0.00
--> Name of file number  40:                                                     
md_1_0482_0518.en      1    949 0.482000 -154.92    0.00    0.00    0.00    0.00 -137.80  -17.12    5.30    3.20 -132.34  -14.27  -10.77   -6.05    0.00
md_1_0482_0518.en      2    949 0.518000  -96.35    0.00    0.00    0.00    0.00  -68.80  -27.56    4.02    1.07  -65.33  -19.87   -7.49   -8.76    0.00
--> Name of file number  41:                                                     
md_1_0446_0554.en      1    949 0.446000 -147.72    0.00    0.00    0.00    0.00 -129.82  -17.90    5.90    3.06 -128.62  -15.52   -7.09   -5.45    0.00
md_1_0446_0554.en      2    949 0.554000  -96.77    0.00    0.00    0.00    0.00  -69.04  -27.73    4.04    0.96  -66.23  -20.61   -6.85   -8.09    0.00
--> Name of file number  42:                                                     
md_1_0408_0592.en      1    949 0.408000 -143.07    0.00    0.00    0.00    0.00 -122.36  -20.71    5.52    2.75 -117.73  -15.45  -10.15   -8.00    0.00
md_1_0408_0592.en      2    949 0.592000  -94.14    0.00    0.00    0.00    0.00  -64.35  -29.78    4.76    0.74  -68.37  -20.12   -0.74  -10.40    0.00
--> Name of file number  43:                                                     
md_1_0367_0633.en      1    949 0.367000 -138.80    0.00    0.00    0.00    0.00 -118.18  -20.62    5.48    2.89 -114.14  -15.78   -9.52   -7.73    0.00
md_1_0367_0633.en      2    949 0.633000  -94.45    0.00    0.00    0.00    0.00  -64.87  -29.58    4.52    0.79  -67.59  -20.01   -1.80  -10.36    0.00
--> Name of file number  44:                                                     
md_1_0324_0676.en      1    949 0.324000 -134.67    0.00    0.00    0.00    0.00 -114.37  -20.30    5.70    3.12 -117.75  -15.63   -2.32   -7.80    0.00
md_1_0324_0676.en      2    949 0.676000  -94.84    0.00    0.00    0.00    0.00  -65.20  -29.64    4.24    0.94  -67.06  -20.01   -2.39  -10.56    0.00
--> Name of file number  45:                                                     
md_1_0278_0722.en      1    949 0.278000 -131.13    0.00    0.00    0.00    0.00 -113.26  -17.87    6.02    3.45 -115.90  -14.98   -3.37   -6.34    0.00
md_1_0278_0722.en      2    949 0.722000  -96.09    0.00    0.00    0.00    0.00  -68.71  -27.38    4.33    1.10  -65.88  -19.58   -7.15   -8.90    0.00
--> Name of file number  46:                                                     
md_1_0229_0771.en      1    949 0.229000 -124.06    0.00    0.00    0.00    0.00 -105.79  -18.27    7.10    3.70 -110.15  -15.85   -2.74   -6.12    0.00
md_1_0229_0771.en      2    949 0.771000  -96.42    0.00    0.00    0.00    0.00  -68.43  -27.99    4.53    1.25  -66.22  -20.35   -6.75   -8.89    0.00
--> Name of file number  47:                                                     
md_1_0177_0823.en      1    949 0.177000 -119.79    0.00    0.00    0.00    0.00 -100.89  -18.91    5.87    3.19 -113.20  -16.46    6.44   -5.64    0.00
md_1_0177_0823.en      2    949 0.823000  -97.08    0.00    0.00    0.00    0.00  -68.62  -28.47    3.74    1.13  -66.07  -21.08   -6.29   -8.51    0.00
--> Name of file number  48:                                                     
md_1_0121_0879.en      1    949 0.121000 -114.75    0.00    0.00    0.00    0.00  -94.93  -19.81    6.06    3.13 -101.94  -17.01    0.95   -5.93    0.00
md_1_0121_0879.en      2    949 0.879000  -97.22    0.00    0.00    0.00    0.00  -68.24  -28.98    4.19    1.00  -67.17  -21.24   -5.25   -8.73    0.00
--> Name of file number  49:                                                     
md_1_0062_0938.en      1    949 0.062000 -104.75    0.00    0.00    0.00    0.00  -85.59  -19.16    6.23    3.19  -92.25  -16.27    0.43   -6.08    0.00
md_1_0062_0938.en      2    949 0.938000  -97.22    0.00    0.00    0.00    0.00  -68.51  -28.70    4.24    0.98  -67.10  -20.27   -5.65   -9.42    0.00
--> Name of file number  50:                                                     
md_1_0000_1000.en      1    949 0.000000  -97.73    0.00    0.00    0.00    0.00  -79.78  -17.95    6.45    3.38  -95.09  -16.19    8.86   -5.14    0.00
md_1_0000_1000.en      2    949 1.000000  -95.90    0.00    0.00    0.00    0.00  -67.74  -28.16    4.23    1.07  -67.47  -20.40   -4.50   -8.83    0.00


# Part 1: Free energy perturbation summary:
# lambda(1)      dGf sum(dGf)      dGr sum(dGr)     <dG>
   1.000000    0.000    0.000   -0.389  -63.328    0.000
   0.997000    0.386    0.386   -0.522  -62.939    0.388
   0.993000    0.517    0.904   -0.517  -62.416    0.908
   0.989000    0.520    1.424   -0.514  -61.899    1.426
   0.985000    0.516    1.939   -0.501  -61.385    1.941
   0.981000    0.512    2.452   -0.500  -60.884    2.448
   0.977000    0.499    2.951   -0.616  -60.384    2.947
   0.972000    0.622    3.573   -0.612  -59.768    3.566
   0.967000    0.612    4.185   -0.743  -59.156    4.179
   0.961000    0.730    4.915   -0.617  -58.413    4.915
   0.956000    0.615    5.530   -0.733  -57.797    5.531
   0.950000    0.736    6.267   -0.847  -57.063    6.265
   0.943000    0.850    7.116   -0.845  -56.216    7.114
   0.936000    0.842    7.958   -0.850  -55.371    7.957
   0.929000    0.840    8.798   -0.955  -54.521    8.802
   0.921000    0.963    9.761   -0.944  -53.566    9.762
   0.913000    0.948   10.709   -1.068  -52.622   10.707
   0.904000    1.053   11.762   -1.036  -51.554   11.768
   0.895000    1.058   12.820   -1.150  -50.518   12.815
   0.885000    1.139   13.959   -1.254  -49.368   13.960
   0.874000    1.250   15.209   -1.226  -48.114   15.212
   0.863000    1.234   16.443   -1.340  -46.887   16.442
   0.851000    1.321   17.763   -1.442  -45.547   17.772
   0.838000    1.430   19.193   -1.394  -44.105   19.208
   0.825000    1.420   20.614   -1.563  -42.711   20.615
   0.810000    1.583   22.197   -1.572  -41.148   22.189
   0.795000    1.534   23.730   -1.634  -39.576   23.741
   0.779000    1.647   25.378   -1.754  -37.942   25.382
   0.761000    1.786   27.164   -1.710  -36.188   27.152
   0.743000    1.704   28.868   -1.813  -34.479   28.859
   0.724000    1.761   30.629   -1.930  -32.665   30.646
   0.703000    1.943   32.571   -1.943  -30.735   32.582
   0.681000    1.953   34.525   -2.099  -28.792   34.530
   0.657000    2.039   36.563   -2.095  -26.693   36.599
   0.632000    2.072   38.635   -1.968  -24.598   38.683
   0.606000    2.084   40.719   -1.933  -22.630   40.708
   0.578000    2.009   42.728   -2.169  -20.697   42.679
   0.548000    1.955   44.683   -2.058  -18.528   44.742
   0.516000    2.186   46.869   -2.058  -16.470   46.864
   0.482000    2.033   48.902   -1.911  -14.412   48.909
   0.446000    2.035   50.938   -1.952  -12.500   50.883
   0.408000    1.848   52.785   -1.924  -10.548   52.782
   0.367000    1.900   54.685   -1.823   -8.624   54.694
   0.324000    1.799   56.484   -1.755   -6.801   56.505
   0.278000    1.708   58.192   -1.478   -5.046   58.237
   0.229000    1.556   59.748   -1.357   -3.568   59.754
   0.177000    1.295   61.043   -1.178   -2.211   61.080
   0.121000    1.069   62.112   -0.642   -1.033   62.204
   0.062000    0.805   62.917   -0.390   -0.390   62.927
   0.000000    0.238   63.155    0.000    0.000   63.242

# Min energy-gap is:   -246.19
# Max energy-gap is:    -63.97


# Part 2: Reaction free energy summary:
# Lambda(1)  bin Energy gap      dGa     dGb     dGg    # pts    c1**2    c2**2
   1.000000    5    -229.79     0.00   134.89    -0.00     78    0.000    0.000
   1.000000    6    -226.14     0.00   132.55    -0.00    104    0.000    0.000
   1.000000    7    -222.50     0.00   128.85     0.00    127    0.000    0.000
   1.000000    8    -218.85     0.00   123.44    -0.00    152    0.000    0.000
   1.000000    9    -215.21     0.00   122.11    -0.00    145    0.000    0.000
   1.000000   10    -211.57     0.00   118.00     0.00    115    0.000    0.000
   1.000000   11    -207.92     0.00   115.40     0.00     84    0.000    0.000
   1.000000   12    -204.28     0.00   111.76    -0.00     50    0.000    0.000
   0.997000    5    -229.79    -0.03   136.74    -0.03     61    0.000    0.000
   0.997000    6    -226.14    -0.02   132.47    -0.02    113    0.000    0.000
   0.997000    7    -222.50    -0.01   128.69    -0.01    163    0.000    0.000
   0.997000    8    -218.85    -0.00   126.36    -0.00    144    0.000    0.000
   0.997000    9    -215.21     0.01   123.43     0.01    141    0.000    0.000
   0.997000   10    -211.57     0.02   120.34     0.02    132    0.000    0.000
   0.997000   11    -207.92     0.03   115.93     0.03     68    0.000    0.000
   0.997000   12    -204.28     0.04   112.48     0.04     51    0.000    0.000
   0.993000    4    -233.43    -0.10   139.86    -0.10     51    0.000    0.000
   0.993000    5    -229.79    -0.07   136.02    -0.07     75    0.000    0.000
   0.993000    6    -226.14    -0.05   131.43    -0.05    118    0.000    0.000
   0.993000    7    -222.50    -0.02   127.55    -0.02    155    0.000    0.000
   0.993000    8    -218.85     0.00   123.10     0.00    165    0.000    0.000
   0.993000    9    -215.21     0.02   119.24     0.02    140    0.000    0.000
   0.993000   10    -211.57     0.05   117.76     0.05     79    0.000    0.000
   0.993000   11    -207.92     0.07   112.72     0.07     67    0.000    0.000
   0.989000    5    -229.79    -0.11   134.85    -0.11     53    0.000    0.000
   0.989000    6    -226.14    -0.08   132.69    -0.08    115    0.000    0.000
   0.989000    7    -222.50    -0.05   129.89    -0.05    139    0.000    0.000
   0.989000    8    -218.85    -0.01   126.32    -0.01    159    0.000    0.000
   0.989000    9    -215.21     0.04   122.33     0.04    137    0.000    0.000
   0.989000   10    -211.57     0.07   118.86     0.07    129    0.000    0.000
   0.989000   11    -207.92     0.10   115.70     0.10     95    0.000    0.000
   0.985000    5    -229.79    -0.17   138.38    -0.17     51    0.000    0.000
   0.985000    6    -226.14    -0.13   133.90    -0.13     76    0.000    0.000
   0.985000    7    -222.50    -0.08   129.19    -0.08    118    0.000    0.000
   0.985000    8    -218.85    -0.02   126.00    -0.02    153    0.000    0.000
   0.985000    9    -215.21     0.02   124.41     0.02    152    0.000    0.000
   0.985000   10    -211.57     0.07   120.74     0.07    147    0.000    0.000
   0.985000   11    -207.92     0.13   115.68     0.13    118    0.000    0.000
   0.985000   12    -204.28     0.16   115.24     0.16     72    0.000    0.000
   0.981000    7    -222.50    -0.09   130.13    -0.09     86    0.000    0.000
   0.981000    8    -218.85    -0.03   125.25    -0.03    149    0.000    0.000
   0.981000    9    -215.21     0.03   122.14     0.03    164    0.000    0.000
   0.981000   10    -211.57     0.10   119.23     0.10    150    0.000    0.000
   0.981000   11    -207.92     0.17   116.42     0.17    133    0.000    0.000
   0.981000   12    -204.28     0.23   111.02     0.23     99    0.000    0.000
   0.981000   13    -200.63     0.30   108.95     0.30     50    0.000    0.000
   0.977000    6    -226.14    -0.18   132.45    -0.18     54    0.000    0.000
   0.977000    7    -222.50    -0.09   128.35    -0.09    120    0.000    0.000
   0.977000    8    -218.85    -0.01   125.43    -0.01    147    0.000    0.000
   0.977000    9    -215.21     0.07   121.33     0.07    134    0.000    0.000
   0.977000   10    -211.57     0.14   118.66     0.14    149    0.000    0.000
   0.977000   11    -207.92     0.22   114.79     0.22    135    0.000    0.000
   0.977000   12    -204.28     0.29   112.56     0.29     89    0.000    0.000
   0.972000    7    -222.50    -0.14   128.99    -0.14     76    0.000    0.000
   0.972000    8    -218.85    -0.05   125.36    -0.05    120    0.000    0.000
   0.972000    9    -215.21     0.04   119.39     0.04    147    0.000    0.000
   0.972000   10    -211.57     0.15   113.61     0.15    141    0.000    0.000
   0.972000   11    -207.92     0.24   115.42     0.24    129    0.000    0.000
   0.972000   12    -204.28     0.34   108.65     0.34    109    0.000    0.000
   0.972000   13    -200.63     0.44   106.98     0.44     68    0.000    0.000
   0.967000    6    -226.14    -0.31   132.94    -0.31     51    0.000    0.000
   0.967000    7    -222.50    -0.16   128.18    -0.16     66    0.000    0.000
   0.967000    8    -218.85    -0.06   124.76    -0.06    126    0.000    0.000
   0.967000    9    -215.21     0.05   119.06     0.05    127    0.000    0.000
   0.967000   10    -211.57     0.15   117.57     0.15    150    0.000    0.000
   0.967000   11    -207.92     0.25   114.32     0.25    150    0.000    0.000
   0.967000   12    -204.28     0.39   112.14     0.39    100    0.000    0.000
   0.967000   13    -200.63     0.48   109.47     0.48     66    0.000    0.000
   0.961000    6    -226.14    -0.39   131.77    -0.39     61    0.000    0.000
   0.961000    7    -222.50    -0.28   128.90    -0.28     80    0.000    0.000
   0.961000    8    -218.85    -0.12   124.78    -0.12    125    0.000    0.000
   0.961000    9    -215.21    -0.01   121.02    -0.01    142    0.000    0.000
   0.961000   10    -211.57     0.14   118.92     0.14    160    0.000    0.000
   0.961000   11    -207.92     0.26   115.50     0.26    112    0.000    0.000
   0.961000   12    -204.28     0.39   111.60     0.39    108    0.000    0.000
   0.961000   13    -200.63     0.54   108.85     0.54     56    0.000    0.000
   0.956000    6    -226.14    -0.44   131.92    -0.44     57    0.000    0.000
   0.956000    7    -222.50    -0.29   128.60    -0.29     76    0.000    0.000
   0.956000    8    -218.85    -0.14   125.08    -0.14    119    0.000    0.000
   0.956000    9    -215.21     0.00   121.54     0.00    152    0.000    0.000
   0.956000   10    -211.57     0.15   117.15     0.15    163    0.000    0.000
   0.956000   11    -207.92     0.30   115.75     0.30    134    0.000    0.000
   0.956000   12    -204.28     0.44   112.34     0.44     96    0.000    0.000
   0.956000   13    -200.63     0.59   109.80     0.59     63    0.000    0.000
   0.950000    7    -222.50    -0.39   130.04    -0.39     62    0.000    0.000
   0.950000    8    -218.85    -0.21   125.53    -0.21    104    0.000    0.000
   0.950000    9    -215.21    -0.04   122.85    -0.04    155    0.000    0.000
   0.950000   10    -211.57     0.13   119.44     0.13    146    0.000    0.000
   0.950000   11    -207.92     0.29   116.20     0.29    140    0.000    0.000
   0.950000   12    -204.28     0.46   112.81     0.46    129    0.000    0.000
   0.950000   13    -200.63     0.67   108.29     0.67     73    0.000    0.000
   0.943000    8    -218.85    -0.29   126.28    -0.29     76    0.000    0.000
   0.943000    9    -215.21    -0.10   123.43    -0.10    122    0.000    0.000
   0.943000   10    -211.57     0.08   119.56     0.08    170    0.000    0.000
   0.943000   11    -207.92     0.27   115.82     0.27    168    0.000    0.000
   0.943000   12    -204.28     0.45   113.02     0.45    148    0.000    0.000
   0.943000   13    -200.63     0.66   110.71     0.66     93    0.000    0.000
   0.943000   14    -196.99     0.87   104.85     0.87     54    0.000    0.000
   0.936000    7    -222.50    -0.46   126.23    -0.46     67    0.000    0.000
   0.936000    8    -218.85    -0.21   123.56    -0.21    103    0.000    0.000
   0.936000    9    -215.21    -0.03   120.46    -0.03    164    0.000    0.000
   0.936000   10    -211.57     0.21   117.14     0.21    143    0.000    0.000
   0.936000   11    -207.92     0.43   113.82     0.43    158    0.000    0.000
   0.936000   12    -204.28     0.59   111.37     0.59    118    0.000    0.000
   0.936000   13    -200.63     0.80   108.81     0.80     74    0.000    0.000
   0.929000    8    -218.85    -0.45   125.53    -0.45     85    0.000    0.000
   0.929000    9    -215.21    -0.19   121.12    -0.19    135    0.000    0.000
   0.929000   10    -211.57     0.06   118.24     0.06    151    0.000    0.000
   0.929000   11    -207.92     0.28   116.13     0.28    155    0.000    0.000
   0.929000   12    -204.28     0.53   111.01     0.53    123    0.000    0.000
   0.929000   13    -200.63     0.79   109.93     0.79     95    0.000    0.000
   0.921000    7    -222.50    -0.63   128.05    -0.63     52    0.000    0.000
   0.921000    8    -218.85    -0.38   122.91    -0.38     94    0.000    0.000
   0.921000    9    -215.21    -0.10   120.50    -0.10    145    0.000    0.000
   0.921000   10    -211.57     0.14   114.74     0.14    156    0.000    0.000
   0.921000   11    -207.92     0.47   110.95     0.47    178    0.000    0.000
   0.921000   12    -204.28     0.71   109.28     0.71    133    0.000    0.000
   0.921000   13    -200.63     0.99   107.59     0.99     71    0.000    0.000
   0.921000   14    -196.99     1.32   103.11     1.32     53    0.000    0.000
   0.913000    8    -218.85    -0.45   123.66    -0.45     68    0.000    0.000
   0.913000    9    -215.21    -0.18   119.65    -0.18    128    0.000    0.000
   0.913000   10    -211.57     0.13   117.30     0.13    142    0.000    0.000
   0.913000   11    -207.92     0.45   113.74     0.45    180    0.000    0.000
   0.913000   12    -204.28     0.72   111.30     0.72    139    0.000    0.000
   0.913000   13    -200.63     1.04   108.35     1.04    113    0.000    0.000
   0.913000   14    -196.99     1.38   104.79     1.38     68    0.000    0.000
   0.904000    8    -218.85    -0.54   121.54    -0.54     83    0.000    0.000
   0.904000    9    -215.21    -0.22   120.34    -0.22    122    0.000    0.000
   0.904000   10    -211.57     0.12   115.77     0.12    160    0.000    0.000
   0.904000   11    -207.92     0.45   114.36     0.45    140    0.000    0.000
   0.904000   12    -204.28     0.74   111.75     0.74    129    0.000    0.000
   0.904000   13    -200.63     1.05   108.50     1.05    109    0.000    0.000
   0.904000   14    -196.99     1.42   105.19     1.42     66    0.000    0.000
   0.895000    8    -218.85    -0.58   122.14    -0.58     56    0.000    0.000
   0.895000    9    -215.21    -0.20   119.05    -0.20    101    0.000    0.000
   0.895000   10    -211.57     0.25   114.59     0.25    113    0.000    0.000
   0.895000   11    -207.92     0.53   110.05     0.53    160    0.000    0.000
   0.895000   12    -204.28     0.93   107.94     0.93    147    0.000    0.000
   0.895000   13    -200.63     1.20   106.26     1.20    142    0.000    0.000
   0.895000   14    -196.99     1.59    99.73     1.59     90    0.000    0.000
   0.885000    8    -218.85    -0.56   122.04    -0.56     68    0.000    0.000
   0.885000    9    -215.21    -0.17   118.22    -0.17    109    0.000    0.000
   0.885000   10    -211.57     0.22   115.48     0.22    136    0.000    0.000
   0.885000   11    -207.92     0.63   112.59     0.63    165    0.000    0.000
   0.885000   12    -204.28     1.08   109.26     1.08    142    0.000    0.000
   0.885000   13    -200.63     1.49   106.37     1.49    121    0.000    0.000
   0.885000   14    -196.99     1.88   103.71     1.88     77    0.000    0.000
   0.874000    8    -218.85    -0.69   120.94    -0.69     64    0.000    0.000
   0.874000    9    -215.21    -0.27   118.70    -0.27     85    0.000    0.000
   0.874000   10    -211.57     0.16   115.69     0.16     97    0.000    0.000
   0.874000   11    -207.92     0.54   111.19     0.54    131    0.000    0.000
   0.874000   12    -204.28     1.00   109.98     1.00    127    0.000    0.000
   0.874000   13    -200.63     1.42   105.07     1.42    114    0.000    0.000
   0.874000   14    -196.99     1.90   104.05     1.90    106    0.000    0.000
   0.874000   15    -193.34     2.41    99.80     2.41     77    0.000    0.000
   0.863000    9    -215.21    -0.17   118.16    -0.17     69    0.000    0.000
   0.863000   10    -211.57     0.25   114.49     0.25    120    0.000    0.000
   0.863000   11    -207.92     0.61   111.58     0.61    151    0.000    0.000
   0.863000   12    -204.28     1.08   109.42     1.08    137    0.000    0.000
   0.863000   13    -200.63     1.57   104.40     1.57    131    0.000    0.000
   0.863000   14    -196.99     1.97   101.97     1.97    118    0.000    0.000
   0.863000   15    -193.34     2.42   101.52     2.42     78    0.000    0.000
   0.851000    9    -215.21    -0.35   118.31    -0.35     67    0.000    0.000
   0.851000   10    -211.57     0.12   113.74     0.12    110    0.000    0.000
   0.851000   11    -207.92     0.63   109.30     0.63    138    0.000    0.000
   0.851000   12    -204.28     1.11   108.35     1.11    147    0.000    0.000
   0.851000   13    -200.63     1.59   105.80     1.59    140    0.000    0.000
   0.851000   14    -196.99     2.06   101.99     2.06    121    0.000    0.000
   0.851000   15    -193.34     2.60   100.63     2.60     69    0.000    0.000
   0.838000    9    -215.21    -0.52   117.24    -0.52     59    0.000    0.000
   0.838000   10    -211.57     0.10   112.90     0.10    103    0.000    0.000
   0.838000   11    -207.92     0.66   109.24     0.66    154    0.000    0.000
   0.838000   12    -204.28     1.14   109.13     1.14    150    0.000    0.000
   0.838000   13    -200.63     1.69   104.83     1.69    146    0.000    0.000
   0.838000   14    -196.99     2.26   101.70     2.26    105    0.000    0.000
   0.838000   15    -193.34     2.93    99.74     2.93     93    0.000    0.000
   0.825000   10    -211.57    -0.30   114.86    -0.30     63    0.000    0.000
   0.825000   11    -207.92     0.46   112.03     0.46    113    0.000    0.000
   0.825000   12    -204.28     1.27   108.16     1.27    126    0.000    0.000
   0.825000   13    -200.63     1.70   105.79     1.70    172    0.000    0.000
   0.825000   14    -196.99     2.32   102.67     2.32    146    0.000    0.000
   0.825000   15    -193.34     2.87   100.04     2.87    135    0.000    0.000
   0.825000   16    -189.70     3.42    98.08     3.42     71    0.000    0.000
   0.810000   11    -207.92     0.66   110.92     0.66     98    0.000    0.000
   0.810000   12    -204.28     1.25   108.30     1.25    118    0.000    0.000
   0.810000   13    -200.63     1.83   105.66     1.83    127    0.000    0.000
   0.810000   14    -196.99     2.46   102.54     2.46    145    0.000    0.000
   0.810000   15    -193.34     3.22    99.60     3.22    140    0.000    0.000
   0.810000   16    -189.70     3.80    96.89     3.80    103    0.000    0.000
   0.810000   17    -186.06     4.53    94.77     4.53     66    0.000    0.000
   0.795000   11    -207.92     0.01   110.41     0.01     69    0.000    0.000
   0.795000   12    -204.28     0.67   108.34     0.67    125    0.000    0.000
   0.795000   13    -200.63     1.38   104.81     1.38    137    0.000    0.000
   0.795000   14    -196.99     2.11   103.42     2.11    142    0.000    0.000
   0.795000   15    -193.34     2.64    99.73     2.64    155    0.000    0.000
   0.795000   16    -189.70     3.34    97.75     3.34    128    0.000    0.000
   0.795000   17    -186.06     3.92    95.08     3.92     69    0.000    0.000
   0.779000   11    -207.92     0.02   110.14     0.02     53    0.000    0.000
   0.779000   12    -204.28     0.69   107.94     0.69     79    0.000    0.000
   0.779000   13    -200.63     1.34   105.71     1.34    129    0.000    0.000
   0.779000   14    -196.99     2.06   103.12     2.06    127    0.000    0.000
   0.779000   15    -193.34     2.88    99.66     2.88    137    0.000    0.000
   0.779000   16    -189.70     3.67    97.48     3.67    125    0.000    0.000
   0.779000   17    -186.06     4.35    94.15     4.35     83    0.000    0.000
   0.779000   18    -182.41     5.10    92.67     5.10     66    0.000    0.000
   0.761000   12    -204.28     1.21   107.03     1.21     72    0.000    0.000
   0.761000   13    -200.63     1.74   104.96     1.74     98    0.000    0.000
   0.761000   14    -196.99     2.72   101.84     2.72    113    0.000    0.000
   0.761000   15    -193.34     3.45    99.17     3.45    119    0.000    0.000
   0.761000   16    -189.70     4.31    96.78     4.31    133    0.000    0.000
   0.761000   17    -186.06     4.92    94.20     4.92    129    0.000    0.000
   0.761000   18    -182.41     5.79    91.27     5.79     91    0.000    0.000
   0.761000   19    -178.77     6.66    88.31     6.66     63    0.000    0.000
   0.743000   13    -200.63     1.39   105.39     1.39     65    0.000    0.000
   0.743000   14    -196.99     2.61   102.35     2.61    103    0.000    0.000
   0.743000   15    -193.34     3.28    99.32     3.28    132    0.000    0.000
   0.743000   16    -189.70     4.19    96.99     4.19    161    0.000    0.000
   0.743000   17    -186.06     5.20    94.59     5.20    152    0.000    0.000
   0.743000   18    -182.41     6.03    92.18     6.03    118    0.000    0.000
   0.743000   19    -178.77     6.87    88.35     6.87     82    0.000    0.000
   0.724000   14    -196.99     1.25   102.03     1.25     83    0.000    0.000
   0.724000   15    -193.34     2.04    99.44     2.04    106    0.000    0.000
   0.724000   16    -189.70     3.05    97.38     3.05    132    0.000    0.000
   0.724000   17    -186.06     4.10    93.88     4.10    142    0.000    0.000
   0.724000   18    -182.41     4.98    92.16     4.98    137    0.000    0.000
   0.724000   19    -178.77     5.81    90.29     5.81    103    0.000    0.000
   0.724000   20    -175.12     6.88    87.92     6.88     75    0.000    0.000
   0.724000   21    -171.48     7.65    85.74     7.65     55    0.000    0.000
   0.703000   16    -189.70     2.53    99.96     2.53    103    0.000    0.000
   0.703000   17    -186.06     3.56    97.37     3.56    108    0.000    0.000
   0.703000   18    -182.41     4.62    94.86     4.62    140    0.000    0.000
   0.703000   19    -178.77     5.62    93.30     5.62    137    0.000    0.000
   0.703000   20    -175.12     6.73    90.78     6.73    117    0.000    0.000
   0.703000   21    -171.48     7.56    88.23     7.56    121    0.000    0.000
   0.703000   22    -167.83     9.02    85.75     9.02     59    0.000    0.000
   0.681000   16    -189.70     2.73    99.59     2.73     67    0.000    0.000
   0.681000   17    -186.06     3.98    96.59     3.98    101    0.000    0.000
   0.681000   18    -182.41     5.05    93.82     5.05    141    0.000    0.000
   0.681000   19    -178.77     6.20    92.18     6.20    141    0.000    0.000
   0.681000   20    -175.12     6.97    89.68     6.97    138    0.000    0.000
   0.681000   21    -171.48     8.49    87.95     8.49    114    0.000    0.000
   0.681000   22    -167.83     9.31    84.89     9.31     71    0.000    0.000
   0.681000   23    -164.19    10.40    82.22    10.40     61    0.000    0.000
   0.657000   16    -189.70     2.65    96.06     2.65     76    0.000    0.000
   0.657000   17    -186.06     3.68    94.59     3.68    103    0.000    0.000
   0.657000   18    -182.41     5.18    92.58     5.18    123    0.000    0.000
   0.657000   19    -178.77     6.21    88.98     6.21    149    0.000    0.000
   0.657000   20    -175.12     7.29    87.65     7.29    119    0.000    0.000
   0.657000   21    -171.48     8.64    85.35     8.64    111    0.000    0.000
   0.657000   22    -167.83     9.68    82.18     9.68     69    0.000    0.000
   0.657000   23    -164.19    10.63    79.40    10.63     54    0.000    0.000
   0.632000   17    -186.06     4.28    94.07     4.28     95    0.000    0.000
   0.632000   18    -182.41     4.85    91.71     4.85    108    0.000    0.000
   0.632000   19    -178.77     6.26    89.69     6.26    128    0.000    0.000
   0.632000   20    -175.12     7.97    87.83     7.97    152    0.000    0.000
   0.632000   21    -171.48     8.90    86.46     8.90    131    0.000    0.000
   0.632000   22    -167.83    10.38    83.55    10.38     93    0.000    0.000
   0.632000   23    -164.19    10.74    82.07    10.74     63    0.000    0.000
   0.606000   18    -182.41     5.39    90.83     5.39     68    0.000    0.000
   0.606000   19    -178.77     7.05    88.49     7.05     96    0.000    0.000
   0.606000   20    -175.12     8.61    86.69     8.61    109    0.000    0.000
   0.606000   21    -171.48     9.79    84.47     9.79    146    0.000    0.000
   0.606000   22    -167.83    11.03    82.34    11.03    144    0.000    0.000
   0.606000   23    -164.19    12.48    80.01    12.48    137    0.000    0.000
   0.606000   24    -160.55    13.87    78.15    13.87     95    0.000    0.000
   0.606000   25    -156.90    14.93    76.55    14.93     58    0.000    0.000
   0.578000   20    -175.12     8.67    85.55     8.67     61    0.000    0.000
   0.578000   21    -171.48     9.70    84.20     9.70    115    0.000    0.000
   0.578000   22    -167.83    11.47    82.21    11.47    133    0.000    0.000
   0.578000   23    -164.19    12.84    80.02    12.84    147    0.000    0.000
   0.578000   24    -160.55    14.58    78.06    14.58    144    0.000    0.000
   0.578000   25    -156.90    15.42    76.12    15.42    122    0.000    0.000
   0.578000   26    -153.26    17.06    73.61    17.06     81    0.000    0.000
   0.548000   20    -175.12     7.46    86.39     7.46     83    0.000    0.000
   0.548000   21    -171.48     9.27    84.10     9.27    128    0.000    0.000
   0.548000   22    -167.83    10.43    82.16    10.43    170    0.000    0.000
   0.548000   23    -164.19    11.88    80.34    11.88    156    0.000    0.000
   0.548000   24    -160.55    13.71    79.28    13.71    129    0.000    0.000
   0.548000   25    -156.90    15.04    76.69    15.04     94    0.000    0.000
   0.548000   26    -153.26    17.51    74.91    17.51     56    0.000    0.000
   0.516000   21    -171.48     9.38    84.00     9.38     60    0.000    0.000
   0.516000   22    -167.83    10.66    82.49    10.66     91    0.000    0.000
   0.516000   23    -164.19    12.35    80.78    12.35    111    0.000    0.000
   0.516000   24    -160.55    14.28    79.19    14.28    136    0.000    0.000
   0.516000   25    -156.90    15.75    77.25    15.75    151    0.000    0.000
   0.516000   26    -153.26    17.17    75.78    17.17    123    0.000    0.000
   0.516000   27    -149.61    19.01    74.19    19.01     97    0.000    0.000
   0.516000   28    -145.97    21.09    72.31    21.09     76    0.000    0.000
   0.482000   22    -167.83    11.41    81.14    11.41     57    0.000    0.000
   0.482000   23    -164.19    12.60    80.22    12.60     79    0.000    0.000
   0.482000   24    -160.55    13.57    78.26    13.57    137    0.000    0.000
   0.482000   25    -156.90    15.97    76.67    15.97    148    0.000    0.000
   0.482000   26    -153.26    17.94    75.16    17.94    156    0.000    0.000
   0.482000   27    -149.61    19.49    73.25    19.49    134    0.000    0.000
   0.482000   28    -145.97    20.50    71.48    20.50    100    0.000    0.000
   0.446000   24    -160.55    15.03    77.58    15.03     59    0.000    0.000
   0.446000   25    -156.90    15.92    76.55    15.92     98    0.000    0.000
   0.446000   26    -153.26    18.10    75.12    18.10    121    0.000    0.000
   0.446000   27    -149.61    20.32    73.58    20.32    175    0.000    0.000
   0.446000   28    -145.97    22.33    72.10    22.33    144    0.000    0.000
   0.446000   29    -142.32    23.59    70.62    23.59    115    0.000    0.000
   0.446000   30    -138.68    26.06    69.12    26.06     87    0.000    0.000
   0.446000   31    -135.04    27.27    67.57    27.27     55    0.000    0.000
   0.408000   26    -153.26    16.34    74.76    16.34     83    0.000    0.000
   0.408000   27    -149.61    17.74    73.92    17.74    120    0.000    0.000
   0.408000   28    -145.97    19.93    72.83    19.93    140    0.000    0.000
   0.408000   29    -142.32    21.76    70.38    21.76    146    0.000    0.000
   0.408000   30    -138.68    23.38    70.07    23.38    138    0.000    0.000
   0.408000   31    -135.04    25.34    68.87    25.34    107    0.000    0.000
   0.408000   32    -131.39    27.85    67.70    27.85     65    0.000    0.000
   0.367000   27    -149.61    17.14    73.11    17.14     67    0.000    0.000
   0.367000   28    -145.97    20.23    72.16    20.23    112    0.000    0.000
   0.367000   29    -142.32    22.93    71.31    22.93    136    0.000    0.000
   0.367000   30    -138.68    23.48    70.17    23.48    149    0.000    0.000
   0.367000   31    -135.04    26.71    68.97    26.71    152    0.000    0.000
   0.367000   32    -131.39    28.66    67.53    28.66    124    0.000    0.000
   0.367000   33    -127.75    31.91    66.54    31.91     67    0.000    0.000
   0.324000   28    -145.97    20.91    72.06    20.91     62    0.000    0.000
   0.324000   29    -142.32    22.56    71.01    22.56     97    0.000    0.000
   0.324000   30    -138.68    24.65    69.76    24.65    132    0.000    0.000
   0.324000   31    -135.04    26.20    68.86    26.20    170    0.000    0.000
   0.324000   32    -131.39    28.79    67.84    28.79    143    0.000    0.000
   0.324000   33    -127.75    29.73    66.87    29.73    114    0.000    0.000
   0.324000   34    -124.10    33.62    65.74    33.62     81    0.000    0.000
   0.278000   29    -142.32    22.25    70.45    22.25     74    0.000    0.000
   0.278000   30    -138.68    24.93    69.60    24.93    100    0.000    0.000
   0.278000   31    -135.04    27.25    68.48    27.25    134    0.000    0.000
   0.278000   32    -131.39    29.29    67.64    29.29    163    0.000    0.000
   0.278000   33    -127.75    31.54    66.65    31.54    142    0.000    0.000
   0.278000   34    -124.10    35.46    65.70    35.46    110    0.000    0.000
   0.278000   35    -120.46    35.80    64.71    35.80     72    0.000    0.000
   0.229000   31    -135.04    29.37    68.08    29.37     82    0.000    0.000
   0.229000   32    -131.39    31.56    67.45    31.56     96    0.000    0.000
   0.229000   33    -127.75    33.50    66.66    33.50    133    0.000    0.000
   0.229000   34    -124.10    36.37    65.83    36.37    177    0.000    0.000
   0.229000   35    -120.46    37.88    65.12    37.88    154    0.000    0.000
   0.229000   36    -116.82    40.55    64.38    40.55    111    0.000    0.000
   0.229000   37    -113.17    42.56    63.76    42.56     78    0.000    0.000
   0.177000   32    -131.39    31.23    66.83    31.23     71    0.000    0.000
   0.177000   33    -127.75    31.58    66.25    31.58    106    0.000    0.000
   0.177000   34    -124.10    36.01    65.65    36.01    121    0.000    0.000
   0.177000   35    -120.46    37.92    65.05    37.92    141    0.000    0.000
   0.177000   36    -116.82    40.59    64.45    40.59    157    0.000    0.000
   0.177000   37    -113.17    44.05    63.89    44.05    109    0.000    0.000
   0.177000   38    -109.53    46.63    63.28    46.63     95    0.000    0.000
   0.121000   33    -127.75    32.89    65.68    32.89     63    0.000    0.000
   0.121000   34    -124.10    37.32    65.29    37.32     93    0.000    0.000
   0.121000   35    -120.46    37.69    64.83    37.69    127    0.000    0.000
   0.121000   36    -116.82    41.99    64.50    41.99    140    0.000    0.000
   0.121000   37    -113.17    44.74    64.09    44.74    131    0.000    0.000
   0.121000   38    -109.53    48.38    63.65    48.38    138    0.000    0.000
   0.121000   39    -105.88    48.40    63.32    48.40     90    0.000    0.000
   0.121000   40    -102.24    52.47    62.95    52.47     56    0.000    0.000
   0.062000   36    -116.82    42.52    64.02    42.52     60    0.000    0.000
   0.062000   37    -113.17    45.27    63.84    45.27    104    0.000    0.000
   0.062000   38    -109.53    49.11    63.65    49.11    131    0.000    0.000
   0.062000   39    -105.88    51.14    63.43    51.14    161    0.000    0.000
   0.062000   40    -102.24    53.35    63.25    53.35    158    0.000    0.000
   0.062000   41     -98.59    57.41    63.03    57.41     98    0.000    0.000
   0.062000   42     -94.95    59.97    62.83    59.97     80    0.000    0.000
   0.062000   43     -91.31    63.04    62.64    62.42     52    0.000    0.000
   0.000000   38    -109.53    43.88    63.24    43.88     60    0.000    0.000
   0.000000   39    -105.88    50.58    63.24    50.58     92    0.000    0.000
   0.000000   40    -102.24    54.30    63.24    54.30    135    0.000    0.000
   0.000000   41     -98.59    56.34    63.24    56.34    143    0.000    0.000
   0.000000   42     -94.95    60.25    63.24    60.25    144    0.000    0.000
   0.000000   43     -91.31    63.47    63.24    62.97    114    0.000    0.000
   0.000000   44     -87.66    66.47    63.24    63.24     94    0.000    0.000


# Part 3: Bin-averaged summary:
# bin  energy gap  <dGg> <dGg norm> pts  <c1**2> <c2**2> <r_xy>
   4   -233.43    -0.10     0.07     51   0.000   0.000   0.000
   5   -229.79    -0.07     0.09    318   0.000   0.000   0.000
   6   -226.14    -0.14     0.03    749   0.000   0.000   0.000
   7   -222.50    -0.14     0.02   1387   0.000   0.000   0.000
   8   -218.85    -0.16     0.00   2360   0.000   0.000   0.000
   9   -215.21    -0.07     0.10   3042   0.000   0.000   0.000
  10   -211.57     0.12     0.28   3325   0.000   0.000   0.000
  11   -207.92     0.37     0.53   3576   0.000   0.000   0.000
  12   -204.28     0.72     0.88   3063   0.000   0.000   0.000
  13   -200.63     1.23     1.40   2453   0.000   0.000   0.000
  14   -196.99     2.01     2.17   1717   0.000   0.000   0.000
  15   -193.34     2.84     3.01   1241   0.000   0.000   0.000
  16   -189.70     3.47     3.63   1099   0.000   0.000   0.000
  17   -186.06     4.30     4.47   1048   0.000   0.000   0.000
  18   -182.41     5.19     5.35    992   0.000   0.000   0.000
  19   -178.77     6.26     6.43    899   0.000   0.000   0.000
  20   -175.12     7.53     7.69    854   0.000   0.000   0.000
  21   -171.48     8.89     9.05    981   0.000   0.000   0.000
  22   -167.83    10.52    10.69    887   0.000   0.000   0.000
  23   -164.19    12.01    12.17    808   0.000   0.000   0.000
  24   -160.55    14.11    14.27    700   0.000   0.000   0.000
  25   -156.90    15.59    15.76    671   0.000   0.000   0.000
  26   -153.26    17.45    17.61    620   0.000   0.000   0.000
  27   -149.61    19.04    19.20    593   0.000   0.000   0.000
  28   -145.97    20.86    21.02    634   0.000   0.000   0.000
  29   -142.32    22.61    22.78    568   0.000   0.000   0.000
  30   -138.68    24.32    24.49    606   0.000   0.000   0.000
  31   -135.04    26.84    27.00    700   0.000   0.000   0.000
  32   -131.39    29.46    29.62    662   0.000   0.000   0.000
  33   -127.75    31.81    31.97    625   0.000   0.000   0.000
  34   -124.10    35.89    36.06    582   0.000   0.000   0.000
  35   -120.46    37.54    37.70    494   0.000   0.000   0.000
  36   -116.82    41.25    41.41    468   0.000   0.000   0.000
  37   -113.17    44.29    44.45    422   0.000   0.000   0.000
  38   -109.53    47.58    47.74    424   0.000   0.000   0.000
  39   -105.88    50.27    50.44    343   0.000   0.000   0.000
  40   -102.24    53.57    53.74    349   0.000   0.000   0.000
  41    -98.59    56.77    56.94    241   0.000   0.000   0.000
  42    -94.95    60.15    60.31    224   0.000   0.000   0.000
  43    -91.31    62.80    62.96    166   0.000   0.000   0.000
  44    -87.66    63.24    63.40     94   0.000   0.000   0.000


# Part 4: Termodynamic integration:
# lambda(1)      dGti    sum(dGti) 
   1.000000    0.000    0.000
   0.997000  129.011    0.388
   0.993000  129.504    0.907
   0.989000  130.352    1.426
   0.985000  129.117    1.941
   0.981000  128.268    2.448
   0.977000  125.044    2.947
   0.972000  124.778    3.566
   0.967000  122.773    4.178
   0.961000  122.089    4.915
   0.956000  123.356    5.531
   0.950000  123.030    6.265
   0.943000  121.833    7.114
   0.936000  120.668    7.958
   0.929000  120.327    8.802
   0.921000  120.964    9.762
   0.913000  118.924   10.708
   0.904000  117.534   11.768
   0.895000  118.106   12.815
   0.885000  114.565   13.959
   0.874000  114.336   15.210
   0.863000  113.090   16.442
   0.851000  110.791   17.772
   0.838000  110.871   19.208
   0.825000  110.087   20.615
   0.810000  106.460   22.188
   0.795000  103.229   23.741
   0.779000  103.899   25.379
   0.761000  100.774   27.150
   0.743000   96.051   28.860
   0.724000   93.867   30.644
   0.703000   94.012   32.580
   0.681000   90.371   34.529
   0.657000   86.732   36.592
   0.632000   85.225   38.683
   0.606000   82.030   40.708
   0.578000   73.773   42.681
   0.548000   67.122   44.743
   0.516000   70.387   46.863
   0.482000   62.108   48.915
   0.446000   58.571   50.886
   0.408000   50.951   52.784
   0.367000   48.931   54.696
   0.324000   44.345   56.506
   0.278000   39.832   58.228
   0.229000   35.039   59.764
   0.177000   27.640   61.073
   0.121000   22.712   62.199
   0.062000   17.533   62.939
   0.000000    7.530   63.229


# Part 5: Overlap sampling Lu et al:
# lambda(1)      dG    sum(dG) 
   1.000000    0.000    0.000
   0.997000    0.388    0.388
   0.993000    0.520    0.908
   0.989000    0.519    1.426
   0.985000    0.515    1.941
   0.981000    0.507    2.448
   0.977000    0.500    2.947
   0.972000    0.619    3.566
   0.967000    0.612    4.179
   0.961000    0.736    4.915
   0.956000    0.616    5.531
   0.950000    0.735    6.265
   0.943000    0.849    7.114
   0.936000    0.843    7.958
   0.929000    0.845    8.802
   0.921000    0.959    9.762
   0.913000    0.946   10.707
   0.904000    1.060   11.768
   0.895000    1.047   12.815
   0.885000    1.145   13.960
   0.874000    1.251   15.211
   0.863000    1.231   16.442
   0.851000    1.330   17.772
   0.838000    1.436   19.208
   0.825000    1.407   20.615
   0.810000    1.573   22.188
   0.795000    1.553   23.741
   0.779000    1.639   25.380
   0.761000    1.771   27.151
   0.743000    1.708   28.859
   0.724000    1.786   30.645
   0.703000    1.936   32.581
   0.681000    1.948   34.529
   0.657000    2.066   36.596
   0.632000    2.087   38.683
   0.606000    2.026   40.708
   0.578000    1.972   42.680
   0.548000    2.062   44.742
   0.516000    2.121   46.863
   0.482000    2.049   48.912
   0.446000    1.972   50.884
   0.408000    1.899   52.783
   0.367000    1.911   54.694
   0.324000    1.810   56.504
   0.278000    1.727   58.231
   0.229000    1.526   59.757
   0.177000    1.318   61.075
   0.121000    1.126   62.201
   0.062000    0.733   62.934
   0.000000    0.303   63.237


# lambda(1)      dG    sum(dG) 
# Part 6: BAR Bennet:
   1.000000    0.000    0.000
   0.997000    0.388    0.388
   0.993000    0.520    0.907
   0.989000    0.519    1.426
   0.985000    0.515    1.941
   0.981000    0.507    2.448
   0.977000    0.500    2.947
   0.972000    0.619    3.566
   0.967000    0.612    4.178
   0.961000    0.736    4.915
   0.956000    0.616    5.531
   0.950000    0.735    6.265
   0.943000    0.849    7.114
   0.936000    0.843    7.958
   0.929000    0.845    8.802
   0.921000    0.960    9.762
   0.913000    0.946   10.708
   0.904000    1.060   11.768
   0.895000    1.047   12.815
   0.885000    1.145   13.959
   0.874000    1.251   15.210
   0.863000    1.231   16.442
   0.851000    1.330   17.772
   0.838000    1.436   19.208
   0.825000    1.408   20.615
   0.810000    1.573   22.188
   0.795000    1.553   23.741
   0.779000    1.638   25.379
   0.761000    1.771   27.150
   0.743000    1.709   28.860
   0.724000    1.785   30.644
   0.703000    1.936   32.580
   0.681000    1.948   34.528
   0.657000    2.064   36.592
   0.632000    2.091   38.683
   0.606000    2.025   40.708
   0.578000    1.972   42.680
   0.548000    2.062   44.743
   0.516000    2.120   46.863
   0.482000    2.051   48.914
   0.446000    1.972   50.885
   0.408000    1.898   52.783
   0.367000    1.911   54.694
   0.324000    1.809   56.503
   0.278000    1.722   58.225
   0.229000    1.534   59.759
   0.177000    1.310   61.070
   0.121000    1.127   62.197
   0.062000    0.739   62.936
   0.000000    0.295   63.231
