--------------------------------------------------------------------------------
Welcome to qfep version: 6.0.1
 
This version was compiled using: GCC version 11.5.0 20240719 (Red Hat 11.5.0-2)
 
And using the following compiler options: 
-cpp -D G95=1 -mtune=generic -march=x86-64-v2 -O3 -Wall -Wtabs -std=legacy -funroll-loops -ffree-line-length-none -fcray-pointer -fall-intrinsics -fstack-protector -fpre-include=/usr/include/finclude/math-vector-fortran.h

 
For command line options type qfep --help  or qcalc -h at the terminal.
 
If you are using the interactive mode and want to quit type "quit" or Ctrl-C.
--------------------------------------------------------------------------------
--> Number of energy files: # Number of files                                  =    50
--> No. of states, no. of predefined off-diag elements: # Number of states     =     2
# Number of off-diagonal elements                                              =     0
--> Give kT & num. of pts to skip & calculation mode: # kT                     = 0.592
# Number of data points to skip                                                =    50
# Only QQ interactions will be considered                                      =     0
--> Give number of gap-bins: # Number of gap-bins                              =    50
--> Give minimum # pts/bin: # Minimum number of points per bin                 =    50
--> Give alpha for state  2                                                     # Alpha for state  2              =  0.00
--> Number of off-diagonal elements: # Number of off-diagonal elements         =     0
--> linear combination of states defining reaction coord: # Linear combination coefficients=    1.00    0.00


# Part 0: Average energies for all states in all files
# file             state   pts   lambda    EQtot   EQbond  EQang   EQtor   EQimp    EQel   EQvdW  Eel_qq  EvdW_qq Eel_qp  EvdW_qp Eel_qw EvdW_qw Eqrstr
--> Name of file number   1:                                                     
md_1_1000_0000.en      1    949 1.000000 -218.44    0.00    0.00    0.00    0.00 -210.81   -7.62    5.45    2.37 -122.03   -7.81  -94.23   -2.19    0.00
md_1_1000_0000.en      2    949 0.000000  -88.90    0.00    0.00    0.00    0.00  -67.23  -21.66    5.52    0.59  -71.07  -14.69   -1.68   -7.56    0.00
--> Name of file number   2:                                                     
md_1_0997_0003.en      1    949 0.997000 -218.45    0.00    0.00    0.00    0.00 -210.14   -8.30    5.20    2.54 -119.56   -8.16  -95.78   -2.69    0.00
md_1_0997_0003.en      2    949 0.003000  -89.82    0.00    0.00    0.00    0.00  -66.91  -22.91    5.36    0.63  -71.06  -15.16   -1.21   -8.38    0.00
--> Name of file number   3:                                                     
md_1_0993_0007.en      1    949 0.993000 -217.33    0.00    0.00    0.00    0.00 -209.52   -7.81    5.17    2.42 -122.53   -7.70  -92.15   -2.53    0.00
md_1_0993_0007.en      2    949 0.007000  -88.80    0.00    0.00    0.00    0.00  -66.56  -22.24    5.36    0.57  -71.29  -14.56   -0.63   -8.26    0.00
--> Name of file number   4:                                                     
md_1_0989_0011.en      1    949 0.989000 -214.74    0.00    0.00    0.00    0.00 -205.95   -8.79    3.35    2.16 -127.53   -8.91  -81.77   -2.04    0.00
md_1_0989_0011.en      2    949 0.011000  -89.05    0.00    0.00    0.00    0.00  -65.09  -23.97    4.10    0.49  -66.60  -16.80   -2.59   -7.66    0.00
--> Name of file number   5:                                                     
md_1_0985_0015.en      1    949 0.985000 -215.54    0.00    0.00    0.00    0.00 -207.43   -8.12    3.65    1.91 -122.79   -8.59  -88.29   -1.43    0.00
md_1_0985_0015.en      2    949 0.015000  -90.88    0.00    0.00    0.00    0.00  -68.26  -22.62    4.69    0.51  -67.61  -16.49   -5.33   -6.64    0.00
--> Name of file number   6:                                                     
md_1_0981_0019.en      1    949 0.981000 -220.49    0.00    0.00    0.00    0.00 -211.58   -8.91    3.61    1.90 -119.22   -9.23  -95.97   -1.58    0.00
md_1_0981_0019.en      2    949 0.019000  -92.15    0.00    0.00    0.00    0.00  -68.20  -23.95    5.51    0.26  -69.88  -16.89   -3.83   -7.33    0.00
--> Name of file number   7:                                                     
md_1_0977_0023.en      1    949 0.977000 -216.05    0.00    0.00    0.00    0.00 -205.84  -10.21    3.85    1.81 -113.87   -9.72  -95.82   -2.29    0.00
md_1_0977_0023.en      2    949 0.023000  -92.33    0.00    0.00    0.00    0.00  -67.80  -24.53    5.30    0.20  -68.90  -17.17   -4.20   -7.56    0.00
--> Name of file number   8:                                                     
md_1_0972_0028.en      1    949 0.972000 -217.47    0.00    0.00    0.00    0.00 -208.56   -8.92    3.55    2.09 -125.35   -9.37  -86.76   -1.64    0.00
md_1_0972_0028.en      2    949 0.028000  -91.57    0.00    0.00    0.00    0.00  -67.53  -24.04    5.57    0.35  -69.37  -17.17   -3.73   -7.22    0.00
--> Name of file number   9:                                                     
md_1_0967_0033.en      1    949 0.967000 -215.19    0.00    0.00    0.00    0.00 -205.88   -9.32    3.49    1.91 -126.73   -9.08  -82.64   -2.15    0.00
md_1_0967_0033.en      2    949 0.033000  -91.69    0.00    0.00    0.00    0.00  -67.96  -23.72    5.53    0.32  -69.68  -16.93   -3.82   -7.12    0.00
--> Name of file number  10:                                                     
md_1_0961_0039.en      1    949 0.961000 -215.39    0.00    0.00    0.00    0.00 -206.52   -8.87    3.56    1.97 -128.29   -9.00  -81.79   -1.85    0.00
md_1_0961_0039.en      2    949 0.039000  -92.56    0.00    0.00    0.00    0.00  -69.24  -23.32    5.63    0.39  -70.69  -16.73   -4.18   -6.98    0.00
--> Name of file number  11:                                                     
md_1_0956_0044.en      1    949 0.956000 -213.69    0.00    0.00    0.00    0.00 -203.95   -9.74    3.46    1.87 -124.66   -9.46  -82.75   -2.14    0.00
md_1_0956_0044.en      2    949 0.044000  -91.13    0.00    0.00    0.00    0.00  -67.11  -24.02    5.33    0.33  -70.02  -16.96   -2.42   -7.39    0.00
--> Name of file number  12:                                                     
md_1_0950_0050.en      1    949 0.950000 -215.02    0.00    0.00    0.00    0.00 -205.35   -9.68    3.51    1.78 -127.22   -9.23  -81.63   -2.23    0.00
md_1_0950_0050.en      2    949 0.050000  -92.40    0.00    0.00    0.00    0.00  -68.61  -23.79    5.29    0.29  -69.94  -16.85   -3.95   -7.23    0.00
--> Name of file number  13:                                                     
md_1_0943_0057.en      1    949 0.943000 -212.74    0.00    0.00    0.00    0.00 -203.74   -9.00    3.61    1.91 -129.45   -9.25  -77.89   -1.66    0.00
md_1_0943_0057.en      2    949 0.057000  -91.53    0.00    0.00    0.00    0.00  -68.07  -23.46    5.70    0.32  -71.12  -16.82   -2.64   -6.97    0.00
--> Name of file number  14:                                                     
md_1_0936_0064.en      1    949 0.936000 -213.17    0.00    0.00    0.00    0.00 -203.34   -9.84    3.65    1.82 -126.73   -9.42  -80.26   -2.23    0.00
md_1_0936_0064.en      2    949 0.064000  -92.94    0.00    0.00    0.00    0.00  -68.77  -24.18    5.19    0.26  -69.61  -17.11   -4.35   -7.33    0.00
--> Name of file number  15:                                                     
md_1_0929_0071.en      1    949 0.929000 -210.62    0.00    0.00    0.00    0.00 -200.44  -10.18    3.82    1.86 -129.80   -9.27  -74.45   -2.77    0.00
md_1_0929_0071.en      2    949 0.071000  -92.11    0.00    0.00    0.00    0.00  -68.02  -24.09    5.38    0.41  -70.46  -16.98   -2.95   -7.52    0.00
--> Name of file number  16:                                                     
md_1_0921_0079.en      1    949 0.921000 -211.21    0.00    0.00    0.00    0.00 -201.78   -9.43    3.76    1.99 -137.17   -8.65  -68.37   -2.77    0.00
md_1_0921_0079.en      2    949 0.079000  -92.12    0.00    0.00    0.00    0.00  -68.62  -23.50    5.61    0.33  -72.16  -16.39   -2.07   -7.43    0.00
--> Name of file number  17:                                                     
md_1_0913_0087.en      1    949 0.913000 -211.68    0.00    0.00    0.00    0.00 -201.64  -10.04    3.55    1.69 -142.94   -8.13  -62.25   -3.60    0.00
md_1_0913_0087.en      2    949 0.087000  -93.63    0.00    0.00    0.00    0.00  -69.07  -24.56    5.14    0.11  -70.15  -17.11   -4.06   -7.57    0.00
--> Name of file number  18:                                                     
md_1_0904_0096.en      1    949 0.904000 -207.97    0.00    0.00    0.00    0.00 -199.07   -8.90    4.96    2.39 -140.82   -7.07  -63.21   -4.23    0.00
md_1_0904_0096.en      2    949 0.096000  -90.95    0.00    0.00    0.00    0.00  -67.70  -23.25    5.66    0.48  -73.35  -15.36   -0.01   -8.37    0.00
--> Name of file number  19:                                                     
md_1_0895_0105.en      1    949 0.895000 -206.11    0.00    0.00    0.00    0.00 -197.80   -8.31    5.19    2.43 -139.29   -6.50  -63.70   -4.24    0.00
md_1_0895_0105.en      2    949 0.105000  -90.73    0.00    0.00    0.00    0.00  -68.15  -22.58    5.64    0.61  -74.00  -14.85    0.20   -8.34    0.00
--> Name of file number  20:                                                     
md_1_0885_0115.en      1    949 0.885000 -207.17    0.00    0.00    0.00    0.00 -195.48  -11.69    3.80    1.96 -133.02   -9.51  -66.26   -4.14    0.00
md_1_0885_0115.en      2    949 0.115000  -92.52    0.00    0.00    0.00    0.00  -66.90  -25.62    5.01    0.29  -69.15  -17.71   -2.75   -8.21    0.00
--> Name of file number  21:                                                     
md_1_0874_0126.en      1    949 0.874000 -209.29    0.00    0.00    0.00    0.00 -197.84  -11.45    4.14    1.86 -127.57   -9.81  -74.41   -3.50    0.00
md_1_0874_0126.en      2    949 0.126000  -93.35    0.00    0.00    0.00    0.00  -68.52  -24.82    5.21    0.31  -70.15  -17.16   -3.58   -7.98    0.00
--> Name of file number  22:                                                     
md_1_0863_0137.en      1    949 0.863000 -205.17    0.00    0.00    0.00    0.00 -194.82  -10.34    3.67    2.22 -138.79   -8.63  -59.70   -3.93    0.00
md_1_0863_0137.en      2    949 0.137000  -92.71    0.00    0.00    0.00    0.00  -68.66  -24.06    6.01    0.44  -72.35  -16.57   -2.32   -7.93    0.00
--> Name of file number  23:                                                     
md_1_0851_0149.en      1    949 0.851000 -203.97    0.00    0.00    0.00    0.00 -191.67  -12.30    3.71    2.03 -135.91   -8.68  -59.47   -5.66    0.00
md_1_0851_0149.en      2    949 0.149000  -94.75    0.00    0.00    0.00    0.00  -68.99  -25.76    5.91    0.25  -72.29  -17.28   -2.60   -8.73    0.00
--> Name of file number  24:                                                     
md_1_0838_0162.en      1    949 0.838000 -206.06    0.00    0.00    0.00    0.00 -194.69  -11.37    3.56    2.07 -142.36   -8.54  -55.89   -4.91    0.00
md_1_0838_0162.en      2    949 0.162000  -94.36    0.00    0.00    0.00    0.00  -68.79  -25.57    5.74    0.29  -70.81  -17.28   -3.72   -8.58    0.00
--> Name of file number  25:                                                     
md_1_0825_0175.en      1    949 0.825000 -202.45    0.00    0.00    0.00    0.00 -190.79  -11.66    3.89    1.94 -137.67   -9.90  -57.01   -3.70    0.00
md_1_0825_0175.en      2    949 0.175000  -93.03    0.00    0.00    0.00    0.00  -67.68  -25.35    5.38    0.16  -70.14  -17.99   -2.93   -7.53    0.00
--> Name of file number  26:                                                     
md_1_0810_0190.en      1    949 0.810000 -201.50    0.00    0.00    0.00    0.00 -189.75  -11.75    3.88    1.95 -134.80  -10.04  -58.82   -3.66    0.00
md_1_0810_0190.en      2    949 0.190000  -92.93    0.00    0.00    0.00    0.00  -67.81  -25.12    5.64    0.17  -70.80  -17.79   -2.65   -7.50    0.00
--> Name of file number  27:                                                     
md_1_0795_0205.en      1    949 0.795000 -196.72    0.00    0.00    0.00    0.00 -183.44  -13.28    3.77    2.02 -134.51  -10.24  -52.70   -5.06    0.00
md_1_0795_0205.en      2    949 0.205000  -94.78    0.00    0.00    0.00    0.00  -68.75  -26.03    5.94    0.22  -71.74  -17.97   -2.94   -8.28    0.00
--> Name of file number  28:                                                     
md_1_0779_0221.en      1    949 0.779000 -199.27    0.00    0.00    0.00    0.00 -185.75  -13.51    3.94    2.03 -131.65  -10.57  -58.04   -4.97    0.00
md_1_0779_0221.en      2    949 0.221000  -94.17    0.00    0.00    0.00    0.00  -67.98  -26.19    5.35    0.24  -70.68  -17.96   -2.65   -8.47    0.00
--> Name of file number  29:                                                     
md_1_0761_0239.en      1    949 0.761000 -191.20    0.00    0.00    0.00    0.00 -177.52  -13.68    3.97    1.91 -137.55  -10.35  -43.94   -5.24    0.00
md_1_0761_0239.en      2    949 0.239000  -93.74    0.00    0.00    0.00    0.00  -67.38  -26.36    5.44    0.23  -71.06  -18.10   -1.76   -8.48    0.00
--> Name of file number  30:                                                     
md_1_0743_0257.en      1    949 0.743000 -189.59    0.00    0.00    0.00    0.00 -175.24  -14.36    4.03    1.91 -129.40  -10.76  -49.86   -5.50    0.00
md_1_0743_0257.en      2    949 0.257000  -94.47    0.00    0.00    0.00    0.00  -68.28  -26.19    5.15    0.23  -69.77  -17.75   -3.67   -8.67    0.00
--> Name of file number  31:                                                     
md_1_0724_0276.en      1    949 0.724000 -186.38    0.00    0.00    0.00    0.00 -171.78  -14.59    4.18    2.05 -133.13  -10.58  -42.84   -6.06    0.00
md_1_0724_0276.en      2    949 0.276000  -94.33    0.00    0.00    0.00    0.00  -67.62  -26.72    5.69    0.20  -71.88  -17.82   -1.44   -9.09    0.00
--> Name of file number  32:                                                     
md_1_0703_0297.en      1    949 0.703000 -185.52    0.00    0.00    0.00    0.00 -170.55  -14.98    4.26    2.11 -127.42  -11.19  -47.39   -5.90    0.00
md_1_0703_0297.en      2    949 0.297000  -94.42    0.00    0.00    0.00    0.00  -67.82  -26.60    5.52    0.27  -70.94  -18.00   -2.39   -8.88    0.00
--> Name of file number  33:                                                     
md_1_0681_0319.en      1    949 0.681000 -186.39    0.00    0.00    0.00    0.00 -171.31  -15.08    4.20    2.14 -125.52  -11.40  -49.99   -5.82    0.00
md_1_0681_0319.en      2    949 0.319000  -93.65    0.00    0.00    0.00    0.00  -66.94  -26.71    5.48    0.35  -70.12  -18.22   -2.30   -8.84    0.00
--> Name of file number  34:                                                     
md_1_0657_0343.en      1    949 0.657000 -178.72    0.00    0.00    0.00    0.00 -163.39  -15.33    4.31    2.32 -115.86  -12.15  -51.83   -5.50    0.00
md_1_0657_0343.en      2    949 0.343000  -93.60    0.00    0.00    0.00    0.00  -67.39  -26.21    4.42    0.48  -66.44  -18.43   -5.36   -8.26    0.00
--> Name of file number  35:                                                     
md_1_0632_0368.en      1    949 0.632000 -177.24    0.00    0.00    0.00    0.00 -162.09  -15.15    4.37    2.16 -110.75  -12.31  -55.71   -4.99    0.00
md_1_0632_0368.en      2    949 0.368000  -94.81    0.00    0.00    0.00    0.00  -68.52  -26.29    4.15    0.41  -65.43  -18.43   -7.23   -8.27    0.00
--> Name of file number  36:                                                     
md_1_0606_0394.en      1    949 0.606000 -174.65    0.00    0.00    0.00    0.00 -159.97  -14.68    4.16    2.80 -114.76  -12.43  -49.37   -5.06    0.00
md_1_0606_0394.en      2    949 0.394000  -95.01    0.00    0.00    0.00    0.00  -69.10  -25.91    3.63    0.95  -62.94  -18.72   -9.79   -8.14    0.00
--> Name of file number  37:                                                     
md_1_0578_0422.en      1    949 0.578000 -170.86    0.00    0.00    0.00    0.00 -155.79  -15.07    4.58    2.73 -109.29  -12.61  -51.08   -5.19    0.00
md_1_0578_0422.en      2    949 0.422000  -93.68    0.00    0.00    0.00    0.00  -67.48  -26.20    3.97    0.80  -64.91  -18.36   -6.55   -8.64    0.00
--> Name of file number  38:                                                     
md_1_0548_0452.en      1    949 0.548000 -168.67    0.00    0.00    0.00    0.00 -152.83  -15.84    4.47    2.36 -112.34  -12.32  -44.96   -5.88    0.00
md_1_0548_0452.en      2    949 0.452000  -95.49    0.00    0.00    0.00    0.00  -68.73  -26.76    5.49    0.32  -70.99  -18.03   -3.23   -9.06    0.00
--> Name of file number  39:                                                     
md_1_0516_0484.en      1    949 0.516000 -165.46    0.00    0.00    0.00    0.00 -148.67  -16.79    4.53    2.48 -111.94  -12.01  -41.26   -7.26    0.00
md_1_0516_0484.en      2    949 0.484000  -95.60    0.00    0.00    0.00    0.00  -68.55  -27.04    5.83    0.35  -71.80  -17.63   -2.58   -9.77    0.00
--> Name of file number  40:                                                     
md_1_0482_0518.en      1    949 0.482000 -162.42    0.00    0.00    0.00    0.00 -146.56  -15.87    4.43    2.43 -113.39  -12.14  -37.59   -6.16    0.00
md_1_0482_0518.en      2    949 0.518000  -96.36    0.00    0.00    0.00    0.00  -69.67  -26.69    5.95    0.24  -72.04  -17.97   -3.58   -8.96    0.00
--> Name of file number  41:                                                     
md_1_0446_0554.en      1    949 0.446000 -152.52    0.00    0.00    0.00    0.00 -135.41  -17.11    4.39    2.77 -104.29  -12.54  -35.52   -7.33    0.00
md_1_0446_0554.en      2    949 0.554000  -94.80    0.00    0.00    0.00    0.00  -67.77  -27.03    6.20    0.55  -71.36  -17.80   -2.61   -9.78    0.00
--> Name of file number  42:                                                     
md_1_0408_0592.en      1    949 0.408000 -150.73    0.00    0.00    0.00    0.00 -134.02  -16.71    4.48    2.99 -103.17  -12.66  -35.34   -7.04    0.00
md_1_0408_0592.en      2    949 0.592000  -95.01    0.00    0.00    0.00    0.00  -68.18  -26.84    6.09    0.55  -71.56  -17.81   -2.70   -9.58    0.00
--> Name of file number  43:                                                     
md_1_0367_0633.en      1    949 0.367000 -138.39    0.00    0.00    0.00    0.00 -121.82  -16.58    4.02    2.88  -86.72  -12.75  -39.11   -6.70    0.00
md_1_0367_0633.en      2    949 0.633000  -93.63    0.00    0.00    0.00    0.00  -67.36  -26.28    5.57    0.66  -69.08  -17.15   -3.85   -9.79    0.00
--> Name of file number  44:                                                     
md_1_0324_0676.en      1    949 0.324000 -129.19    0.00    0.00    0.00    0.00 -112.76  -16.43    4.53    2.78  -74.69  -12.12  -42.60   -7.09    0.00
md_1_0324_0676.en      2    949 0.676000  -92.00    0.00    0.00    0.00    0.00  -66.99  -25.01    4.49    0.74  -65.71  -15.85   -5.77   -9.90    0.00
--> Name of file number  45:                                                     
md_1_0278_0722.en      1    949 0.278000 -123.39    0.00    0.00    0.00    0.00 -107.19  -16.20    5.57    2.67  -63.17  -11.03  -49.59   -7.83    0.00
md_1_0278_0722.en      2    949 0.722000  -92.16    0.00    0.00    0.00    0.00  -66.99  -25.17    6.00    0.69  -70.24  -14.74   -2.75  -11.11    0.00
--> Name of file number  46:                                                     
md_1_0229_0771.en      1    949 0.229000 -117.61    0.00    0.00    0.00    0.00 -101.70  -15.90    6.66    3.04  -73.56  -10.92  -34.80   -8.02    0.00
md_1_0229_0771.en      2    949 0.771000  -92.02    0.00    0.00    0.00    0.00  -67.09  -24.93    6.24    0.86  -69.64  -14.74   -3.68  -11.05    0.00
--> Name of file number  47:                                                     
md_1_0177_0823.en      1    949 0.177000 -108.48    0.00    0.00    0.00    0.00  -92.13  -16.35    6.44    3.24  -60.21  -11.82  -38.36   -7.76    0.00
md_1_0177_0823.en      2    949 0.823000  -91.24    0.00    0.00    0.00    0.00  -65.75  -25.49    4.91    0.98  -66.41  -15.79   -4.25  -10.68    0.00
--> Name of file number  48:                                                     
md_1_0121_0879.en      1    949 0.121000 -107.95    0.00    0.00    0.00    0.00  -91.21  -16.74    3.96    3.69  -72.56  -13.56  -22.61   -6.87    0.00
md_1_0121_0879.en      2    949 0.879000  -92.24    0.00    0.00    0.00    0.00  -66.49  -25.75    3.58    1.27  -63.00  -17.35   -7.06   -9.67    0.00
--> Name of file number  49:                                                     
md_1_0062_0938.en      1    949 0.062000  -96.71    0.00    0.00    0.00    0.00  -79.40  -17.30    2.46    3.58  -62.44  -14.35  -19.43   -6.53    0.00
md_1_0062_0938.en      2    949 0.938000  -91.80    0.00    0.00    0.00    0.00  -64.72  -27.09    3.80    1.16  -63.84  -18.43   -4.68   -9.82    0.00
--> Name of file number  50:                                                     
md_1_0000_1000.en      1    949 0.000000  -90.76    0.00    0.00    0.00    0.00  -74.40  -16.36    3.61    3.63  -60.12  -13.27  -17.90   -6.71    0.00
md_1_0000_1000.en      2    949 1.000000  -91.96    0.00    0.00    0.00    0.00  -65.29  -26.67    4.12    1.07  -63.88  -17.79   -5.52   -9.95    0.00


# Part 1: Free energy perturbation summary:
# lambda(1)      dGf sum(dGf)      dGr sum(dGr)     <dG>
   1.000000    0.000    0.000   -0.386  -64.091    0.000
   0.997000    0.388    0.388   -0.515  -63.705    0.387
   0.993000    0.514    0.902   -0.504  -63.190    0.902
   0.989000    0.513    1.415   -0.499  -62.686    1.410
   0.985000    0.502    1.917   -0.514  -62.187    1.911
   0.981000    0.498    2.415   -0.496  -61.673    2.417
   0.977000    0.513    2.927   -0.631  -61.177    2.921
   0.972000    0.617    3.544   -0.619  -60.546    3.545
   0.967000    0.628    4.172   -0.739  -59.926    4.168
   0.961000    0.739    4.911   -0.614  -59.187    4.907
   0.956000    0.613    5.524   -0.737  -58.573    5.521
   0.950000    0.733    6.257   -0.851  -57.836    6.256
   0.943000    0.856    7.113   -0.845  -56.984    7.110
   0.936000    0.846    7.959   -0.832  -56.139    7.955
   0.929000    0.838    8.797   -0.957  -55.307    8.790
   0.921000    0.944    9.741   -0.948  -54.350    9.741
   0.913000    0.949   10.690   -1.057  -53.402   10.689
   0.904000    1.058   11.748   -1.043  -52.345   11.747
   0.895000    1.049   12.797   -1.153  -51.302   12.793
   0.885000    1.148   13.945   -1.283  -50.149   13.944
   0.874000    1.253   15.198   -1.245  -48.866   15.212
   0.863000    1.268   16.466   -1.319  -47.621   16.468
   0.851000    1.340   17.806   -1.461  -46.302   17.798
   0.838000    1.410   19.216   -1.432  -44.841   19.233
   0.825000    1.443   20.659   -1.643  -43.409   20.670
   0.810000    1.629   22.288   -1.545  -41.767   22.306
   0.795000    1.614   23.902   -1.697  -40.221   23.886
   0.779000    1.612   25.514   -1.775  -38.524   25.540
   0.761000    1.872   27.386   -1.735  -36.750   27.364
   0.743000    1.734   29.120   -1.774  -35.015   29.098
   0.724000    1.782   30.902   -1.947  -33.241   30.876
   0.703000    1.904   32.806   -2.073  -31.294   32.802
   0.681000    1.967   34.773   -2.085  -29.221   34.821
   0.657000    2.186   36.959   -2.099  -27.136   36.957
   0.632000    2.082   39.041   -2.114  -25.037   39.048
   0.606000    2.103   41.144   -2.211  -22.922   41.156
   0.578000    2.181   43.325   -2.255  -20.711   43.352
   0.548000    2.256   45.581   -2.302  -18.456   45.608
   0.516000    2.274   47.855   -2.326  -16.155   47.896
   0.482000    2.303   50.158   -2.160  -13.828   50.211
   0.446000    2.292   52.450   -2.220  -11.668   52.437
   0.408000    2.104   54.554   -1.968   -9.448   54.598
   0.367000    2.172   56.726   -1.719   -7.480   56.668
   0.324000    1.788   58.513   -1.578   -5.761   58.422
   0.278000    1.581   60.094   -1.406   -4.183   60.001
   0.229000    1.377   61.471   -1.081   -2.777   61.392
   0.177000    1.157   62.628   -1.060   -1.696   62.511
   0.121000    0.765   63.393   -0.476   -0.636   63.424
   0.062000    0.717   64.110   -0.160   -0.160   64.021
   0.000000    0.082   64.192    0.000    0.000   64.141

# Min energy-gap is:   -253.15
# Max energy-gap is:    -53.42


# Part 2: Reaction free energy summary:
# Lambda(1)  bin Energy gap      dGa     dGb     dGg    # pts    c1**2    c2**2
   1.000000    6    -231.18     0.00   135.79    -0.00     61    0.000    0.000
   1.000000    7    -227.19     0.00   132.30     0.00     97    0.000    0.000
   1.000000    8    -223.19     0.00   126.82    -0.00    154    0.000    0.000
   1.000000    9    -219.20     0.00   122.76    -0.00    199    0.000    0.000
   1.000000   10    -215.20     0.00   119.40    -0.00    153    0.000    0.000
   1.000000   11    -211.21     0.00   118.84    -0.00    116    0.000    0.000
   1.000000   12    -207.21     0.00   112.71     0.00     76    0.000    0.000
   0.997000    6    -231.18    -0.03   134.08    -0.03     64    0.000    0.000
   0.997000    7    -227.19    -0.02   129.85    -0.02    103    0.000    0.000
   0.997000    8    -223.19    -0.01   125.94    -0.01    153    0.000    0.000
   0.997000    9    -219.20    -0.00   123.29    -0.00    159    0.000    0.000
   0.997000   10    -215.20     0.01   119.60     0.01    161    0.000    0.000
   0.997000   11    -211.21     0.02   117.25     0.02    136    0.000    0.000
   0.997000   12    -207.21     0.03   111.75     0.03     82    0.000    0.000
   0.993000    7    -227.19    -0.07   133.46    -0.07     82    0.000    0.000
   0.993000    8    -223.19    -0.03   126.66    -0.03    166    0.000    0.000
   0.993000    9    -219.20    -0.01   125.22    -0.01    177    0.000    0.000
   0.993000   10    -215.20     0.02   119.70     0.02    171    0.000    0.000
   0.993000   11    -211.21     0.04   117.46     0.04    131    0.000    0.000
   0.993000   12    -207.21     0.07   113.53     0.07     95    0.000    0.000
   0.989000    8    -223.19    -0.06   128.72    -0.06    107    0.000    0.000
   0.989000    9    -219.20    -0.01   124.30    -0.01    156    0.000    0.000
   0.989000   10    -215.20     0.02   121.28     0.02    192    0.000    0.000
   0.989000   11    -211.21     0.06   117.57     0.06    196    0.000    0.000
   0.989000   12    -207.21     0.10   112.24     0.10    125    0.000    0.000
   0.989000   13    -203.22     0.14   111.68     0.14     58    0.000    0.000
   0.985000    7    -227.19    -0.11   131.00    -0.11     59    0.000    0.000
   0.985000    8    -223.19    -0.06   126.47    -0.06    126    0.000    0.000
   0.985000    9    -219.20    -0.01   123.19    -0.01    169    0.000    0.000
   0.985000   10    -215.20     0.04   117.15     0.04    192    0.000    0.000
   0.985000   11    -211.21     0.10   115.66     0.10    163    0.000    0.000
   0.985000   12    -207.21     0.15   112.81     0.15    125    0.000    0.000
   0.985000   13    -203.22     0.20   107.75     0.20     54    0.000    0.000
   0.981000    6    -231.18    -0.22   135.52    -0.22     75    0.000    0.000
   0.981000    7    -227.19    -0.14   130.45    -0.14    137    0.000    0.000
   0.981000    8    -223.19    -0.07   127.05    -0.07    185    0.000    0.000
   0.981000    9    -219.20     0.00   121.88     0.00    199    0.000    0.000
   0.981000   10    -215.20     0.07   119.17     0.07    120    0.000    0.000
   0.981000   11    -211.21     0.14   116.25     0.14    106    0.000    0.000
   0.981000   12    -207.21     0.20   113.45     0.20     55    0.000    0.000
   0.977000    7    -227.19    -0.16   128.70    -0.16     83    0.000    0.000
   0.977000    8    -223.19    -0.08   125.70    -0.08    126    0.000    0.000
   0.977000    9    -219.20     0.00   123.70     0.00    159    0.000    0.000
   0.977000   10    -215.20     0.09   119.14     0.09    187    0.000    0.000
   0.977000   11    -211.21     0.17   115.17     0.17    149    0.000    0.000
   0.977000   12    -207.21     0.26   111.26     0.26     96    0.000    0.000
   0.977000   13    -203.22     0.36   108.35     0.36     58    0.000    0.000
   0.972000    6    -231.18    -0.36   134.49    -0.36     51    0.000    0.000
   0.972000    7    -227.19    -0.25   131.07    -0.25     92    0.000    0.000
   0.972000    8    -223.19    -0.14   126.82    -0.14    147    0.000    0.000
   0.972000    9    -219.20    -0.03   122.85    -0.03    169    0.000    0.000
   0.972000   10    -215.20     0.08   117.88     0.08    170    0.000    0.000
   0.972000   11    -211.21     0.17   116.34     0.17    128    0.000    0.000
   0.972000   12    -207.21     0.28   111.29     0.28     82    0.000    0.000
   0.972000   13    -203.22     0.40   108.62     0.40     50    0.000    0.000
   0.967000    7    -227.19    -0.28   131.02    -0.28     69    0.000    0.000
   0.967000    8    -223.19    -0.17   126.74    -0.17    126    0.000    0.000
   0.967000    9    -219.20    -0.02   123.05    -0.02    147    0.000    0.000
   0.967000   10    -215.20     0.09   119.35     0.09    156    0.000    0.000
   0.967000   11    -211.21     0.22   115.72     0.22    153    0.000    0.000
   0.967000   12    -207.21     0.33   110.28     0.33    123    0.000    0.000
   0.967000   13    -203.22     0.43   110.71     0.43     60    0.000    0.000
   0.961000    7    -227.19    -0.33   129.71    -0.33     69    0.000    0.000
   0.961000    8    -223.19    -0.18   126.75    -0.18    130    0.000    0.000
   0.961000    9    -219.20    -0.03   122.07    -0.03    166    0.000    0.000
   0.961000   10    -215.20     0.11   117.78     0.11    183    0.000    0.000
   0.961000   11    -211.21     0.25   114.50     0.25    146    0.000    0.000
   0.961000   12    -207.21     0.40   111.23     0.40    105    0.000    0.000
   0.961000   13    -203.22     0.58   106.16     0.58     65    0.000    0.000
   0.956000    8    -223.19    -0.27   127.49    -0.27     71    0.000    0.000
   0.956000    9    -219.20    -0.11   123.76    -0.11    171    0.000    0.000
   0.956000   10    -215.20     0.04   118.58     0.04    185    0.000    0.000
   0.956000   11    -211.21     0.20   115.89     0.20    164    0.000    0.000
   0.956000   12    -207.21     0.39   110.11     0.39    138    0.000    0.000
   0.956000   13    -203.22     0.56   107.20     0.56     76    0.000    0.000
   0.950000    7    -227.19    -0.46   129.34    -0.46     53    0.000    0.000
   0.950000    8    -223.19    -0.23   125.73    -0.23    107    0.000    0.000
   0.950000    9    -219.20    -0.10   122.63    -0.10    184    0.000    0.000
   0.950000   10    -215.20     0.11   118.36     0.11    176    0.000    0.000
   0.950000   11    -211.21     0.29   114.69     0.29    185    0.000    0.000
   0.950000   12    -207.21     0.47   111.72     0.47    117    0.000    0.000
   0.950000   13    -203.22     0.61   108.89     0.61     62    0.000    0.000
   0.943000    8    -223.19    -0.36   127.85    -0.36     87    0.000    0.000
   0.943000    9    -219.20    -0.16   121.41    -0.16    150    0.000    0.000
   0.943000   10    -215.20     0.04   120.10     0.04    161    0.000    0.000
   0.943000   11    -211.21     0.26   116.05     0.26    181    0.000    0.000
   0.943000   12    -207.21     0.46   113.09     0.46    143    0.000    0.000
   0.943000   13    -203.22     0.72   108.51     0.72     90    0.000    0.000
   0.936000    7    -227.19    -0.56   128.73    -0.56     56    0.000    0.000
   0.936000    8    -223.19    -0.36   123.68    -0.36     90    0.000    0.000
   0.936000    9    -219.20    -0.12   119.47    -0.12    148    0.000    0.000
   0.936000   10    -215.20     0.11   118.09     0.11    154    0.000    0.000
   0.936000   11    -211.21     0.35   114.87     0.35    156    0.000    0.000
   0.936000   12    -207.21     0.60   111.59     0.60    140    0.000    0.000
   0.936000   13    -203.22     0.77   107.46     0.77     72    0.000    0.000
   0.936000   14    -199.22     1.02   105.78     1.02     55    0.000    0.000
   0.929000    8    -223.19    -0.54   126.55    -0.54     53    0.000    0.000
   0.929000    9    -219.20    -0.25   121.74    -0.25    117    0.000    0.000
   0.929000   10    -215.20     0.02   118.16     0.02    159    0.000    0.000
   0.929000   11    -211.21     0.28   115.89     0.28    170    0.000    0.000
   0.929000   12    -207.21     0.58   111.17     0.58    189    0.000    0.000
   0.929000   13    -203.22     0.82   107.97     0.82    121    0.000    0.000
   0.929000   14    -199.22     1.07   104.04     1.07     69    0.000    0.000
   0.921000    8    -223.19    -0.57   124.70    -0.57     68    0.000    0.000
   0.921000    9    -219.20    -0.32   122.50    -0.32    128    0.000    0.000
   0.921000   10    -215.20     0.01   118.63     0.01    147    0.000    0.000
   0.921000   11    -211.21     0.31   113.19     0.31    156    0.000    0.000
   0.921000   12    -207.21     0.55   111.41     0.55    165    0.000    0.000
   0.921000   13    -203.22     0.88   108.33     0.88    112    0.000    0.000
   0.921000   14    -199.22     1.15   103.26     1.15     65    0.000    0.000
   0.913000    8    -223.19    -0.55   125.28    -0.55     57    0.000    0.000
   0.913000    9    -219.20    -0.18   121.12    -0.18    128    0.000    0.000
   0.913000   10    -215.20     0.10   117.26     0.10    171    0.000    0.000
   0.913000   11    -211.21     0.40   114.98     0.40    189    0.000    0.000
   0.913000   12    -207.21     0.70   109.82     0.70    156    0.000    0.000
   0.913000   13    -203.22     1.03   107.57     1.03    104    0.000    0.000
   0.913000   14    -199.22     1.35   103.71     1.35     58    0.000    0.000
   0.904000    9    -219.20    -0.44   123.53    -0.44     68    0.000    0.000
   0.904000   10    -215.20    -0.20   120.82    -0.20    112    0.000    0.000
   0.904000   11    -211.21     0.15   116.37     0.15    177    0.000    0.000
   0.904000   12    -207.21     0.51   112.52     0.51    193    0.000    0.000
   0.904000   13    -203.22     0.84   110.30     0.84    146    0.000    0.000
   0.904000   14    -199.22     1.22   104.38     1.22    104    0.000    0.000
   0.904000   15    -195.23     1.54   104.59     1.54     69    0.000    0.000
   0.895000    9    -219.20    -0.62   121.35    -0.62     62    0.000    0.000
   0.895000   10    -215.20    -0.30   120.56    -0.30     95    0.000    0.000
   0.895000   11    -211.21     0.10   116.83     0.10    154    0.000    0.000
   0.895000   12    -207.21     0.49   112.97     0.49    177    0.000    0.000
   0.895000   13    -203.22     0.86   109.58     0.86    181    0.000    0.000
   0.895000   14    -199.22     1.21   107.17     1.21    120    0.000    0.000
   0.895000   15    -195.23     1.64   103.65     1.64     71    0.000    0.000
   0.885000    9    -219.20    -0.64   122.58    -0.64     60    0.000    0.000
   0.885000   10    -215.20    -0.19   118.23    -0.19    117    0.000    0.000
   0.885000   11    -211.21     0.19   115.92     0.19    152    0.000    0.000
   0.885000   12    -207.21     0.65   110.43     0.65    189    0.000    0.000
   0.885000   13    -203.22     1.12   108.01     1.12    131    0.000    0.000
   0.885000   14    -199.22     1.46   105.31     1.46    114    0.000    0.000
   0.885000   15    -195.23     1.96   101.78     1.96     71    0.000    0.000
   0.874000    8    -223.19    -1.02   123.51    -1.02     57    0.000    0.000
   0.874000    9    -219.20    -0.66   119.19    -0.66     86    0.000    0.000
   0.874000   10    -215.20    -0.16   117.06    -0.16    150    0.000    0.000
   0.874000   11    -211.21     0.28   113.76     0.28    164    0.000    0.000
   0.874000   12    -207.21     0.65   110.68     0.65    155    0.000    0.000
   0.874000   13    -203.22     1.15   107.06     1.15    130    0.000    0.000
   0.874000   14    -199.22     1.62   104.66     1.62     93    0.000    0.000
   0.874000   15    -195.23     2.11   100.36     2.11     50    0.000    0.000
   0.863000    9    -219.20    -0.84   122.04    -0.84     57    0.000    0.000
   0.863000   10    -215.20    -0.39   118.59    -0.39     98    0.000    0.000
   0.863000   11    -211.21     0.11   115.20     0.11    136    0.000    0.000
   0.863000   12    -207.21     0.64   111.75     0.64    159    0.000    0.000
   0.863000   13    -203.22     1.21   107.83     1.21    163    0.000    0.000
   0.863000   14    -199.22     1.65   105.39     1.65    141    0.000    0.000
   0.863000   15    -195.23     2.13   101.94     2.13     87    0.000    0.000
   0.863000   16    -191.23     2.78   100.33     2.78     59    0.000    0.000
   0.851000   10    -215.20    -0.05   116.45    -0.05     65    0.000    0.000
   0.851000   11    -211.21     0.26   113.07     0.26    129    0.000    0.000
   0.851000   12    -207.21     0.91   110.23     0.91    178    0.000    0.000
   0.851000   13    -203.22     1.49   106.98     1.49    158    0.000    0.000
   0.851000   14    -199.22     2.06   103.89     2.06    145    0.000    0.000
   0.851000   15    -195.23     2.61   101.07     2.61    107    0.000    0.000
   0.851000   16    -191.23     3.19    95.01     3.19     59    0.000    0.000
   0.838000    9    -219.20    -1.00   120.30    -1.00     53    0.000    0.000
   0.838000   10    -215.20    -0.30   116.34    -0.30    104    0.000    0.000
   0.838000   11    -211.21     0.20   114.33     0.20    157    0.000    0.000
   0.838000   12    -207.21     0.81   110.80     0.81    182    0.000    0.000
   0.838000   13    -203.22     1.47   106.76     1.47    175    0.000    0.000
   0.838000   14    -199.22     1.90   103.46     1.90    130    0.000    0.000
   0.838000   15    -195.23     2.59   101.74     2.59     73    0.000    0.000
   0.825000   11    -211.21     0.04   114.71     0.04    111    0.000    0.000
   0.825000   12    -207.21     0.58   111.24     0.58    167    0.000    0.000
   0.825000   13    -203.22     1.14   108.21     1.14    165    0.000    0.000
   0.825000   14    -199.22     1.75   105.40     1.75    174    0.000    0.000
   0.825000   15    -195.23     2.44   102.68     2.44    114    0.000    0.000
   0.825000   16    -191.23     3.07    97.97     3.07     83    0.000    0.000
   0.810000   10    -215.20    -0.85   117.94    -0.85     52    0.000    0.000
   0.810000   11    -211.21    -0.25   114.67    -0.25    105    0.000    0.000
   0.810000   12    -207.21     0.48   112.27     0.48    127    0.000    0.000
   0.810000   13    -203.22     1.10   108.63     1.10    190    0.000    0.000
   0.810000   14    -199.22     1.85   105.21     1.85    155    0.000    0.000
   0.810000   15    -195.23     2.62   102.73     2.62    123    0.000    0.000
   0.810000   16    -191.23     3.12   100.80     3.12     76    0.000    0.000
   0.795000   11    -211.21    -0.08   111.49    -0.08     58    0.000    0.000
   0.795000   12    -207.21     0.75   109.51     0.75     84    0.000    0.000
   0.795000   13    -203.22     1.37   106.54     1.37    129    0.000    0.000
   0.795000   14    -199.22     2.20   104.61     2.20    148    0.000    0.000
   0.795000   15    -195.23     2.88   100.84     2.88    178    0.000    0.000
   0.795000   16    -191.23     3.69    97.55     3.69    130    0.000    0.000
   0.795000   17    -187.24     4.42    94.97     4.42     94    0.000    0.000
   0.795000   18    -183.25     5.37    92.29     5.37     50    0.000    0.000
   0.779000   11    -211.21    -0.36   113.72    -0.36     64    0.000    0.000
   0.779000   12    -207.21     0.30   110.54     0.30    115    0.000    0.000
   0.779000   13    -203.22     1.31   107.14     1.31    146    0.000    0.000
   0.779000   14    -199.22     2.01   105.12     2.01    173    0.000    0.000
   0.779000   15    -195.23     2.69   102.26     2.69    141    0.000    0.000
   0.779000   16    -191.23     3.68    97.04     3.68    129    0.000    0.000
   0.779000   17    -187.24     4.35    95.45     4.35     71    0.000    0.000
   0.761000   13    -203.22     1.00   107.97     1.00     80    0.000    0.000
   0.761000   14    -199.22     2.05   103.55     2.05    118    0.000    0.000
   0.761000   15    -195.23     2.75   101.72     2.75    147    0.000    0.000
   0.761000   16    -191.23     3.67    98.83     3.67    159    0.000    0.000
   0.761000   17    -187.24     4.53    96.60     4.53    152    0.000    0.000
   0.761000   18    -183.25     5.30    94.16     5.30    122    0.000    0.000
   0.761000   19    -179.25     6.09    90.80     6.09     66    0.000    0.000
   0.743000   13    -203.22     1.08   106.23     1.08     63    0.000    0.000
   0.743000   14    -199.22     2.10   103.07     2.10     97    0.000    0.000
   0.743000   15    -195.23     2.86   101.06     2.86    126    0.000    0.000
   0.743000   16    -191.23     3.93    97.36     3.93    160    0.000    0.000
   0.743000   17    -187.24     4.87    95.38     4.87    132    0.000    0.000
   0.743000   18    -183.25     5.56    92.69     5.56    129    0.000    0.000
   0.743000   19    -179.25     6.60    90.83     6.60    100    0.000    0.000
   0.724000   14    -199.22     1.19   104.18     1.19     62    0.000    0.000
   0.724000   15    -195.23     2.58   100.37     2.58     92    0.000    0.000
   0.724000   16    -191.23     3.55    97.72     3.55    146    0.000    0.000
   0.724000   17    -187.24     4.41    94.93     4.41    179    0.000    0.000
   0.724000   18    -183.25     5.51    92.57     5.51    149    0.000    0.000
   0.724000   19    -179.25     6.46    89.82     6.46    121    0.000    0.000
   0.724000   20    -175.26     7.79    88.03     7.79     81    0.000    0.000
   0.703000   14    -199.22     1.09   102.64     1.09     74    0.000    0.000
   0.703000   15    -195.23     2.41   100.85     2.41     93    0.000    0.000
   0.703000   16    -191.23     3.39    97.92     3.39    120    0.000    0.000
   0.703000   17    -187.24     4.61    94.99     4.61    157    0.000    0.000
   0.703000   18    -183.25     5.55    92.95     5.55    138    0.000    0.000
   0.703000   19    -179.25     6.98    88.20     6.98    143    0.000    0.000
   0.703000   20    -175.26     8.04    87.86     8.04     77    0.000    0.000
   0.703000   21    -171.26     9.29    86.34     9.29     54    0.000    0.000
   0.681000   15    -195.23     1.85   100.16     1.85    120    0.000    0.000
   0.681000   16    -191.23     3.04    97.91     3.04    144    0.000    0.000
   0.681000   17    -187.24     4.34    95.46     4.34    195    0.000    0.000
   0.681000   18    -183.25     5.40    92.37     5.40    142    0.000    0.000
   0.681000   19    -179.25     6.51    90.80     6.51    105    0.000    0.000
   0.681000   20    -175.26     7.43    87.86     7.43     59    0.000    0.000
   0.657000   16    -191.23     2.98    98.90     2.98     73    0.000    0.000
   0.657000   17    -187.24     4.42    95.70     4.42     91    0.000    0.000
   0.657000   18    -183.25     5.74    93.15     5.74    116    0.000    0.000
   0.657000   19    -179.25     6.79    91.24     6.79    180    0.000    0.000
   0.657000   20    -175.26     8.08    88.86     8.08    143    0.000    0.000
   0.657000   21    -171.26     9.24    85.46     9.24    121    0.000    0.000
   0.657000   22    -167.27    10.45    83.78    10.45     88    0.000    0.000
   0.632000   17    -187.24     4.03    95.56     4.03     88    0.000    0.000
   0.632000   18    -183.25     5.55    92.58     5.55    117    0.000    0.000
   0.632000   19    -179.25     6.91    89.53     6.91    155    0.000    0.000
   0.632000   20    -175.26     8.22    87.56     8.22    200    0.000    0.000
   0.632000   21    -171.26     9.87    84.54     9.87    164    0.000    0.000
   0.632000   22    -167.27    11.47    83.28    11.47     76    0.000    0.000
   0.606000   17    -187.24     3.36    94.93     3.36     55    0.000    0.000
   0.606000   18    -183.25     5.38    91.69     5.38    111    0.000    0.000
   0.606000   19    -179.25     7.05    89.86     7.05    163    0.000    0.000
   0.606000   20    -175.26     8.13    88.14     8.13    163    0.000    0.000
   0.606000   21    -171.26     9.42    84.98     9.42    159    0.000    0.000
   0.606000   22    -167.27    11.38    82.24    11.38    114    0.000    0.000
   0.606000   23    -163.27    13.15    80.49    13.15     78    0.000    0.000
   0.578000   18    -183.25     4.79    92.66     4.79     73    0.000    0.000
   0.578000   19    -179.25     6.08    90.63     6.08    112    0.000    0.000
   0.578000   20    -175.26     7.72    88.52     7.72    147    0.000    0.000
   0.578000   21    -171.26     9.54    85.84     9.54    174    0.000    0.000
   0.578000   22    -167.27    11.10    84.10    11.10    154    0.000    0.000
   0.578000   23    -163.27    12.60    82.33    12.60    110    0.000    0.000
   0.578000   24    -159.28    14.56    80.03    14.56     65    0.000    0.000
   0.548000   19    -179.25     6.56    89.51     6.56     92    0.000    0.000
   0.548000   20    -175.26     8.68    87.88     8.68    118    0.000    0.000
   0.548000   21    -171.26     9.82    85.22     9.82    160    0.000    0.000
   0.548000   22    -167.27    11.76    81.24    11.76    151    0.000    0.000
   0.548000   23    -163.27    13.75    80.82    13.75    147    0.000    0.000
   0.548000   24    -159.28    15.49    78.75    15.49    100    0.000    0.000
   0.548000   25    -155.28    17.15    77.18    17.15     59    0.000    0.000
   0.516000   20    -175.26     8.83    86.89     8.83     95    0.000    0.000
   0.516000   21    -171.26    10.10    84.36    10.10    129    0.000    0.000
   0.516000   22    -167.27    11.62    83.59    11.62    165    0.000    0.000
   0.516000   23    -163.27    13.41    81.65    13.41    168    0.000    0.000
   0.516000   24    -159.28    15.01    79.91    15.01    127    0.000    0.000
   0.516000   25    -155.28    16.97    77.46    16.97     89    0.000    0.000
   0.516000   26    -151.29    18.27    75.56    18.27     57    0.000    0.000
   0.482000   20    -175.26     8.91    86.80     8.91     55    0.000    0.000
   0.482000   21    -171.26    10.65    84.42    10.65    128    0.000    0.000
   0.482000   22    -167.27    12.02    82.39    12.02    138    0.000    0.000
   0.482000   23    -163.27    13.94    81.25    13.94    156    0.000    0.000
   0.482000   24    -159.28    15.95    79.22    15.95    142    0.000    0.000
   0.482000   25    -155.28    17.84    77.90    17.84    122    0.000    0.000
   0.482000   26    -151.29    19.45    75.84    19.45     77    0.000    0.000
   0.482000   27    -147.29    21.20    74.28    21.20     52    0.000    0.000
   0.446000   23    -163.27    13.38    81.25    13.38     94    0.000    0.000
   0.446000   24    -159.28    15.79    79.88    15.79    116    0.000    0.000
   0.446000   25    -155.28    17.32    78.33    17.32    156    0.000    0.000
   0.446000   26    -151.29    18.69    76.51    18.69    159    0.000    0.000
   0.446000   27    -147.29    21.52    75.05    21.52    150    0.000    0.000
   0.446000   28    -143.30    23.17    73.32    23.17    104    0.000    0.000
   0.446000   29    -139.30    25.16    71.37    25.16     60    0.000    0.000
   0.408000   23    -163.27    13.19    81.25    13.19     64    0.000    0.000
   0.408000   24    -159.28    14.01    79.84    14.01    101    0.000    0.000
   0.408000   25    -155.28    16.94    78.25    16.94    136    0.000    0.000
   0.408000   26    -151.29    18.29    76.57    18.29    156    0.000    0.000
   0.408000   27    -147.29    21.35    75.18    21.35    150    0.000    0.000
   0.408000   28    -143.30    22.59    73.77    22.59    120    0.000    0.000
   0.408000   29    -139.30    25.54    71.77    25.54     87    0.000    0.000
   0.367000   25    -155.28    17.56    77.87    17.56     51    0.000    0.000
   0.367000   26    -151.29    19.30    76.52    19.30     57    0.000    0.000
   0.367000   27    -147.29    20.08    75.18    20.08    114    0.000    0.000
   0.367000   28    -143.30    24.18    73.93    24.18    110    0.000    0.000
   0.367000   29    -139.30    24.90    72.81    24.90    149    0.000    0.000
   0.367000   30    -135.31    27.21    71.34    27.21    121    0.000    0.000
   0.367000   31    -131.32    30.40    70.33    30.40    108    0.000    0.000
   0.367000   32    -127.32    32.30    68.95    32.30     91    0.000    0.000
   0.367000   33    -123.33    34.54    67.62    34.54     70    0.000    0.000
   0.324000   28    -143.30    23.00    74.10    23.00     57    0.000    0.000
   0.324000   29    -139.30    24.91    72.94    24.91     82    0.000    0.000
   0.324000   30    -135.31    26.58    71.63    26.58    124    0.000    0.000
   0.324000   31    -131.32    29.92    70.48    29.92    151    0.000    0.000
   0.324000   32    -127.32    31.82    69.31    31.82    180    0.000    0.000
   0.324000   33    -123.33    34.96    68.28    34.96    145    0.000    0.000
   0.324000   34    -119.33    36.32    67.10    36.32     90    0.000    0.000
   0.324000   35    -115.34    38.87    65.60    38.87     51    0.000    0.000
   0.278000   29    -139.30    23.91    72.26    23.91     55    0.000    0.000
   0.278000   30    -135.31    26.35    71.14    26.35     62    0.000    0.000
   0.278000   31    -131.32    26.95    70.31    26.95    116    0.000    0.000
   0.278000   32    -127.32    31.51    69.12    31.51    146    0.000    0.000
   0.278000   33    -123.33    35.61    68.12    35.61    159    0.000    0.000
   0.278000   34    -119.33    37.62    67.32    37.62    149    0.000    0.000
   0.278000   35    -115.34    41.15    66.23    41.15    101    0.000    0.000
   0.278000   36    -111.34    42.99    65.20    42.99     75    0.000    0.000
   0.229000   32    -127.32    30.70    69.02    30.70    102    0.000    0.000
   0.229000   33    -123.33    35.36    68.21    35.36    135    0.000    0.000
   0.229000   34    -119.33    37.94    67.30    37.94    161    0.000    0.000
   0.229000   35    -115.34    39.75    66.45    39.75    157    0.000    0.000
   0.229000   36    -111.34    44.13    65.65    44.13    140    0.000    0.000
   0.229000   37    -107.35    43.37    64.88    43.37     99    0.000    0.000
   0.177000   34    -119.33    36.88    67.11    36.88     84    0.000    0.000
   0.177000   35    -115.34    40.16    66.47    40.16    111    0.000    0.000
   0.177000   36    -111.34    42.41    65.83    42.41    148    0.000    0.000
   0.177000   37    -107.35    46.35    65.18    46.35    183    0.000    0.000
   0.177000   38    -103.35    48.33    64.51    48.33    143    0.000    0.000
   0.177000   39     -99.36    51.89    63.96    51.89    103    0.000    0.000
   0.177000   40     -95.36    55.66    63.39    55.66     56    0.000    0.000
   0.121000   34    -119.33    36.18    66.45    36.18     71    0.000    0.000
   0.121000   35    -115.34    40.57    66.01    40.57    137    0.000    0.000
   0.121000   36    -111.34    43.71    65.57    43.71    168    0.000    0.000
   0.121000   37    -107.35    47.71    65.16    47.71    166    0.000    0.000
   0.121000   38    -103.35    49.63    64.77    49.63    150    0.000    0.000
   0.121000   39     -99.36    52.72    64.37    52.72     93    0.000    0.000
   0.121000   40     -95.36    58.05    63.87    58.05     53    0.000    0.000
   0.062000   37    -107.35    47.31    64.87    47.31     85    0.000    0.000
   0.062000   38    -103.35    48.21    64.65    48.21    131    0.000    0.000
   0.062000   39     -99.36    53.01    64.44    53.01    171    0.000    0.000
   0.062000   40     -95.36    55.14    64.25    55.14    166    0.000    0.000
   0.062000   41     -91.37    59.02    64.00    59.02    147    0.000    0.000
   0.062000   42     -87.38    63.39    63.82    63.19     85    0.000    0.000
   0.062000   43     -83.38    67.19    63.58    63.58     51    0.000    0.000
   0.000000   38    -103.35    51.03    64.14    51.03     68    0.000    0.000
   0.000000   39     -99.36    54.08    64.14    54.08    111    0.000    0.000
   0.000000   40     -95.36    57.95    64.14    57.95    146    0.000    0.000
   0.000000   41     -91.37    59.75    64.14    59.75    168    0.000    0.000
   0.000000   42     -87.38    64.05    64.14    63.71    151    0.000    0.000
   0.000000   43     -83.38    67.52    64.14    64.14     96    0.000    0.000
   0.000000   44     -79.39    72.28    64.14    64.14     72    0.000    0.000


# Part 3: Bin-averaged summary:
# bin  energy gap  <dGg> <dGg norm> pts  <c1**2> <c2**2> <r_xy>
   6   -231.18    -0.15     0.04    251   0.000   0.000   0.000
   7   -227.19    -0.19     0.00    900   0.000   0.000   0.000
   8   -223.19    -0.19     0.00   2010   0.000   0.000   0.000
   9   -219.20    -0.15     0.04   3112   0.000   0.000   0.000
  10   -215.20    -0.01     0.17   3631   0.000   0.000   0.000
  11   -211.21     0.17     0.35   4032   0.000   0.000   0.000
  12   -207.21     0.49     0.67   3738   0.000   0.000   0.000
  13   -203.22     0.99     1.18   2839   0.000   0.000   0.000
  14   -199.22     1.68     1.86   2095   0.000   0.000   0.000
  15   -195.23     2.44     2.63   1662   0.000   0.000   0.000
  16   -191.23     3.43     3.62   1338   0.000   0.000   0.000
  17   -187.24     4.41     4.60   1214   0.000   0.000   0.000
  18   -183.25     5.45     5.64   1147   0.000   0.000   0.000
  19   -179.25     6.67     6.86   1237   0.000   0.000   0.000
  20   -175.26     8.17     8.36   1138   0.000   0.000   0.000
  21   -171.26     9.76     9.95   1089   0.000   0.000   0.000
  22   -167.27    11.46    11.64    886   0.000   0.000   0.000
  23   -163.27    13.42    13.61    817   0.000   0.000   0.000
  24   -159.28    15.23    15.41    651   0.000   0.000   0.000
  25   -155.28    17.29    17.48    613   0.000   0.000   0.000
  26   -151.29    18.70    18.89    506   0.000   0.000   0.000
  27   -147.29    21.08    21.27    466   0.000   0.000   0.000
  28   -143.30    23.25    23.44    391   0.000   0.000   0.000
  29   -139.30    24.94    25.13    433   0.000   0.000   0.000
  30   -135.31    26.78    26.97    307   0.000   0.000   0.000
  31   -131.32    29.14    29.32    375   0.000   0.000   0.000
  32   -127.32    31.59    31.78    519   0.000   0.000   0.000
  33   -123.33    35.21    35.40    509   0.000   0.000   0.000
  34   -119.33    37.21    37.39    555   0.000   0.000   0.000
  35   -115.34    40.21    40.39    557   0.000   0.000   0.000
  36   -111.34    43.36    43.55    531   0.000   0.000   0.000
  37   -107.35    46.37    46.56    533   0.000   0.000   0.000
  38   -103.35    49.07    49.25    492   0.000   0.000   0.000
  39    -99.36    52.96    53.15    478   0.000   0.000   0.000
  40    -95.36    56.55    56.74    421   0.000   0.000   0.000
  41    -91.37    59.41    59.60    315   0.000   0.000   0.000
  42    -87.38    63.52    63.71    236   0.000   0.000   0.000
  43    -83.38    63.95    64.13    147   0.000   0.000   0.000
  44    -79.39    64.14    64.33     72   0.000   0.000   0.000


# Part 4: Termodynamic integration:
# lambda(1)      dGti    sum(dGti) 
   1.000000    0.000    0.000
   0.997000  129.542    0.387
   0.993000  128.629    0.902
   0.989000  128.532    1.410
   0.985000  125.685    1.911
   0.981000  124.666    2.417
   0.977000  128.335    2.921
   0.972000  123.715    3.545
   0.967000  125.906    4.168
   0.961000  123.505    4.907
   0.956000  122.834    5.521
   0.950000  122.558    6.256
   0.943000  122.623    7.110
   0.936000  121.207    7.955
   0.929000  120.228    8.790
   0.921000  118.512    9.741
   0.913000  119.091   10.689
   0.904000  118.046   11.747
   0.895000  117.021   12.793
   0.885000  115.383   13.943
   0.874000  114.647   15.211
   0.863000  115.948   16.468
   0.851000  112.451   17.798
   0.838000  109.223   19.234
   0.825000  111.704   20.671
   0.810000  109.419   22.306
   0.795000  108.568   23.885
   0.779000  101.932   25.541
   0.761000  105.097   27.364
   0.743000   97.466   29.097
   0.724000   95.124   30.875
   0.703000   92.045   32.798
   0.681000   91.104   34.821
   0.657000   92.744   36.955
   0.632000   85.114   39.049
   0.606000   82.433   41.156
   0.578000   79.646   43.352
   0.548000   77.179   45.607
   0.516000   73.181   47.896
   0.482000   69.861   50.207
   0.446000   66.067   52.435
   0.408000   57.722   54.590
   0.367000   55.715   56.650
   0.324000   44.761   58.412
   0.278000   37.187   59.986
   0.229000   31.231   61.378
   0.177000   25.586   62.491
   0.121000   17.235   63.413
   0.062000   15.709   64.022
   0.000000    4.906   64.137


# Part 5: Overlap sampling Lu et al:
# lambda(1)      dG    sum(dG) 
   1.000000    0.000    0.000
   0.997000    0.387    0.387
   0.993000    0.514    0.902
   0.989000    0.508    1.410
   0.985000    0.501    1.911
   0.981000    0.506    2.417
   0.977000    0.504    2.921
   0.972000    0.624    3.545
   0.967000    0.624    4.168
   0.961000    0.739    4.907
   0.956000    0.613    5.521
   0.950000    0.735    6.256
   0.943000    0.854    7.110
   0.936000    0.845    7.955
   0.929000    0.835    8.790
   0.921000    0.951    9.741
   0.913000    0.948   10.689
   0.904000    1.058   11.747
   0.895000    1.046   12.793
   0.885000    1.150   13.943
   0.874000    1.268   15.212
   0.863000    1.256   16.468
   0.851000    1.330   17.798
   0.838000    1.436   19.233
   0.825000    1.437   20.671
   0.810000    1.635   22.306
   0.795000    1.579   23.885
   0.779000    1.655   25.541
   0.761000    1.823   27.364
   0.743000    1.734   29.098
   0.724000    1.778   30.876
   0.703000    1.924   32.800
   0.681000    2.021   34.821
   0.657000    2.135   36.956
   0.632000    2.092   39.049
   0.606000    2.108   41.156
   0.578000    2.196   43.352
   0.548000    2.256   45.608
   0.516000    2.288   47.896
   0.482000    2.312   50.208
   0.446000    2.227   52.435
   0.408000    2.158   54.593
   0.367000    2.064   56.657
   0.324000    1.756   58.414
   0.278000    1.576   59.989
   0.229000    1.391   61.380
   0.177000    1.116   62.496
   0.121000    0.917   63.413
   0.062000    0.604   64.017
   0.000000    0.121   64.138


# lambda(1)      dG    sum(dG) 
# Part 6: BAR Bennet:
   1.000000    0.000    0.000
   0.997000    0.387    0.387
   0.993000    0.514    0.902
   0.989000    0.508    1.410
   0.985000    0.501    1.911
   0.981000    0.506    2.417
   0.977000    0.504    2.921
   0.972000    0.624    3.545
   0.967000    0.624    4.168
   0.961000    0.739    4.907
   0.956000    0.613    5.521
   0.950000    0.736    6.256
   0.943000    0.853    7.110
   0.936000    0.845    7.955
   0.929000    0.836    8.790
   0.921000    0.950    9.741
   0.913000    0.949   10.689
   0.904000    1.058   11.747
   0.895000    1.046   12.793
   0.885000    1.150   13.943
   0.874000    1.268   15.212
   0.863000    1.256   16.468
   0.851000    1.330   17.798
   0.838000    1.436   19.234
   0.825000    1.437   20.671
   0.810000    1.635   22.306
   0.795000    1.579   23.885
   0.779000    1.656   25.541
   0.761000    1.823   27.364
   0.743000    1.733   29.098
   0.724000    1.778   30.876
   0.703000    1.923   32.799
   0.681000    2.022   34.821
   0.657000    2.134   36.956
   0.632000    2.094   39.050
   0.606000    2.107   41.157
   0.578000    2.196   43.352
   0.548000    2.256   45.608
   0.516000    2.288   47.896
   0.482000    2.310   50.207
   0.446000    2.227   52.434
   0.408000    2.155   54.589
   0.367000    2.059   56.648
   0.324000    1.759   58.407
   0.278000    1.573   59.979
   0.229000    1.391   61.370
   0.177000    1.112   62.483
   0.121000    0.921   63.404
   0.062000    0.609   64.013
   0.000000    0.121   64.134
