--------------------------------------------------------------------------------
Welcome to qfep version: 6.0.1
 
This version was compiled using: GCC version 11.5.0 20240719 (Red Hat 11.5.0-2)
 
And using the following compiler options: 
-cpp -D G95=1 -mtune=generic -march=x86-64-v2 -O3 -Wall -Wtabs -std=legacy -funroll-loops -ffree-line-length-none -fcray-pointer -fall-intrinsics -fstack-protector -fpre-include=/usr/include/finclude/math-vector-fortran.h

 
For command line options type qfep --help  or qcalc -h at the terminal.
 
If you are using the interactive mode and want to quit type "quit" or Ctrl-C.
--------------------------------------------------------------------------------
--> Number of energy files: # Number of files                                  =    50
--> No. of states, no. of predefined off-diag elements: # Number of states     =     2
# Number of off-diagonal elements                                              =     0
--> Give kT & num. of pts to skip & calculation mode: # kT                     = 0.592
# Number of data points to skip                                                =    50
# Only QQ interactions will be considered                                      =     0
--> Give number of gap-bins: # Number of gap-bins                              =    50
--> Give minimum # pts/bin: # Minimum number of points per bin                 =    50
--> Give alpha for state  2                                                     # Alpha for state  2              =  0.00
--> Number of off-diagonal elements: # Number of off-diagonal elements         =     0
--> linear combination of states defining reaction coord: # Linear combination coefficients=    1.00    0.00


# Part 0: Average energies for all states in all files
# file             state   pts   lambda    EQtot   EQbond  EQang   EQtor   EQimp    EQel   EQvdW  Eel_qq  EvdW_qq Eel_qp  EvdW_qp Eel_qw EvdW_qw Eqrstr
--> Name of file number   1:                                                     
md_2_1000_0000.en      1    949 1.000000  -95.19    0.00    0.00    0.00    0.00  -66.67  -28.52    4.72    1.01  -69.63  -19.45   -1.76  -10.08    0.00
md_2_1000_0000.en      2    949 0.000000  -76.32    0.00    0.00    0.00    0.00  -67.59   -8.73    3.38    1.07  -68.90   -6.85   -2.07   -2.96    0.00
--> Name of file number   2:                                                     
md_2_0938_0062.en      1    949 0.938000  -94.48    0.00    0.00    0.00    0.00  -67.79  -26.69    4.21    1.13  -67.13  -18.85   -4.87   -8.98    0.00
md_2_0938_0062.en      2    949 0.062000  -76.29    0.00    0.00    0.00    0.00  -68.72   -7.57    2.99    1.13  -66.61   -6.82   -5.10   -1.89    0.00
--> Name of file number   3:                                                     
md_2_0879_0121.en      1    949 0.879000  -94.64    0.00    0.00    0.00    0.00  -66.47  -28.17    4.02    1.22  -66.60  -19.90   -3.89   -9.49    0.00
md_2_0879_0121.en      2    949 0.121000  -75.98    0.00    0.00    0.00    0.00  -67.52   -8.46    2.89    1.15  -66.17   -6.88   -4.24   -2.72    0.00
--> Name of file number   4:                                                     
md_2_0823_0177.en      1    949 0.823000  -94.76    0.00    0.00    0.00    0.00  -67.77  -26.99    4.09    1.06  -66.35  -19.10   -5.51   -8.96    0.00
md_2_0823_0177.en      2    949 0.177000  -76.77    0.00    0.00    0.00    0.00  -68.80   -7.97    2.90    1.18  -65.86   -6.88   -5.85   -2.27    0.00
--> Name of file number   5:                                                     
md_2_0771_0229.en      1    949 0.771000  -94.75    0.00    0.00    0.00    0.00  -68.85  -25.90    4.07    1.28  -66.63  -18.82   -6.29   -8.36    0.00
md_2_0771_0229.en      2    949 0.229000  -76.97    0.00    0.00    0.00    0.00  -69.85   -7.12    2.95    1.25  -66.34   -6.66   -6.46   -1.71    0.00
--> Name of file number   6:                                                     
md_2_0722_0278.en      1    949 0.722000  -95.73    0.00    0.00    0.00    0.00  -72.75  -22.98    5.68    1.25  -69.62  -15.35   -8.81   -8.88    0.00
md_2_0722_0278.en      2    949 0.278000  -79.04    0.00    0.00    0.00    0.00  -73.80   -5.24    4.89    1.15  -69.68   -4.50   -9.00   -1.89    0.00
--> Name of file number   7:                                                     
md_2_0676_0324.en      1    949 0.676000  -93.47    0.00    0.00    0.00    0.00  -69.85  -23.62    5.10    1.34  -67.51  -16.58   -7.44   -8.38    0.00
md_2_0676_0324.en      2    949 0.324000  -77.20    0.00    0.00    0.00    0.00  -70.97   -6.23    4.08    1.07  -67.33   -5.51   -7.72   -1.79    0.00
--> Name of file number   8:                                                     
md_2_0633_0367.en      1    949 0.633000  -91.58    0.00    0.00    0.00    0.00  -67.40  -24.17    4.17    1.34  -64.73  -16.43   -6.85   -9.08    0.00
md_2_0633_0367.en      2    949 0.367000  -75.88    0.00    0.00    0.00    0.00  -68.44   -7.44    2.99    1.15  -64.37   -6.41   -7.06   -2.18    0.00
--> Name of file number   9:                                                     
md_2_0592_0408.en      1    949 0.592000  -93.51    0.00    0.00    0.00    0.00  -68.93  -24.58    4.60    1.42  -66.71  -17.83   -6.82   -8.17    0.00
md_2_0592_0408.en      2    949 0.408000  -76.73    0.00    0.00    0.00    0.00  -70.02   -6.71    3.50    1.15  -66.53   -5.95   -6.99   -1.91    0.00
--> Name of file number  10:                                                     
md_2_0554_0446.en      1    949 0.554000  -94.66    0.00    0.00    0.00    0.00  -71.79  -22.86    5.61    1.27  -68.21  -16.58   -9.19   -7.54    0.00
md_2_0554_0446.en      2    949 0.446000  -78.54    0.00    0.00    0.00    0.00  -72.89   -5.65    4.73    1.03  -68.17   -5.13   -9.46   -1.54    0.00
--> Name of file number  11:                                                     
md_2_0518_0482.en      1    949 0.518000  -92.93    0.00    0.00    0.00    0.00  -70.58  -22.35    5.23    1.41  -67.40  -16.52   -8.41   -7.24    0.00
md_2_0518_0482.en      2    949 0.482000  -77.65    0.00    0.00    0.00    0.00  -71.62   -6.03    4.28    1.13  -67.25   -5.28   -8.64   -1.88    0.00
--> Name of file number  12:                                                     
md_2_0484_0516.en      1    949 0.484000  -92.82    0.00    0.00    0.00    0.00  -69.20  -23.62    3.98    1.51  -65.60  -18.18   -7.58   -6.95    0.00
md_2_0484_0516.en      2    949 0.516000  -77.45    0.00    0.00    0.00    0.00  -70.20   -7.25    2.83    1.21  -65.42   -6.60   -7.61   -1.86    0.00
--> Name of file number  13:                                                     
md_2_0452_0548.en      1    949 0.452000  -93.05    0.00    0.00    0.00    0.00  -68.86  -24.19    3.97    1.58  -66.18  -18.02   -6.65   -7.75    0.00
md_2_0452_0548.en      2    949 0.548000  -77.57    0.00    0.00    0.00    0.00  -69.93   -7.65    2.79    1.25  -65.96   -6.64   -6.76   -2.26    0.00
--> Name of file number  14:                                                     
md_2_0422_0578.en      1    949 0.422000  -92.31    0.00    0.00    0.00    0.00  -67.79  -24.52    3.93    1.64  -65.88  -18.12   -5.84   -8.05    0.00
md_2_0422_0578.en      2    949 0.578000  -77.04    0.00    0.00    0.00    0.00  -68.79   -8.25    2.74    1.16  -65.79   -6.91   -5.75   -2.50    0.00
--> Name of file number  15:                                                     
md_2_0394_0606.en      1    949 0.394000  -88.76    0.00    0.00    0.00    0.00  -67.39  -21.37    3.94    1.75  -65.65  -17.33   -5.67   -5.79    0.00
md_2_0394_0606.en      2    949 0.606000  -76.04    0.00    0.00    0.00    0.00  -68.42   -7.62    2.76    1.19  -65.48   -6.75   -5.71   -2.06    0.00
--> Name of file number  16:                                                     
md_2_0368_0632.en      1    949 0.368000  -91.43    0.00    0.00    0.00    0.00  -68.73  -22.70    3.72    1.65  -66.21  -17.90   -6.24   -6.45    0.00
md_2_0368_0632.en      2    949 0.632000  -77.53    0.00    0.00    0.00    0.00  -69.74   -7.78    2.60    1.18  -66.12   -6.88   -6.23   -2.08    0.00
--> Name of file number  17:                                                     
md_2_0343_0657.en      1    949 0.343000  -88.20    0.00    0.00    0.00    0.00  -68.44  -19.76    4.15    1.69  -66.60  -15.50   -5.99   -5.96    0.00
md_2_0343_0657.en      2    949 0.657000  -77.24    0.00    0.00    0.00    0.00  -69.45   -7.79    2.97    1.10  -66.56   -6.63   -5.86   -2.26    0.00
--> Name of file number  18:                                                     
md_2_0319_0681.en      1    949 0.319000  -88.74    0.00    0.00    0.00    0.00  -67.98  -20.76    3.96    1.71  -66.48  -16.16   -5.46   -6.30    0.00
md_2_0319_0681.en      2    949 0.681000  -76.99    0.00    0.00    0.00    0.00  -68.99   -7.99    2.78    1.15  -66.41   -6.93   -5.37   -2.21    0.00
--> Name of file number  19:                                                     
md_2_0297_0703.en      1    949 0.297000  -89.56    0.00    0.00    0.00    0.00  -68.89  -20.67    4.01    1.82  -66.30  -16.89   -6.59   -5.60    0.00
md_2_0297_0703.en      2    949 0.703000  -77.61    0.00    0.00    0.00    0.00  -69.88   -7.73    2.85    1.12  -66.28   -6.76   -6.45   -2.09    0.00
--> Name of file number  20:                                                     
md_2_0276_0724.en      1    949 0.276000  -88.12    0.00    0.00    0.00    0.00  -68.40  -19.73    4.26    1.95  -66.25  -16.90   -6.40   -4.78    0.00
md_2_0276_0724.en      2    949 0.724000  -77.27    0.00    0.00    0.00    0.00  -69.39   -7.89    3.02    1.10  -66.13   -6.69   -6.27   -2.30    0.00
--> Name of file number  21:                                                     
md_2_0257_0743.en      1    949 0.257000  -88.08    0.00    0.00    0.00    0.00  -68.27  -19.81    4.92    1.89  -66.23  -16.02   -6.96   -5.68    0.00
md_2_0257_0743.en      2    949 0.743000  -76.90    0.00    0.00    0.00    0.00  -69.30   -7.60    3.57    1.00  -66.01   -6.49   -6.86   -2.11    0.00
--> Name of file number  22:                                                     
md_2_0239_0761.en      1    949 0.239000  -86.50    0.00    0.00    0.00    0.00  -68.97  -17.53    4.73    1.60  -66.08  -14.44   -7.62   -4.69    0.00
md_2_0239_0761.en      2    949 0.761000  -77.40    0.00    0.00    0.00    0.00  -69.92   -7.48    3.42    0.96  -65.88   -6.49   -7.46   -1.95    0.00
--> Name of file number  23:                                                     
md_2_0221_0779.en      1    949 0.221000  -83.98    0.00    0.00    0.00    0.00  -69.46  -14.52    4.48    2.05  -65.74  -13.64   -8.21   -2.93    0.00
md_2_0221_0779.en      2    949 0.779000  -77.65    0.00    0.00    0.00    0.00  -70.35   -7.31    3.23    1.09  -65.50   -6.56   -8.08   -1.83    0.00
--> Name of file number  24:                                                     
md_2_0205_0795.en      1    949 0.205000  -80.54    0.00    0.00    0.00    0.00  -69.26  -11.27    4.63    2.35  -65.27  -12.81   -8.63   -0.81    0.00
md_2_0205_0795.en      2    949 0.795000  -77.44    0.00    0.00    0.00    0.00  -70.17   -7.27    3.34    1.04  -64.93   -6.40   -8.58   -1.91    0.00
--> Name of file number  25:                                                     
md_2_0190_0810.en      1    949 0.190000  -81.23    0.00    0.00    0.00    0.00  -69.82  -11.41    4.57    2.42  -65.92  -12.09   -8.47   -1.75    0.00
md_2_0190_0810.en      2    949 0.810000  -78.21    0.00    0.00    0.00    0.00  -70.76   -7.45    3.30    1.02  -65.77   -6.32   -8.29   -2.15    0.00
--> Name of file number  26:                                                     
md_2_0175_0825.en      1    949 0.175000  -81.68    0.00    0.00    0.00    0.00  -70.45  -11.23    5.48    2.46  -66.43  -12.35   -9.49   -1.35    0.00
md_2_0175_0825.en      2    949 0.825000  -77.78    0.00    0.00    0.00    0.00  -71.33   -6.45    4.01    0.97  -65.98   -6.05   -9.36   -1.37    0.00
--> Name of file number  27:                                                     
md_2_0162_0838.en      1    949 0.162000  -81.10    0.00    0.00    0.00    0.00  -68.70  -12.39    5.56    2.36  -67.00  -13.11   -7.26   -1.65    0.00
md_2_0162_0838.en      2    949 0.838000  -76.49    0.00    0.00    0.00    0.00  -69.65   -6.83    4.08    0.99  -66.53   -6.13   -7.21   -1.69    0.00
--> Name of file number  28:                                                     
md_2_0149_0851.en      1    949 0.149000  -74.88    0.00    0.00    0.00    0.00  -67.54   -7.34    4.67    2.12  -65.81  -12.02   -6.40    2.56    0.00
md_2_0149_0851.en      2    949 0.851000  -76.46    0.00    0.00    0.00    0.00  -68.50   -7.95    3.37    1.04  -65.62   -6.43   -6.26   -2.57    0.00
--> Name of file number  29:                                                     
md_2_0137_0863.en      1    949 0.137000  -78.95    0.00    0.00    0.00    0.00  -68.04  -10.91    3.53    2.11  -65.03  -12.48   -6.54   -0.55    0.00
md_2_0137_0863.en      2    949 0.863000  -77.98    0.00    0.00    0.00    0.00  -69.17   -8.81    2.52    1.23  -65.25   -7.50   -6.44   -2.54    0.00
--> Name of file number  30:                                                     
md_2_0126_0874.en      1    949 0.126000  -77.87    0.00    0.00    0.00    0.00  -68.21   -9.67    3.59    2.20  -64.49  -11.07   -7.31   -0.80    0.00
md_2_0126_0874.en      2    949 0.874000  -77.45    0.00    0.00    0.00    0.00  -69.23   -8.22    2.53    1.35  -64.50   -7.33   -7.26   -2.24    0.00
--> Name of file number  31:                                                     
md_2_0115_0885.en      1    949 0.115000  -76.55    0.00    0.00    0.00    0.00  -69.16   -7.39    5.16    2.63  -66.62  -10.66   -7.71    0.64    0.00
md_2_0115_0885.en      2    949 0.885000  -76.96    0.00    0.00    0.00    0.00  -70.19   -6.78    4.15    0.94  -66.21   -5.57   -8.12   -2.15    0.00
--> Name of file number  32:                                                     
md_2_0105_0895.en      1    949 0.105000  -73.10    0.00    0.00    0.00    0.00  -69.21   -3.89    5.39    3.67  -69.61  -10.82   -5.00    3.26    0.00
md_2_0105_0895.en      2    949 0.895000  -76.95    0.00    0.00    0.00    0.00  -70.38   -6.58    4.35    0.91  -69.45   -5.60   -5.28   -1.89    0.00
--> Name of file number  33:                                                     
md_2_0096_0904.en      1    949 0.096000  -78.93    0.00    0.00    0.00    0.00  -70.37   -8.55    5.75    3.04  -70.47  -10.56   -5.65   -1.03    0.00
md_2_0096_0904.en      2    949 0.904000  -77.75    0.00    0.00    0.00    0.00  -71.42   -6.32    4.71    0.88  -70.08   -5.13   -6.06   -2.08    0.00
--> Name of file number  34:                                                     
md_2_0087_0913.en      1    949 0.087000  -69.38    0.00    0.00    0.00    0.00  -69.56    0.18    5.58    2.76  -69.23   -9.55   -5.91    6.97    0.00
md_2_0087_0913.en      2    949 0.913000  -77.46    0.00    0.00    0.00    0.00  -70.62   -6.83    4.49    0.92  -68.78   -5.31   -6.34   -2.44    0.00
--> Name of file number  35:                                                     
md_2_0079_0921.en      1    949 0.079000  -62.28    0.00    0.00    0.00    0.00  -69.85    7.57    5.01    2.11  -68.13   -7.48   -6.73   12.94    0.00
md_2_0079_0921.en      2    949 0.921000  -77.81    0.00    0.00    0.00    0.00  -70.84   -6.96    3.83    1.01  -67.66   -6.07   -7.02   -1.90    0.00
--> Name of file number  36:                                                     
md_2_0071_0929.en      1    949 0.071000  -64.41    0.00    0.00    0.00    0.00  -69.04    4.62    4.88    2.39  -67.74   -8.50   -6.19   10.73    0.00
md_2_0071_0929.en      2    949 0.929000  -77.59    0.00    0.00    0.00    0.00  -70.18   -7.41    3.77    0.99  -67.38   -6.15   -6.57   -2.25    0.00
--> Name of file number  37:                                                     
md_2_0064_0936.en      1    949 0.064000  -59.23    0.00    0.00    0.00    0.00  -72.82   13.59    5.60    2.41  -70.16   -9.07   -8.25   20.25    0.00
md_2_0064_0936.en      2    949 0.936000  -79.98    0.00    0.00    0.00    0.00  -73.91   -6.07    4.59    0.93  -69.83   -4.88   -8.66   -2.12    0.00
--> Name of file number  38:                                                     
md_2_0057_0943.en      1    949 0.057000  -51.78    0.00    0.00    0.00    0.00  -72.58   20.81    5.59    2.44  -71.07   -6.43   -7.10   24.80    0.00
md_2_0057_0943.en      2    949 0.943000  -79.68    0.00    0.00    0.00    0.00  -73.68   -6.00    4.57    0.95  -70.59   -4.70   -7.65   -2.26    0.00
--> Name of file number  39:                                                     
md_2_0050_0950.en      1    949 0.050000  -45.87    0.00    0.00    0.00    0.00  -67.01   21.13    5.86    2.62  -71.32   -6.07   -1.55   24.58    0.00
md_2_0050_0950.en      2    949 0.950000  -75.62    0.00    0.00    0.00    0.00  -68.11   -7.51    4.84    0.91  -70.89   -5.07   -2.06   -3.34    0.00
--> Name of file number  40:                                                     
md_2_0044_0956.en      1    949 0.044000  -17.78    0.00    0.00    0.00    0.00  -69.31   51.53    5.58    2.92  -69.59   -0.51   -5.30   49.11    0.00
md_2_0044_0956.en      2    949 0.956000  -77.38    0.00    0.00    0.00    0.00  -70.37   -7.01    4.50    0.88  -69.31   -5.46   -5.56   -2.43    0.00
--> Name of file number  41:                                                     
md_2_0039_0961.en      1    949 0.039000  -31.70    0.00    0.00    0.00    0.00  -66.27   34.57    5.93    2.91  -70.36   -1.53   -1.84   33.19    0.00
md_2_0039_0961.en      2    949 0.961000  -74.94    0.00    0.00    0.00    0.00  -67.32   -7.62    4.87    0.88  -69.92   -4.96   -2.27   -3.54    0.00
--> Name of file number  42:                                                     
md_2_0033_0967.en      1    949 0.033000   -0.44    0.00    0.00    0.00    0.00  -68.23   67.79    5.68    2.88  -70.01    3.49   -3.90   61.41    0.00
md_2_0033_0967.en      2    949 0.967000  -76.79    0.00    0.00    0.00    0.00  -69.38   -7.41    4.61    0.91  -69.59   -5.14   -4.40   -3.18    0.00
--> Name of file number  43:                                                     
md_2_0028_0972.en      1    949 0.028000   19.52    0.00    0.00    0.00    0.00  -69.53   89.06    5.25    2.86  -67.95    9.95   -6.83   76.25    0.00
md_2_0028_0972.en      2    949 0.972000  -78.07    0.00    0.00    0.00    0.00  -70.60   -7.47    4.18    0.97  -67.68   -5.86   -7.09   -2.58    0.00
--> Name of file number  44:                                                     
md_2_0023_0977.en      1    949 0.023000   26.55    0.00    0.00    0.00    0.00  -69.75   96.30    5.47    2.54  -69.53    3.53   -5.69   90.24    0.00
md_2_0023_0977.en      2    949 0.977000  -77.91    0.00    0.00    0.00    0.00  -70.82   -7.10    4.43    0.92  -69.32   -5.31   -5.92   -2.72    0.00
--> Name of file number  45:                                                     
md_2_0019_0981.en      1    949 0.019000   13.56    0.00    0.00    0.00    0.00  -69.54   83.11    4.57    2.71  -65.60   -0.20   -8.51   80.60    0.00
md_2_0019_0981.en      2    949 0.981000  -77.85    0.00    0.00    0.00    0.00  -70.52   -7.33    3.39    0.89  -65.28   -6.53   -8.63   -1.69    0.00
--> Name of file number  46:                                                     
md_2_0015_0985.en      1    949 0.015000    7.94    0.00    0.00    0.00    0.00  -72.94   80.88    5.72    2.20  -71.39   11.80   -7.27   66.87    0.00
md_2_0015_0985.en      2    949 0.985000  -80.21    0.00    0.00    0.00    0.00  -74.05   -6.16    4.77    0.90  -71.29   -4.56   -7.53   -2.50    0.00
--> Name of file number  47:                                                     
md_2_0011_0989.en      1    949 0.011000   75.85    0.00    0.00    0.00    0.00  -73.27  149.12    5.91    3.93  -71.72   30.57   -7.46  114.61    0.00
md_2_0011_0989.en      2    949 0.989000  -80.03    0.00    0.00    0.00    0.00  -74.36   -5.66    4.98    0.93  -71.56   -3.97   -7.78   -2.63    0.00
--> Name of file number  48:                                                     
md_2_0007_0993.en      1    949 0.007000   75.35    0.00    0.00    0.00    0.00  -72.57  147.93    5.74    3.68  -70.52   35.02   -7.80  109.22    0.00
md_2_0007_0993.en      2    949 0.993000  -79.79    0.00    0.00    0.00    0.00  -73.67   -6.12    4.79    0.96  -70.40   -4.48   -8.06   -2.60    0.00
--> Name of file number  49:                                                     
md_2_0003_0997.en      1    949 0.003000  102.41    0.00    0.00    0.00    0.00  -72.65  175.06    5.67    3.51  -71.78   68.24   -6.53  103.30    0.00
md_2_0003_0997.en      2    949 0.997000  -79.62    0.00    0.00    0.00    0.00  -73.78   -5.84    4.70    0.91  -71.63   -4.07   -6.85   -2.67    0.00
--> Name of file number  50:                                                     
md_2_0000_1000.en      1    949 0.000000  201.68    0.00    0.00    0.00    0.00  -65.95  267.63    5.40    4.38  -67.83  196.66   -3.52   66.60    0.00
md_2_0000_1000.en      2    949 1.000000  -75.31    0.00    0.00    0.00    0.00  -66.92   -8.39    4.17    0.87  -67.22   -6.39   -3.87   -2.87    0.00


# Part 1: Free energy perturbation summary:
# lambda(1)      dGf sum(dGf)      dGr sum(dGr)     <dG>
   1.000000    0.000    0.000   -1.135   -6.377    0.000
   0.938000    1.163    1.163   -1.109   -5.242    1.149
   0.879000    1.066    2.229   -1.014   -4.133    2.236
   0.823000    1.038    3.267   -0.931   -3.119    3.262
   0.771000    0.930    4.197   -0.824   -2.188    4.193
   0.722000    0.865    5.061   -0.755   -1.364    5.037
   0.676000    0.762    5.823   -0.681   -0.609    5.795
   0.633000    0.694    6.517   -0.693    0.072    6.483
   0.592000    0.638    7.154   -0.621    0.766    7.148
   0.554000    0.633    7.787   -0.557    1.387    7.775
   0.518000    0.572    8.359   -0.529    1.944    8.340
   0.484000    0.513    8.872   -0.501    2.473    8.861
   0.452000    0.486    9.358   -0.464    2.973    9.354
   0.422000    0.459    9.817   -0.363    3.438    9.816
   0.394000    0.422   10.240   -0.369    3.801   10.209
   0.368000    0.324   10.564   -0.283    4.169   10.555
   0.343000    0.340   10.904   -0.289    4.452   10.867
   0.319000    0.254   11.158   -0.269    4.741   11.138
   0.297000    0.252   11.410   -0.234    5.010   11.399
   0.276000    0.245   11.655   -0.219    5.244   11.638
   0.257000    0.201   11.856   -0.171    5.463   11.848
   0.239000    0.195   12.051   -0.122    5.633   12.031
   0.221000    0.156   12.208   -0.056    5.755   12.170
   0.205000    0.095   12.302   -0.053    5.811   12.245
   0.190000    0.040   12.343   -0.066    5.864   12.292
   0.175000    0.037   12.379   -0.066    5.930   12.343
   0.162000    0.045   12.424    0.010    5.996   12.398
   0.149000    0.054   12.478   -0.018    5.986   12.420
   0.137000   -0.029   12.449   -0.012    6.004   12.415
   0.126000    0.004   12.453   -0.004    6.016   12.423
   0.115000   -0.003   12.450    0.027    6.020   12.424
   0.105000   -0.012   12.438   -0.015    5.993   12.404
   0.096000   -0.045   12.393    0.063    6.009   12.389
   0.087000    0.005   12.398    0.110    5.945   12.360
   0.079000   -0.073   12.326    0.091    5.836   12.269
   0.071000   -0.142   12.184    0.130    5.745   12.153
   0.064000   -0.105   12.080    0.175    5.615   12.036
   0.057000   -0.162   11.918    0.192    5.440   11.867
   0.050000   -0.219   11.698    0.333    5.248   11.662
   0.044000   -0.192   11.507    0.205    4.915   11.399
   0.039000   -0.317   11.190    0.434    4.710   11.139
   0.033000   -0.278   10.912    0.455    4.276   10.783
   0.028000   -0.400   10.512    0.501    3.821   10.355
   0.023000   -0.520    9.992    0.346    3.320    9.845
   0.019000   -0.432    9.561    0.335    2.975    9.456
   0.015000   -0.385    9.176    0.600    2.640    9.096
   0.011000   -0.371    8.804    0.601    2.040    8.611
   0.007000   -0.651    8.153    0.677    1.439    7.985
   0.003000   -0.646    7.508    0.762    0.762    7.323
   0.000000   -0.582    6.925    0.000    0.000    6.651

# Min energy-gap is:   -104.29
# Max energy-gap is:    442.35


# Part 2: Reaction free energy summary:
# Lambda(1)  bin Energy gap      dGa     dGb     dGg    # pts    c1**2    c2**2
   1.000000    1     -98.83     0.00    17.53    -0.00    753    0.000    0.000
   1.000000    2     -87.89     0.00    15.10    -0.00    196    0.000    0.000
   0.938000    1     -98.83    -0.02    17.44    -0.02    636    0.000    0.000
   0.938000    2     -87.89     0.09    15.27     0.09    313    0.000    0.000
   0.879000    1     -98.83    -0.11    17.74    -0.11    666    0.000    0.000
   0.879000    2     -87.89     0.11    15.58     0.11    283    0.000    0.000
   0.823000    1     -98.83    -0.04    17.43    -0.04    707    0.000    0.000
   0.823000    2     -87.89     0.24    15.54     0.24    242    0.000    0.000
   0.771000    1     -98.83    -0.10    17.40    -0.10    675    0.000    0.000
   0.771000    2     -87.89     0.33    14.11     0.33    274    0.000    0.000
   0.722000    1     -98.83     0.15    16.20     0.15    786    0.000    0.000
   0.722000    2     -87.89     0.77    13.79     0.77    163    0.000    0.000
   0.676000    1     -98.83     0.03    16.39     0.03    493    0.000    0.000
   0.676000    2     -87.89     0.59    14.73     0.59    456    0.000    0.000
   0.633000    1     -98.83     0.00    16.78     0.00    261    0.000    0.000
   0.633000    2     -87.89     0.59    14.42     0.59    687    0.000    0.000
   0.592000    1     -98.83    -0.38    16.60    -0.38    468    0.000    0.000
   0.592000    2     -87.89     0.25    14.98     0.25    481    0.000    0.000
   0.554000    1     -98.83    -0.44    16.47    -0.44    661    0.000    0.000
   0.554000    2     -87.89     1.13    13.35     1.13    288    0.000    0.000
   0.518000    1     -98.83    -0.29    16.51    -0.29    440    0.000    0.000
   0.518000    2     -87.89     0.89    13.95     0.89    507    0.000    0.000
   0.484000    1     -98.83    -0.38    16.60    -0.38    454    0.000    0.000
   0.484000    2     -87.89     0.73    14.11     0.73    491    0.000    0.000
   0.452000    1     -98.83    -0.55    16.74    -0.55    458    0.000    0.000
   0.452000    2     -87.89     0.57    14.62     0.57    487    0.000    0.000
   0.422000    1     -98.83    -0.88    16.57    -0.88    375    0.000    0.000
   0.422000    2     -87.89     0.55    14.42     0.55    564    0.000    0.000
   0.394000    1     -98.83    -0.42    16.38    -0.42    119    0.000    0.000
   0.394000    2     -87.89     1.07    14.20     1.07    774    0.000    0.000
   0.394000    3     -76.96     5.23    11.34     5.23     56    0.000    0.000
   0.368000    1     -98.83    -1.02    16.32    -1.02    329    0.000    0.000
   0.368000    2     -87.89     0.75    14.19     0.75    593    0.000    0.000
   0.343000    1     -98.83    -0.41    16.00    -0.41    138    0.000    0.000
   0.343000    2     -87.89     1.33    13.93     1.33    689    0.000    0.000
   0.343000    3     -76.96     6.16    11.13     6.16    120    0.000    0.000
   0.319000    1     -98.83    -0.49    16.02    -0.49    131    0.000    0.000
   0.319000    2     -87.89     1.20    14.15     1.20    737    0.000    0.000
   0.319000    3     -76.96     5.59    11.48     5.59     79    0.000    0.000
   0.297000    1     -98.83    -1.07    15.81    -1.07    186    0.000    0.000
   0.297000    2     -87.89     0.98    14.15     0.98    696    0.000    0.000
   0.297000    3     -76.96     5.15    12.20     5.15     67    0.000    0.000
   0.276000    1     -98.83    -0.58    15.80    -0.58    122    0.000    0.000
   0.276000    2     -87.89     1.25    14.16     1.25    721    0.000    0.000
   0.276000    3     -76.96     6.08    11.84     6.08    105    0.000    0.000
   0.257000    1     -98.83    -1.42    15.77    -1.42    161    0.000    0.000
   0.257000    2     -87.89     0.45    14.38     0.45    640    0.000    0.000
   0.257000    3     -76.96     5.62    12.27     5.62    138    0.000    0.000
   0.239000    1     -98.83    -1.10    15.67    -1.10     82    0.000    0.000
   0.239000    2     -87.89     0.81    14.07     0.81    666    0.000    0.000
   0.239000    3     -76.96     7.35    12.11     7.35    189    0.000    0.000
   0.221000    2     -87.89     2.17    13.85     2.17    600    0.000    0.000
   0.221000    3     -76.96     7.29    11.89     7.29    302    0.000    0.000
   0.205000    2     -87.89     3.57    13.56     3.57    390    0.000    0.000
   0.205000    3     -76.96     7.50    12.12     7.50    473    0.000    0.000
   0.205000    4     -66.03    15.55    10.10    10.10     76    0.000    0.000
   0.190000    2     -87.89     3.05    13.51     3.05    464    0.000    0.000
   0.190000    3     -76.96     8.47    11.96     8.47    394    0.000    0.000
   0.190000    4     -66.03    14.18     9.83     9.83     79    0.000    0.000
   0.175000    2     -87.89     2.69    13.60     2.69    476    0.000    0.000
   0.175000    3     -76.96     7.30    12.12     7.30    393    0.000    0.000
   0.175000    4     -66.03    15.74    10.39    10.39     67    0.000    0.000
   0.162000    2     -87.89     1.25    13.74     1.25    436    0.000    0.000
   0.162000    3     -76.96     4.99    12.45     4.99    430    0.000    0.000
   0.162000    4     -66.03    13.66    10.89    10.88     71    0.000    0.000
   0.149000    2     -87.89     1.94    13.54     1.94    183    0.000    0.000
   0.149000    3     -76.96     7.02    12.29     7.02    470    0.000    0.000
   0.149000    4     -66.03    15.91    10.75    10.75    229    0.000    0.000
   0.149000    5     -55.10    25.64     9.03     9.03     57    0.000    0.000
   0.137000    2     -87.89     2.22    13.38     2.22    337    0.000    0.000
   0.137000    3     -76.96     7.73    12.23     7.73    465    0.000    0.000
   0.137000    4     -66.03    17.10    10.86    10.86    121    0.000    0.000
   0.126000    2     -87.89     1.23    13.35     1.23    324    0.000    0.000
   0.126000    3     -76.96     7.91    12.28     7.91    389    0.000    0.000
   0.126000    4     -66.03    16.81    11.01    11.01    209    0.000    0.000
   0.115000    2     -87.89     1.23    13.34     1.23    313    0.000    0.000
   0.115000    3     -76.96     7.13    12.35     7.13    345    0.000    0.000
   0.115000    4     -66.03    16.69    11.21    11.21    192    0.000    0.000
   0.115000    5     -55.10    25.25    10.13    10.13     82    0.000    0.000
   0.105000    2     -87.89    -0.01    13.30    -0.01    211    0.000    0.000
   0.105000    3     -76.96     7.10    12.33     7.10    377    0.000    0.000
   0.105000    4     -66.03    17.24    11.21    11.21    210    0.000    0.000
   0.105000    5     -55.10    26.50    10.02    10.02    108    0.000    0.000
   0.096000    2     -87.89     1.19    13.16     1.19    371    0.000    0.000
   0.096000    3     -76.96     6.24    12.29     6.24    365    0.000    0.000
   0.096000    4     -66.03    14.69    11.40    11.40    165    0.000    0.000
   0.087000    2     -87.89     1.99    12.95     1.99    121    0.000    0.000
   0.087000    3     -76.96     8.00    12.19     8.00    357    0.000    0.000
   0.087000    4     -66.03    15.94    11.32    11.32    262    0.000    0.000
   0.087000    5     -55.10    26.58    10.40    10.40    142    0.000    0.000
   0.087000    6     -44.16    36.05     9.44     9.44     57    0.000    0.000
   0.079000    2     -87.89     1.73    12.78     1.73     77    0.000    0.000
   0.079000    3     -76.96     8.77    12.09     8.77    227    0.000    0.000
   0.079000    4     -66.03    17.21    11.29    11.29    267    0.000    0.000
   0.079000    5     -55.10    26.47    10.48    10.48    193    0.000    0.000
   0.079000    6     -44.16    37.35     9.57     9.57     90    0.000    0.000
   0.079000    7     -33.23    46.78     8.67     8.67     51    0.000    0.000
   0.071000    2     -87.89    -0.06    12.67    -0.06    116    0.000    0.000
   0.071000    3     -76.96     8.02    12.05     8.02    259    0.000    0.000
   0.071000    4     -66.03    16.42    11.30    11.30    198    0.000    0.000
   0.071000    5     -55.10    25.74    10.50    10.50    172    0.000    0.000
   0.071000    6     -44.16    37.65     9.70     9.70    134    0.000    0.000
   0.064000    2     -87.89     1.27    12.38     1.27     83    0.000    0.000
   0.064000    3     -76.96     5.68    11.77     5.68    227    0.000    0.000
   0.064000    4     -66.03    19.56    11.07    11.07    186    0.000    0.000
   0.064000    5     -55.10    30.56    10.41    10.41    188    0.000    0.000
   0.064000    6     -44.16    37.86     9.76     9.76    101    0.000    0.000
   0.064000    7     -33.23    49.53     9.09     9.09     84    0.000    0.000
   0.057000    2     -87.89     2.32    12.14     2.32     63    0.000    0.000
   0.057000    3     -76.96     9.02    11.64     9.02    135    0.000    0.000
   0.057000    4     -66.03    19.44    11.07    11.07    180    0.000    0.000
   0.057000    5     -55.10    26.24    10.43    10.43    180    0.000    0.000
   0.057000    6     -44.16    39.57     9.82     9.82    145    0.000    0.000
   0.057000    7     -33.23    51.32     9.18     9.18    105    0.000    0.000
   0.057000    8     -22.30    60.07     8.63     8.63     62    0.000    0.000
   0.050000    3     -76.96     5.90    11.61     5.90     62    0.000    0.000
   0.050000    4     -66.03    14.44    11.09    11.09    177    0.000    0.000
   0.050000    5     -55.10    24.19    10.61    10.61    194    0.000    0.000
   0.050000    6     -44.16    33.90    10.01    10.01    213    0.000    0.000
   0.050000    7     -33.23    44.18     9.55     9.55    126    0.000    0.000
   0.050000    8     -22.30    53.99     9.03     9.03     80    0.000    0.000
   0.044000    5     -55.10    28.11    10.35    10.35     99    0.000    0.000
   0.044000    6     -44.16    38.02     9.87     9.87    108    0.000    0.000
   0.044000    7     -33.23    47.07     9.43     9.43    123    0.000    0.000
   0.044000    8     -22.30    57.85     8.99     8.99    128    0.000    0.000
   0.044000    9     -11.37    68.84     8.51     8.51    148    0.000    0.000
   0.044000   10      -0.43    77.54     8.03     8.03     93    0.000    0.000
   0.044000   11      10.50    87.59     7.48     7.48     72    0.000    0.000
   0.039000    4     -66.03    15.12    10.74    10.74     78    0.000    0.000
   0.039000    5     -55.10    25.55    10.33    10.33    137    0.000    0.000
   0.039000    6     -44.16    32.84     9.94     9.94    206    0.000    0.000
   0.039000    7     -33.23    44.17     9.50     9.50    163    0.000    0.000
   0.039000    8     -22.30    56.06     9.09     9.09    127    0.000    0.000
   0.039000    9     -11.37    64.04     8.66     8.66     87    0.000    0.000
   0.039000   10      -0.43    77.43     8.21     8.21     64    0.000    0.000
   0.033000    6     -44.16    35.43     9.70     9.70     50    0.000    0.000
   0.033000    7     -33.23    46.78     9.30     9.30     76    0.000    0.000
   0.033000    8     -22.30    57.30     8.98     8.98    134    0.000    0.000
   0.033000    9     -11.37    66.32     8.63     8.63    136    0.000    0.000
   0.033000   10      -0.43    76.85     8.22     8.22    113    0.000    0.000
   0.033000   11      10.50    88.09     7.88     7.88    142    0.000    0.000
   0.033000   12      21.43    97.98     7.50     7.50    102    0.000    0.000
   0.033000   13      32.37   110.67     7.20     7.20     73    0.000    0.000
   0.028000    8     -22.30    55.48     8.78     8.78     56    0.000    0.000
   0.028000    9     -11.37    68.60     8.47     8.47     79    0.000    0.000
   0.028000   10      -0.43    77.40     8.19     8.19     72    0.000    0.000
   0.028000   11      10.50    89.76     7.89     7.89     98    0.000    0.000
   0.028000   12      21.43   100.05     7.54     7.54     86    0.000    0.000
   0.028000   13      32.37   111.76     7.24     7.24    127    0.000    0.000
   0.028000   14      43.30   122.31     6.95     6.95    110    0.000    0.000
   0.028000   15      54.23   131.74     6.63     6.63     73    0.000    0.000
   0.028000   16      65.16   144.06     6.31     6.31     60    0.000    0.000
   0.023000    8     -22.30    56.01     8.55     8.55     65    0.000    0.000
   0.023000    9     -11.37    68.77     8.31     8.31     67    0.000    0.000
   0.023000   10      -0.43    79.02     8.06     8.06     85    0.000    0.000
   0.023000   11      10.50    87.39     7.81     7.81     81    0.000    0.000
   0.023000   12      21.43   100.67     7.54     7.54    111    0.000    0.000
   0.023000   13      32.37   109.32     7.30     7.30    135    0.000    0.000
   0.023000   14      43.30   120.05     7.06     7.06    127    0.000    0.000
   0.023000   15      54.23   131.98     6.82     6.82     90    0.000    0.000
   0.023000   16      65.16   137.80     6.54     6.54     74    0.000    0.000
   0.019000    7     -33.23    48.68     8.61     8.61     50    0.000    0.000
   0.019000    8     -22.30    54.76     8.37     8.37     72    0.000    0.000
   0.019000    9     -11.37    68.88     8.21     8.21     75    0.000    0.000
   0.019000   10      -0.43    80.70     7.98     7.98     62    0.000    0.000
   0.019000   11      10.50    90.45     7.77     7.77     77    0.000    0.000
   0.019000   12      21.43    98.82     7.56     7.56     98    0.000    0.000
   0.019000   13      32.37   110.33     7.36     7.36    134    0.000    0.000
   0.019000   14      43.30   121.56     7.16     7.16     92    0.000    0.000
   0.019000   15      54.23   133.11     6.95     6.95     83    0.000    0.000
   0.015000    7     -33.23    48.61     8.40     8.40     87    0.000    0.000
   0.015000    8     -22.30    57.31     8.24     8.24     85    0.000    0.000
   0.015000    9     -11.37    67.88     8.05     8.05    115    0.000    0.000
   0.015000   10      -0.43    83.24     7.88     7.88    113    0.000    0.000
   0.015000   11      10.50    93.22     7.72     7.72     86    0.000    0.000
   0.015000   12      21.43   102.74     7.57     7.57    100    0.000    0.000
   0.015000   13      32.37   113.59     7.41     7.41     77    0.000    0.000
   0.015000   14      43.30   123.25     7.24     7.24     58    0.000    0.000
   0.015000   15      54.23   135.47     7.07     7.07     50    0.000    0.000
   0.011000   13      32.37   113.90     7.38     7.38     74    0.000    0.000
   0.011000   14      43.30   124.33     7.24     7.24     87    0.000    0.000
   0.011000   15      54.23   136.74     7.13     7.13    109    0.000    0.000
   0.011000   16      65.16   146.36     7.01     7.01     98    0.000    0.000
   0.011000   17      76.10   156.01     6.89     6.89     95    0.000    0.000
   0.011000   18      87.03   168.13     6.77     6.77    102    0.000    0.000
   0.011000   19      97.96   178.68     6.66     6.66     76    0.000    0.000
   0.007000   13      32.37   115.34     7.20     7.20     73    0.000    0.000
   0.007000   14      43.30   121.72     7.12     7.12     91    0.000    0.000
   0.007000   15      54.23   133.92     7.04     7.04    119    0.000    0.000
   0.007000   16      65.16   143.36     6.97     6.97    129    0.000    0.000
   0.007000   17      76.10   155.71     6.89     6.89    143    0.000    0.000
   0.007000   18      87.03   166.11     6.82     6.82    103    0.000    0.000
   0.007000   19      97.96   177.15     6.75     6.75     84    0.000    0.000
   0.003000   14      43.30   123.27     6.95     6.95     73    0.000    0.000
   0.003000   15      54.23   134.15     6.92     6.92     76    0.000    0.000
   0.003000   16      65.16   146.19     6.89     6.89     59    0.000    0.000
   0.003000   17      76.10   155.17     6.85     6.85     81    0.000    0.000
   0.003000   18      87.03   167.90     6.82     6.82     82    0.000    0.000
   0.003000   19      97.96   175.46     6.79     6.79     70    0.000    0.000
   0.003000   20     108.90   188.38     6.76     6.76     54    0.000    0.000
   0.003000   21     119.83   199.80     6.72     6.72     52    0.000    0.000
   0.000000   19      97.96   172.05     6.65     6.65     51    0.000    0.000
   0.000000   20     108.90   184.37     6.65     6.65     51    0.000    0.000


# Part 3: Bin-averaged summary:
# bin  energy gap  <dGg> <dGg norm> pts  <c1**2> <c2**2> <r_xy>
   1    -98.83    -0.27     0.00   9101   0.000   0.000   0.000
   2    -87.89     1.11     1.38  15513   0.000   0.000   0.000
   3    -76.96     7.15     7.42   6424   0.000   0.000   0.000
   4    -66.03    11.04    11.31   2767   0.000   0.000   0.000
   5    -55.10    10.35    10.63   1552   0.000   0.000   0.000
   6    -44.16     9.82    10.09   1104   0.000   0.000   0.000
   7    -33.23     9.19     9.46    865   0.000   0.000   0.000
   8    -22.30     8.80     9.07    809   0.000   0.000   0.000
   9    -11.37     8.42     8.70    707   0.000   0.000   0.000
  10     -0.43     8.08     8.35    602   0.000   0.000   0.000
  11     10.50     7.78     8.05    556   0.000   0.000   0.000
  12     21.43     7.54     7.82    497   0.000   0.000   0.000
  13     32.37     7.30     7.57    693   0.000   0.000   0.000
  14     43.30     7.09     7.37    638   0.000   0.000   0.000
  15     54.23     6.95     7.22    600   0.000   0.000   0.000
  16     65.16     6.80     7.07    420   0.000   0.000   0.000
  17     76.10     6.88     7.16    319   0.000   0.000   0.000
  18     87.03     6.80     7.08    287   0.000   0.000   0.000
  19     97.96     6.72     6.99    281   0.000   0.000   0.000
  20    108.90     6.71     6.98    105   0.000   0.000   0.000
  21    119.83     6.72     7.00     52   0.000   0.000   0.000


# Part 4: Termodynamic integration:
# lambda(1)      dGti    sum(dGti) 
   1.000000    0.000    0.000
   0.938000   18.875    1.149
   0.879000   18.190    2.236
   0.823000   18.668    3.263
   0.771000   17.989    4.193
   0.722000   17.778    5.037
   0.676000   16.684    5.795
   0.633000   16.270    6.482
   0.592000   15.696    7.148
   0.554000   16.784    7.773
   0.518000   16.120    8.339
   0.484000   15.284    8.860
   0.452000   15.368    9.353
   0.422000   15.479    9.815
   0.394000   15.279   10.207
   0.368000   12.718   10.553
   0.343000   13.903   10.863
   0.319000   10.962   11.136
   0.297000   11.752   11.397
   0.276000   11.949   11.636
   0.257000   10.847   11.845
   0.239000   11.178   12.028
   0.221000    9.099   12.167
   0.205000    6.332   12.242
   0.190000    3.102   12.288
   0.175000    3.024   12.340
   0.162000    3.898   12.395
   0.149000    4.613   12.415
   0.137000   -1.578   12.411
   0.126000    0.973   12.419
   0.115000    0.424   12.419
   0.105000   -0.418   12.398
   0.096000   -3.849   12.386
   0.087000    1.178   12.355
   0.079000   -8.072   12.260
   0.071000  -15.531   12.146
   0.064000  -13.172   12.027
   0.057000  -20.753   11.856
   0.050000  -27.905   11.655
   0.044000  -29.745   11.387
   0.039000  -59.598   11.130
   0.033000  -43.239   10.771
   0.028000  -76.352   10.336
   0.023000  -97.593    9.831
   0.019000 -104.468    9.439
   0.015000  -91.412    9.080
   0.011000  -88.149    8.592
   0.007000 -155.873    7.970
   0.003000 -155.149    7.295
   0.000000 -182.030    6.607


# Part 5: Overlap sampling Lu et al:
# lambda(1)      dG    sum(dG) 
   1.000000    0.000    0.000
   0.938000    1.149    1.149
   0.879000    1.087    2.236
   0.823000    1.026    3.263
   0.771000    0.930    4.193
   0.722000    0.844    5.037
   0.676000    0.758    5.795
   0.633000    0.687    6.483
   0.592000    0.666    7.149
   0.554000    0.626    7.775
   0.518000    0.565    8.340
   0.484000    0.521    8.861
   0.452000    0.493    9.354
   0.422000    0.462    9.816
   0.394000    0.392   10.208
   0.368000    0.346   10.555
   0.343000    0.311   10.866
   0.319000    0.272   11.138
   0.297000    0.261   11.399
   0.276000    0.239   11.638
   0.257000    0.210   11.848
   0.239000    0.183   12.030
   0.221000    0.139   12.170
   0.205000    0.075   12.245
   0.190000    0.046   12.291
   0.175000    0.052   12.343
   0.162000    0.055   12.398
   0.149000    0.021   12.419
   0.137000   -0.004   12.415
   0.126000    0.008   12.423
   0.115000    0.000   12.423
   0.105000   -0.020   12.403
   0.096000   -0.013   12.390
   0.087000   -0.030   12.360
   0.079000   -0.093   12.267
   0.071000   -0.115   12.152
   0.064000   -0.118   12.034
   0.057000   -0.169   11.865
   0.050000   -0.203   11.662
   0.044000   -0.265   11.397
   0.039000   -0.259   11.138
   0.033000   -0.357   10.781
   0.028000   -0.431   10.350
   0.023000   -0.508    9.842
   0.019000   -0.390    9.452
   0.015000   -0.360    9.092
   0.011000   -0.486    8.606
   0.007000   -0.624    7.982
   0.003000   -0.666    7.316
   0.000000   -0.679    6.636


# lambda(1)      dG    sum(dG) 
# Part 6: BAR Bennet:
   1.000000    0.000    0.000
   0.938000    1.149    1.149
   0.879000    1.087    2.237
   0.823000    1.026    3.263
   0.771000    0.930    4.193
   0.722000    0.844    5.037
   0.676000    0.758    5.795
   0.633000    0.687    6.483
   0.592000    0.666    7.149
   0.554000    0.625    7.774
   0.518000    0.565    8.339
   0.484000    0.521    8.861
   0.452000    0.494    9.354
   0.422000    0.461    9.816
   0.394000    0.392   10.208
   0.368000    0.346   10.554
   0.343000    0.311   10.865
   0.319000    0.273   11.138
   0.297000    0.261   11.399
   0.276000    0.239   11.638
   0.257000    0.209   11.848
   0.239000    0.183   12.030
   0.221000    0.139   12.169
   0.205000    0.076   12.245
   0.190000    0.046   12.291
   0.175000    0.052   12.343
   0.162000    0.055   12.399
   0.149000    0.020   12.419
   0.137000   -0.003   12.415
   0.126000    0.008   12.423
   0.115000    0.000   12.423
   0.105000   -0.021   12.402
   0.096000   -0.012   12.390
   0.087000   -0.031   12.359
   0.079000   -0.094   12.266
   0.071000   -0.114   12.151
   0.064000   -0.118   12.033
   0.057000   -0.170   11.863
   0.050000   -0.201   11.662
   0.044000   -0.267   11.395
   0.039000   -0.257   11.138
   0.033000   -0.358   10.780
   0.028000   -0.435   10.346
   0.023000   -0.505    9.840
   0.019000   -0.392    9.449
   0.015000   -0.359    9.089
   0.011000   -0.487    8.602
   0.007000   -0.621    7.981
   0.003000   -0.671    7.310
   0.000000   -0.684    6.626
