--------------------------------------------------------------------------------
Welcome to qfep version: 6.0.1
 
This version was compiled using: GCC version 11.5.0 20240719 (Red Hat 11.5.0-2)
 
And using the following compiler options: 
-cpp -D G95=1 -mtune=generic -march=x86-64-v2 -O3 -Wall -Wtabs -std=legacy -funroll-loops -ffree-line-length-none -fcray-pointer -fall-intrinsics -fstack-protector -fpre-include=/usr/include/finclude/math-vector-fortran.h

 
For command line options type qfep --help  or qcalc -h at the terminal.
 
If you are using the interactive mode and want to quit type "quit" or Ctrl-C.
--------------------------------------------------------------------------------
--> Number of energy files: # Number of files                                  =    50
--> No. of states, no. of predefined off-diag elements: # Number of states     =     2
# Number of off-diagonal elements                                              =     0
--> Give kT & num. of pts to skip & calculation mode: # kT                     = 0.592
# Number of data points to skip                                                =    50
# Only QQ interactions will be considered                                      =     0
--> Give number of gap-bins: # Number of gap-bins                              =    50
--> Give minimum # pts/bin: # Minimum number of points per bin                 =    50
--> Give alpha for state  2                                                     # Alpha for state  2              =  0.00
--> Number of off-diagonal elements: # Number of off-diagonal elements         =     0
--> linear combination of states defining reaction coord: # Linear combination coefficients=    1.00    0.00


# Part 0: Average energies for all states in all files
# file             state   pts   lambda    EQtot   EQbond  EQang   EQtor   EQimp    EQel   EQvdW  Eel_qq  EvdW_qq Eel_qp  EvdW_qp Eel_qw EvdW_qw Eqrstr
--> Name of file number   1:                                                     
md_2_1000_0000.en      1    949 1.000000  -89.70    0.00    0.00    0.00    0.00  -61.49  -28.21    4.07    1.03  -63.76  -19.09   -1.79  -10.15    0.00
md_2_1000_0000.en      2    949 0.000000  -72.00    0.00    0.00    0.00    0.00  -62.38   -9.62    2.86    1.09  -63.60   -7.50   -1.64   -3.21    0.00
--> Name of file number   2:                                                     
md_2_0938_0062.en      1    949 0.938000  -88.57    0.00    0.00    0.00    0.00  -61.14  -27.42    3.78    1.36  -63.19  -18.60   -1.74  -10.18    0.00
md_2_0938_0062.en      2    949 0.062000  -71.22    0.00    0.00    0.00    0.00  -62.08   -9.14    2.61    1.27  -63.04   -7.14   -1.64   -3.26    0.00
--> Name of file number   3:                                                     
md_2_0879_0121.en      1    949 0.879000  -89.01    0.00    0.00    0.00    0.00  -60.64  -28.37    4.00    1.17  -62.74  -19.37   -1.90  -10.17    0.00
md_2_0879_0121.en      2    949 0.121000  -71.36    0.00    0.00    0.00    0.00  -61.58   -9.78    2.84    1.09  -62.56   -7.34   -1.87   -3.53    0.00
--> Name of file number   4:                                                     
md_2_0823_0177.en      1    949 0.823000  -88.81    0.00    0.00    0.00    0.00  -61.07  -27.74    4.02    1.30  -62.96  -18.73   -2.14  -10.31    0.00
md_2_0823_0177.en      2    949 0.177000  -71.61    0.00    0.00    0.00    0.00  -62.03   -9.59    2.81    1.16  -62.80   -7.34   -2.04   -3.41    0.00
--> Name of file number   5:                                                     
md_2_0771_0229.en      1    949 0.771000  -85.56    0.00    0.00    0.00    0.00  -60.78  -24.78    3.73    1.39  -63.32  -14.75   -1.18  -11.42    0.00
md_2_0771_0229.en      2    949 0.229000  -71.08    0.00    0.00    0.00    0.00  -61.76   -9.31    2.61    1.30  -63.12   -7.35   -1.25   -3.27    0.00
--> Name of file number   6:                                                     
md_2_0722_0278.en      1    949 0.722000  -87.77    0.00    0.00    0.00    0.00  -61.51  -26.26    4.17    1.37  -63.85  -17.39   -1.83  -10.24    0.00
md_2_0722_0278.en      2    949 0.278000  -71.89    0.00    0.00    0.00    0.00  -62.47   -9.42    2.95    1.22  -63.52   -7.12   -1.90   -3.52    0.00
--> Name of file number   7:                                                     
md_2_0676_0324.en      1    949 0.676000  -88.92    0.00    0.00    0.00    0.00  -61.80  -27.12    4.35    1.38  -64.06  -18.60   -2.09   -9.89    0.00
md_2_0676_0324.en      2    949 0.324000  -72.28    0.00    0.00    0.00    0.00  -62.78   -9.50    3.11    1.09  -63.73   -7.09   -2.16   -3.50    0.00
--> Name of file number   8:                                                     
md_2_0633_0367.en      1    949 0.633000  -88.49    0.00    0.00    0.00    0.00  -62.01  -26.47    4.21    1.33  -64.15  -18.36   -2.08   -9.44    0.00
md_2_0633_0367.en      2    949 0.367000  -72.24    0.00    0.00    0.00    0.00  -62.94   -9.30    2.97    1.16  -63.86   -7.01   -2.05   -3.44    0.00
--> Name of file number   9:                                                     
md_2_0592_0408.en      1    949 0.592000  -87.22    0.00    0.00    0.00    0.00  -61.63  -25.58    4.14    1.38  -64.96  -16.75   -0.81  -10.21    0.00
md_2_0592_0408.en      2    949 0.408000  -71.71    0.00    0.00    0.00    0.00  -62.56   -9.15    2.91    1.12  -64.63   -6.81   -0.84   -3.46    0.00
--> Name of file number  10:                                                     
md_2_0554_0446.en      1    949 0.554000  -87.63    0.00    0.00    0.00    0.00  -61.87  -25.76    4.10    1.62  -63.87  -17.60   -2.10   -9.78    0.00
md_2_0554_0446.en      2    949 0.446000  -72.37    0.00    0.00    0.00    0.00  -62.84   -9.53    2.91    1.07  -63.56   -7.21   -2.18   -3.39    0.00
--> Name of file number  11:                                                     
md_2_0518_0482.en      1    949 0.518000  -87.94    0.00    0.00    0.00    0.00  -62.44  -25.49    4.27    1.44  -63.46  -17.77   -3.24   -9.16    0.00
md_2_0518_0482.en      2    949 0.482000  -72.73    0.00    0.00    0.00    0.00  -63.34   -9.40    3.03    1.01  -63.21   -7.17   -3.16   -3.24    0.00
--> Name of file number  12:                                                     
md_2_0484_0516.en      1    949 0.484000  -86.64    0.00    0.00    0.00    0.00  -61.58  -25.06    3.92    1.72  -63.58  -17.76   -1.92   -9.02    0.00
md_2_0484_0516.en      2    949 0.516000  -71.84    0.00    0.00    0.00    0.00  -62.53   -9.32    2.76    1.13  -63.35   -7.21   -1.94   -3.24    0.00
--> Name of file number  13:                                                     
md_2_0452_0548.en      1    949 0.452000  -86.64    0.00    0.00    0.00    0.00  -62.11  -24.53    3.92    1.73  -63.45  -17.31   -2.59   -8.95    0.00
md_2_0452_0548.en      2    949 0.548000  -72.46    0.00    0.00    0.00    0.00  -63.03   -9.43    2.73    1.08  -63.15   -7.22   -2.60   -3.29    0.00
--> Name of file number  14:                                                     
md_2_0422_0578.en      1    949 0.422000  -85.28    0.00    0.00    0.00    0.00  -61.07  -24.21    4.03    1.91  -63.39  -17.05   -1.71   -9.07    0.00
md_2_0422_0578.en      2    949 0.578000  -71.78    0.00    0.00    0.00    0.00  -62.04   -9.74    2.84    1.07  -63.11   -7.37   -1.78   -3.44    0.00
--> Name of file number  15:                                                     
md_2_0394_0606.en      1    949 0.394000  -85.33    0.00    0.00    0.00    0.00  -60.88  -24.45    4.03    1.78  -63.00  -17.42   -1.92   -8.81    0.00
md_2_0394_0606.en      2    949 0.606000  -71.21    0.00    0.00    0.00    0.00  -61.84   -9.37    2.87    1.00  -62.79   -7.09   -1.92   -3.28    0.00
--> Name of file number  16:                                                     
md_2_0368_0632.en      1    949 0.368000  -85.75    0.00    0.00    0.00    0.00  -62.74  -23.02    4.29    2.03  -64.33  -16.62   -2.70   -8.42    0.00
md_2_0368_0632.en      2    949 0.632000  -72.47    0.00    0.00    0.00    0.00  -63.66   -8.82    3.02    1.10  -64.02   -6.39   -2.66   -3.52    0.00
--> Name of file number  17:                                                     
md_2_0343_0657.en      1    949 0.343000  -84.56    0.00    0.00    0.00    0.00  -62.20  -22.36    4.19    1.88  -64.10  -16.50   -2.30   -7.74    0.00
md_2_0343_0657.en      2    949 0.657000  -72.44    0.00    0.00    0.00    0.00  -63.12   -9.32    2.97    1.11  -63.96   -7.00   -2.13   -3.42    0.00
--> Name of file number  18:                                                     
md_2_0319_0681.en      1    949 0.319000  -86.04    0.00    0.00    0.00    0.00  -64.83  -21.21    5.10    1.71  -64.67  -15.34   -5.27   -7.58    0.00
md_2_0319_0681.en      2    949 0.681000  -74.30    0.00    0.00    0.00    0.00  -65.74   -8.56    3.69    0.95  -64.35   -6.48   -5.08   -3.04    0.00
--> Name of file number  19:                                                     
md_2_0297_0703.en      1    949 0.297000  -86.24    0.00    0.00    0.00    0.00  -67.54  -18.70    6.00    2.18  -66.85  -14.14   -6.69   -6.75    0.00
md_2_0297_0703.en      2    949 0.703000  -76.06    0.00    0.00    0.00    0.00  -68.35   -7.71    4.42    0.97  -66.04   -6.28   -6.73   -2.40    0.00
--> Name of file number  20:                                                     
md_2_0276_0724.en      1    949 0.276000  -84.97    0.00    0.00    0.00    0.00  -66.73  -18.24    5.55    2.25  -65.99  -14.80   -6.28   -5.68    0.00
md_2_0276_0724.en      2    949 0.724000  -75.30    0.00    0.00    0.00    0.00  -67.58   -7.73    4.07    0.99  -65.28   -6.44   -6.37   -2.28    0.00
--> Name of file number  21:                                                     
md_2_0257_0743.en      1    949 0.257000  -86.86    0.00    0.00    0.00    0.00  -67.13  -19.74    5.80    1.87  -66.41  -14.62   -6.51   -6.98    0.00
md_2_0257_0743.en      2    949 0.743000  -75.81    0.00    0.00    0.00    0.00  -67.98   -7.84    4.27    0.91  -65.77   -6.13   -6.48   -2.61    0.00
--> Name of file number  22:                                                     
md_2_0239_0761.en      1    949 0.239000  -83.56    0.00    0.00    0.00    0.00  -65.69  -17.88    5.69    1.90  -66.35  -13.50   -5.02   -6.27    0.00
md_2_0239_0761.en      2    949 0.761000  -74.18    0.00    0.00    0.00    0.00  -66.56   -7.62    4.18    0.98  -65.79   -5.71   -4.94   -2.89    0.00
--> Name of file number  23:                                                     
md_2_0221_0779.en      1    949 0.221000  -81.21    0.00    0.00    0.00    0.00  -65.61  -15.60    5.85    2.33  -67.19  -11.68   -4.27   -6.25    0.00
md_2_0221_0779.en      2    949 0.779000  -73.66    0.00    0.00    0.00    0.00  -66.48   -7.18    4.30    0.99  -66.48   -5.08   -4.31   -3.09    0.00
--> Name of file number  24:                                                     
md_2_0205_0795.en      1    949 0.205000  -80.84    0.00    0.00    0.00    0.00  -63.08  -17.76    4.06    2.35  -65.50  -13.53   -1.64   -6.58    0.00
md_2_0205_0795.en      2    949 0.795000  -72.08    0.00    0.00    0.00    0.00  -63.99   -8.08    2.87    1.30  -64.95   -5.75   -1.91   -3.63    0.00
--> Name of file number  25:                                                     
md_2_0190_0810.en      1    949 0.190000  -84.06    0.00    0.00    0.00    0.00  -66.52  -17.55    5.25    2.23  -68.66  -13.55   -3.10   -6.22    0.00
md_2_0190_0810.en      2    949 0.810000  -74.70    0.00    0.00    0.00    0.00  -67.44   -7.27    3.83    0.97  -67.91   -5.04   -3.36   -3.20    0.00
--> Name of file number  26:                                                     
md_2_0175_0825.en      1    949 0.175000  -81.30    0.00    0.00    0.00    0.00  -66.02  -15.29    4.54    2.23  -66.89  -13.10   -3.66   -4.41    0.00
md_2_0175_0825.en      2    949 0.825000  -75.26    0.00    0.00    0.00    0.00  -66.99   -8.27    3.26    1.09  -66.21   -5.76   -4.03   -3.61    0.00
--> Name of file number  27:                                                     
md_2_0162_0838.en      1    949 0.162000  -78.13    0.00    0.00    0.00    0.00  -64.30  -13.83    4.21    2.28  -65.48  -12.50   -3.03   -3.61    0.00
md_2_0162_0838.en      2    949 0.838000  -74.29    0.00    0.00    0.00    0.00  -65.23   -9.07    3.01    1.06  -64.98   -6.15   -3.25   -3.98    0.00
--> Name of file number  28:                                                     
md_2_0149_0851.en      1    949 0.149000  -78.59    0.00    0.00    0.00    0.00  -64.20  -14.40    4.02    2.40  -65.70  -13.45   -2.51   -3.35    0.00
md_2_0149_0851.en      2    949 0.851000  -74.20    0.00    0.00    0.00    0.00  -65.12   -9.08    2.83    1.09  -65.30   -6.32   -2.65   -3.85    0.00
--> Name of file number  29:                                                     
md_2_0137_0863.en      1    949 0.137000  -74.44    0.00    0.00    0.00    0.00  -65.59   -8.85    4.40    2.60  -66.28  -11.65   -3.71    0.20    0.00
md_2_0137_0863.en      2    949 0.863000  -75.15    0.00    0.00    0.00    0.00  -66.54   -8.61    3.19    1.01  -65.74   -5.65   -3.99   -3.96    0.00
--> Name of file number  30:                                                     
md_2_0126_0874.en      1    949 0.126000  -72.92    0.00    0.00    0.00    0.00  -64.41   -8.51    4.08    2.30  -66.11  -11.60   -2.38    0.79    0.00
md_2_0126_0874.en      2    949 0.874000  -74.55    0.00    0.00    0.00    0.00  -65.37   -9.18    2.90    1.07  -65.40   -6.22   -2.87   -4.03    0.00
--> Name of file number  31:                                                     
md_2_0115_0885.en      1    949 0.115000  -67.15    0.00    0.00    0.00    0.00  -63.63   -3.52    4.02    2.66  -65.57  -10.54   -2.08    4.36    0.00
md_2_0115_0885.en      2    949 0.885000  -73.94    0.00    0.00    0.00    0.00  -64.59   -9.34    2.91    1.05  -64.95   -6.28   -2.55   -4.12    0.00
--> Name of file number  32:                                                     
md_2_0105_0895.en      1    949 0.105000  -71.26    0.00    0.00    0.00    0.00  -65.81   -5.45    4.05    2.22  -65.76  -10.18   -4.10    2.51    0.00
md_2_0105_0895.en      2    949 0.895000  -75.69    0.00    0.00    0.00    0.00  -66.73   -8.95    2.88    1.08  -65.11   -6.30   -4.50   -3.73    0.00
--> Name of file number  33:                                                     
md_2_0096_0904.en      1    949 0.096000  -67.68    0.00    0.00    0.00    0.00  -65.43   -2.24    4.36    2.06  -65.90  -10.06   -3.89    5.76    0.00
md_2_0096_0904.en      2    949 0.904000  -75.58    0.00    0.00    0.00    0.00  -66.35   -9.24    3.13    0.93  -65.23   -6.19   -4.25   -3.98    0.00
--> Name of file number  34:                                                     
md_2_0087_0913.en      1    949 0.087000  -66.53    0.00    0.00    0.00    0.00  -65.38   -1.14    4.14    2.53  -65.93  -10.51   -3.60    6.84    0.00
md_2_0087_0913.en      2    949 0.913000  -75.20    0.00    0.00    0.00    0.00  -66.34   -8.86    2.96    1.04  -65.38   -6.03   -3.92   -3.87    0.00
--> Name of file number  35:                                                     
md_2_0079_0921.en      1    949 0.079000  -62.37    0.00    0.00    0.00    0.00  -65.72    3.35    4.03    2.28  -64.76   -8.75   -4.99    9.83    0.00
md_2_0079_0921.en      2    949 0.921000  -75.68    0.00    0.00    0.00    0.00  -66.74   -8.94    2.90    1.09  -64.33   -6.23   -5.30   -3.79    0.00
--> Name of file number  36:                                                     
md_2_0071_0929.en      1    949 0.071000  -54.67    0.00    0.00    0.00    0.00  -64.86   10.19    3.96    2.64  -65.57   -7.84   -3.25   15.38    0.00
md_2_0071_0929.en      2    949 0.929000  -74.88    0.00    0.00    0.00    0.00  -65.81   -9.06    2.87    1.12  -65.07   -6.20   -3.60   -3.99    0.00
--> Name of file number  37:                                                     
md_2_0064_0936.en      1    949 0.064000  -59.39    0.00    0.00    0.00    0.00  -64.96    5.57    4.23    2.01  -65.84   -4.66   -3.35    8.22    0.00
md_2_0064_0936.en      2    949 0.936000  -75.15    0.00    0.00    0.00    0.00  -65.90   -9.24    3.03    1.00  -65.23   -6.30   -3.71   -3.95    0.00
--> Name of file number  38:                                                     
md_2_0057_0943.en      1    949 0.057000  -45.03    0.00    0.00    0.00    0.00  -64.41   19.39    4.29    2.23  -66.61    1.55   -2.09   15.60    0.00
md_2_0057_0943.en      2    949 0.943000  -74.54    0.00    0.00    0.00    0.00  -65.30   -9.24    3.08    1.04  -65.97   -6.24   -2.42   -4.03    0.00
--> Name of file number  39:                                                     
md_2_0050_0950.en      1    949 0.050000  -54.30    0.00    0.00    0.00    0.00  -65.59   11.28    4.40    2.39  -66.49   -5.43   -3.50   14.32    0.00
md_2_0050_0950.en      2    949 0.950000  -75.23    0.00    0.00    0.00    0.00  -66.56   -8.68    3.21    1.01  -65.84   -5.79   -3.93   -3.89    0.00
--> Name of file number  40:                                                     
md_2_0044_0956.en      1    949 0.044000  -38.71    0.00    0.00    0.00    0.00  -65.57   26.86    4.11    2.98  -65.74   -1.91   -3.94   25.79    0.00
md_2_0044_0956.en      2    949 0.956000  -75.68    0.00    0.00    0.00    0.00  -66.49   -9.19    2.98    1.00  -65.11   -6.01   -4.37   -4.18    0.00
--> Name of file number  41:                                                     
md_2_0039_0961.en      1    949 0.039000  -46.47    0.00    0.00    0.00    0.00  -64.55   18.09    3.90    2.39  -65.22    0.87   -3.23   14.82    0.00
md_2_0039_0961.en      2    949 0.961000  -74.61    0.00    0.00    0.00    0.00  -65.55   -9.05    2.80    1.16  -64.56   -6.09   -3.79   -4.12    0.00
--> Name of file number  42:                                                     
md_2_0033_0967.en      1    949 0.033000  -11.39    0.00    0.00    0.00    0.00  -65.04   53.65    4.05    2.60  -65.49    1.08   -3.61   49.96    0.00
md_2_0033_0967.en      2    949 0.967000  -75.02    0.00    0.00    0.00    0.00  -65.96   -9.06    2.87    1.11  -64.90   -6.37   -3.92   -3.80    0.00
--> Name of file number  43:                                                     
md_2_0028_0972.en      1    949 0.028000   13.02    0.00    0.00    0.00    0.00  -63.61   76.63    4.45    3.01  -66.46   21.27   -1.60   52.34    0.00
md_2_0028_0972.en      2    949 0.972000  -73.54    0.00    0.00    0.00    0.00  -64.64   -8.90    3.17    1.07  -66.00   -5.90   -1.81   -4.08    0.00
--> Name of file number  44:                                                     
md_2_0023_0977.en      1    949 0.023000   15.93    0.00    0.00    0.00    0.00  -65.20   81.13    4.05    2.57  -65.29   29.80   -3.96   48.76    0.00
md_2_0023_0977.en      2    949 0.977000  -75.42    0.00    0.00    0.00    0.00  -66.22   -9.20    2.87    1.12  -64.97   -6.62   -4.12   -3.70    0.00
--> Name of file number  45:                                                     
md_2_0019_0981.en      1    949 0.019000   20.83    0.00    0.00    0.00    0.00  -65.33   86.15    3.70    3.03  -64.23   14.04   -4.79   69.08    0.00
md_2_0019_0981.en      2    949 0.981000  -75.10    0.00    0.00    0.00    0.00  -66.36   -8.74    2.60    1.29  -63.91   -6.25   -5.05   -3.77    0.00
--> Name of file number  46:                                                     
md_2_0015_0985.en      1    949 0.015000   59.26    0.00    0.00    0.00    0.00  -64.61  123.87    4.00    3.06  -65.29   41.34   -3.31   79.47    0.00
md_2_0015_0985.en      2    949 0.985000  -74.62    0.00    0.00    0.00    0.00  -65.65   -8.97    2.85    1.17  -64.78   -6.18   -3.72   -3.96    0.00
--> Name of file number  47:                                                     
md_2_0011_0989.en      1    949 0.011000  108.07    0.00    0.00    0.00    0.00  -66.41  174.48    3.84   11.54  -65.42  103.18   -4.82   59.76    0.00
md_2_0011_0989.en      2    949 0.989000  -75.67    0.00    0.00    0.00    0.00  -67.53   -8.14    2.78    1.37  -65.09   -5.82   -5.22   -3.68    0.00
--> Name of file number  48:                                                     
md_2_0007_0993.en      1    949 0.007000  168.05    0.00    0.00    0.00    0.00  -67.27  235.32    4.69   20.97  -67.49  139.23   -4.47   75.12    0.00
md_2_0007_0993.en      2    949 0.993000  -76.34    0.00    0.00    0.00    0.00  -68.27   -8.07    3.36    1.16  -66.96   -5.50   -4.66   -3.73    0.00
--> Name of file number  49:                                                     
md_2_0003_0997.en      1    949 0.003000  202.76    0.00    0.00    0.00    0.00  -67.05  269.81    4.99   17.72  -67.99  179.37   -4.04   72.72    0.00
md_2_0003_0997.en      2    949 0.997000  -76.16    0.00    0.00    0.00    0.00  -68.02   -8.14    3.61    1.08  -67.46   -5.41   -4.17   -3.81    0.00
--> Name of file number  50:                                                     
md_2_0000_1000.en      1    949 0.000000  460.91    0.00    0.00    0.00    0.00  -65.57  526.48    4.46   18.57  -65.83  474.98   -4.21   32.93    0.00
md_2_0000_1000.en      2    949 1.000000  -75.48    0.00    0.00    0.00    0.00  -66.53   -8.96    3.21    1.10  -65.57   -6.20   -4.16   -3.86    0.00


# Part 1: Free energy perturbation summary:
# lambda(1)      dGf sum(dGf)      dGr sum(dGr)     <dG>
   1.000000    0.000    0.000   -1.082   -5.190    0.000
   0.938000    1.090    1.090   -1.049   -4.108    1.086
   0.879000    1.017    2.107   -0.970   -3.059    2.119
   0.823000    0.981    3.089   -0.759   -2.089    3.095
   0.771000    0.888    3.977   -0.786   -1.330    3.918
   0.722000    0.704    4.681   -0.771   -0.544    4.663
   0.676000    0.723    5.404   -0.703    0.226    5.410
   0.633000    0.711    6.115   -0.642    0.929    6.117
   0.592000    0.662    6.776   -0.585    1.571    6.769
   0.554000    0.584    7.360   -0.552    2.156    7.353
   0.518000    0.544    7.904   -0.508    2.708    7.901
   0.484000    0.513    8.417   -0.459    3.216    8.412
   0.452000    0.469    8.885   -0.410    3.675    8.876
   0.422000    0.420    9.305   -0.401    4.085    9.290
   0.394000    0.374    9.679   -0.350    4.486    9.678
   0.368000    0.363   10.042   -0.309    4.835   10.034
   0.343000    0.328   10.369   -0.287    5.144   10.352
   0.319000    0.285   10.655   -0.230    5.431   10.638
   0.297000    0.254   10.908   -0.211    5.661   10.880
   0.276000    0.208   11.116   -0.214    5.872   11.089
   0.257000    0.176   11.292   -0.175    6.086   11.284
   0.239000    0.195   11.487   -0.142    6.262   11.469
   0.221000    0.162   11.649   -0.145    6.404   11.621
   0.205000    0.115   11.764   -0.145    6.548   11.751
   0.190000    0.127   11.891   -0.097    6.693   11.887
   0.175000    0.135   12.027   -0.057    6.790   12.003
   0.162000    0.074   12.100   -0.064    6.847   12.069
   0.149000    0.042   12.143   -0.002    6.911   12.122
   0.137000    0.046   12.189    0.008    6.912   12.146
   0.126000   -0.017   12.172    0.061    6.904   12.133
   0.115000   -0.029   12.144    0.035    6.843   12.088
   0.105000   -0.080   12.063    0.062    6.807   12.030
   0.096000   -0.048   12.015    0.065    6.745   11.975
   0.087000   -0.081   11.934    0.094    6.680   11.902
   0.079000   -0.082   11.852    0.142    6.586   11.814
   0.071000   -0.120   11.733    0.097    6.444   11.684
   0.064000   -0.158   11.575    0.183    6.347   11.556
   0.057000   -0.126   11.448    0.130    6.164   11.401
   0.050000   -0.233   11.215    0.204    6.034   11.220
   0.044000   -0.138   11.077    0.128    5.830   11.049
   0.039000   -0.199   10.878    0.347    5.701   10.885
   0.033000   -0.189   10.689    0.400    5.355   10.617
   0.028000   -0.345   10.344    0.392    4.955   10.244
   0.023000   -0.468    9.876    0.357    4.562    9.814
   0.019000   -0.412    9.464    0.510    4.205    9.430
   0.015000   -0.411    9.053    0.671    3.695    8.969
   0.011000   -0.563    8.490    0.957    3.024    8.352
   0.007000   -0.809    7.681    1.094    2.066    7.469
   0.003000   -0.998    6.683    0.972    0.972    6.423
   0.000000   -0.849    5.834    0.000    0.000    5.512

# Min energy-gap is:    -97.49
# Max energy-gap is:  47583.16


# Part 2: Reaction free energy summary:
# Lambda(1)  bin Energy gap      dGa     dGb     dGg    # pts    c1**2    c2**2
   1.000000    1     379.31     0.00    15.68     0.00    949    0.000    0.000
   0.938000    1     379.31     0.00    15.79     0.00    949    0.000    0.000
   0.879000    1     379.31    -0.05    14.84    -0.05    949    0.000    0.000
   0.823000    1     379.31    -0.02    15.47    -0.02    949    0.000    0.000
   0.771000    1     379.31     0.49    13.61     0.49    949    0.000    0.000
   0.722000    1     379.31     0.03    14.07     0.03    949    0.000    0.000
   0.676000    1     379.31    -0.21    15.29    -0.21    949    0.000    0.000
   0.633000    1     379.31    -0.14    15.15    -0.14    949    0.000    0.000
   0.592000    1     379.31    -0.05    14.46    -0.05    949    0.000    0.000
   0.554000    1     379.31    -0.01    12.93    -0.01    949    0.000    0.000
   0.518000    1     379.31    -0.02    14.14    -0.02    949    0.000    0.000
   0.484000    1     379.31    -0.06    14.01    -0.06    949    0.000    0.000
   0.452000    1     379.31    -0.03    13.64    -0.03    949    0.000    0.000
   0.422000    1     379.31     0.23    13.06     0.23    949    0.000    0.000
   0.394000    1     379.31    -0.44    13.80    -0.44    949    0.000    0.000
   0.368000    1     379.31    -0.04    13.13    -0.04    949    0.000    0.000
   0.343000    1     379.31     0.13    12.85     0.13    949    0.000    0.000
   0.319000    1     379.31     0.44    11.42     0.44    949    0.000    0.000
   0.297000    1     379.31     0.66    12.14     0.66    949    0.000    0.000
   0.276000    1     379.31     0.51     9.89     0.51    949    0.000    0.000
   0.257000    1     379.31    -0.21    12.81    -0.21    949    0.000    0.000
   0.239000    1     379.31     0.07    11.53     0.07    949    0.000    0.000
   0.221000    1     379.31     1.40    11.72     1.40    949    0.000    0.000
   0.205000    1     379.31     0.35    12.22     0.35    949    0.000    0.000
   0.190000    1     379.31    -0.04    12.12    -0.04    949    0.000    0.000
   0.175000    1     379.31     0.36    11.81     0.36    949    0.000    0.000
   0.162000    1     379.31     1.41    10.28     1.41    949    0.000    0.000
   0.149000    1     379.31     0.92    10.40     0.92    949    0.000    0.000
   0.137000    1     379.31     2.16    10.70     2.16    949    0.000    0.000
   0.126000    1     379.31     2.75     9.95     2.75    949    0.000    0.000
   0.115000    1     379.31     4.26     9.14     4.26    949    0.000    0.000
   0.105000    1     379.31     3.35     9.71     3.35    949    0.000    0.000
   0.096000    1     379.31     3.29     9.42     3.29    949    0.000    0.000
   0.087000    1     379.31     0.46     9.26     0.46    949    0.000    0.000
   0.079000    1     379.31     2.52     9.43     2.52    949    0.000    0.000
   0.071000    1     379.31     2.83     8.42     2.83    949    0.000    0.000
   0.064000    1     379.31     3.17     8.39     3.17    949    0.000    0.000
   0.057000    1     379.31     2.33     7.79     2.33    949    0.000    0.000
   0.050000    1     379.31    -0.38     9.30    -0.38    949    0.000    0.000
   0.044000    1     379.31     7.32     7.94     7.14    949    0.000    0.000
   0.039000    1     379.31     3.50     8.73     3.50    949    0.000    0.000
   0.033000    1     379.31     7.52     7.36     7.02    949    0.000    0.000
   0.028000    1     379.31    22.46     6.41     6.41    949    0.000    0.000
   0.023000    1     379.31     5.62     6.25     5.45    949    0.000    0.000
   0.019000    1     379.31    12.38     7.04     7.04    949    0.000    0.000
   0.015000    1     379.31    56.39     6.55     6.55    949    0.000    0.000
   0.011000    1     379.31    65.01     5.75     5.75    949    0.000    0.000
   0.007000    1     379.31   143.13     5.69     5.69    949    0.000    0.000
   0.003000    1     379.31   174.20     5.57     5.57    949    0.000    0.000
   0.000000    1     379.31   184.24     5.51     5.51    923    0.000    0.000


# Part 3: Bin-averaged summary:
# bin  energy gap  <dGg> <dGg norm> pts  <c1**2> <c2**2> <r_xy>
   1    379.31     1.96     1.96  47424   0.000   0.000   0.000


# Part 4: Termodynamic integration:
# lambda(1)      dGti    sum(dGti) 
   1.000000    0.000    0.000
   0.938000   17.703    1.087
   0.879000   17.346    2.119
   0.823000   17.649    3.095
   0.771000   17.199    3.918
   0.722000   14.481    4.662
   0.676000   15.873    5.410
   0.633000   16.641    6.117
   0.592000   16.246    6.768
   0.554000   15.504    7.352
   0.518000   15.261    7.901
   0.484000   15.201    8.410
   0.452000   14.794    8.874
   0.422000   14.178    9.289
   0.394000   13.503    9.676
   0.368000   14.123   10.032
   0.343000   13.281   10.350
   0.319000   12.123   10.636
   0.297000   11.740   10.877
   0.276000   10.184   11.086
   0.257000    9.662   11.282
   0.239000   11.049   11.466
   0.221000    9.385   11.619
   0.205000    7.547   11.749
   0.190000    8.762   11.885
   0.175000    9.360   12.001
   0.162000    6.047   12.065
   0.149000    3.839   12.118
   0.137000    4.395   12.141
   0.126000   -0.701   12.128
   0.115000   -1.634   12.082
   0.105000   -6.786   12.025
   0.096000   -4.427   11.970
   0.087000   -7.907   11.895
   0.079000   -8.674   11.807
   0.071000  -13.309   11.673
   0.064000  -20.207   11.547
   0.057000  -15.756   11.389
   0.050000  -29.510   11.212
   0.044000  -20.929   11.039
   0.039000  -36.971   10.876
   0.033000  -28.139   10.601
   0.028000  -63.625   10.225
   0.023000  -86.559    9.781
   0.019000  -91.345    9.406
   0.015000  -95.928    8.946
   0.011000 -133.885    8.311
   0.007000 -183.737    7.455
   0.003000 -244.387    6.408
   0.000000 -278.921    5.185


# Part 5: Overlap sampling Lu et al:
# lambda(1)      dG    sum(dG) 
   1.000000    0.000    0.000
   0.938000    1.086    1.086
   0.879000    1.033    2.119
   0.823000    0.976    3.095
   0.771000    0.824    3.919
   0.722000    0.744    4.663
   0.676000    0.747    5.410
   0.633000    0.707    6.117
   0.592000    0.651    6.769
   0.554000    0.585    7.353
   0.518000    0.548    7.901
   0.484000    0.510    8.411
   0.452000    0.464    8.875
   0.422000    0.415    9.290
   0.394000    0.387    9.677
   0.368000    0.356   10.034
   0.343000    0.318   10.351
   0.319000    0.286   10.638
   0.297000    0.241   10.879
   0.276000    0.209   11.088
   0.257000    0.196   11.284
   0.239000    0.185   11.469
   0.221000    0.152   11.621
   0.205000    0.130   11.751
   0.190000    0.136   11.887
   0.175000    0.116   12.003
   0.162000    0.065   12.068
   0.149000    0.054   12.122
   0.137000    0.023   12.145
   0.126000   -0.013   12.132
   0.115000   -0.045   12.087
   0.105000   -0.057   12.030
   0.096000   -0.055   11.975
   0.087000   -0.074   11.901
   0.079000   -0.088   11.813
   0.071000   -0.132   11.681
   0.064000   -0.126   11.555
   0.057000   -0.156   11.398
   0.050000   -0.179   11.220
   0.044000   -0.172   11.047
   0.039000   -0.163   10.884
   0.033000   -0.271   10.613
   0.028000   -0.374   10.239
   0.023000   -0.437    9.803
   0.019000   -0.379    9.423
   0.015000   -0.460    8.963
   0.011000   -0.625    8.338
   0.007000   -0.869    7.469
   0.003000   -1.046    6.423
   0.000000   -0.925    5.498


# lambda(1)      dG    sum(dG) 
# Part 6: BAR Bennet:
   1.000000    0.000    0.000
   0.938000    1.087    1.087
   0.879000    1.032    2.119
   0.823000    0.976    3.095
   0.771000    0.824    3.919
   0.722000    0.744    4.662
   0.676000    0.748    5.410
   0.633000    0.707    6.117
   0.592000    0.651    6.768
   0.554000    0.585    7.353
   0.518000    0.548    7.901
   0.484000    0.510    8.411
   0.452000    0.464    8.875
   0.422000    0.415    9.290
   0.394000    0.387    9.677
   0.368000    0.356   10.033
   0.343000    0.318   10.351
   0.319000    0.286   10.637
   0.297000    0.241   10.879
   0.276000    0.209   11.087
   0.257000    0.197   11.284
   0.239000    0.184   11.468
   0.221000    0.153   11.621
   0.205000    0.131   11.751
   0.190000    0.136   11.887
   0.175000    0.116   12.003
   0.162000    0.064   12.067
   0.149000    0.054   12.121
   0.137000    0.022   12.144
   0.126000   -0.013   12.131
   0.115000   -0.046   12.085
   0.105000   -0.056   12.029
   0.096000   -0.055   11.974
   0.087000   -0.074   11.900
   0.079000   -0.088   11.812
   0.071000   -0.134   11.679
   0.064000   -0.125   11.553
   0.057000   -0.158   11.396
   0.050000   -0.176   11.220
   0.044000   -0.173   11.047
   0.039000   -0.162   10.884
   0.033000   -0.274   10.610
   0.028000   -0.375   10.236
   0.023000   -0.443    9.793
   0.019000   -0.374    9.419
   0.015000   -0.459    8.959
   0.011000   -0.632    8.327
   0.007000   -0.857    7.470
   0.003000   -1.047    6.423
   0.000000   -0.931    5.492
