--------------------------------------------------------------------------------
Welcome to qfep version: 6.0.1
 
This version was compiled using: GCC version 11.5.0 20240719 (Red Hat 11.5.0-2)
 
And using the following compiler options: 
-cpp -D G95=1 -mtune=generic -march=x86-64-v2 -O3 -Wall -Wtabs -std=legacy -funroll-loops -ffree-line-length-none -fcray-pointer -fall-intrinsics -fstack-protector -fpre-include=/usr/include/finclude/math-vector-fortran.h

 
For command line options type qfep --help  or qcalc -h at the terminal.
 
If you are using the interactive mode and want to quit type "quit" or Ctrl-C.
--------------------------------------------------------------------------------
--> Number of energy files: # Number of files                                  =    50
--> No. of states, no. of predefined off-diag elements: # Number of states     =     2
# Number of off-diagonal elements                                              =     0
--> Give kT & num. of pts to skip & calculation mode: # kT                     = 0.592
# Number of data points to skip                                                =    50
# Only QQ interactions will be considered                                      =     0
--> Give number of gap-bins: # Number of gap-bins                              =    50
--> Give minimum # pts/bin: # Minimum number of points per bin                 =    50
--> Give alpha for state  2                                                     # Alpha for state  2              =  0.00
--> Number of off-diagonal elements: # Number of off-diagonal elements         =     0
--> linear combination of states defining reaction coord: # Linear combination coefficients=    1.00    0.00


# Part 0: Average energies for all states in all files
# file             state   pts   lambda    EQtot   EQbond  EQang   EQtor   EQimp    EQel   EQvdW  Eel_qq  EvdW_qq Eel_qp  EvdW_qp Eel_qw EvdW_qw Eqrstr
--> Name of file number   1:                                                     
md_1_1000_0000.en      1    949 1.000000 -214.78    0.00    0.00    0.00    0.00 -205.66   -9.12    3.53    2.16 -138.48   -6.71  -70.72   -4.57    0.00
md_1_1000_0000.en      2    949 0.000000  -88.94    0.00    0.00    0.00    0.00  -65.87  -23.08    4.20    0.57  -69.11  -13.44   -0.96  -10.20    0.00
--> Name of file number   2:                                                     
md_1_0997_0003.en      1    949 0.997000 -212.87    0.00    0.00    0.00    0.00 -203.05   -9.82    3.35    2.12 -139.77   -7.16  -66.63   -4.79    0.00
md_1_0997_0003.en      2    949 0.003000  -89.39    0.00    0.00    0.00    0.00  -65.66  -23.73    4.16    0.53  -69.53  -13.83   -0.29  -10.44    0.00
--> Name of file number   3:                                                     
md_1_0993_0007.en      1    949 0.993000 -214.85    0.00    0.00    0.00    0.00 -206.52   -8.33    3.47    2.16 -143.32   -6.55  -66.67   -3.93    0.00
md_1_0993_0007.en      2    949 0.007000  -88.30    0.00    0.00    0.00    0.00  -65.44  -22.87    4.11    0.52  -69.13  -13.57   -0.41   -9.81    0.00
--> Name of file number   4:                                                     
md_1_0989_0011.en      1    949 0.989000 -213.91    0.00    0.00    0.00    0.00 -205.27   -8.64    3.50    2.16 -139.78   -7.08  -68.99   -3.72    0.00
md_1_0989_0011.en      2    949 0.011000  -88.42    0.00    0.00    0.00    0.00  -65.49  -22.94    4.36    0.56  -68.86  -13.95   -0.99   -9.54    0.00
--> Name of file number   5:                                                     
md_1_0985_0015.en      1    949 0.985000 -213.74    0.00    0.00    0.00    0.00 -203.97   -9.77    3.67    2.13 -141.75   -7.52  -65.89   -4.38    0.00
md_1_0985_0015.en      2    949 0.015000  -89.07    0.00    0.00    0.00    0.00  -65.40  -23.66    4.02    0.52  -68.45  -14.30   -0.98   -9.89    0.00
--> Name of file number   6:                                                     
md_1_0981_0019.en      1    949 0.981000 -215.16    0.00    0.00    0.00    0.00 -205.75   -9.41    3.75    2.22 -139.80   -7.60  -69.69   -4.03    0.00
md_1_0981_0019.en      2    949 0.019000  -89.65    0.00    0.00    0.00    0.00  -66.03  -23.61    3.80    0.55  -67.83  -14.74   -2.00   -9.43    0.00
--> Name of file number   7:                                                     
md_1_0977_0023.en      1    949 0.977000 -214.84    0.00    0.00    0.00    0.00 -204.95   -9.88    4.00    2.32 -135.70   -7.66  -73.25   -4.54    0.00
md_1_0977_0023.en      2    949 0.023000  -89.65    0.00    0.00    0.00    0.00  -65.80  -23.85    4.20    0.65  -68.15  -14.47   -1.85  -10.03    0.00
--> Name of file number   8:                                                     
md_1_0972_0028.en      1    949 0.972000 -213.73    0.00    0.00    0.00    0.00 -204.10   -9.63    3.83    2.37 -138.30   -7.72  -69.64   -4.28    0.00
md_1_0972_0028.en      2    949 0.028000  -89.69    0.00    0.00    0.00    0.00  -66.23  -23.46    4.29    0.63  -68.43  -14.36   -2.09   -9.74    0.00
--> Name of file number   9:                                                     
md_1_0967_0033.en      1    949 0.967000 -214.37    0.00    0.00    0.00    0.00 -206.05   -8.32    4.09    2.28 -138.49   -6.93  -71.65   -3.66    0.00
md_1_0967_0033.en      2    949 0.033000  -89.52    0.00    0.00    0.00    0.00  -66.89  -22.64    4.29    0.65  -69.49  -14.15   -1.69   -9.13    0.00
--> Name of file number  10:                                                     
md_1_0961_0039.en      1    949 0.961000 -212.78    0.00    0.00    0.00    0.00 -203.25   -9.53    3.51    2.32 -123.84   -8.73  -82.91   -3.12    0.00
md_1_0961_0039.en      2    949 0.039000  -88.45    0.00    0.00    0.00    0.00  -64.89  -23.57    4.15    0.61  -67.35  -15.82   -1.69   -8.36    0.00
--> Name of file number  11:                                                     
md_1_0956_0044.en      1    949 0.956000 -210.42    0.00    0.00    0.00    0.00 -201.42   -9.00    3.42    2.31 -134.66   -7.41  -70.18   -3.90    0.00
md_1_0956_0044.en      2    949 0.044000  -88.25    0.00    0.00    0.00    0.00  -65.01  -23.24    4.23    0.61  -68.06  -14.69   -1.17   -9.16    0.00
--> Name of file number  12:                                                     
md_1_0950_0050.en      1    949 0.950000 -211.67    0.00    0.00    0.00    0.00 -202.52   -9.15    3.35    2.32 -125.37   -8.47  -80.50   -3.00    0.00
md_1_0950_0050.en      2    949 0.050000  -88.15    0.00    0.00    0.00    0.00  -64.57  -23.59    4.24    0.56  -67.46  -15.75   -1.34   -8.40    0.00
--> Name of file number  13:                                                     
md_1_0943_0057.en      1    949 0.943000 -211.32    0.00    0.00    0.00    0.00 -201.91   -9.42    3.73    2.31 -127.25   -8.10  -78.39   -3.63    0.00
md_1_0943_0057.en      2    949 0.057000  -87.86    0.00    0.00    0.00    0.00  -64.27  -23.59    4.46    0.68  -67.85  -15.33   -0.88   -8.94    0.00
--> Name of file number  14:                                                     
md_1_0936_0064.en      1    949 0.936000 -209.04    0.00    0.00    0.00    0.00 -199.14   -9.90    3.49    2.16 -129.14   -7.90  -73.48   -4.16    0.00
md_1_0936_0064.en      2    949 0.064000  -88.23    0.00    0.00    0.00    0.00  -64.51  -23.72    4.36    0.55  -67.75  -15.15   -1.12   -9.12    0.00
--> Name of file number  15:                                                     
md_1_0929_0071.en      1    949 0.929000 -211.32    0.00    0.00    0.00    0.00 -202.68   -8.64    3.25    2.28 -128.17   -7.91  -77.76   -3.01    0.00
md_1_0929_0071.en      2    949 0.071000  -87.73    0.00    0.00    0.00    0.00  -64.66  -23.08    4.25    0.50  -67.76  -15.06   -1.14   -8.52    0.00
--> Name of file number  16:                                                     
md_1_0921_0079.en      1    949 0.921000 -209.90    0.00    0.00    0.00    0.00 -200.26   -9.64    3.49    2.26 -142.36   -7.78  -61.40   -4.11    0.00
md_1_0921_0079.en      2    949 0.079000  -88.40    0.00    0.00    0.00    0.00  -64.39  -24.02    4.24    0.51  -68.10  -15.22   -0.52   -9.32    0.00
--> Name of file number  17:                                                     
md_1_0913_0087.en      1    949 0.913000 -207.71    0.00    0.00    0.00    0.00 -197.39  -10.33    3.45    2.34 -147.61   -8.79  -53.23   -3.87    0.00
md_1_0913_0087.en      2    949 0.087000  -88.05    0.00    0.00    0.00    0.00  -63.54  -24.51    4.20    0.59  -67.88  -16.19    0.14   -8.91    0.00
--> Name of file number  18:                                                     
md_1_0904_0096.en      1    949 0.904000 -208.41    0.00    0.00    0.00    0.00 -198.47   -9.93    3.26    2.20 -137.35   -8.61  -64.39   -3.52    0.00
md_1_0904_0096.en      2    949 0.096000  -88.30    0.00    0.00    0.00    0.00  -63.72  -24.58    3.89    0.51  -66.35  -16.53   -1.26   -8.56    0.00
--> Name of file number  19:                                                     
md_1_0895_0105.en      1    949 0.895000 -209.90    0.00    0.00    0.00    0.00 -199.86  -10.04    3.67    1.88 -122.05   -9.30  -81.47   -2.61    0.00
md_1_0895_0105.en      2    949 0.105000  -93.29    0.00    0.00    0.00    0.00  -68.67  -24.62    3.78    0.32  -65.73  -17.43   -6.72   -7.51    0.00
--> Name of file number  20:                                                     
md_1_0885_0115.en      1    949 0.885000 -210.31    0.00    0.00    0.00    0.00 -199.86  -10.45    3.90    2.13 -124.81   -8.98  -78.95   -3.60    0.00
md_1_0885_0115.en      2    949 0.115000  -92.55    0.00    0.00    0.00    0.00  -68.19  -24.36    5.79    0.37  -70.10  -16.59   -3.88   -8.14    0.00
--> Name of file number  21:                                                     
md_1_0874_0126.en      1    949 0.874000 -205.79    0.00    0.00    0.00    0.00 -194.55  -11.24    3.92    2.01 -121.47   -9.28  -77.00   -3.96    0.00
md_1_0874_0126.en      2    949 0.126000  -93.11    0.00    0.00    0.00    0.00  -67.86  -25.24    5.50    0.29  -70.96  -16.90   -2.40   -8.63    0.00
--> Name of file number  22:                                                     
md_1_0863_0137.en      1    949 0.863000 -206.79    0.00    0.00    0.00    0.00 -196.12  -10.67    3.79    2.02 -117.97   -9.47  -81.93   -3.22    0.00
md_1_0863_0137.en      2    949 0.137000  -91.37    0.00    0.00    0.00    0.00  -66.86  -24.51    4.73    0.40  -67.52  -16.84   -4.06   -8.08    0.00
--> Name of file number  23:                                                     
md_1_0851_0149.en      1    949 0.851000 -202.34    0.00    0.00    0.00    0.00 -191.34  -10.99    4.06    2.14 -116.72   -9.91  -78.68   -3.22    0.00
md_1_0851_0149.en      2    949 0.149000  -92.60    0.00    0.00    0.00    0.00  -67.73  -24.87    4.13    0.48  -66.08  -17.49   -5.78   -7.86    0.00
--> Name of file number  24:                                                     
md_1_0838_0162.en      1    949 0.838000 -204.03    0.00    0.00    0.00    0.00 -191.94  -12.09    3.77    2.20 -109.22  -10.71  -86.49   -3.58    0.00
md_1_0838_0162.en      2    949 0.162000  -92.83    0.00    0.00    0.00    0.00  -67.44  -25.39    4.66    0.47  -66.97  -17.98   -5.13   -7.88    0.00
--> Name of file number  25:                                                     
md_1_0825_0175.en      1    949 0.825000 -199.87    0.00    0.00    0.00    0.00 -187.84  -12.03    3.80    2.16 -114.78  -10.21  -76.87   -3.97    0.00
md_1_0825_0175.en      2    949 0.175000  -93.05    0.00    0.00    0.00    0.00  -67.78  -25.27    4.53    0.37  -66.92  -17.67   -5.39   -7.97    0.00
--> Name of file number  26:                                                     
md_1_0810_0190.en      1    949 0.810000 -196.90    0.00    0.00    0.00    0.00 -184.33  -12.58    3.59    2.60 -107.36  -11.49  -80.56   -3.69    0.00
md_1_0810_0190.en      2    949 0.190000  -93.77    0.00    0.00    0.00    0.00  -68.21  -25.55    3.56    0.90  -64.25  -18.64   -7.52   -7.81    0.00
--> Name of file number  27:                                                     
md_1_0795_0205.en      1    949 0.795000 -198.86    0.00    0.00    0.00    0.00 -186.35  -12.52    3.63    2.48 -118.88  -11.23  -71.10   -3.77    0.00
md_1_0795_0205.en      2    949 0.205000  -93.36    0.00    0.00    0.00    0.00  -67.98  -25.37    3.75    0.77  -65.46  -18.32   -6.27   -7.83    0.00
--> Name of file number  28:                                                     
md_1_0779_0221.en      1    949 0.779000 -195.40    0.00    0.00    0.00    0.00 -182.33  -13.07    3.97    2.27 -123.28  -10.96  -63.03   -4.39    0.00
md_1_0779_0221.en      2    949 0.221000  -92.10    0.00    0.00    0.00    0.00  -66.46  -25.64    4.41    0.55  -67.27  -18.02   -3.59   -8.17    0.00
--> Name of file number  29:                                                     
md_1_0761_0239.en      1    949 0.761000 -195.03    0.00    0.00    0.00    0.00 -180.91  -14.12    4.08    2.28 -132.87  -11.17  -52.12   -5.22    0.00
md_1_0761_0239.en      2    949 0.239000  -94.93    0.00    0.00    0.00    0.00  -68.53  -26.39    5.79    0.32  -71.01  -18.51   -3.31   -8.21    0.00
--> Name of file number  30:                                                     
md_1_0743_0257.en      1    949 0.743000 -189.26    0.00    0.00    0.00    0.00 -175.66  -13.60    4.30    2.09 -121.30  -11.07  -58.66   -4.61    0.00
md_1_0743_0257.en      2    949 0.257000  -93.96    0.00    0.00    0.00    0.00  -68.66  -25.30    4.92    0.26  -67.72  -17.71   -5.85   -7.85    0.00
--> Name of file number  31:                                                     
md_1_0724_0276.en      1    949 0.724000 -189.71    0.00    0.00    0.00    0.00 -176.08  -13.63    4.19    2.16 -123.55  -11.11  -56.72   -4.67    0.00
md_1_0724_0276.en      2    949 0.276000  -93.40    0.00    0.00    0.00    0.00  -68.05  -25.35    4.53    0.46  -67.47  -18.02   -5.10   -7.79    0.00
--> Name of file number  32:                                                     
md_1_0703_0297.en      1    949 0.703000 -186.65    0.00    0.00    0.00    0.00 -172.74  -13.91    4.41    2.21 -117.51  -11.00  -59.63   -5.13    0.00
md_1_0703_0297.en      2    949 0.297000  -93.29    0.00    0.00    0.00    0.00  -67.64  -25.65    5.13    0.37  -68.85  -17.77   -3.92   -8.25    0.00
--> Name of file number  33:                                                     
md_1_0681_0319.en      1    949 0.681000 -187.22    0.00    0.00    0.00    0.00 -172.24  -14.98    4.47    2.13 -114.53  -12.02  -62.19   -5.09    0.00
md_1_0681_0319.en      2    949 0.319000  -96.24    0.00    0.00    0.00    0.00  -69.85  -26.39    4.29    0.41  -65.96  -18.73   -8.19   -8.07    0.00
--> Name of file number  34:                                                     
md_1_0657_0343.en      1    949 0.657000 -181.58    0.00    0.00    0.00    0.00 -167.33  -14.25    4.47    2.19 -124.59  -10.73  -47.22   -5.71    0.00
md_1_0657_0343.en      2    949 0.343000  -94.00    0.00    0.00    0.00    0.00  -67.98  -26.03    5.95    0.26  -72.26  -17.64   -1.67   -8.65    0.00
--> Name of file number  35:                                                     
md_1_0632_0368.en      1    949 0.632000 -175.93    0.00    0.00    0.00    0.00 -159.68  -16.25    4.40    2.29 -108.28  -12.67  -55.80   -5.87    0.00
md_1_0632_0368.en      2    949 0.368000  -92.79    0.00    0.00    0.00    0.00  -65.64  -27.15    4.31    0.52  -66.68  -19.08   -3.27   -8.59    0.00
--> Name of file number  36:                                                     
md_1_0606_0394.en      1    949 0.606000 -172.16    0.00    0.00    0.00    0.00 -156.32  -15.84    4.47    2.38 -118.60  -12.49  -42.20   -5.73    0.00
md_1_0606_0394.en      2    949 0.394000  -94.33    0.00    0.00    0.00    0.00  -67.83  -26.49    4.24    0.52  -66.43  -18.84   -5.64   -8.17    0.00
--> Name of file number  37:                                                     
md_1_0578_0422.en      1    949 0.578000 -170.82    0.00    0.00    0.00    0.00 -153.88  -16.94    4.35    2.42 -116.16  -12.79  -42.07   -6.58    0.00
md_1_0578_0422.en      2    949 0.422000  -94.18    0.00    0.00    0.00    0.00  -67.01  -27.17    4.25    0.52  -66.87  -18.87   -4.40   -8.82    0.00
--> Name of file number  38:                                                     
md_1_0548_0452.en      1    949 0.548000 -167.05    0.00    0.00    0.00    0.00 -149.69  -17.36    4.21    2.42 -106.80  -14.07  -47.10   -5.71    0.00
md_1_0548_0452.en      2    949 0.452000  -95.71    0.00    0.00    0.00    0.00  -68.11  -27.60    3.85    0.65  -64.45  -19.93   -7.52   -8.31    0.00
--> Name of file number  39:                                                     
md_1_0516_0484.en      1    949 0.516000 -160.76    0.00    0.00    0.00    0.00 -143.07  -17.69    4.81    2.66 -109.03  -14.68  -38.85   -5.67    0.00
md_1_0516_0484.en      2    949 0.484000  -96.72    0.00    0.00    0.00    0.00  -68.50  -28.21    3.98    0.75  -64.24  -20.62   -8.24   -8.34    0.00
--> Name of file number  40:                                                     
md_1_0482_0518.en      1    949 0.482000 -155.57    0.00    0.00    0.00    0.00 -138.18  -17.39    5.04    2.92 -105.05  -15.14  -38.18   -5.17    0.00
md_1_0482_0518.en      2    949 0.518000  -96.70    0.00    0.00    0.00    0.00  -68.73  -27.96    3.70    0.98  -62.64  -21.09   -9.80   -7.85    0.00
--> Name of file number  41:                                                     
md_1_0446_0554.en      1    949 0.446000 -149.89    0.00    0.00    0.00    0.00 -131.86  -18.02    4.75    2.99 -100.52  -15.10  -36.10   -5.91    0.00
md_1_0446_0554.en      2    949 0.554000  -95.77    0.00    0.00    0.00    0.00  -67.77  -28.00    3.58    1.04  -64.68  -20.65   -6.67   -8.39    0.00
--> Name of file number  42:                                                     
md_1_0408_0592.en      1    949 0.408000 -150.66    0.00    0.00    0.00    0.00 -133.81  -16.85    4.92    2.81 -102.91  -13.16  -35.82   -6.50    0.00
md_1_0408_0592.en      2    949 0.592000  -95.82    0.00    0.00    0.00    0.00  -68.99  -26.84    4.22    0.73  -67.06  -18.69   -6.15   -8.88    0.00
--> Name of file number  43:                                                     
md_1_0367_0633.en      1    949 0.367000 -140.89    0.00    0.00    0.00    0.00 -123.34  -17.55    5.04    2.75  -91.63  -14.24  -36.75   -6.07    0.00
md_1_0367_0633.en      2    949 0.633000  -95.23    0.00    0.00    0.00    0.00  -68.26  -26.97    4.16    0.68  -63.89  -19.49   -8.53   -8.17    0.00
--> Name of file number  44:                                                     
md_1_0324_0676.en      1    949 0.324000 -133.43    0.00    0.00    0.00    0.00 -116.19  -17.24    5.61    2.91  -92.57  -14.00  -29.23   -6.14    0.00
md_1_0324_0676.en      2    949 0.676000  -94.99    0.00    0.00    0.00    0.00  -67.64  -27.35    4.02    0.73  -63.70  -19.51   -7.96   -8.58    0.00
--> Name of file number  45:                                                     
md_1_0278_0722.en      1    949 0.278000 -127.23    0.00    0.00    0.00    0.00 -109.93  -17.29    4.40    2.99  -80.38  -14.07  -33.96   -6.22    0.00
md_1_0278_0722.en      2    949 0.722000  -95.14    0.00    0.00    0.00    0.00  -68.85  -26.29    3.83    0.84  -63.09  -18.47   -9.58   -8.66    0.00
--> Name of file number  46:                                                     
md_1_0229_0771.en      1    949 0.229000 -119.68    0.00    0.00    0.00    0.00 -102.36  -17.31    4.17    3.30  -70.33  -14.41  -36.20   -6.20    0.00
md_1_0229_0771.en      2    949 0.771000  -95.34    0.00    0.00    0.00    0.00  -68.91  -26.43    3.90    1.07  -62.36  -19.01  -10.45   -8.50    0.00
--> Name of file number  47:                                                     
md_1_0177_0823.en      1    949 0.177000 -113.20    0.00    0.00    0.00    0.00  -95.83  -17.37    4.28    3.24  -65.69  -14.25  -34.42   -6.36    0.00
md_1_0177_0823.en      2    949 0.823000  -95.24    0.00    0.00    0.00    0.00  -68.61  -26.63    3.75    1.08  -61.04  -18.84  -11.32   -8.87    0.00
--> Name of file number  48:                                                     
md_1_0121_0879.en      1    949 0.121000 -109.05    0.00    0.00    0.00    0.00  -91.08  -17.97    4.55    2.99  -72.30  -14.69  -23.33   -6.26    0.00
md_1_0121_0879.en      2    949 0.879000  -95.60    0.00    0.00    0.00    0.00  -68.57  -27.03    3.82    0.87  -62.22  -19.36  -10.18   -8.53    0.00
--> Name of file number  49:                                                     
md_1_0062_0938.en      1    949 0.062000 -100.15    0.00    0.00    0.00    0.00  -82.82  -17.33    5.24    3.36  -74.22  -13.99  -13.84   -6.70    0.00
md_1_0062_0938.en      2    949 0.938000  -94.05    0.00    0.00    0.00    0.00  -67.27  -26.78    4.29    1.07  -64.16  -18.81   -7.40   -9.04    0.00
--> Name of file number  50:                                                     
md_1_0000_1000.en      1    949 0.000000  -91.66    0.00    0.00    0.00    0.00  -75.73  -15.93    6.41    3.87  -70.11  -13.13  -12.02   -6.67    0.00
md_1_0000_1000.en      2    949 1.000000  -93.35    0.00    0.00    0.00    0.00  -67.29  -26.06    4.78    1.23  -64.71  -18.01   -7.37   -9.28    0.00


# Part 1: Free energy perturbation summary:
# lambda(1)      dGf sum(dGf)      dGr sum(dGr)     <dG>
   1.000000    0.000    0.000   -0.371  -63.585    0.000
   0.997000    0.377    0.377   -0.507  -63.214    0.374
   0.993000    0.493    0.870   -0.503  -62.707    0.874
   0.989000    0.505    1.375   -0.500  -62.204    1.378
   0.985000    0.501    1.877   -0.503  -61.704    1.878
   0.981000    0.498    2.374   -0.502  -61.201    2.379
   0.977000    0.501    2.875   -0.622  -60.700    2.880
   0.972000    0.624    3.500   -0.626  -60.078    3.503
   0.967000    0.619    4.119   -0.748  -59.452    4.125
   0.961000    0.747    4.866   -0.612  -58.704    4.873
   0.956000    0.620    5.485   -0.744  -58.091    5.489
   0.950000    0.731    6.216   -0.868  -57.348    6.227
   0.943000    0.861    7.077   -0.849  -56.480    7.091
   0.936000    0.861    7.938   -0.868  -55.631    7.946
   0.929000    0.842    8.780   -0.976  -54.763    8.801
   0.921000    0.985    9.765   -0.961  -53.787    9.781
   0.913000    0.968   10.733   -1.085  -52.826   10.746
   0.904000    1.072   11.805   -1.054  -51.740   11.825
   0.895000    1.076   12.881   -1.183  -50.686   12.890
   0.885000    1.160   14.042   -1.248  -49.503   14.062
   0.874000    1.288   15.330   -1.278  -48.255   15.330
   0.863000    1.231   16.562   -1.326  -46.977   16.585
   0.851000    1.375   17.937   -1.455  -45.651   17.935
   0.838000    1.416   19.353   -1.397  -44.196   19.371
   0.825000    1.436   20.789   -1.561  -42.798   20.788
   0.810000    1.590   22.379   -1.598  -41.238   22.363
   0.795000    1.534   23.913   -1.671  -39.640   23.929
   0.779000    1.670   25.583   -1.822  -37.969   25.599
   0.761000    1.837   27.420   -1.739  -36.148   27.429
   0.743000    1.782   29.202   -1.855  -34.408   29.189
   0.724000    1.784   30.986   -1.991  -32.553   31.009
   0.703000    1.991   32.977   -2.034  -30.562   33.000
   0.681000    2.021   34.998   -2.143  -28.528   35.027
   0.657000    2.145   37.142   -2.121  -26.385   37.171
   0.632000    2.143   39.285   -2.067  -24.264   39.303
   0.606000    2.116   41.401   -2.204  -22.197   41.394
   0.578000    2.130   43.531   -2.197  -19.993   43.562
   0.548000    2.234   45.765   -2.112  -17.795   45.777
   0.516000    2.218   47.983   -2.067  -15.683   47.942
   0.482000    2.106   50.090   -2.021  -13.617   50.029
   0.446000    2.048   52.138   -2.172  -11.595   52.063
   0.408000    1.972   54.109   -1.984   -9.423   54.135
   0.367000    2.143   56.252   -1.772   -7.440   56.198
   0.324000    1.827   58.079   -1.597   -5.668   57.998
   0.278000    1.629   59.708   -1.337   -4.071   59.611
   0.229000    1.431   61.138   -1.085   -2.733   60.995
   0.177000    1.106   62.245   -0.932   -1.648   62.091
   0.121000    0.829   63.074   -0.562   -0.716   62.971
   0.062000    0.604   63.678   -0.154   -0.154   63.554
   0.000000    0.155   63.832    0.000    0.000   63.709

# Min energy-gap is:   -242.87
# Max energy-gap is:    -40.47


# Part 2: Reaction free energy summary:
# Lambda(1)  bin Energy gap      dGa     dGb     dGg    # pts    c1**2    c2**2
   1.000000    5    -224.65     0.00   131.42    -0.00     83    0.000    0.000
   1.000000    6    -220.61     0.00   126.39     0.00    146    0.000    0.000
   1.000000    7    -216.56     0.00   123.67    -0.00    171    0.000    0.000
   1.000000    8    -212.51     0.00   118.24     0.00    182    0.000    0.000
   1.000000    9    -208.46     0.00   116.12     0.00    149    0.000    0.000
   1.000000   10    -204.41     0.00   112.48     0.00     76    0.000    0.000
   0.997000    5    -224.65    -0.03   128.43    -0.03     66    0.000    0.000
   0.997000    6    -220.61    -0.02   126.08    -0.02    135    0.000    0.000
   0.997000    7    -216.56    -0.01   121.98    -0.01    172    0.000    0.000
   0.997000    8    -212.51     0.00   118.44     0.00    184    0.000    0.000
   0.997000    9    -208.46     0.02   115.47     0.02    154    0.000    0.000
   0.997000   10    -204.41     0.03   109.48     0.03    111    0.000    0.000
   0.997000   11    -200.37     0.04   108.17     0.04     56    0.000    0.000
   0.993000    5    -224.65    -0.08   131.42    -0.08    101    0.000    0.000
   0.993000    6    -220.61    -0.05   128.04    -0.05    164    0.000    0.000
   0.993000    7    -216.56    -0.02   124.21    -0.02    188    0.000    0.000
   0.993000    8    -212.51    -0.00   122.00    -0.00    165    0.000    0.000
   0.993000    9    -208.46     0.03   116.07     0.03    138    0.000    0.000
   0.993000   10    -204.41     0.05   113.45     0.05     83    0.000    0.000
   0.989000    5    -224.65    -0.11   131.56    -0.11     95    0.000    0.000
   0.989000    6    -220.61    -0.07   127.22    -0.07    122    0.000    0.000
   0.989000    7    -216.56    -0.03   123.94    -0.03    198    0.000    0.000
   0.989000    8    -212.51     0.01   120.07     0.01    158    0.000    0.000
   0.989000    9    -208.46     0.05   115.20     0.05    157    0.000    0.000
   0.989000   10    -204.41     0.09   112.95     0.09    105    0.000    0.000
   0.985000    5    -224.65    -0.13   131.19    -0.13     72    0.000    0.000
   0.985000    6    -220.61    -0.09   126.05    -0.09    130    0.000    0.000
   0.985000    7    -216.56    -0.03   122.54    -0.03    188    0.000    0.000
   0.985000    8    -212.51     0.02   119.03     0.02    157    0.000    0.000
   0.985000    9    -208.46     0.08   113.96     0.08    154    0.000    0.000
   0.985000   10    -204.41     0.13   111.57     0.13     97    0.000    0.000
   0.985000   11    -200.37     0.19   109.22     0.19     58    0.000    0.000
   0.981000    5    -224.65    -0.18   131.13    -0.18    103    0.000    0.000
   0.981000    6    -220.61    -0.10   126.19    -0.10    153    0.000    0.000
   0.981000    7    -216.56    -0.03   123.10    -0.03    187    0.000    0.000
   0.981000    8    -212.51     0.04   118.44     0.04    170    0.000    0.000
   0.981000    9    -208.46     0.11   116.07     0.11    114    0.000    0.000
   0.981000   10    -204.41     0.18   111.05     0.18     80    0.000    0.000
   0.977000    5    -224.65    -0.21   129.02    -0.21    101    0.000    0.000
   0.977000    6    -220.61    -0.13   126.19    -0.13    139    0.000    0.000
   0.977000    7    -216.56    -0.03   122.02    -0.03    165    0.000    0.000
   0.977000    8    -212.51     0.05   119.50     0.05    175    0.000    0.000
   0.977000    9    -208.46     0.13   115.78     0.13    143    0.000    0.000
   0.977000   10    -204.41     0.21   110.57     0.21     85    0.000    0.000
   0.972000    5    -224.65    -0.26   128.96    -0.26     92    0.000    0.000
   0.972000    6    -220.61    -0.15   125.81    -0.15    135    0.000    0.000
   0.972000    7    -216.56    -0.04   122.16    -0.04    164    0.000    0.000
   0.972000    8    -212.51     0.05   118.50     0.05    169    0.000    0.000
   0.972000    9    -208.46     0.17   114.03     0.17    149    0.000    0.000
   0.972000   10    -204.41     0.26   111.76     0.26    100    0.000    0.000
   0.972000   11    -200.37     0.39   108.51     0.39     51    0.000    0.000
   0.967000    5    -224.65    -0.33   129.19    -0.33     84    0.000    0.000
   0.967000    6    -220.61    -0.20   124.07    -0.20    153    0.000    0.000
   0.967000    7    -216.56    -0.06   122.14    -0.06    169    0.000    0.000
   0.967000    8    -212.51     0.06   117.94     0.06    200    0.000    0.000
   0.967000    9    -208.46     0.19   113.70     0.19    136    0.000    0.000
   0.967000   10    -204.41     0.31   110.79     0.31     89    0.000    0.000
   0.961000    5    -224.65    -0.40   129.72    -0.40     91    0.000    0.000
   0.961000    6    -220.61    -0.29   127.11    -0.29    107    0.000    0.000
   0.961000    7    -216.56    -0.12   122.71    -0.12    154    0.000    0.000
   0.961000    8    -212.51     0.02   120.23     0.02    160    0.000    0.000
   0.961000    9    -208.46     0.18   113.61     0.18    151    0.000    0.000
   0.961000   10    -204.41     0.31   113.79     0.31    123    0.000    0.000
   0.961000   11    -200.37     0.48   109.97     0.48     68    0.000    0.000
   0.956000    5    -224.65    -0.49   131.75    -0.49     50    0.000    0.000
   0.956000    6    -220.61    -0.32   128.16    -0.32    100    0.000    0.000
   0.956000    7    -216.56    -0.15   125.05    -0.15    130    0.000    0.000
   0.956000    8    -212.51     0.01   120.53     0.01    165    0.000    0.000
   0.956000    9    -208.46     0.19   116.79     0.19    168    0.000    0.000
   0.956000   10    -204.41     0.34   112.81     0.34    140    0.000    0.000
   0.956000   11    -200.37     0.53   108.30     0.53     80    0.000    0.000
   0.956000   12    -196.32     0.68   106.39     0.68     52    0.000    0.000
   0.950000    5    -224.65    -0.55   131.62    -0.55     66    0.000    0.000
   0.950000    6    -220.61    -0.35   127.88    -0.35     80    0.000    0.000
   0.950000    7    -216.56    -0.19   123.12    -0.19    126    0.000    0.000
   0.950000    8    -212.51    -0.02   120.57    -0.02    172    0.000    0.000
   0.950000    9    -208.46     0.16   116.66     0.16    154    0.000    0.000
   0.950000   10    -204.41     0.36   110.70     0.36    137    0.000    0.000
   0.950000   11    -200.37     0.54   108.97     0.54     76    0.000    0.000
   0.943000    5    -224.65    -0.66   131.12    -0.66     55    0.000    0.000
   0.943000    6    -220.61    -0.46   128.21    -0.46     99    0.000    0.000
   0.943000    7    -216.56    -0.26   124.48    -0.26    120    0.000    0.000
   0.943000    8    -212.51    -0.02   120.56    -0.02    160    0.000    0.000
   0.943000    9    -208.46     0.18   116.55     0.18    158    0.000    0.000
   0.943000   10    -204.41     0.38   113.16     0.38    115    0.000    0.000
   0.943000   11    -200.37     0.58   110.29     0.58     97    0.000    0.000
   0.943000   12    -196.32     0.83   105.42     0.83     50    0.000    0.000
   0.936000    6    -220.61    -0.56   127.49    -0.56     69    0.000    0.000
   0.936000    7    -216.56    -0.28   123.76    -0.28    131    0.000    0.000
   0.936000    8    -212.51    -0.01   120.24    -0.01    165    0.000    0.000
   0.936000    9    -208.46     0.24   117.25     0.24    174    0.000    0.000
   0.936000   10    -204.41     0.46   112.93     0.46    134    0.000    0.000
   0.936000   11    -200.37     0.72   106.84     0.72    113    0.000    0.000
   0.936000   12    -196.32     0.98   106.24     0.98     61    0.000    0.000
   0.929000    5    -224.65    -0.90   132.77    -0.90     60    0.000    0.000
   0.929000    6    -220.61    -0.63   128.50    -0.63     98    0.000    0.000
   0.929000    7    -216.56    -0.32   124.76    -0.32    162    0.000    0.000
   0.929000    8    -212.51    -0.10   121.68    -0.10    177    0.000    0.000
   0.929000    9    -208.46     0.20   118.00     0.20    149    0.000    0.000
   0.929000   10    -204.41     0.46   114.95     0.46    134    0.000    0.000
   0.929000   11    -200.37     0.72   111.30     0.72     78    0.000    0.000
   0.921000    6    -220.61    -0.66   126.97    -0.66     68    0.000    0.000
   0.921000    7    -216.56    -0.35   122.41    -0.35    137    0.000    0.000
   0.921000    8    -212.51    -0.02   119.91    -0.02    181    0.000    0.000
   0.921000    9    -208.46     0.25   116.20     0.25    201    0.000    0.000
   0.921000   10    -204.41     0.55   114.41     0.55    129    0.000    0.000
   0.921000   11    -200.37     0.85   109.87     0.85     95    0.000    0.000
   0.921000   12    -196.32     1.14   106.47     1.14     50    0.000    0.000
   0.913000    6    -220.61    -0.72   127.44    -0.72     53    0.000    0.000
   0.913000    7    -216.56    -0.46   123.12    -0.46    115    0.000    0.000
   0.913000    8    -212.51    -0.11   121.83    -0.11    138    0.000    0.000
   0.913000    9    -208.46     0.21   116.40     0.21    176    0.000    0.000
   0.913000   10    -204.41     0.58   111.44     0.58    168    0.000    0.000
   0.913000   11    -200.37     0.91   110.61     0.91    123    0.000    0.000
   0.913000   12    -196.32     1.23   107.21     1.23     72    0.000    0.000
   0.904000    6    -220.61    -0.88   123.70    -0.88     72    0.000    0.000
   0.904000    7    -216.56    -0.45   121.78    -0.45    111    0.000    0.000
   0.904000    8    -212.51    -0.14   119.83    -0.14    162    0.000    0.000
   0.904000    9    -208.46     0.23   115.43     0.23    176    0.000    0.000
   0.904000   10    -204.41     0.56   112.13     0.56    162    0.000    0.000
   0.904000   11    -200.37     0.86   108.42     0.86    125    0.000    0.000
   0.904000   12    -196.32     1.37   107.45     1.37     63    0.000    0.000
   0.895000    6    -220.61    -0.40   121.04    -0.40     80    0.000    0.000
   0.895000    7    -216.56    -0.08   119.25    -0.08    143    0.000    0.000
   0.895000    8    -212.51     0.27   114.66     0.27    192    0.000    0.000
   0.895000    9    -208.46     0.68   111.75     0.68    179    0.000    0.000
   0.895000   10    -204.41     1.05   108.67     1.05    134    0.000    0.000
   0.895000   11    -200.37     1.51   105.53     1.51    102    0.000    0.000
   0.885000    6    -220.61    -0.66   122.13    -0.66     91    0.000    0.000
   0.885000    7    -216.56    -0.27   118.82    -0.27    112    0.000    0.000
   0.885000    8    -212.51     0.15   115.34     0.15    184    0.000    0.000
   0.885000    9    -208.46     0.65   113.09     0.65    182    0.000    0.000
   0.885000   10    -204.41     1.00   109.69     1.00    157    0.000    0.000
   0.885000   11    -200.37     1.49   105.84     1.49     88    0.000    0.000
   0.874000    6    -220.61    -0.74   123.32    -0.74     58    0.000    0.000
   0.874000    7    -216.56    -0.26   118.30    -0.26     86    0.000    0.000
   0.874000    8    -212.51     0.30   115.33     0.30    129    0.000    0.000
   0.874000    9    -208.46     0.64   112.54     0.64    175    0.000    0.000
   0.874000   10    -204.41     1.15   107.85     1.15    142    0.000    0.000
   0.874000   11    -200.37     1.56   106.58     1.56    130    0.000    0.000
   0.874000   12    -196.32     2.12   101.82     2.12    119    0.000    0.000
   0.874000   13    -192.27     2.66    98.51     2.66     60    0.000    0.000
   0.863000    6    -220.61    -1.05   123.44    -1.05     60    0.000    0.000
   0.863000    7    -216.56    -0.65   121.05    -0.65     94    0.000    0.000
   0.863000    8    -212.51    -0.09   116.64    -0.09    138    0.000    0.000
   0.863000    9    -208.46     0.43   113.35     0.43    157    0.000    0.000
   0.863000   10    -204.41     0.94   109.13     0.94    148    0.000    0.000
   0.863000   11    -200.37     1.40   105.45     1.40    131    0.000    0.000
   0.863000   12    -196.32     2.01   103.87     2.01     87    0.000    0.000
   0.863000   13    -192.27     2.50   101.59     2.50     52    0.000    0.000
   0.851000    8    -212.51    -0.05   116.73    -0.05     91    0.000    0.000
   0.851000    9    -208.46     0.56   112.37     0.56    143    0.000    0.000
   0.851000   10    -204.41     1.14   110.04     1.14    167    0.000    0.000
   0.851000   11    -200.37     1.69   105.32     1.69    176    0.000    0.000
   0.851000   12    -196.32     2.30   102.75     2.30    157    0.000    0.000
   0.851000   13    -192.27     2.95   100.26     2.95     88    0.000    0.000
   0.838000    7    -216.56    -0.76   119.96    -0.76     64    0.000    0.000
   0.838000    8    -212.51    -0.13   115.49    -0.13    107    0.000    0.000
   0.838000    9    -208.46     0.57   112.24     0.57    143    0.000    0.000
   0.838000   10    -204.41     1.16   106.71     1.16    167    0.000    0.000
   0.838000   11    -200.37     1.74   105.41     1.74    177    0.000    0.000
   0.838000   12    -196.32     2.30   103.24     2.30    136    0.000    0.000
   0.838000   13    -192.27     2.81   100.76     2.81     66    0.000    0.000
   0.825000    8    -212.51    -0.07   115.84    -0.07     63    0.000    0.000
   0.825000    9    -208.46     0.50   111.17     0.50    122    0.000    0.000
   0.825000   10    -204.41     1.15   109.03     1.15    157    0.000    0.000
   0.825000   11    -200.37     1.79   106.27     1.79    192    0.000    0.000
   0.825000   12    -196.32     2.48   102.14     2.48    154    0.000    0.000
   0.825000   13    -192.27     3.04    98.57     3.04    117    0.000    0.000
   0.825000   14    -188.22     3.61    97.67     3.61     65    0.000    0.000
   0.810000    9    -208.46     0.66   111.87     0.66     69    0.000    0.000
   0.810000   10    -204.41     1.30   108.36     1.30    134    0.000    0.000
   0.810000   11    -200.37     1.90   105.86     1.90    157    0.000    0.000
   0.810000   12    -196.32     2.68   102.04     2.68    158    0.000    0.000
   0.810000   13    -192.27     3.26    99.33     3.26    167    0.000    0.000
   0.810000   14    -188.22     4.11    97.69     4.11     98    0.000    0.000
   0.810000   15    -184.17     4.86    92.99     4.86     65    0.000    0.000
   0.795000    8    -212.51    -0.51   114.38    -0.51     64    0.000    0.000
   0.795000    9    -208.46     0.16   111.78     0.16     92    0.000    0.000
   0.795000   10    -204.41     1.09   107.95     1.09    131    0.000    0.000
   0.795000   11    -200.37     1.53   104.23     1.53    161    0.000    0.000
   0.795000   12    -196.32     2.45   100.77     2.45    168    0.000    0.000
   0.795000   13    -192.27     3.22    99.90     3.22    136    0.000    0.000
   0.795000   14    -188.22     4.00    95.53     4.00     80    0.000    0.000
   0.779000    9    -208.46    -0.19   113.07    -0.19     54    0.000    0.000
   0.779000   10    -204.41     0.50   108.85     0.50    103    0.000    0.000
   0.779000   11    -200.37     1.55   106.99     1.55    162    0.000    0.000
   0.779000   12    -196.32     2.16   102.57     2.16    157    0.000    0.000
   0.779000   13    -192.27     2.95   100.52     2.95    138    0.000    0.000
   0.779000   14    -188.22     3.85    97.27     3.85    120    0.000    0.000
   0.779000   15    -184.17     4.59    93.56     4.59     77    0.000    0.000
   0.761000    9    -208.46     0.03   110.77     0.03     57    0.000    0.000
   0.761000   10    -204.41     1.12   107.10     1.12    104    0.000    0.000
   0.761000   11    -200.37     1.92   105.19     1.92    147    0.000    0.000
   0.761000   12    -196.32     2.90   101.06     2.90    177    0.000    0.000
   0.761000   13    -192.27     3.77    99.06     3.77    144    0.000    0.000
   0.761000   14    -188.22     4.71    96.42     4.71    144    0.000    0.000
   0.761000   15    -184.17     5.54    92.80     5.54     83    0.000    0.000
   0.743000   10    -204.41     0.41   106.89     0.41     61    0.000    0.000
   0.743000   11    -200.37     1.56   105.09     1.56     91    0.000    0.000
   0.743000   12    -196.32     2.46   102.07     2.46    117    0.000    0.000
   0.743000   13    -192.27     3.46    99.80     3.46    148    0.000    0.000
   0.743000   14    -188.22     4.51    95.64     4.51    163    0.000    0.000
   0.743000   15    -184.17     5.16    93.84     5.16    134    0.000    0.000
   0.743000   16    -180.13     6.53    91.34     6.53     89    0.000    0.000
   0.743000   17    -176.08     7.31    87.57     7.31     74    0.000    0.000
   0.724000   11    -200.37     1.27   104.88     1.27     97    0.000    0.000
   0.724000   12    -196.32     2.00   103.05     2.00    129    0.000    0.000
   0.724000   13    -192.27     3.19   100.23     3.19    167    0.000    0.000
   0.724000   14    -188.22     4.32    96.89     4.32    167    0.000    0.000
   0.724000   15    -184.17     5.36    93.27     5.36    121    0.000    0.000
   0.724000   16    -180.13     6.52    91.54     6.52     93    0.000    0.000
   0.724000   17    -176.08     7.53    88.72     7.53     65    0.000    0.000
   0.703000   11    -200.37     0.19   105.07     0.19     52    0.000    0.000
   0.703000   12    -196.32     1.91   102.41     1.91     88    0.000    0.000
   0.703000   13    -192.27     2.96    99.25     2.96    144    0.000    0.000
   0.703000   14    -188.22     4.05    96.34     4.05    159    0.000    0.000
   0.703000   15    -184.17     4.96    94.85     4.96    162    0.000    0.000
   0.703000   16    -180.13     6.45    91.90     6.45    134    0.000    0.000
   0.703000   17    -176.08     7.36    88.98     7.36     99    0.000    0.000
   0.681000   11    -200.37     1.25   101.41     1.25     62    0.000    0.000
   0.681000   12    -196.32     2.07    98.93     2.07    109    0.000    0.000
   0.681000   13    -192.27     3.57    97.13     3.57    146    0.000    0.000
   0.681000   14    -188.22     5.08    94.34     5.08    179    0.000    0.000
   0.681000   15    -184.17     5.67    92.07     5.67    144    0.000    0.000
   0.681000   16    -180.13     7.27    89.85     7.27    127    0.000    0.000
   0.681000   17    -176.08     8.67    87.06     8.67     82    0.000    0.000
   0.657000   12    -196.32     2.05   101.34     2.05     61    0.000    0.000
   0.657000   13    -192.27     3.15    98.25     3.15     95    0.000    0.000
   0.657000   14    -188.22     4.72    95.91     4.72    130    0.000    0.000
   0.657000   15    -184.17     5.66    94.51     5.66    149    0.000    0.000
   0.657000   16    -180.13     6.85    91.94     6.85    141    0.000    0.000
   0.657000   17    -176.08     8.13    88.49     8.13    119    0.000    0.000
   0.657000   18    -172.03     9.26    87.71     9.26     94    0.000    0.000
   0.657000   19    -167.98    10.34    83.78    10.34     53    0.000    0.000
   0.632000   14    -188.22     3.86    97.04     3.86     71    0.000    0.000
   0.632000   15    -184.17     4.94    93.94     4.94    124    0.000    0.000
   0.632000   16    -180.13     6.35    91.45     6.35    120    0.000    0.000
   0.632000   17    -176.08     7.32    89.19     7.32    176    0.000    0.000
   0.632000   18    -172.03     8.82    87.25     8.82    124    0.000    0.000
   0.632000   19    -167.98    10.09    85.84    10.09    116    0.000    0.000
   0.632000   20    -163.93    11.09    82.83    11.09     80    0.000    0.000
   0.606000   15    -184.17     5.36    94.07     5.36     75    0.000    0.000
   0.606000   16    -180.13     6.33    91.39     6.33    116    0.000    0.000
   0.606000   17    -176.08     8.71    89.49     8.71    154    0.000    0.000
   0.606000   18    -172.03     9.90    86.42     9.90    164    0.000    0.000
   0.606000   19    -167.98    11.63    84.55    11.63    157    0.000    0.000
   0.606000   20    -163.93    13.03    81.86    13.03    112    0.000    0.000
   0.606000   21    -159.89    13.40    80.37    13.40     67    0.000    0.000
   0.578000   15    -184.17     4.58    92.97     4.58     57    0.000    0.000
   0.578000   16    -180.13     6.67    90.86     6.67    112    0.000    0.000
   0.578000   17    -176.08     8.01    88.45     8.01    135    0.000    0.000
   0.578000   18    -172.03     9.83    86.67     9.83    156    0.000    0.000
   0.578000   19    -167.98    11.20    84.45    11.20    159    0.000    0.000
   0.578000   20    -163.93    13.22    82.21    13.22    119    0.000    0.000
   0.578000   21    -159.89    14.43    79.94    14.43     84    0.000    0.000
   0.548000   16    -180.13     7.39    89.61     7.39     62    0.000    0.000
   0.548000   17    -176.08     8.90    86.79     8.90    107    0.000    0.000
   0.548000   18    -172.03    10.55    85.79    10.55    133    0.000    0.000
   0.548000   19    -167.98    12.01    83.25    12.01    148    0.000    0.000
   0.548000   20    -163.93    13.31    81.54    13.31    178    0.000    0.000
   0.548000   21    -159.89    15.23    79.61    15.23    103    0.000    0.000
   0.548000   22    -155.84    16.26    77.44    16.26     83    0.000    0.000
   0.548000   23    -151.79    17.65    76.19    17.65     55    0.000    0.000
   0.516000   18    -172.03    10.29    84.24    10.29     92    0.000    0.000
   0.516000   19    -167.98    12.21    82.41    12.21    132    0.000    0.000
   0.516000   20    -163.93    13.25    80.49    13.25    159    0.000    0.000
   0.516000   21    -159.89    15.77    79.03    15.77    170    0.000    0.000
   0.516000   22    -155.84    16.97    76.47    16.97    151    0.000    0.000
   0.516000   23    -151.79    20.03    74.75    20.03     90    0.000    0.000
   0.516000   24    -147.74    21.28    72.92    21.28     71    0.000    0.000
   0.482000   19    -167.98    12.14    82.39    12.14     57    0.000    0.000
   0.482000   20    -163.93    13.88    80.39    13.88    114    0.000    0.000
   0.482000   21    -159.89    15.80    78.90    15.80    156    0.000    0.000
   0.482000   22    -155.84    17.34    76.91    17.34    190    0.000    0.000
   0.482000   23    -151.79    19.80    75.21    19.80    158    0.000    0.000
   0.482000   24    -147.74    21.34    73.98    21.34    108    0.000    0.000
   0.482000   25    -143.69    22.62    71.74    22.62     75    0.000    0.000
   0.446000   21    -159.89    15.39    78.85    15.39     95    0.000    0.000
   0.446000   22    -155.84    16.84    77.50    16.84    161    0.000    0.000
   0.446000   23    -151.79    19.24    75.92    19.24    170    0.000    0.000
   0.446000   24    -147.74    21.46    74.33    21.46    169    0.000    0.000
   0.446000   25    -143.69    23.69    72.51    23.69    124    0.000    0.000
   0.446000   26    -139.65    25.45    71.22    25.45     93    0.000    0.000
   0.408000   20    -163.93    13.00    80.51    13.00     65    0.000    0.000
   0.408000   21    -159.89    14.00    78.90    14.00    114    0.000    0.000
   0.408000   22    -155.84    16.53    77.29    16.53    133    0.000    0.000
   0.408000   23    -151.79    18.98    75.92    18.98    171    0.000    0.000
   0.408000   24    -147.74    20.33    74.47    20.33    137    0.000    0.000
   0.408000   25    -143.69    23.23    72.97    23.23    144    0.000    0.000
   0.408000   26    -139.65    25.56    71.33    25.56     85    0.000    0.000
   0.367000   23    -151.79    17.95    75.85    17.95     94    0.000    0.000
   0.367000   24    -147.74    20.46    74.76    20.46    145    0.000    0.000
   0.367000   25    -143.69    23.98    73.14    23.98    147    0.000    0.000
   0.367000   26    -139.65    26.05    71.37    26.05    166    0.000    0.000
   0.367000   27    -135.60    28.48    70.62    28.48    120    0.000    0.000
   0.367000   28    -131.55    30.88    69.08    30.88     94    0.000    0.000
   0.367000   29    -127.50    33.71    67.98    33.71     56    0.000    0.000
   0.324000   25    -143.69    23.71    72.81    23.71     74    0.000    0.000
   0.324000   26    -139.65    26.45    71.87    26.45    153    0.000    0.000
   0.324000   27    -135.60    28.44    70.56    28.44    173    0.000    0.000
   0.324000   28    -131.55    31.43    69.34    31.43    144    0.000    0.000
   0.324000   29    -127.50    33.60    68.36    33.60    134    0.000    0.000
   0.324000   30    -123.45    36.60    67.31    36.60     90    0.000    0.000
   0.324000   31    -119.41    39.67    65.95    39.67     55    0.000    0.000
   0.278000   26    -139.65    26.54    70.97    26.54     60    0.000    0.000
   0.278000   27    -135.60    27.61    69.86    27.61    130    0.000    0.000
   0.278000   28    -131.55    30.72    69.19    30.72    141    0.000    0.000
   0.278000   29    -127.50    32.41    68.15    32.41    167    0.000    0.000
   0.278000   30    -123.45    34.70    67.06    34.70    162    0.000    0.000
   0.278000   31    -119.41    37.81    66.22    37.81    121    0.000    0.000
   0.278000   32    -115.36    40.10    65.09    40.10     58    0.000    0.000
   0.229000   28    -131.55    30.22    68.56    30.22     73    0.000    0.000
   0.229000   29    -127.50    33.71    67.88    33.71    102    0.000    0.000
   0.229000   30    -123.45    36.92    67.12    36.92    168    0.000    0.000
   0.229000   31    -119.41    40.43    66.25    40.43    167    0.000    0.000
   0.229000   32    -115.36    43.19    65.35    43.19    150    0.000    0.000
   0.229000   33    -111.31    46.17    64.59    46.17    123    0.000    0.000
   0.229000   34    -107.26    48.72    63.72    48.72     58    0.000    0.000
   0.177000   30    -123.45    37.06    66.54    37.06     85    0.000    0.000
   0.177000   31    -119.41    39.75    66.03    39.75    144    0.000    0.000
   0.177000   32    -115.36    41.88    65.41    41.88    171    0.000    0.000
   0.177000   33    -111.31    44.58    64.82    44.58    183    0.000    0.000
   0.177000   34    -107.26    46.84    64.14    46.84    141    0.000    0.000
   0.177000   35    -103.21    51.63    63.49    51.63     82    0.000    0.000
   0.177000   36     -99.17    52.69    62.93    52.69     51    0.000    0.000
   0.121000   31    -119.41    39.89    65.58    39.89     89    0.000    0.000
   0.121000   32    -115.36    41.71    65.21    41.71    120    0.000    0.000
   0.121000   33    -111.31    45.61    64.73    45.61    177    0.000    0.000
   0.121000   34    -107.26    49.00    64.32    49.00    173    0.000    0.000
   0.121000   35    -103.21    50.36    63.92    50.36    147    0.000    0.000
   0.121000   36     -99.17    54.84    63.44    54.84     92    0.000    0.000
   0.062000   33    -111.31    44.10    64.52    44.10     72    0.000    0.000
   0.062000   34    -107.26    48.02    64.29    48.02    124    0.000    0.000
   0.062000   35    -103.21    50.36    64.07    50.36    195    0.000    0.000
   0.062000   36     -99.17    54.79    63.86    54.79    161    0.000    0.000
   0.062000   37     -95.12    57.87    63.62    57.87    131    0.000    0.000
   0.062000   38     -91.07    61.45    63.38    61.44    105    0.000    0.000
   0.062000   39     -87.02    64.69    63.25    63.23     57    0.000    0.000
   0.000000   34    -107.26    48.23    63.71    48.23     50    0.000    0.000
   0.000000   35    -103.21    50.92    63.71    50.92    102    0.000    0.000
   0.000000   36     -99.17    54.61    63.71    54.61    117    0.000    0.000
   0.000000   37     -95.12    57.08    63.71    57.08    125    0.000    0.000
   0.000000   38     -91.07    57.52    63.71    57.52    161    0.000    0.000
   0.000000   39     -87.02    63.87    63.71    63.41    127    0.000    0.000
   0.000000   40     -82.97    68.37    63.71    63.71     87    0.000    0.000
   0.000000   41     -78.93    71.32    63.71    63.71     69    0.000    0.000


# Part 3: Bin-averaged summary:
# bin  energy gap  <dGg> <dGg norm> pts  <c1**2> <c2**2> <r_xy>
   5   -224.65    -0.28     0.02   1119   0.000   0.000   0.000
   6   -220.61    -0.30     0.00   2312   0.000   0.000   0.000
   7   -216.56    -0.17     0.13   3287   0.000   0.000   0.000
   8   -212.51     0.01     0.31   4008   0.000   0.000   0.000
   9   -208.46     0.27     0.57   4174   0.000   0.000   0.000
  10   -204.41     0.64     0.94   3673   0.000   0.000   0.000
  11   -200.37     1.25     1.55   2945   0.000   0.000   0.000
  12   -196.32     2.13     2.43   2165   0.000   0.000   0.000
  13   -192.27     3.19     3.49   1668   0.000   0.000   0.000
  14   -188.22     4.36     4.66   1376   0.000   0.000   0.000
  15   -184.17     5.21     5.51   1191   0.000   0.000   0.000
  16   -180.13     6.68     6.98    994   0.000   0.000   0.000
  17   -176.08     8.01     8.31   1011   0.000   0.000   0.000
  18   -172.03     9.79    10.09    763   0.000   0.000   0.000
  19   -167.98    11.44    11.74    822   0.000   0.000   0.000
  20   -163.93    13.09    13.39    827   0.000   0.000   0.000
  21   -159.89    15.06    15.36    789   0.000   0.000   0.000
  22   -155.84    16.87    17.17    718   0.000   0.000   0.000
  23   -151.79    19.11    19.41    738   0.000   0.000   0.000
  24   -147.74    20.95    21.25    630   0.000   0.000   0.000
  25   -143.69    23.51    23.81    564   0.000   0.000   0.000
  26   -139.65    26.04    26.34    557   0.000   0.000   0.000
  27   -135.60    28.19    28.50    423   0.000   0.000   0.000
  28   -131.55    30.90    31.20    452   0.000   0.000   0.000
  29   -127.50    33.21    33.51    459   0.000   0.000   0.000
  30   -123.45    36.18    36.48    505   0.000   0.000   0.000
  31   -119.41    39.55    39.86    576   0.000   0.000   0.000
  32   -115.36    42.03    42.33    499   0.000   0.000   0.000
  33   -111.31    45.20    45.50    555   0.000   0.000   0.000
  34   -107.26    48.12    48.42    546   0.000   0.000   0.000
  35   -103.21    50.67    50.97    526   0.000   0.000   0.000
  36    -99.17    54.50    54.80    421   0.000   0.000   0.000
  37    -95.12    57.48    57.78    256   0.000   0.000   0.000
  38    -91.07    59.07    59.37    266   0.000   0.000   0.000
  39    -87.02    63.35    63.65    184   0.000   0.000   0.000
  40    -82.97    63.71    64.01     87   0.000   0.000   0.000
  41    -78.93    63.71    64.01     69   0.000   0.000   0.000


# Part 4: Termodynamic integration:
# lambda(1)      dGti    sum(dGti) 
   1.000000    0.000    0.000
   0.997000  125.838    0.374
   0.993000  123.481    0.874
   0.989000  126.545    1.378
   0.985000  125.489    1.878
   0.981000  124.676    2.379
   0.977000  125.507    2.880
   0.972000  125.188    3.503
   0.967000  124.045    4.125
   0.961000  124.844    4.873
   0.956000  124.323    5.489
   0.950000  122.168    6.226
   0.943000  123.521    7.091
   0.936000  123.461    7.946
   0.929000  120.809    8.801
   0.921000  123.584    9.781
   0.913000  121.501   10.746
   0.904000  119.666   11.825
   0.895000  120.101   12.890
   0.885000  116.609   14.062
   0.874000  117.759   15.329
   0.863000  112.686   16.584
   0.851000  115.423   17.935
   0.838000  109.734   19.371
   0.825000  111.204   20.788
   0.810000  106.818   22.363
   0.795000  103.140   23.928
   0.779000  105.507   25.598
   0.761000  103.307   27.429
   0.743000  100.098   29.188
   0.724000   95.301   31.008
   0.703000   96.313   32.999
   0.681000   93.359   35.027
   0.657000   90.978   37.170
   0.632000   87.576   39.304
   0.606000   83.140   41.396
   0.578000   77.839   43.559
   0.548000   76.642   45.779
   0.516000   71.339   47.945
   0.482000   64.043   50.035
   0.446000   58.870   52.068
   0.408000   54.122   54.139
   0.367000   54.834   56.199
   0.324000   45.658   58.007
   0.278000   38.444   59.629
   0.229000   32.090   61.012
   0.177000   24.339   62.111
   0.121000   17.958   62.991
   0.062000   13.452   63.568
   0.000000    6.104   63.704


# Part 5: Overlap sampling Lu et al:
# lambda(1)      dG    sum(dG) 
   1.000000    0.000    0.000
   0.997000    0.374    0.374
   0.993000    0.500    0.874
   0.989000    0.504    1.378
   0.985000    0.500    1.878
   0.981000    0.500    2.379
   0.977000    0.501    2.880
   0.972000    0.623    3.503
   0.967000    0.622    4.125
   0.961000    0.748    4.873
   0.956000    0.616    5.489
   0.950000    0.737    6.226
   0.943000    0.864    7.091
   0.936000    0.855    7.946
   0.929000    0.855    8.801
   0.921000    0.980    9.781
   0.913000    0.965   10.746
   0.904000    1.079   11.825
   0.895000    1.065   12.890
   0.885000    1.172   14.062
   0.874000    1.268   15.330
   0.863000    1.255   16.584
   0.851000    1.351   17.935
   0.838000    1.436   19.371
   0.825000    1.417   20.788
   0.810000    1.575   22.363
   0.795000    1.565   23.928
   0.779000    1.670   25.599
   0.761000    1.830   27.429
   0.743000    1.760   29.188
   0.724000    1.820   31.008
   0.703000    1.991   33.000
   0.681000    2.028   35.027
   0.657000    2.143   37.171
   0.632000    2.133   39.304
   0.606000    2.092   41.396
   0.578000    2.165   43.561
   0.548000    2.217   45.778
   0.516000    2.166   47.944
   0.482000    2.088   50.032
   0.446000    2.034   52.066
   0.408000    2.071   54.137
   0.367000    2.062   56.200
   0.324000    1.805   58.005
   0.278000    1.618   59.623
   0.229000    1.384   61.006
   0.177000    1.097   62.104
   0.121000    0.880   62.983
   0.062000    0.580   63.563
   0.000000    0.149   63.712


# lambda(1)      dG    sum(dG) 
# Part 6: BAR Bennet:
   1.000000    0.000    0.000
   0.997000    0.374    0.374
   0.993000    0.500    0.874
   0.989000    0.504    1.378
   0.985000    0.500    1.878
   0.981000    0.500    2.379
   0.977000    0.501    2.880
   0.972000    0.623    3.503
   0.967000    0.622    4.126
   0.961000    0.748    4.873
   0.956000    0.616    5.489
   0.950000    0.737    6.226
   0.943000    0.864    7.091
   0.936000    0.855    7.946
   0.929000    0.855    8.801
   0.921000    0.980    9.781
   0.913000    0.965   10.746
   0.904000    1.079   11.825
   0.895000    1.065   12.890
   0.885000    1.172   14.062
   0.874000    1.267   15.330
   0.863000    1.255   16.584
   0.851000    1.351   17.935
   0.838000    1.436   19.371
   0.825000    1.417   20.788
   0.810000    1.575   22.363
   0.795000    1.565   23.928
   0.779000    1.671   25.598
   0.761000    1.831   27.429
   0.743000    1.759   29.188
   0.724000    1.820   31.008
   0.703000    1.992   33.000
   0.681000    2.028   35.027
   0.657000    2.143   37.170
   0.632000    2.134   39.304
   0.606000    2.093   41.397
   0.578000    2.163   43.560
   0.548000    2.219   45.779
   0.516000    2.166   47.945
   0.482000    2.089   50.034
   0.446000    2.034   52.068
   0.408000    2.071   54.139
   0.367000    2.062   56.201
   0.324000    1.809   58.010
   0.278000    1.622   59.632
   0.229000    1.383   61.015
   0.177000    1.099   62.113
   0.121000    0.879   62.992
   0.062000    0.577   63.570
   0.000000    0.145   63.715
