--------------------------------------------------------------------------------
Welcome to qfep version: 6.0.1
 
This version was compiled using: GCC version 11.5.0 20240719 (Red Hat 11.5.0-2)
 
And using the following compiler options: 
-cpp -D G95=1 -mtune=generic -march=x86-64-v2 -O3 -Wall -Wtabs -std=legacy -funroll-loops -ffree-line-length-none -fcray-pointer -fall-intrinsics -fstack-protector -fpre-include=/usr/include/finclude/math-vector-fortran.h

 
For command line options type qfep --help  or qcalc -h at the terminal.
 
If you are using the interactive mode and want to quit type "quit" or Ctrl-C.
--------------------------------------------------------------------------------
--> Number of energy files: # Number of files                                  =    50
--> No. of states, no. of predefined off-diag elements: # Number of states     =     2
# Number of off-diagonal elements                                              =     0
--> Give kT & num. of pts to skip & calculation mode: # kT                     = 0.592
# Number of data points to skip                                                =    50
# Only QQ interactions will be considered                                      =     0
--> Give number of gap-bins: # Number of gap-bins                              =    50
--> Give minimum # pts/bin: # Minimum number of points per bin                 =    50
--> Give alpha for state  2                                                     # Alpha for state  2              =  0.00
--> Number of off-diagonal elements: # Number of off-diagonal elements         =     0
--> linear combination of states defining reaction coord: # Linear combination coefficients=    1.00    0.00


# Part 0: Average energies for all states in all files
# file             state   pts   lambda    EQtot   EQbond  EQang   EQtor   EQimp    EQel   EQvdW  Eel_qq  EvdW_qq Eel_qp  EvdW_qp Eel_qw EvdW_qw Eqrstr
--> Name of file number   1:                                                     
md_1_1000_0000.en      1    949 1.000000 -217.58    0.00    0.00    0.00    0.00 -209.54   -8.05    3.46    2.28 -121.39   -7.54  -91.60   -2.78    0.00
md_1_1000_0000.en      2    949 0.000000  -87.27    0.00    0.00    0.00    0.00  -64.30  -22.97    4.29    0.67  -67.30  -15.03   -1.30   -8.61    0.00
--> Name of file number   2:                                                     
md_1_0997_0003.en      1    949 0.997000 -214.14    0.00    0.00    0.00    0.00 -205.00   -9.14    3.47    2.21 -122.56   -7.24  -85.91   -4.11    0.00
md_1_0997_0003.en      2    949 0.003000  -87.34    0.00    0.00    0.00    0.00  -63.77  -23.57    4.22    0.53  -68.09  -14.65    0.09   -9.45    0.00
--> Name of file number   3:                                                     
md_1_0993_0007.en      1    949 0.993000 -215.28    0.00    0.00    0.00    0.00 -205.53   -9.75    3.74    2.20 -128.10   -7.05  -81.17   -4.90    0.00
md_1_0993_0007.en      2    949 0.007000  -88.62    0.00    0.00    0.00    0.00  -65.36  -23.26    4.26    0.58  -68.74  -13.73   -0.88  -10.12    0.00
--> Name of file number   4:                                                     
md_1_0989_0011.en      1    949 0.989000 -213.17    0.00    0.00    0.00    0.00 -204.08   -9.09    3.40    2.11 -132.80   -6.85  -74.69   -4.35    0.00
md_1_0989_0011.en      2    949 0.011000  -87.90    0.00    0.00    0.00    0.00  -64.67  -23.23    4.24    0.50  -69.56  -13.54    0.65  -10.19    0.00
--> Name of file number   5:                                                     
md_1_0985_0015.en      1    949 0.985000 -211.68    0.00    0.00    0.00    0.00 -201.91   -9.76    3.35    2.09 -137.73   -6.91  -67.53   -4.94    0.00
md_1_0985_0015.en      2    949 0.015000  -88.14    0.00    0.00    0.00    0.00  -64.66  -23.48    4.11    0.63  -69.30  -13.67    0.53  -10.43    0.00
--> Name of file number   6:                                                     
md_1_0981_0019.en      1    949 0.981000 -214.64    0.00    0.00    0.00    0.00 -205.81   -8.83    3.50    2.27 -133.70   -6.88  -75.61   -4.22    0.00
md_1_0981_0019.en      2    949 0.019000  -88.30    0.00    0.00    0.00    0.00  -65.23  -23.08    4.29    0.62  -69.35  -13.56   -0.16  -10.14    0.00
--> Name of file number   7:                                                     
md_1_0977_0023.en      1    949 0.977000 -211.71    0.00    0.00    0.00    0.00 -201.26  -10.44    3.21    2.23 -133.12   -7.90  -71.35   -4.78    0.00
md_1_0977_0023.en      2    949 0.023000  -88.99    0.00    0.00    0.00    0.00  -65.10  -23.88    3.95    0.69  -68.50  -14.20   -0.55  -10.38    0.00
--> Name of file number   8:                                                     
md_1_0972_0028.en      1    949 0.972000 -211.80    0.00    0.00    0.00    0.00 -200.98  -10.82    3.51    2.10 -134.55   -7.48  -69.95   -5.44    0.00
md_1_0972_0028.en      2    949 0.028000  -89.45    0.00    0.00    0.00    0.00  -65.37  -24.09    4.10    0.51  -68.58  -13.71   -0.89  -10.89    0.00
--> Name of file number   9:                                                     
md_1_0967_0033.en      1    949 0.967000 -210.93    0.00    0.00    0.00    0.00 -201.09   -9.84    3.48    2.23 -127.21   -7.10  -77.35   -4.98    0.00
md_1_0967_0033.en      2    949 0.033000  -88.09    0.00    0.00    0.00    0.00  -64.81  -23.28    3.99    0.66  -69.04  -13.57    0.24  -10.37    0.00
--> Name of file number  10:                                                     
md_1_0961_0039.en      1    949 0.961000 -212.42    0.00    0.00    0.00    0.00 -204.21   -8.21    3.37    2.19 -129.71   -7.16  -77.87   -3.24    0.00
md_1_0961_0039.en      2    949 0.039000  -87.36    0.00    0.00    0.00    0.00  -64.57  -22.80    4.09    0.53  -68.59  -14.34   -0.07   -8.98    0.00
--> Name of file number  11:                                                     
md_1_0956_0044.en      1    949 0.956000 -210.14    0.00    0.00    0.00    0.00 -200.35   -9.79    3.41    2.22 -137.35   -7.54  -66.41   -4.47    0.00
md_1_0956_0044.en      2    949 0.044000  -88.47    0.00    0.00    0.00    0.00  -64.76  -23.71    4.05    0.59  -69.11  -14.38    0.31   -9.92    0.00
--> Name of file number  12:                                                     
md_1_0950_0050.en      1    949 0.950000 -211.11    0.00    0.00    0.00    0.00 -202.04   -9.07    3.52    2.33 -138.28   -6.96  -67.28   -4.44    0.00
md_1_0950_0050.en      2    949 0.050000  -88.15    0.00    0.00    0.00    0.00  -64.99  -23.16    4.11    0.61  -68.65  -13.99   -0.46   -9.78    0.00
--> Name of file number  13:                                                     
md_1_0943_0057.en      1    949 0.943000 -209.33    0.00    0.00    0.00    0.00 -198.28  -11.05    3.60    2.04 -142.65   -7.53  -59.23   -5.56    0.00
md_1_0943_0057.en      2    949 0.057000  -89.87    0.00    0.00    0.00    0.00  -65.66  -24.22    4.23    0.44  -68.64  -13.91   -1.26  -10.74    0.00
--> Name of file number  14:                                                     
md_1_0936_0064.en      1    949 0.936000 -209.06    0.00    0.00    0.00    0.00 -198.87  -10.20    3.44    2.28 -139.64   -7.49  -62.67   -4.99    0.00
md_1_0936_0064.en      2    949 0.064000  -89.53    0.00    0.00    0.00    0.00  -65.41  -24.12    4.03    0.58  -68.81  -14.35   -0.63  -10.34    0.00
--> Name of file number  15:                                                     
md_1_0929_0071.en      1    949 0.929000 -208.15    0.00    0.00    0.00    0.00 -196.78  -11.37    3.65    2.17 -142.27   -7.65  -58.16   -5.88    0.00
md_1_0929_0071.en      2    949 0.071000  -89.89    0.00    0.00    0.00    0.00  -65.38  -24.51    4.08    0.56  -68.41  -13.91   -1.05  -11.16    0.00
--> Name of file number  16:                                                     
md_1_0921_0079.en      1    949 0.921000 -207.27    0.00    0.00    0.00    0.00 -196.74  -10.53    3.92    2.29 -141.54   -7.61  -59.12   -5.22    0.00
md_1_0921_0079.en      2    949 0.079000  -89.07    0.00    0.00    0.00    0.00  -65.02  -24.05    4.32    0.59  -68.61  -14.22   -0.73  -10.42    0.00
--> Name of file number  17:                                                     
md_1_0913_0087.en      1    949 0.913000 -206.95    0.00    0.00    0.00    0.00 -195.43  -11.52    3.73    2.07 -140.27   -7.90  -58.89   -5.69    0.00
md_1_0913_0087.en      2    949 0.087000  -90.11    0.00    0.00    0.00    0.00  -65.18  -24.92    4.30    0.43  -68.35  -14.34   -1.14  -11.02    0.00
--> Name of file number  18:                                                     
md_1_0904_0096.en      1    949 0.904000 -206.46    0.00    0.00    0.00    0.00 -195.63  -10.83    3.90    2.04 -142.41   -7.57  -57.12   -5.29    0.00
md_1_0904_0096.en      2    949 0.096000  -89.70    0.00    0.00    0.00    0.00  -65.73  -23.97    4.36    0.39  -68.76  -14.00   -1.33  -10.37    0.00
--> Name of file number  19:                                                     
md_1_0895_0105.en      1    949 0.895000 -205.99    0.00    0.00    0.00    0.00 -194.45  -11.54    3.93    2.07 -141.46   -7.36  -56.92   -6.24    0.00
md_1_0895_0105.en      2    949 0.105000  -90.27    0.00    0.00    0.00    0.00  -65.50  -24.77    4.35    0.46  -69.68  -14.17   -0.17  -11.06    0.00
--> Name of file number  20:                                                     
md_1_0885_0115.en      1    949 0.885000 -204.05    0.00    0.00    0.00    0.00 -192.95  -11.10    3.48    2.46 -140.54   -8.36  -55.89   -5.20    0.00
md_1_0885_0115.en      2    949 0.115000  -88.11    0.00    0.00    0.00    0.00  -63.68  -24.43    4.04    0.62  -68.00  -15.24    0.29   -9.82    0.00
--> Name of file number  21:                                                     
md_1_0874_0126.en      1    949 0.874000 -203.29    0.00    0.00    0.00    0.00 -191.55  -11.75    3.55    2.23 -137.25   -8.54  -57.85   -5.44    0.00
md_1_0874_0126.en      2    949 0.126000  -89.47    0.00    0.00    0.00    0.00  -64.75  -24.72    4.20    0.60  -68.21  -15.50   -0.74   -9.81    0.00
--> Name of file number  22:                                                     
md_1_0863_0137.en      1    949 0.863000 -204.66    0.00    0.00    0.00    0.00 -194.21  -10.45    3.51    2.11 -146.43   -7.80  -51.29   -4.76    0.00
md_1_0863_0137.en      2    949 0.137000  -88.89    0.00    0.00    0.00    0.00  -64.97  -23.92    4.21    0.44  -68.88  -14.49   -0.30   -9.87    0.00
--> Name of file number  23:                                                     
md_1_0851_0149.en      1    949 0.851000 -200.51    0.00    0.00    0.00    0.00 -188.35  -12.16    3.74    2.30 -150.06   -8.25  -42.03   -6.22    0.00
md_1_0851_0149.en      2    949 0.149000  -89.18    0.00    0.00    0.00    0.00  -64.58  -24.59    3.87    0.61  -69.20  -14.58    0.74  -10.62    0.00
--> Name of file number  24:                                                     
md_1_0838_0162.en      1    949 0.838000 -198.05    0.00    0.00    0.00    0.00 -185.81  -12.24    3.30    2.44 -140.21   -9.61  -48.90   -5.07    0.00
md_1_0838_0162.en      2    949 0.162000  -89.20    0.00    0.00    0.00    0.00  -63.87  -25.34    3.98    0.60  -67.84  -16.39   -0.01   -9.55    0.00
--> Name of file number  25:                                                     
md_1_0825_0175.en      1    949 0.825000 -197.91    0.00    0.00    0.00    0.00 -187.03  -10.89    3.68    2.31 -131.12   -8.71  -59.59   -4.48    0.00
md_1_0825_0175.en      2    949 0.175000  -88.64    0.00    0.00    0.00    0.00  -63.86  -24.79    4.49    0.51  -67.20  -15.96   -1.14   -9.34    0.00
--> Name of file number  26:                                                     
md_1_0810_0190.en      1    949 0.810000 -196.12    0.00    0.00    0.00    0.00 -183.68  -12.44    3.57    2.36 -137.83   -9.42  -49.43   -5.39    0.00
md_1_0810_0190.en      2    949 0.190000  -89.88    0.00    0.00    0.00    0.00  -64.27  -25.62    3.95    0.57  -67.07  -16.53   -1.15   -9.65    0.00
--> Name of file number  27:                                                     
md_1_0795_0205.en      1    949 0.795000 -188.08    0.00    0.00    0.00    0.00 -172.42  -15.66    3.66    2.59 -138.66  -11.44  -37.42   -6.80    0.00
md_1_0795_0205.en      2    949 0.205000  -90.37    0.00    0.00    0.00    0.00  -62.83  -27.54    4.05    0.61  -66.94  -18.50    0.05   -9.66    0.00
--> Name of file number  28:                                                     
md_1_0779_0221.en      1    949 0.779000 -183.92    0.00    0.00    0.00    0.00 -168.59  -15.33    5.29    2.58 -136.58  -11.40  -37.30   -6.50    0.00
md_1_0779_0221.en      2    949 0.221000  -89.66    0.00    0.00    0.00    0.00  -62.05  -27.61    4.28    0.73  -66.57  -18.50    0.24   -9.84    0.00
--> Name of file number  29:                                                     
md_1_0761_0239.en      1    949 0.761000 -182.75    0.00    0.00    0.00    0.00 -166.39  -16.36    4.89    2.71 -130.75  -12.46  -40.53   -6.62    0.00
md_1_0761_0239.en      2    949 0.239000  -91.12    0.00    0.00    0.00    0.00  -63.00  -28.11    3.93    0.82  -66.44  -19.11   -0.49   -9.82    0.00
--> Name of file number  30:                                                     
md_1_0743_0257.en      1    949 0.743000 -182.55    0.00    0.00    0.00    0.00 -166.87  -15.68    5.42    2.73 -138.10  -11.48  -34.19   -6.93    0.00
md_1_0743_0257.en      2    949 0.257000  -90.32    0.00    0.00    0.00    0.00  -62.73  -27.60    4.09    0.82  -66.67  -18.38   -0.14  -10.04    0.00
--> Name of file number  31:                                                     
md_1_0724_0276.en      1    949 0.724000 -179.24    0.00    0.00    0.00    0.00 -162.88  -16.37    5.44    2.53 -130.88  -11.91  -37.44   -6.98    0.00
md_1_0724_0276.en      2    949 0.276000  -90.07    0.00    0.00    0.00    0.00  -62.05  -28.02    4.27    0.76  -65.93  -18.66   -0.39  -10.12    0.00
--> Name of file number  32:                                                     
md_1_0703_0297.en      1    949 0.703000 -175.70    0.00    0.00    0.00    0.00 -158.54  -17.16    5.28    2.75 -130.58  -12.20  -33.24   -7.72    0.00
md_1_0703_0297.en      2    949 0.297000  -90.95    0.00    0.00    0.00    0.00  -62.49  -28.46    4.17    0.82  -65.99  -18.82   -0.67  -10.46    0.00
--> Name of file number  33:                                                     
md_1_0681_0319.en      1    949 0.681000 -175.69    0.00    0.00    0.00    0.00 -158.67  -17.02    2.87    2.90 -133.68  -12.17  -27.86   -7.75    0.00
md_1_0681_0319.en      2    949 0.319000  -91.57    0.00    0.00    0.00    0.00  -63.58  -27.99    4.00    0.83  -67.19  -18.63   -0.39  -10.18    0.00
--> Name of file number  34:                                                     
md_1_0657_0343.en      1    949 0.657000 -173.70    0.00    0.00    0.00    0.00 -156.41  -17.29    5.12    2.88 -135.70  -12.41  -25.83   -7.76    0.00
md_1_0657_0343.en      2    949 0.343000  -91.30    0.00    0.00    0.00    0.00  -62.94  -28.36    3.96    0.87  -67.10  -18.96    0.20  -10.27    0.00
--> Name of file number  35:                                                     
md_1_0632_0368.en      1    949 0.632000 -168.66    0.00    0.00    0.00    0.00 -151.41  -17.25    5.37    2.98 -121.66  -13.45  -35.12   -6.77    0.00
md_1_0632_0368.en      2    949 0.368000  -91.28    0.00    0.00    0.00    0.00  -63.07  -28.21    4.08    0.96  -67.14  -19.23   -0.01   -9.94    0.00
--> Name of file number  36:                                                     
md_1_0606_0394.en      1    949 0.606000 -165.36    0.00    0.00    0.00    0.00 -146.61  -18.75    5.64    2.81 -126.23  -14.19  -26.03   -7.37    0.00
md_1_0606_0394.en      2    949 0.394000  -91.69    0.00    0.00    0.00    0.00  -62.53  -29.16    3.94    0.91  -66.27  -20.19   -0.20   -9.87    0.00
--> Name of file number  37:                                                     
md_1_0578_0422.en      1    949 0.578000 -158.96    0.00    0.00    0.00    0.00 -139.62  -19.34    5.33    2.90 -120.89  -14.46  -24.06   -7.78    0.00
md_1_0578_0422.en      2    949 0.422000  -91.39    0.00    0.00    0.00    0.00  -62.35  -29.04    4.06    1.04  -67.34  -19.84    0.93  -10.24    0.00
--> Name of file number  38:                                                     
md_1_0548_0452.en      1    949 0.548000 -158.48    0.00    0.00    0.00    0.00 -140.12  -18.37    5.66    2.84 -124.32  -13.57  -21.46   -7.64    0.00
md_1_0548_0452.en      2    949 0.452000  -91.78    0.00    0.00    0.00    0.00  -63.48  -28.30    4.03    0.84  -66.19  -18.67   -1.32  -10.46    0.00
--> Name of file number  39:                                                     
md_1_0516_0484.en      1    949 0.516000 -154.55    0.00    0.00    0.00    0.00 -134.58  -19.97    5.84    2.76 -119.92  -15.01  -20.50   -7.72    0.00
md_1_0516_0484.en      2    949 0.484000  -92.64    0.00    0.00    0.00    0.00  -63.09  -29.55    3.78    0.80  -65.53  -19.88   -1.35  -10.47    0.00
--> Name of file number  40:                                                     
md_1_0482_0518.en      1    949 0.482000 -151.58    0.00    0.00    0.00    0.00 -131.60  -19.98    5.71    3.08 -118.23  -15.03  -19.08   -8.04    0.00
md_1_0482_0518.en      2    949 0.518000  -92.07    0.00    0.00    0.00    0.00  -62.60  -29.48    3.79    0.98  -66.07  -19.96   -0.31  -10.49    0.00
--> Name of file number  41:                                                     
md_1_0446_0554.en      1    949 0.446000 -145.98    0.00    0.00    0.00    0.00 -125.22  -20.76    5.80    3.19 -113.67  -16.15  -17.35   -7.80    0.00
md_1_0446_0554.en      2    949 0.554000  -92.49    0.00    0.00    0.00    0.00  -62.04  -30.45    3.92    0.98  -65.57  -20.85   -0.39  -10.58    0.00
--> Name of file number  42:                                                     
md_1_0408_0592.en      1    949 0.408000 -143.17    0.00    0.00    0.00    0.00 -123.98  -19.19    5.46    3.36 -114.91  -14.83  -14.53   -7.71    0.00
md_1_0408_0592.en      2    949 0.592000  -92.34    0.00    0.00    0.00    0.00  -63.08  -29.26    3.60    1.15  -65.70  -20.17   -0.98  -10.24    0.00
--> Name of file number  43:                                                     
md_1_0367_0633.en      1    949 0.367000 -137.07    0.00    0.00    0.00    0.00 -116.52  -20.55    5.78    3.09 -111.29  -15.96  -11.00   -7.68    0.00
md_1_0367_0633.en      2    949 0.633000  -92.56    0.00    0.00    0.00    0.00  -62.45  -30.11    3.92    0.99  -67.07  -20.92    0.70  -10.18    0.00
--> Name of file number  44:                                                     
md_1_0324_0676.en      1    949 0.324000 -130.94    0.00    0.00    0.00    0.00 -109.87  -21.07    5.80    3.20  -97.69  -16.64  -17.99   -7.63    0.00
md_1_0324_0676.en      2    949 0.676000  -92.96    0.00    0.00    0.00    0.00  -62.60  -30.36    3.96    1.01  -65.92  -21.03   -0.64  -10.33    0.00
--> Name of file number  45:                                                     
md_1_0278_0722.en      1    949 0.278000 -124.88    0.00    0.00    0.00    0.00 -103.84  -21.04    6.06    3.13  -95.98  -16.59  -13.91   -7.57    0.00
md_1_0278_0722.en      2    949 0.722000  -92.32    0.00    0.00    0.00    0.00  -62.18  -30.14    3.96    0.96  -65.61  -20.80   -0.52  -10.31    0.00
--> Name of file number  46:                                                     
md_1_0229_0771.en      1    949 0.229000 -118.48    0.00    0.00    0.00    0.00  -97.29  -21.19    5.75    3.15  -97.12  -16.43   -5.92   -7.90    0.00
md_1_0229_0771.en      2    949 0.771000  -91.97    0.00    0.00    0.00    0.00  -61.93  -30.04    3.97    1.02  -66.17  -20.31    0.27  -10.75    0.00
--> Name of file number  47:                                                     
md_1_0177_0823.en      1    949 0.177000 -113.33    0.00    0.00    0.00    0.00  -92.50  -20.83    6.10    3.27 -100.78  -16.44    2.18   -7.67    0.00
md_1_0177_0823.en      2    949 0.823000  -92.01    0.00    0.00    0.00    0.00  -62.09  -29.92    3.89    1.08  -65.45  -20.47   -0.53  -10.54    0.00
--> Name of file number  48:                                                     
md_1_0121_0879.en      1    949 0.121000 -106.30    0.00    0.00    0.00    0.00  -86.08  -20.22    6.15    3.23  -98.83  -16.53    6.59   -6.92    0.00
md_1_0121_0879.en      2    949 0.879000  -91.72    0.00    0.00    0.00    0.00  -62.04  -29.68    4.06    1.00  -65.74  -20.49   -0.36  -10.20    0.00
--> Name of file number  49:                                                     
md_1_0062_0938.en      1    949 0.062000 -100.38    0.00    0.00    0.00    0.00  -79.74  -20.64    6.35    3.66  -98.46  -16.67   12.36   -7.63    0.00
md_1_0062_0938.en      2    949 0.938000  -91.18    0.00    0.00    0.00    0.00  -61.12  -30.06    3.78    1.18  -65.17  -20.83    0.27  -10.42    0.00
--> Name of file number  50:                                                     
md_1_0000_1000.en      1    949 0.000000  -90.92    0.00    0.00    0.00    0.00  -71.63  -19.29    6.23    3.37  -93.05  -15.13   15.19   -7.54    0.00
md_1_0000_1000.en      2    949 1.000000  -90.77    0.00    0.00    0.00    0.00  -61.71  -29.06    4.03    1.03  -66.46  -19.64    0.72  -10.44    0.00


# Part 1: Free energy perturbation summary:
# lambda(1)      dGf sum(dGf)      dGr sum(dGr)     <dG>
   1.000000    0.000    0.000   -0.381  -62.230    0.000
   0.997000    0.390    0.390   -0.508  -61.849    0.386
   0.993000    0.506    0.897   -0.502  -61.341    0.893
   0.989000    0.506    1.402   -0.495  -60.839    1.396
   0.985000    0.500    1.902   -0.506  -60.344    1.894
   0.981000    0.493    2.395   -0.492  -59.838    2.394
   0.977000    0.504    2.900   -0.613  -59.346    2.892
   0.972000    0.612    3.512   -0.616  -58.733    3.504
   0.967000    0.610    4.122   -0.752  -58.117    4.118
   0.961000    0.735    4.857   -0.610  -57.365    4.861
   0.956000    0.624    5.481   -0.740  -56.755    5.478
   0.950000    0.728    6.208   -0.839  -56.014    6.212
   0.943000    0.858    7.066   -0.840  -55.175    7.060
   0.936000    0.833    7.899   -0.831  -54.335    7.897
   0.929000    0.834    8.733   -0.950  -53.504    8.729
   0.921000    0.942    9.675   -0.939  -52.554    9.675
   0.913000    0.941   10.616   -1.056  -51.615   10.615
   0.904000    1.046   11.662   -1.046  -50.559   11.666
   0.895000    1.046   12.708   -1.166  -49.513   12.712
   0.885000    1.151   13.859   -1.260  -48.347   13.871
   0.874000    1.268   15.126   -1.281  -47.087   15.135
   0.863000    1.244   16.370   -1.346  -45.806   16.397
   0.851000    1.380   17.750   -1.425  -44.460   17.760
   0.838000    1.436   19.186   -1.431  -43.034   19.191
   0.825000    1.405   20.591   -1.607  -41.603   20.609
   0.810000    1.624   22.215   -1.483  -39.996   22.225
   0.795000    1.580   23.795   -1.525  -38.513   23.756
   0.779000    1.544   25.339   -1.668  -36.988   25.290
   0.761000    1.676   27.015   -1.680  -35.320   26.963
   0.743000    1.631   28.646   -1.716  -33.639   28.618
   0.724000    1.730   30.375   -1.807  -31.923   30.341
   0.703000    1.845   32.220   -1.882  -30.116   32.167
   0.681000    1.834   34.055   -2.012  -28.234   34.025
   0.657000    1.982   36.037   -1.981  -26.222   36.023
   0.632000    2.022   38.059   -1.958  -24.241   38.024
   0.606000    1.963   40.022   -1.944  -22.283   39.984
   0.578000    2.015   42.037   -2.061  -20.339   41.964
   0.548000    1.972   44.009   -2.049  -18.278   43.980
   0.516000    2.063   46.072   -2.100  -16.229   46.036
   0.482000    2.034   48.106   -2.034  -14.130   48.103
   0.446000    2.056   50.162   -2.024  -12.096   50.148
   0.408000    1.920   52.081   -1.930  -10.071   52.120
   0.367000    1.981   54.063   -1.745   -8.142   54.075
   0.324000    1.801   55.863   -1.633   -6.396   55.848
   0.278000    1.621   57.485   -1.441   -4.763   57.476
   0.229000    1.445   58.930   -1.289   -3.322   58.919
   0.177000    1.234   60.164   -1.017   -2.033   60.180
   0.121000    0.990   61.154   -0.735   -1.016   61.184
   0.062000    0.620   61.774   -0.281   -0.281   61.861
   0.000000    0.322   62.096    0.000    0.000   62.163

# Min energy-gap is:   -243.75
# Max energy-gap is:    -56.51


# Part 2: Reaction free energy summary:
# Lambda(1)  bin Energy gap      dGa     dGb     dGg    # pts    c1**2    c2**2
   1.000000    4    -230.65     0.00   140.08     0.00     51    0.000    0.000
   1.000000    5    -226.90     0.00   135.18     0.00     79    0.000    0.000
   1.000000    6    -223.16     0.00   131.46    -0.00    133    0.000    0.000
   1.000000    7    -219.41     0.00   127.78    -0.00    182    0.000    0.000
   1.000000    8    -215.67     0.00   124.83    -0.00    161    0.000    0.000
   1.000000    9    -211.92     0.00   120.90    -0.00    115    0.000    0.000
   1.000000   10    -208.18     0.00   117.64    -0.00     80    0.000    0.000
   1.000000   11    -204.43     0.00   114.79    -0.00     55    0.000    0.000
   0.997000    5    -226.90    -0.03   132.97    -0.03     59    0.000    0.000
   0.997000    6    -223.16    -0.02   131.87    -0.02     98    0.000    0.000
   0.997000    7    -219.41    -0.01   127.28    -0.01    124    0.000    0.000
   0.997000    8    -215.67     0.00   122.55     0.00    163    0.000    0.000
   0.997000    9    -211.92     0.01   120.18     0.01    145    0.000    0.000
   0.997000   10    -208.18     0.02   117.54     0.02    123    0.000    0.000
   0.997000   11    -204.43     0.03   112.70     0.03     83    0.000    0.000
   0.997000   12    -200.69     0.04   110.70     0.04     53    0.000    0.000
   0.993000    5    -226.90    -0.07   132.36    -0.07     68    0.000    0.000
   0.993000    6    -223.16    -0.05   131.11    -0.05    109    0.000    0.000
   0.993000    7    -219.41    -0.02   126.62    -0.02    133    0.000    0.000
   0.993000    8    -215.67     0.00   122.65     0.00    172    0.000    0.000
   0.993000    9    -211.92     0.03   117.79     0.03    153    0.000    0.000
   0.993000   10    -208.18     0.05   116.52     0.05     99    0.000    0.000
   0.993000   11    -204.43     0.08   112.98     0.08     69    0.000    0.000
   0.989000    6    -223.16    -0.08   130.18    -0.08     95    0.000    0.000
   0.989000    7    -219.41    -0.05   126.75    -0.05    135    0.000    0.000
   0.989000    8    -215.67    -0.01   123.86    -0.01    172    0.000    0.000
   0.989000    9    -211.92     0.03   119.91     0.03    175    0.000    0.000
   0.989000   10    -208.18     0.07   116.18     0.07    142    0.000    0.000
   0.989000   11    -204.43     0.11   112.98     0.11     98    0.000    0.000
   0.985000    6    -223.16    -0.13   129.99    -0.13     62    0.000    0.000
   0.985000    7    -219.41    -0.07   125.17    -0.07    104    0.000    0.000
   0.985000    8    -215.67    -0.02   121.76    -0.02    137    0.000    0.000
   0.985000    9    -211.92     0.03   119.62     0.03    158    0.000    0.000
   0.985000   10    -208.18     0.09   116.66     0.09    155    0.000    0.000
   0.985000   11    -204.43     0.15   112.32     0.15    124    0.000    0.000
   0.985000   12    -200.69     0.20   106.77     0.20     80    0.000    0.000
   0.981000    5    -226.90    -0.21   134.52    -0.21     59    0.000    0.000
   0.981000    6    -223.16    -0.15   130.75    -0.15    113    0.000    0.000
   0.981000    7    -219.41    -0.10   127.59    -0.10    136    0.000    0.000
   0.981000    8    -215.67    -0.02   123.89    -0.02    163    0.000    0.000
   0.981000    9    -211.92     0.04   117.68     0.04    162    0.000    0.000
   0.981000   10    -208.18     0.10   116.91     0.10    119    0.000    0.000
   0.981000   11    -204.43     0.17   113.88     0.17     75    0.000    0.000
   0.977000    6    -223.16    -0.19   129.76    -0.19     79    0.000    0.000
   0.977000    7    -219.41    -0.09   124.86    -0.09    115    0.000    0.000
   0.977000    8    -215.67    -0.02   121.43    -0.02    145    0.000    0.000
   0.977000    9    -211.92     0.05   119.39     0.05    160    0.000    0.000
   0.977000   10    -208.18     0.14   114.22     0.14    140    0.000    0.000
   0.977000   11    -204.43     0.22   112.51     0.22    105    0.000    0.000
   0.977000   12    -200.69     0.31   106.84     0.31     72    0.000    0.000
   0.972000    6    -223.16    -0.21   129.33    -0.21     74    0.000    0.000
   0.972000    7    -219.41    -0.12   124.77    -0.12    117    0.000    0.000
   0.972000    8    -215.67    -0.03   121.61    -0.03    131    0.000    0.000
   0.972000    9    -211.92     0.07   117.50     0.07    158    0.000    0.000
   0.972000   10    -208.18     0.16   115.24     0.16    172    0.000    0.000
   0.972000   11    -204.43     0.26   111.75     0.26    126    0.000    0.000
   0.972000   12    -200.69     0.35   108.65     0.35     65    0.000    0.000
   0.967000    6    -223.16    -0.31   130.78    -0.31     62    0.000    0.000
   0.967000    7    -219.41    -0.21   127.52    -0.21    105    0.000    0.000
   0.967000    8    -215.67    -0.08   123.47    -0.08    146    0.000    0.000
   0.967000    9    -211.92     0.02   118.37     0.02    167    0.000    0.000
   0.967000   10    -208.18     0.15   116.66     0.15    141    0.000    0.000
   0.967000   11    -204.43     0.25   114.09     0.25    127    0.000    0.000
   0.967000   12    -200.69     0.39   109.92     0.39     82    0.000    0.000
   0.961000    6    -223.16    -0.42   132.62    -0.42     63    0.000    0.000
   0.961000    7    -219.41    -0.27   127.86    -0.27    128    0.000    0.000
   0.961000    8    -215.67    -0.14   124.37    -0.14    149    0.000    0.000
   0.961000    9    -211.92    -0.02   121.35    -0.02    166    0.000    0.000
   0.961000   10    -208.18     0.14   117.91     0.14    166    0.000    0.000
   0.961000   11    -204.43     0.26   114.41     0.26    116    0.000    0.000
   0.961000   12    -200.69     0.41   110.55     0.41     59    0.000    0.000
   0.956000    6    -223.16    -0.42   130.33    -0.42     51    0.000    0.000
   0.956000    7    -219.41    -0.26   126.58    -0.26     92    0.000    0.000
   0.956000    8    -215.67    -0.14   123.41    -0.14    127    0.000    0.000
   0.956000    9    -211.92     0.05   120.24     0.05    134    0.000    0.000
   0.956000   10    -208.18     0.18   116.31     0.18    175    0.000    0.000
   0.956000   11    -204.43     0.35   112.27     0.35    121    0.000    0.000
   0.956000   12    -200.69     0.51   110.28     0.51    102    0.000    0.000
   0.956000   13    -196.94     0.68   106.62     0.68     51    0.000    0.000
   0.950000    6    -223.16    -0.54   130.65    -0.54     50    0.000    0.000
   0.950000    7    -219.41    -0.35   124.32    -0.35    118    0.000    0.000
   0.950000    8    -215.67    -0.16   123.66    -0.16    152    0.000    0.000
   0.950000    9    -211.92     0.01   120.20     0.01    161    0.000    0.000
   0.950000   10    -208.18     0.17   116.50     0.17    143    0.000    0.000
   0.950000   11    -204.43     0.36   113.44     0.36    125    0.000    0.000
   0.950000   12    -200.69     0.49   111.40     0.49     73    0.000    0.000
   0.943000    7    -219.41    -0.31   125.44    -0.31    104    0.000    0.000
   0.943000    8    -215.67    -0.11   120.55    -0.11    115    0.000    0.000
   0.943000    9    -211.92     0.07   118.16     0.07    133    0.000    0.000
   0.943000   10    -208.18     0.29   114.89     0.29    151    0.000    0.000
   0.943000   11    -204.43     0.48   111.12     0.48    159    0.000    0.000
   0.943000   12    -200.69     0.69   106.03     0.69     97    0.000    0.000
   0.943000   13    -196.94     0.90   105.34     0.90     63    0.000    0.000
   0.936000    7    -219.41    -0.37   123.93    -0.37     81    0.000    0.000
   0.936000    8    -215.67    -0.17   121.65    -0.17    124    0.000    0.000
   0.936000    9    -211.92     0.03   116.19     0.03    173    0.000    0.000
   0.936000   10    -208.18     0.28   115.91     0.28    167    0.000    0.000
   0.936000   11    -204.43     0.50   110.88     0.50    136    0.000    0.000
   0.936000   12    -200.69     0.72   108.14     0.72    100    0.000    0.000
   0.936000   13    -196.94     0.93   106.18     0.93     51    0.000    0.000
   0.929000    7    -219.41    -0.49   124.86    -0.49     74    0.000    0.000
   0.929000    8    -215.67    -0.20   121.72    -0.20    107    0.000    0.000
   0.929000    9    -211.92     0.05   119.32     0.05    129    0.000    0.000
   0.929000   10    -208.18     0.30   115.03     0.30    156    0.000    0.000
   0.929000   11    -204.43     0.54   111.39     0.54    168    0.000    0.000
   0.929000   12    -200.69     0.78   108.18     0.78    126    0.000    0.000
   0.929000   13    -196.94     1.10   104.81     1.10     62    0.000    0.000
   0.921000    7    -219.41    -0.64   126.14    -0.64     68    0.000    0.000
   0.921000    8    -215.67    -0.34   122.77    -0.34    113    0.000    0.000
   0.921000    9    -211.92    -0.04   117.79    -0.04    124    0.000    0.000
   0.921000   10    -208.18     0.24   115.47     0.24    164    0.000    0.000
   0.921000   11    -204.43     0.54   111.18     0.54    128    0.000    0.000
   0.921000   12    -200.69     0.80   110.16     0.80    118    0.000    0.000
   0.921000   13    -196.94     1.08   105.12     1.08     90    0.000    0.000
   0.921000   14    -193.20     1.33   103.75     1.33     51    0.000    0.000
   0.913000    7    -219.41    -0.61   125.77    -0.61     55    0.000    0.000
   0.913000    8    -215.67    -0.27   121.90    -0.27     98    0.000    0.000
   0.913000    9    -211.92    -0.02   118.44    -0.02    127    0.000    0.000
   0.913000   10    -208.18     0.30   114.83     0.30    174    0.000    0.000
   0.913000   11    -204.43     0.63   110.83     0.63    158    0.000    0.000
   0.913000   12    -200.69     0.93   108.88     0.93    116    0.000    0.000
   0.913000   13    -196.94     1.22   105.75     1.22     87    0.000    0.000
   0.913000   14    -193.20     1.51   100.22     1.51     51    0.000    0.000
   0.904000    7    -219.41    -0.76   124.89    -0.76     58    0.000    0.000
   0.904000    8    -215.67    -0.40   121.94    -0.40     92    0.000    0.000
   0.904000    9    -211.92    -0.05   116.83    -0.05    121    0.000    0.000
   0.904000   10    -208.18     0.27   115.42     0.27    163    0.000    0.000
   0.904000   11    -204.43     0.57   112.04     0.57    144    0.000    0.000
   0.904000   12    -200.69     0.91   109.36     0.91    125    0.000    0.000
   0.904000   13    -196.94     1.24   105.86     1.24    101    0.000    0.000
   0.904000   14    -193.20     1.54   104.01     1.54     62    0.000    0.000
   0.895000    8    -215.67    -0.44   122.46    -0.44     88    0.000    0.000
   0.895000    9    -211.92    -0.12   117.30    -0.12    124    0.000    0.000
   0.895000   10    -208.18     0.24   114.06     0.24    175    0.000    0.000
   0.895000   11    -204.43     0.71   111.00     0.71    153    0.000    0.000
   0.895000   12    -200.69     1.03   109.24     1.03    123    0.000    0.000
   0.895000   13    -196.94     1.38   105.04     1.38    100    0.000    0.000
   0.895000   14    -193.20     1.76   100.84     1.76     65    0.000    0.000
   0.885000    8    -215.67    -0.82   124.14    -0.82     66    0.000    0.000
   0.885000    9    -211.92    -0.45   119.87    -0.45    106    0.000    0.000
   0.885000   10    -208.18     0.04   115.50     0.04    162    0.000    0.000
   0.885000   11    -204.43     0.40   113.77     0.40    157    0.000    0.000
   0.885000   12    -200.69     0.81   109.38     0.81    149    0.000    0.000
   0.885000   13    -196.94     1.16   106.80     1.16    121    0.000    0.000
   0.885000   14    -193.20     1.66   104.43     1.66     82    0.000    0.000
   0.874000    8    -215.67    -0.80   121.19    -0.80     57    0.000    0.000
   0.874000    9    -211.92    -0.27   117.87    -0.27     95    0.000    0.000
   0.874000   10    -208.18     0.15   114.63     0.15    135    0.000    0.000
   0.874000   11    -204.43     0.54   111.83     0.54    150    0.000    0.000
   0.874000   12    -200.69     0.95   109.49     0.95    154    0.000    0.000
   0.874000   13    -196.94     1.42   106.51     1.42    111    0.000    0.000
   0.874000   14    -193.20     1.93   101.93     1.93    103    0.000    0.000
   0.863000    8    -215.67    -0.97   122.49    -0.97     64    0.000    0.000
   0.863000    9    -211.92    -0.45   119.67    -0.45    101    0.000    0.000
   0.863000   10    -208.18    -0.04   116.03    -0.04    157    0.000    0.000
   0.863000   11    -204.43     0.45   113.50     0.45    173    0.000    0.000
   0.863000   12    -200.69     0.95   109.86     0.95    147    0.000    0.000
   0.863000   13    -196.94     1.43   107.08     1.43    111    0.000    0.000
   0.863000   14    -193.20     1.90   102.56     1.90     63    0.000    0.000
   0.851000    9    -211.92    -0.65   119.39    -0.65     63    0.000    0.000
   0.851000   10    -208.18    -0.17   115.26    -0.17    119    0.000    0.000
   0.851000   11    -204.43     0.55   112.11     0.55    146    0.000    0.000
   0.851000   12    -200.69     0.99   109.88     0.99    157    0.000    0.000
   0.851000   13    -196.94     1.62   105.65     1.62    155    0.000    0.000
   0.851000   14    -193.20     2.13   103.57     2.13     96    0.000    0.000
   0.851000   15    -189.46     2.55   101.18     2.55     85    0.000    0.000
   0.838000    9    -211.92    -0.57   118.61    -0.57     58    0.000    0.000
   0.838000   10    -208.18    -0.09   115.88    -0.09     92    0.000    0.000
   0.838000   11    -204.43     0.43   112.73     0.43    126    0.000    0.000
   0.838000   12    -200.69     0.99   110.39     0.99    141    0.000    0.000
   0.838000   13    -196.94     1.50   106.95     1.50    154    0.000    0.000
   0.838000   14    -193.20     2.22   103.19     2.22    142    0.000    0.000
   0.838000   15    -189.46     2.72   100.30     2.72    111    0.000    0.000
   0.838000   16    -185.71     3.22    97.68     3.22     53    0.000    0.000
   0.825000   10    -208.18    -0.34   115.67    -0.34     90    0.000    0.000
   0.825000   11    -204.43     0.25   113.00     0.25    121    0.000    0.000
   0.825000   12    -200.69     0.83   110.20     0.83    149    0.000    0.000
   0.825000   13    -196.94     1.50   106.24     1.50    158    0.000    0.000
   0.825000   14    -193.20     2.10   104.77     2.10    122    0.000    0.000
   0.825000   15    -189.46     2.59   101.27     2.59    117    0.000    0.000
   0.825000   16    -185.71     3.31    99.11     3.31     65    0.000    0.000
   0.810000   10    -208.18    -0.29   115.25    -0.29     68    0.000    0.000
   0.810000   11    -204.43     0.40   110.93     0.40    103    0.000    0.000
   0.810000   12    -200.69     0.97   109.28     0.97    149    0.000    0.000
   0.810000   13    -196.94     1.70   106.29     1.70    161    0.000    0.000
   0.810000   14    -193.20     2.29   103.26     2.29    159    0.000    0.000
   0.810000   15    -189.46     3.07    99.45     3.07    110    0.000    0.000
   0.810000   16    -185.71     3.66    97.64     3.66     78    0.000    0.000
   0.810000   17    -181.97     4.45    92.30     4.45     50    0.000    0.000
   0.795000   12    -200.69     0.92   109.21     0.92     63    0.000    0.000
   0.795000   13    -196.94     1.68   106.01     1.68     89    0.000    0.000
   0.795000   14    -193.20     2.50   102.29     2.50    118    0.000    0.000
   0.795000   15    -189.46     3.17    99.14     3.17    156    0.000    0.000
   0.795000   16    -185.71     3.99    97.06     3.99    161    0.000    0.000
   0.795000   17    -181.97     4.70    94.38     4.70    122    0.000    0.000
   0.795000   18    -178.22     5.39    90.98     5.39     80    0.000    0.000
   0.795000   19    -174.48     6.12    88.66     6.12     60    0.000    0.000
   0.779000   13    -196.94     1.38   105.57     1.38     54    0.000    0.000
   0.779000   14    -193.20     2.21   103.82     2.21     71    0.000    0.000
   0.779000   15    -189.46     3.07   100.02     3.07    139    0.000    0.000
   0.779000   16    -185.71     3.73    97.80     3.73    158    0.000    0.000
   0.779000   17    -181.97     4.61    94.07     4.61    161    0.000    0.000
   0.779000   18    -178.22     5.34    92.31     5.34    138    0.000    0.000
   0.779000   19    -174.48     6.11    90.05     6.11     84    0.000    0.000
   0.779000   20    -170.73     6.74    86.11     6.74     56    0.000    0.000
   0.761000   13    -196.94     1.61   104.82     1.61     51    0.000    0.000
   0.761000   14    -193.20     2.52   101.19     2.52     73    0.000    0.000
   0.761000   15    -189.46     3.25    99.36     3.25    124    0.000    0.000
   0.761000   16    -185.71     4.17    96.11     4.17    146    0.000    0.000
   0.761000   17    -181.97     4.88    93.61     4.88    161    0.000    0.000
   0.761000   18    -178.22     5.91    91.21     5.91    158    0.000    0.000
   0.761000   19    -174.48     6.65    88.09     6.65     99    0.000    0.000
   0.761000   20    -170.73     7.36    85.47     7.36     67    0.000    0.000
   0.743000   14    -193.20     2.19   102.75     2.19     81    0.000    0.000
   0.743000   15    -189.46     2.86   100.08     2.86    109    0.000    0.000
   0.743000   16    -185.71     3.82    96.63     3.82    149    0.000    0.000
   0.743000   17    -181.97     4.63    94.54     4.63    183    0.000    0.000
   0.743000   18    -178.22     5.67    91.81     5.67    128    0.000    0.000
   0.743000   19    -174.48     6.48    89.04     6.48    116    0.000    0.000
   0.743000   20    -170.73     7.40    86.88     7.40     70    0.000    0.000
   0.724000   15    -189.46     2.73    99.32     2.73     87    0.000    0.000
   0.724000   16    -185.71     3.73    97.00     3.73    147    0.000    0.000
   0.724000   17    -181.97     4.52    95.04     4.52    155    0.000    0.000
   0.724000   18    -178.22     5.45    92.53     5.45    150    0.000    0.000
   0.724000   19    -174.48     6.52    89.45     6.52    123    0.000    0.000
   0.724000   20    -170.73     7.37    84.47     7.37     99    0.000    0.000
   0.724000   21    -166.99     8.66    84.00     8.66     69    0.000    0.000
   0.703000   16    -185.71     3.70    96.60     3.70    102    0.000    0.000
   0.703000   17    -181.97     4.88    94.06     4.88    119    0.000    0.000
   0.703000   18    -178.22     5.92    91.44     5.92    155    0.000    0.000
   0.703000   19    -174.48     6.98    89.46     6.98    163    0.000    0.000
   0.703000   20    -170.73     8.14    85.45     8.14    132    0.000    0.000
   0.703000   21    -166.99     9.14    83.25     9.14     95    0.000    0.000
   0.703000   22    -163.24    10.29    82.11    10.29     58    0.000    0.000
   0.681000   16    -185.71     3.76    95.24     3.76     94    0.000    0.000
   0.681000   17    -181.97     4.64    93.12     4.64    104    0.000    0.000
   0.681000   18    -178.22     5.80    91.29     5.80    161    0.000    0.000
   0.681000   19    -174.48     6.98    88.69     6.98    164    0.000    0.000
   0.681000   20    -170.73     8.14    86.27     8.14    126    0.000    0.000
   0.681000   21    -166.99     9.08    83.82     9.08    113    0.000    0.000
   0.657000   16    -185.71     3.02    95.49     3.02     66    0.000    0.000
   0.657000   17    -181.97     4.20    92.77     4.20    113    0.000    0.000
   0.657000   18    -178.22     5.82    90.15     5.82    131    0.000    0.000
   0.657000   19    -174.48     6.87    88.77     6.87    157    0.000    0.000
   0.657000   20    -170.73     7.86    86.48     7.86    150    0.000    0.000
   0.657000   21    -166.99     9.10    84.54     9.10    119    0.000    0.000
   0.657000   22    -163.24     9.08    82.70     9.08     97    0.000    0.000
   0.632000   17    -181.97     4.44    93.09     4.44     54    0.000    0.000
   0.632000   18    -178.22     5.40    89.99     5.40     91    0.000    0.000
   0.632000   19    -174.48     6.88    88.20     6.88    122    0.000    0.000
   0.632000   20    -170.73     7.99    86.15     7.99    147    0.000    0.000
   0.632000   21    -166.99     9.19    84.00     9.19    148    0.000    0.000
   0.632000   22    -163.24    10.63    82.09    10.63    132    0.000    0.000
   0.632000   23    -159.50    11.92    79.52    11.92     93    0.000    0.000
   0.632000   24    -155.75    12.93    76.42    12.93     56    0.000    0.000
   0.606000   18    -178.22     5.50    90.85     5.50     51    0.000    0.000
   0.606000   19    -174.48     6.82    88.31     6.82     90    0.000    0.000
   0.606000   20    -170.73     8.19    85.99     8.19    135    0.000    0.000
   0.606000   21    -166.99     9.44    83.87     9.44    160    0.000    0.000
   0.606000   22    -163.24    10.97    81.54    10.97    160    0.000    0.000
   0.606000   23    -159.50    12.42    79.42    12.42    137    0.000    0.000
   0.606000   24    -155.75    13.76    77.77    13.76     87    0.000    0.000
   0.578000   20    -170.73     7.56    85.85     7.56     64    0.000    0.000
   0.578000   21    -166.99     8.85    83.40     8.85    107    0.000    0.000
   0.578000   22    -163.24    10.96    80.87    10.96    140    0.000    0.000
   0.578000   23    -159.50    11.77    79.40    11.77    164    0.000    0.000
   0.578000   24    -155.75    13.70    77.50    13.70    164    0.000    0.000
   0.578000   25    -152.01    15.28    75.76    15.28    122    0.000    0.000
   0.578000   26    -148.26    16.61    73.81    16.61     67    0.000    0.000
   0.548000   20    -170.73     7.37    85.52     7.37     61    0.000    0.000
   0.548000   21    -166.99     9.17    83.42     9.17    103    0.000    0.000
   0.548000   22    -163.24    10.30    81.60    10.30    145    0.000    0.000
   0.548000   23    -159.50    12.46    79.82    12.46    164    0.000    0.000
   0.548000   24    -155.75    13.88    77.95    13.88    136    0.000    0.000
   0.548000   25    -152.01    14.96    75.99    14.96    109    0.000    0.000
   0.548000   26    -148.26    16.52    73.90    16.52     88    0.000    0.000
   0.516000   21    -166.99     9.08    83.01     9.08     67    0.000    0.000
   0.516000   22    -163.24    10.99    81.07    10.99     79    0.000    0.000
   0.516000   23    -159.50    12.50    78.92    12.50    110    0.000    0.000
   0.516000   24    -155.75    14.31    77.27    14.31    177    0.000    0.000
   0.516000   25    -152.01    16.18    75.79    16.18    159    0.000    0.000
   0.516000   26    -148.26    17.82    74.07    17.82    145    0.000    0.000
   0.516000   27    -144.52    19.59    71.61    19.59     76    0.000    0.000
   0.482000   22    -163.24    10.29    81.09    10.29     70    0.000    0.000
   0.482000   23    -159.50    12.54    79.23    12.54    108    0.000    0.000
   0.482000   24    -155.75    13.70    77.77    13.70    149    0.000    0.000
   0.482000   25    -152.01    15.72    76.03    15.72    145    0.000    0.000
   0.482000   26    -148.26    17.83    74.35    17.83    150    0.000    0.000
   0.482000   27    -144.52    19.31    72.36    19.31    101    0.000    0.000
   0.482000   28    -140.77    21.62    71.34    21.62     69    0.000    0.000
   0.446000   23    -159.50    12.53    78.48    12.53     75    0.000    0.000
   0.446000   24    -155.75    13.87    77.05    13.87     74    0.000    0.000
   0.446000   25    -152.01    15.65    75.70    15.65    116    0.000    0.000
   0.446000   26    -148.26    18.15    73.92    18.15    122    0.000    0.000
   0.446000   27    -144.52    19.61    72.62    19.61    148    0.000    0.000
   0.446000   28    -140.77    22.19    71.10    22.19    114    0.000    0.000
   0.446000   29    -137.03    24.10    69.63    24.10     97    0.000    0.000
   0.446000   30    -133.28    26.08    67.97    26.08     75    0.000    0.000
   0.408000   24    -155.75    14.25    76.92    14.25     57    0.000    0.000
   0.408000   25    -152.01    15.72    75.40    15.72    100    0.000    0.000
   0.408000   26    -148.26    17.94    74.01    17.94    146    0.000    0.000
   0.408000   27    -144.52    19.79    72.78    19.79    144    0.000    0.000
   0.408000   28    -140.77    20.81    71.18    20.81    153    0.000    0.000
   0.408000   29    -137.03    23.65    70.00    23.65    108    0.000    0.000
   0.408000   30    -133.28    25.59    68.56    25.59     99    0.000    0.000
   0.367000   26    -148.26    17.69    73.35    17.69     79    0.000    0.000
   0.367000   27    -144.52    19.25    72.26    19.25    118    0.000    0.000
   0.367000   28    -140.77    20.96    70.89    20.96    148    0.000    0.000
   0.367000   29    -137.03    24.48    69.52    24.48    152    0.000    0.000
   0.367000   30    -133.28    26.63    68.21    26.63    150    0.000    0.000
   0.367000   31    -129.54    28.31    67.42    28.31     94    0.000    0.000
   0.367000   32    -125.79    30.63    66.26    30.63     80    0.000    0.000
   0.324000   28    -140.77    22.24    70.79    22.24     95    0.000    0.000
   0.324000   29    -137.03    24.70    69.60    24.70    127    0.000    0.000
   0.324000   30    -133.28    25.96    68.32    25.96    158    0.000    0.000
   0.324000   31    -129.54    29.36    67.27    29.36    166    0.000    0.000
   0.324000   32    -125.79    30.04    66.17    30.04    124    0.000    0.000
   0.324000   33    -122.05    34.10    65.14    34.10     87    0.000    0.000
   0.324000   34    -118.30    36.65    63.89    36.65     56    0.000    0.000
   0.278000   29    -137.03    24.05    69.50    24.05     53    0.000    0.000
   0.278000   30    -133.28    25.92    68.22    25.92    100    0.000    0.000
   0.278000   31    -129.54    28.67    67.37    28.67    149    0.000    0.000
   0.278000   32    -125.79    31.25    66.40    31.25    154    0.000    0.000
   0.278000   33    -122.05    34.04    65.46    34.04    161    0.000    0.000
   0.278000   34    -118.30    35.77    64.56    35.77    106    0.000    0.000
   0.278000   35    -114.56    38.82    63.53    38.82     88    0.000    0.000
   0.229000   31    -129.54    28.68    67.03    28.68     67    0.000    0.000
   0.229000   32    -125.79    29.36    66.26    29.36    107    0.000    0.000
   0.229000   33    -122.05    33.57    65.28    33.57    137    0.000    0.000
   0.229000   34    -118.30    36.76    64.70    36.76    164    0.000    0.000
   0.229000   35    -114.56    37.69    63.96    37.69    139    0.000    0.000
   0.229000   36    -110.81    40.91    63.15    40.91    131    0.000    0.000
   0.229000   37    -107.07    42.95    62.50    42.95     74    0.000    0.000
   0.177000   32    -125.79    32.00    65.82    32.00     51    0.000    0.000
   0.177000   33    -122.05    32.11    65.22    32.11    107    0.000    0.000
   0.177000   34    -118.30    35.95    64.61    35.95    122    0.000    0.000
   0.177000   35    -114.56    38.76    64.05    38.76    157    0.000    0.000
   0.177000   36    -110.81    42.04    63.43    42.04    159    0.000    0.000
   0.177000   37    -107.07    45.41    62.79    45.41    113    0.000    0.000
   0.177000   38    -103.32    47.93    62.29    47.93     89    0.000    0.000
   0.177000   39     -99.58    50.38    61.70    50.38     51    0.000    0.000
   0.121000   34    -118.30    36.67    64.15    36.67     73    0.000    0.000
   0.121000   35    -114.56    39.53    63.78    39.53    118    0.000    0.000
   0.121000   36    -110.81    42.29    63.37    42.29    141    0.000    0.000
   0.121000   37    -107.07    44.91    62.99    44.91    154    0.000    0.000
   0.121000   38    -103.32    46.97    62.53    46.97    122    0.000    0.000
   0.121000   39     -99.58    52.11    62.13    52.11    115    0.000    0.000
   0.121000   40     -95.83    53.02    61.77    53.02     81    0.000    0.000
   0.062000   36    -110.81    42.40    62.99    42.40     76    0.000    0.000
   0.062000   37    -107.07    44.05    62.79    44.05    127    0.000    0.000
   0.062000   38    -103.32    47.19    62.59    47.19    137    0.000    0.000
   0.062000   39     -99.58    50.61    62.37    50.61    184    0.000    0.000
   0.062000   40     -95.83    53.15    62.15    53.15    144    0.000    0.000
   0.062000   41     -92.09    55.94    61.97    55.94     84    0.000    0.000
   0.062000   42     -88.35    59.83    61.73    59.81     66    0.000    0.000
   0.000000   38    -103.32    47.16    62.16    47.16     63    0.000    0.000
   0.000000   39     -99.58    50.11    62.16    50.11    108    0.000    0.000
   0.000000   40     -95.83    53.72    62.16    53.72    119    0.000    0.000
   0.000000   41     -92.09    57.75    62.16    57.75    150    0.000    0.000
   0.000000   42     -88.35    61.49    62.16    61.36    142    0.000    0.000
   0.000000   43     -84.60    63.16    62.16    62.08    107    0.000    0.000
   0.000000   44     -80.86    68.38    62.16    62.16     76    0.000    0.000
   0.000000   45     -77.11    71.66    62.16    62.16     62    0.000    0.000


# Part 3: Bin-averaged summary:
# bin  energy gap  <dGg> <dGg norm> pts  <c1**2> <c2**2> <r_xy>
   4   -230.65     0.00     0.21     51   0.000   0.000   0.000
   5   -226.90    -0.07     0.13    265   0.000   0.000   0.000
   6   -223.16    -0.17     0.04    989   0.000   0.000   0.000
   7   -219.41    -0.21     0.00   1929   0.000   0.000   0.000
   8   -215.67    -0.16     0.04   2742   0.000   0.000   0.000
   9   -211.92    -0.05     0.16   3208   0.000   0.000   0.000
  10   -208.18     0.12     0.33   3628   0.000   0.000   0.000
  11   -204.43     0.39     0.60   3246   0.000   0.000   0.000
  12   -200.69     0.77     0.97   2500   0.000   0.000   0.000
  13   -196.94     1.37     1.58   1770   0.000   0.000   0.000
  14   -193.20     2.06     2.27   1339   0.000   0.000   0.000
  15   -189.46     2.92     3.13   1038   0.000   0.000   0.000
  16   -185.71     3.74     3.94   1219   0.000   0.000   0.000
  17   -181.97     4.62     4.83   1222   0.000   0.000   0.000
  18   -178.22     5.66     5.86   1243   0.000   0.000   0.000
  19   -174.48     6.71     6.92   1178   0.000   0.000   0.000
  20   -170.73     7.78     7.98   1107   0.000   0.000   0.000
  21   -166.99     9.12     9.32    981   0.000   0.000   0.000
  22   -163.24    10.50    10.71    881   0.000   0.000   0.000
  23   -159.50    12.28    12.49    851   0.000   0.000   0.000
  24   -155.75    13.86    14.06    900   0.000   0.000   0.000
  25   -152.01    15.62    15.83    751   0.000   0.000   0.000
  26   -148.26    17.64    17.84    797   0.000   0.000   0.000
  27   -144.52    19.53    19.73    587   0.000   0.000   0.000
  28   -140.77    21.45    21.66    579   0.000   0.000   0.000
  29   -137.03    24.25    24.46    537   0.000   0.000   0.000
  30   -133.28    26.08    26.28    582   0.000   0.000   0.000
  31   -129.54    28.84    29.05    476   0.000   0.000   0.000
  32   -125.79    30.55    30.75    516   0.000   0.000   0.000
  33   -122.05    33.50    33.71    492   0.000   0.000   0.000
  34   -118.30    36.35    36.55    521   0.000   0.000   0.000
  35   -114.56    38.66    38.86    502   0.000   0.000   0.000
  36   -110.81    41.87    42.08    507   0.000   0.000   0.000
  37   -107.07    44.49    44.69    468   0.000   0.000   0.000
  38   -103.32    47.28    47.48    411   0.000   0.000   0.000
  39    -99.58    50.84    51.05    458   0.000   0.000   0.000
  40    -95.83    53.32    53.52    344   0.000   0.000   0.000
  41    -92.09    57.10    57.31    234   0.000   0.000   0.000
  42    -88.35    60.87    61.07    208   0.000   0.000   0.000
  43    -84.60    62.08    62.28    107   0.000   0.000   0.000
  44    -80.86    62.16    62.37     76   0.000   0.000   0.000
  45    -77.11    62.16    62.37     62   0.000   0.000   0.000


# Part 4: Termodynamic integration:
# lambda(1)      dGti    sum(dGti) 
   1.000000    0.000    0.000
   0.997000  130.310    0.386
   0.993000  126.800    0.893
   0.989000  126.659    1.396
   0.985000  125.270    1.894
   0.981000  123.538    2.394
   0.977000  126.340    2.892
   0.972000  122.720    3.505
   0.967000  122.347    4.118
   0.961000  122.841    4.861
   0.956000  125.052    5.478
   0.950000  121.667    6.212
   0.943000  122.961    7.060
   0.936000  119.457    7.897
   0.929000  119.535    8.729
   0.921000  118.256    9.675
   0.913000  118.201   10.615
   0.904000  116.842   11.666
   0.895000  116.762   12.713
   0.885000  115.718   13.871
   0.874000  115.938   15.134
   0.863000  113.823   16.397
   0.851000  115.767   17.760
   0.838000  111.334   19.191
   0.825000  108.848   20.609
   0.810000  109.272   22.225
   0.795000  106.242   23.755
   0.779000   97.705   25.291
   0.761000   94.261   26.964
   0.743000   91.637   28.618
   0.724000   92.224   30.342
   0.703000   89.177   32.168
   0.681000   84.749   34.025
   0.657000   84.118   36.024
   0.632000   82.400   38.021
   0.606000   77.376   39.985
   0.578000   73.677   41.962
   0.548000   67.571   43.976
   0.516000   66.702   46.034
   0.482000   61.904   48.098
   0.446000   59.511   50.132
   0.408000   53.490   52.114
   0.367000   50.830   54.068
   0.324000   44.503   55.842
   0.278000   37.986   57.464
   0.229000   32.561   58.912
   0.177000   26.506   60.155
   0.121000   21.325   61.160
   0.062000   14.576   61.862
   0.000000    9.203   62.152


# Part 5: Overlap sampling Lu et al:
# lambda(1)      dG    sum(dG) 
   1.000000    0.000    0.000
   0.997000    0.386    0.386
   0.993000    0.507    0.893
   0.989000    0.504    1.396
   0.985000    0.498    1.894
   0.981000    0.500    2.394
   0.977000    0.498    2.892
   0.972000    0.613    3.505
   0.967000    0.613    4.118
   0.961000    0.744    4.861
   0.956000    0.617    5.478
   0.950000    0.734    6.212
   0.943000    0.848    7.060
   0.936000    0.836    7.897
   0.929000    0.832    8.729
   0.921000    0.946    9.675
   0.913000    0.940   10.615
   0.904000    1.051   11.666
   0.895000    1.046   12.712
   0.885000    1.158   13.871
   0.874000    1.264   15.135
   0.863000    1.263   16.397
   0.851000    1.363   17.760
   0.838000    1.431   19.191
   0.825000    1.418   20.609
   0.810000    1.616   22.225
   0.795000    1.530   23.755
   0.779000    1.535   25.290
   0.761000    1.673   26.963
   0.743000    1.655   28.618
   0.724000    1.723   30.341
   0.703000    1.826   32.168
   0.681000    1.858   34.025
   0.657000    1.998   36.023
   0.632000    1.999   38.022
   0.606000    1.962   39.984
   0.578000    1.978   41.962
   0.548000    2.015   43.977
   0.516000    2.057   46.034
   0.482000    2.065   48.100
   0.446000    2.039   50.139
   0.408000    1.976   52.115
   0.367000    1.955   54.069
   0.324000    1.773   55.842
   0.278000    1.624   57.466
   0.229000    1.444   58.911
   0.177000    1.251   60.162
   0.121000    1.005   61.166
   0.062000    0.692   61.859
   0.000000    0.301   62.160


# lambda(1)      dG    sum(dG) 
# Part 6: BAR Bennet:
   1.000000    0.000    0.000
   0.997000    0.386    0.386
   0.993000    0.507    0.893
   0.989000    0.504    1.396
   0.985000    0.498    1.894
   0.981000    0.500    2.394
   0.977000    0.498    2.892
   0.972000    0.613    3.505
   0.967000    0.613    4.118
   0.961000    0.744    4.861
   0.956000    0.617    5.478
   0.950000    0.734    6.212
   0.943000    0.848    7.060
   0.936000    0.836    7.897
   0.929000    0.832    8.729
   0.921000    0.946    9.675
   0.913000    0.940   10.615
   0.904000    1.051   11.666
   0.895000    1.046   12.713
   0.885000    1.158   13.871
   0.874000    1.264   15.134
   0.863000    1.263   16.397
   0.851000    1.363   17.760
   0.838000    1.431   19.191
   0.825000    1.418   20.609
   0.810000    1.616   22.225
   0.795000    1.530   23.755
   0.779000    1.536   25.291
   0.761000    1.673   26.963
   0.743000    1.655   28.618
   0.724000    1.723   30.342
   0.703000    1.826   32.168
   0.681000    1.858   34.025
   0.657000    1.998   36.024
   0.632000    1.997   38.021
   0.606000    1.963   39.984
   0.578000    1.977   41.961
   0.548000    2.014   43.975
   0.516000    2.057   46.032
   0.482000    2.064   48.096
   0.446000    2.034   50.130
   0.408000    1.981   52.111
   0.367000    1.954   54.065
   0.324000    1.773   55.838
   0.278000    1.622   57.460
   0.229000    1.445   58.905
   0.177000    1.242   60.147
   0.121000    1.006   61.153
   0.062000    0.703   61.857
   0.000000    0.297   62.154
