--------------------------------------------------------------------------------
Welcome to qfep version: 6.0.1
 
This version was compiled using: GCC version 11.5.0 20240719 (Red Hat 11.5.0-2)
 
And using the following compiler options: 
-cpp -D G95=1 -mtune=generic -march=x86-64-v2 -O3 -Wall -Wtabs -std=legacy -funroll-loops -ffree-line-length-none -fcray-pointer -fall-intrinsics -fstack-protector -fpre-include=/usr/include/finclude/math-vector-fortran.h

 
For command line options type qfep --help  or qcalc -h at the terminal.
 
If you are using the interactive mode and want to quit type "quit" or Ctrl-C.
--------------------------------------------------------------------------------
--> Number of energy files: # Number of files                                  =    50
--> No. of states, no. of predefined off-diag elements: # Number of states     =     2
# Number of off-diagonal elements                                              =     0
--> Give kT & num. of pts to skip & calculation mode: # kT                     = 0.592
# Number of data points to skip                                                =    50
# Only QQ interactions will be considered                                      =     0
--> Give number of gap-bins: # Number of gap-bins                              =    50
--> Give minimum # pts/bin: # Minimum number of points per bin                 =    50
--> Give alpha for state  2                                                     # Alpha for state  2              =  0.00
--> Number of off-diagonal elements: # Number of off-diagonal elements         =     0
--> linear combination of states defining reaction coord: # Linear combination coefficients=    1.00    0.00


# Part 0: Average energies for all states in all files
# file             state   pts   lambda    EQtot   EQbond  EQang   EQtor   EQimp    EQel   EQvdW  Eel_qq  EvdW_qq Eel_qp  EvdW_qp Eel_qw EvdW_qw Eqrstr
--> Name of file number   1:                                                     
md_2_1000_0000.en      1    949 1.000000  -92.39    0.00    0.00    0.00    0.00  -62.61  -29.78    3.94    1.29  -66.74  -20.99    0.18  -10.07    0.00
md_2_1000_0000.en      2    949 0.000000  -73.38    0.00    0.00    0.00    0.00  -63.52   -9.86    2.79    1.18  -66.46   -7.77    0.14   -3.26    0.00
--> Name of file number   2:                                                     
md_2_0938_0062.en      1    949 0.938000  -89.55    0.00    0.00    0.00    0.00  -62.15  -27.40    4.08    1.13  -65.78  -18.06   -0.45  -10.47    0.00
md_2_0938_0062.en      2    949 0.062000  -72.53    0.00    0.00    0.00    0.00  -63.15   -9.38    2.87    1.11  -65.43   -7.38   -0.60   -3.10    0.00
--> Name of file number   3:                                                     
md_2_0879_0121.en      1    949 0.879000  -90.53    0.00    0.00    0.00    0.00  -65.49  -25.05    4.42    1.02  -69.75  -14.65   -0.16  -11.42    0.00
md_2_0879_0121.en      2    949 0.121000  -74.51    0.00    0.00    0.00    0.00  -66.48   -8.02    3.17    1.07  -69.54   -5.95   -0.11   -3.15    0.00
--> Name of file number   4:                                                     
md_2_0823_0177.en      1    949 0.823000  -91.44    0.00    0.00    0.00    0.00  -66.58  -24.85    4.75    1.02  -71.63  -14.81    0.30  -11.07    0.00
md_2_0823_0177.en      2    949 0.177000  -75.23    0.00    0.00    0.00    0.00  -67.58   -7.65    3.58    0.98  -71.53   -5.54    0.37   -3.10    0.00
--> Name of file number   5:                                                     
md_2_0771_0229.en      1    949 0.771000  -91.60    0.00    0.00    0.00    0.00  -65.53  -26.07    4.53    0.94  -68.98  -16.38   -1.09  -10.63    0.00
md_2_0771_0229.en      2    949 0.229000  -75.60    0.00    0.00    0.00    0.00  -66.57   -9.04    3.37    0.95  -68.97   -6.68   -0.97   -3.30    0.00
--> Name of file number   6:                                                     
md_2_0722_0278.en      1    949 0.722000  -91.12    0.00    0.00    0.00    0.00  -65.55  -25.56    4.60    0.98  -69.07  -15.39   -1.08  -11.16    0.00
md_2_0722_0278.en      2    949 0.278000  -75.29    0.00    0.00    0.00    0.00  -66.58   -8.72    3.43    0.97  -69.13   -6.31   -0.88   -3.37    0.00
--> Name of file number   7:                                                     
md_2_0676_0324.en      1    949 0.676000  -89.45    0.00    0.00    0.00    0.00  -64.79  -24.66    3.91    1.47  -67.48  -14.98   -1.22  -11.15    0.00
md_2_0676_0324.en      2    949 0.324000  -74.33    0.00    0.00    0.00    0.00  -65.79   -8.54    2.78    1.20  -67.52   -6.12   -1.04   -3.63    0.00
--> Name of file number   8:                                                     
md_2_0633_0367.en      1    949 0.633000  -89.73    0.00    0.00    0.00    0.00  -67.86  -21.87    4.99    1.56  -70.16  -13.07   -2.69  -10.36    0.00
md_2_0633_0367.en      2    949 0.367000  -75.58    0.00    0.00    0.00    0.00  -68.93   -6.66    4.02    1.20  -70.06   -4.70   -2.88   -3.15    0.00
--> Name of file number   9:                                                     
md_2_0592_0408.en      1    949 0.592000  -90.76    0.00    0.00    0.00    0.00  -68.52  -22.25    5.61    1.28  -70.92  -13.73   -3.21   -9.80    0.00
md_2_0592_0408.en      2    949 0.408000  -76.63    0.00    0.00    0.00    0.00  -69.38   -7.25    4.15    0.93  -70.26   -5.39   -3.27   -2.79    0.00
--> Name of file number  10:                                                     
md_2_0554_0446.en      1    949 0.554000  -89.41    0.00    0.00    0.00    0.00  -68.30  -21.11    5.79    1.42  -72.69  -11.91   -1.40  -10.62    0.00
md_2_0554_0446.en      2    949 0.446000  -76.16    0.00    0.00    0.00    0.00  -69.27   -6.89    4.48    0.93  -71.99   -4.55   -1.76   -3.27    0.00
--> Name of file number  11:                                                     
md_2_0518_0482.en      1    949 0.518000  -89.37    0.00    0.00    0.00    0.00  -69.31  -20.07    6.44    1.69  -71.80  -12.12   -3.95   -9.64    0.00
md_2_0518_0482.en      2    949 0.482000  -76.59    0.00    0.00    0.00    0.00  -70.12   -6.47    4.87    1.02  -70.71   -4.73   -4.28   -2.75    0.00
--> Name of file number  12:                                                     
md_2_0484_0516.en      1    949 0.484000  -88.26    0.00    0.00    0.00    0.00  -67.45  -20.81    6.01    1.91  -71.22  -13.23   -2.25   -9.49    0.00
md_2_0484_0516.en      2    949 0.516000  -75.07    0.00    0.00    0.00    0.00  -68.31   -6.76    4.54    1.03  -70.30   -4.98   -2.55   -2.81    0.00
--> Name of file number  13:                                                     
md_2_0452_0548.en      1    949 0.452000  -90.59    0.00    0.00    0.00    0.00  -71.00  -19.59    5.30    1.63  -73.56  -10.79   -2.74  -10.44    0.00
md_2_0452_0548.en      2    949 0.548000  -77.27    0.00    0.00    0.00    0.00  -72.17   -5.09    4.18    1.08  -73.13   -3.23   -3.23   -2.94    0.00
--> Name of file number  14:                                                     
md_2_0422_0578.en      1    949 0.422000  -91.45    0.00    0.00    0.00    0.00  -69.58  -21.87    5.40    1.21  -70.73  -12.52   -4.25  -10.57    0.00
md_2_0422_0578.en      2    949 0.578000  -78.69    0.00    0.00    0.00    0.00  -70.58   -8.11    3.98    0.85  -70.14   -5.63   -4.42   -3.33    0.00
--> Name of file number  15:                                                     
md_2_0394_0606.en      1    949 0.394000  -87.83    0.00    0.00    0.00    0.00  -67.54  -20.30    5.33    1.55  -71.50  -11.11   -1.37  -10.74    0.00
md_2_0394_0606.en      2    949 0.606000  -75.81    0.00    0.00    0.00    0.00  -68.49   -7.32    4.01    0.95  -70.87   -4.94   -1.63   -3.32    0.00
--> Name of file number  16:                                                     
md_2_0368_0632.en      1    949 0.368000  -87.91    0.00    0.00    0.00    0.00  -69.69  -18.22    6.24    1.49  -73.13  -10.51   -2.80   -9.19    0.00
md_2_0368_0632.en      2    949 0.632000  -77.25    0.00    0.00    0.00    0.00  -70.60   -6.65    4.70    0.98  -72.10   -4.70   -3.21   -2.93    0.00
--> Name of file number  17:                                                     
md_2_0343_0657.en      1    949 0.343000  -88.65    0.00    0.00    0.00    0.00  -69.71  -18.94    5.92    1.92  -73.39  -10.91   -2.25   -9.95    0.00
md_2_0343_0657.en      2    949 0.657000  -77.42    0.00    0.00    0.00    0.00  -70.69   -6.73    4.52    0.93  -72.55   -4.36   -2.67   -3.30    0.00
--> Name of file number  18:                                                     
md_2_0319_0681.en      1    949 0.319000  -89.55    0.00    0.00    0.00    0.00  -72.25  -17.30    5.84    2.43  -76.33  -10.35   -1.76   -9.39    0.00
md_2_0319_0681.en      2    949 0.681000  -77.86    0.00    0.00    0.00    0.00  -73.43   -4.42    4.68    0.96  -75.96   -2.50   -2.15   -2.88    0.00
--> Name of file number  19:                                                     
md_2_0297_0703.en      1    949 0.297000  -87.04    0.00    0.00    0.00    0.00  -70.53  -16.51    5.63    2.01  -73.07  -10.66   -3.08   -7.86    0.00
md_2_0297_0703.en      2    949 0.703000  -77.23    0.00    0.00    0.00    0.00  -71.63   -5.59    4.37    0.91  -72.64   -4.01   -3.36   -2.50    0.00
--> Name of file number  20:                                                     
md_2_0276_0724.en      1    949 0.276000  -86.14    0.00    0.00    0.00    0.00  -67.73  -18.41    5.00    1.54  -69.99  -12.07   -2.74   -7.87    0.00
md_2_0276_0724.en      2    949 0.724000  -76.10    0.00    0.00    0.00    0.00  -68.83   -7.27    3.93    0.95  -69.92   -5.35   -2.84   -2.87    0.00
--> Name of file number  21:                                                     
md_2_0257_0743.en      1    949 0.257000  -85.35    0.00    0.00    0.00    0.00  -66.69  -18.66    4.75    1.58  -68.74  -12.43   -2.69   -7.80    0.00
md_2_0257_0743.en      2    949 0.743000  -75.64    0.00    0.00    0.00    0.00  -67.68   -7.96    3.47    0.97  -68.50   -6.06   -2.66   -2.86    0.00
--> Name of file number  22:                                                     
md_2_0239_0761.en      1    949 0.239000  -82.55    0.00    0.00    0.00    0.00  -64.86  -17.69    4.96    1.55  -70.14  -12.33    0.32   -6.90    0.00
md_2_0239_0761.en      2    949 0.761000  -74.58    0.00    0.00    0.00    0.00  -65.89   -8.69    3.75    0.88  -69.88   -6.21    0.24   -3.36    0.00
--> Name of file number  23:                                                     
md_2_0221_0779.en      1    949 0.221000  -85.07    0.00    0.00    0.00    0.00  -69.08  -15.99    5.69    1.84  -73.25  -12.10   -1.52   -5.72    0.00
md_2_0221_0779.en      2    949 0.779000  -76.95    0.00    0.00    0.00    0.00  -70.15   -6.80    4.68    0.93  -73.18   -4.55   -1.65   -3.18    0.00
--> Name of file number  24:                                                     
md_2_0205_0795.en      1    949 0.205000  -82.11    0.00    0.00    0.00    0.00  -66.74  -15.36    5.49    1.94  -68.91  -12.63   -3.33   -4.68    0.00
md_2_0205_0795.en      2    949 0.795000  -76.09    0.00    0.00    0.00    0.00  -67.60   -8.48    4.09    0.89  -68.43   -6.84   -3.27   -2.53    0.00
--> Name of file number  25:                                                     
md_2_0190_0810.en      1    949 0.190000  -81.57    0.00    0.00    0.00    0.00  -65.61  -15.96    5.22    1.56  -71.62  -11.97    0.79   -5.55    0.00
md_2_0190_0810.en      2    949 0.810000  -74.51    0.00    0.00    0.00    0.00  -66.63   -7.88    4.14    1.00  -71.58   -5.64    0.81   -3.24    0.00
--> Name of file number  26:                                                     
md_2_0175_0825.en      1    949 0.175000  -79.22    0.00    0.00    0.00    0.00  -67.07  -12.15    5.15    1.67  -70.27  -10.67   -1.94   -3.15    0.00
md_2_0175_0825.en      2    949 0.825000  -76.08    0.00    0.00    0.00    0.00  -68.12   -7.97    3.77    0.89  -70.07   -5.72   -1.82   -3.13    0.00
--> Name of file number  27:                                                     
md_2_0162_0838.en      1    949 0.162000  -79.31    0.00    0.00    0.00    0.00  -67.51  -11.80    4.93    1.91  -69.41  -10.15   -3.03   -3.56    0.00
md_2_0162_0838.en      2    949 0.838000  -76.37    0.00    0.00    0.00    0.00  -68.55   -7.82    3.58    0.87  -69.11   -6.06   -3.02   -2.63    0.00
--> Name of file number  28:                                                     
md_2_0149_0851.en      1    949 0.149000  -80.06    0.00    0.00    0.00    0.00  -67.40  -12.66    5.08    1.76  -70.37  -10.56   -2.10   -3.86    0.00
md_2_0149_0851.en      2    949 0.851000  -76.54    0.00    0.00    0.00    0.00  -68.46   -8.08    3.68    0.91  -70.10   -6.27   -2.05   -2.72    0.00
--> Name of file number  29:                                                     
md_2_0137_0863.en      1    949 0.137000  -75.35    0.00    0.00    0.00    0.00  -66.14   -9.21    5.46    1.64  -71.18  -10.15   -0.42   -0.70    0.00
md_2_0137_0863.en      2    949 0.863000  -75.31    0.00    0.00    0.00    0.00  -67.10   -8.21    3.99    0.87  -70.67   -6.13   -0.43   -2.95    0.00
--> Name of file number  30:                                                     
md_2_0126_0874.en      1    949 0.126000  -77.22    0.00    0.00    0.00    0.00  -68.29   -8.93    5.26    1.71  -69.71   -8.51   -3.83   -2.12    0.00
md_2_0126_0874.en      2    949 0.874000  -77.07    0.00    0.00    0.00    0.00  -69.30   -7.77    3.85    0.84  -69.35   -5.68   -3.80   -2.93    0.00
--> Name of file number  31:                                                     
md_2_0115_0885.en      1    949 0.115000  -69.01    0.00    0.00    0.00    0.00  -67.75   -1.26    4.48    2.03  -69.38   -9.45   -2.84    6.16    0.00
md_2_0115_0885.en      2    949 0.885000  -76.42    0.00    0.00    0.00    0.00  -68.76   -7.66    3.31    1.04  -69.31   -5.80   -2.76   -2.91    0.00
--> Name of file number  32:                                                     
md_2_0105_0895.en      1    949 0.105000  -67.67    0.00    0.00    0.00    0.00  -67.64   -0.03    5.50    2.12  -71.17   -9.87   -1.97    7.71    0.00
md_2_0105_0895.en      2    949 0.895000  -76.25    0.00    0.00    0.00    0.00  -68.52   -7.73    4.06    0.87  -70.69   -5.96   -1.89   -2.64    0.00
--> Name of file number  33:                                                     
md_2_0096_0904.en      1    949 0.096000  -65.78    0.00    0.00    0.00    0.00  -67.58    1.80    5.25    2.80  -70.93   -8.94   -1.90    7.94    0.00
md_2_0096_0904.en      2    949 0.904000  -76.23    0.00    0.00    0.00    0.00  -68.52   -7.71    3.88    0.97  -70.74   -6.26   -1.65   -2.42    0.00
--> Name of file number  34:                                                     
md_2_0087_0913.en      1    949 0.087000  -49.77    0.00    0.00    0.00    0.00  -65.69   15.92    4.37    2.96  -68.81   -2.00   -1.25   14.96    0.00
md_2_0087_0913.en      2    949 0.913000  -74.56    0.00    0.00    0.00    0.00  -66.66   -7.90    3.15    1.05  -68.90   -6.22   -0.90   -2.73    0.00
--> Name of file number  35:                                                     
md_2_0079_0921.en      1    949 0.079000  -47.71    0.00    0.00    0.00    0.00  -67.21   19.50    4.74    2.92  -69.42    5.46   -2.53   11.12    0.00
md_2_0079_0921.en      2    949 0.921000  -75.80    0.00    0.00    0.00    0.00  -68.13   -7.67    3.44    1.03  -69.23   -5.99   -2.35   -2.71    0.00
--> Name of file number  36:                                                     
md_2_0071_0929.en      1    949 0.071000  -52.28    0.00    0.00    0.00    0.00  -67.03   14.75    5.09    2.22  -68.96   -5.27   -3.16   17.80    0.00
md_2_0071_0929.en      2    949 0.929000  -75.85    0.00    0.00    0.00    0.00  -67.91   -7.94    3.72    0.86  -68.36   -5.96   -3.28   -2.84    0.00
--> Name of file number  37:                                                     
md_2_0064_0936.en      1    949 0.064000  -50.26    0.00    0.00    0.00    0.00  -67.63   17.38    4.78    2.54  -68.36   -0.52   -4.05   15.35    0.00
md_2_0064_0936.en      2    949 0.936000  -76.49    0.00    0.00    0.00    0.00  -68.60   -7.89    3.45    0.96  -67.71   -6.07   -4.33   -2.79    0.00
--> Name of file number  38:                                                     
md_2_0057_0943.en      1    949 0.057000  -40.90    0.00    0.00    0.00    0.00  -67.19   26.29    4.16    2.62  -68.06    4.33   -3.29   19.34    0.00
md_2_0057_0943.en      2    949 0.943000  -76.23    0.00    0.00    0.00    0.00  -68.16   -8.07    2.97    1.09  -67.64   -6.04   -3.49   -3.12    0.00
--> Name of file number  39:                                                     
md_2_0050_0950.en      1    949 0.050000    6.23    0.00    0.00    0.00    0.00  -67.49   73.71    4.25    2.25  -67.28   -0.54   -4.45   72.01    0.00
md_2_0050_0950.en      2    949 0.950000  -76.31    0.00    0.00    0.00    0.00  -68.48   -7.83    3.04    1.05  -66.89   -6.15   -4.63   -2.72    0.00
--> Name of file number  40:                                                     
md_2_0044_0956.en      1    949 0.044000   -9.53    0.00    0.00    0.00    0.00  -67.14   57.61    4.21    2.40  -66.31    4.18   -5.03   51.03    0.00
md_2_0044_0956.en      2    949 0.956000  -75.86    0.00    0.00    0.00    0.00  -68.13   -7.73    2.99    1.05  -65.93   -6.35   -5.19   -2.43    0.00
--> Name of file number  41:                                                     
md_2_0039_0961.en      1    949 0.039000   11.99    0.00    0.00    0.00    0.00  -66.53   78.52    4.80    2.95  -68.08   -3.58   -3.25   79.15    0.00
md_2_0039_0961.en      2    949 0.961000  -75.44    0.00    0.00    0.00    0.00  -67.53   -7.91    3.47    1.01  -67.65   -5.82   -3.35   -3.10    0.00
--> Name of file number  42:                                                     
md_2_0033_0967.en      1    949 0.033000   27.88    0.00    0.00    0.00    0.00  -66.55   94.42    4.99    2.57  -68.64   12.11   -2.90   79.75    0.00
md_2_0033_0967.en      2    949 0.967000  -76.14    0.00    0.00    0.00    0.00  -67.57   -8.56    3.64    0.93  -68.28   -6.06   -2.93   -3.44    0.00
--> Name of file number  43:                                                     
md_2_0028_0972.en      1    949 0.028000   49.77    0.00    0.00    0.00    0.00  -67.73  117.50    4.19    2.52  -67.20   -0.45   -4.72  115.43    0.00
md_2_0028_0972.en      2    949 0.972000  -76.67    0.00    0.00    0.00    0.00  -68.77   -7.90    2.99    1.02  -66.96   -6.15   -4.80   -2.78    0.00
--> Name of file number  44:                                                     
md_2_0023_0977.en      1    949 0.023000   66.53    0.00    0.00    0.00    0.00  -64.83  131.36    3.96    4.63  -66.21   30.89   -2.58   95.83    0.00
md_2_0023_0977.en      2    949 0.977000  -74.53    0.00    0.00    0.00    0.00  -65.84   -8.69    2.81    1.22  -65.94   -7.33   -2.71   -2.58    0.00
--> Name of file number  45:                                                     
md_2_0019_0981.en      1    949 0.019000   70.22    0.00    0.00    0.00    0.00  -63.64  133.86    4.82    2.91  -67.30   24.40   -1.16  106.55    0.00
md_2_0019_0981.en      2    949 0.981000  -73.87    0.00    0.00    0.00    0.00  -64.57   -9.31    3.49    1.17  -66.88   -7.11   -1.17   -3.37    0.00
--> Name of file number  46:                                                     
md_2_0015_0985.en      1    949 0.015000   68.14    0.00    0.00    0.00    0.00  -64.68  132.82    3.88    2.98  -66.66   35.87   -1.90   93.97    0.00
md_2_0015_0985.en      2    949 0.985000  -74.98    0.00    0.00    0.00    0.00  -65.72   -9.26    2.74    1.27  -66.44   -7.52   -2.02   -3.01    0.00
--> Name of file number  47:                                                     
md_2_0011_0989.en      1    949 0.011000   92.69    0.00    0.00    0.00    0.00  -65.01  157.70    4.35    2.69  -66.20   67.81   -3.15   87.20    0.00
md_2_0011_0989.en      2    949 0.989000  -75.05    0.00    0.00    0.00    0.00  -65.87   -9.18    3.14    1.03  -65.88   -7.26   -3.14   -2.95    0.00
--> Name of file number  48:                                                     
md_2_0007_0993.en      1    949 0.007000  133.20    0.00    0.00    0.00    0.00  -64.76  197.96    3.46    4.08  -65.09   98.63   -3.13   95.25    0.00
md_2_0007_0993.en      2    949 0.993000  -75.10    0.00    0.00    0.00    0.00  -65.70   -9.39    2.41    1.28  -64.82   -7.56   -3.30   -3.12    0.00
--> Name of file number  49:                                                     
md_2_0003_0997.en      1    949 0.003000  136.83    0.00    0.00    0.00    0.00  -65.09  201.91    4.68    3.72  -67.00  113.51   -2.77   84.68    0.00
md_2_0003_0997.en      2    949 0.997000  -74.73    0.00    0.00    0.00    0.00  -65.99   -8.74    3.37    1.10  -66.64   -6.91   -2.72   -2.93    0.00
--> Name of file number  50:                                                     
md_2_0000_1000.en      1    949 0.000000  236.45    0.00    0.00    0.00    0.00  -64.53  300.98    3.67    3.18  -65.22  270.05   -2.97   27.75    0.00
md_2_0000_1000.en      2    949 1.000000  -74.83    0.00    0.00    0.00    0.00  -65.43   -9.40    2.58    1.28  -64.97   -7.64   -3.04   -3.03    0.00


# Part 1: Free energy perturbation summary:
# lambda(1)      dGf sum(dGf)      dGr sum(dGr)     <dG>
   1.000000    0.000    0.000   -1.064   -2.702    0.000
   0.938000    1.170    1.170   -0.953   -1.638    1.117
   0.879000    0.996    2.166   -0.914   -0.685    2.091
   0.823000    0.891    3.057   -0.839    0.229    2.994
   0.771000    0.837    3.894   -0.782    1.068    3.831
   0.722000    0.777    4.671   -0.700    1.849    4.611
   0.676000    0.722    5.393   -0.614    2.549    5.322
   0.633000    0.646    6.039   -0.585    3.164    5.952
   0.592000    0.574    6.613   -0.508    3.749    6.532
   0.554000    0.532    7.145   -0.466    4.257    7.052
   0.518000    0.473    7.617   -0.455    4.724    7.521
   0.484000    0.429    8.047   -0.431    5.179    7.964
   0.452000    0.415    8.462   -0.389    5.611    8.387
   0.422000    0.395    8.856   -0.341    6.000    8.779
   0.394000    0.351    9.208   -0.283    6.341    9.125
   0.368000    0.309    9.516   -0.286    6.623    9.421
   0.343000    0.260    9.777   -0.286    6.910    9.694
   0.319000    0.264   10.041   -0.221    7.196    9.969
   0.297000    0.252   10.293   -0.217    7.416   10.205
   0.276000    0.201   10.495   -0.190    7.634   10.415
   0.257000    0.184   10.679   -0.150    7.823   10.602
   0.239000    0.170   10.849   -0.154    7.974   10.762
   0.221000    0.136   10.984   -0.104    8.128   10.907
   0.205000    0.123   11.107   -0.112    8.232   11.020
   0.190000    0.083   11.190   -0.057    8.344   11.118
   0.175000    0.099   11.289   -0.047    8.401   11.196
   0.162000    0.032   11.321   -0.054    8.448   11.235
   0.149000    0.028   11.349   -0.010    8.502   11.277
   0.137000    0.034   11.383   -0.011    8.512   11.298
   0.126000   -0.009   11.374    0.062    8.523   11.299
   0.115000   -0.009   11.366    0.072    8.460   11.264
   0.105000   -0.094   11.271    0.080    8.388   11.180
   0.096000   -0.090   11.182    0.202    8.308   11.095
   0.087000   -0.110   11.071    0.202    8.105   10.939
   0.079000   -0.216   10.856    0.166    7.903   10.730
   0.071000   -0.251   10.605    0.173    7.737   10.522
   0.064000   -0.184   10.421    0.227    7.564   10.343
   0.057000   -0.195   10.225    0.517    7.337   10.132
   0.050000   -0.270    9.955    0.349    6.820    9.738
   0.044000   -0.540    9.415    0.404    6.471    9.294
   0.039000   -0.370    9.045    0.583    6.067    8.907
   0.033000   -0.576    8.469    0.613    5.484    8.327
   0.028000   -0.546    7.923    0.646    4.871    7.748
   0.023000   -0.651    7.272    0.563    4.226    7.100
   0.019000   -0.610    6.662    0.551    3.663    6.513
   0.015000   -0.590    6.071    0.650    3.112    5.942
   0.011000   -0.595    5.477    0.799    2.461    5.320
   0.007000   -0.694    4.782    0.801    1.663    4.573
   0.003000   -0.876    3.906    0.861    0.861    3.735
   0.000000   -0.665    3.241    0.000    0.000    2.971

# Min energy-gap is:   -103.03
# Max energy-gap is:    481.18


# Part 2: Reaction free energy summary:
# Lambda(1)  bin Energy gap      dGa     dGb     dGg    # pts    c1**2    c2**2
   1.000000    1     -97.19     0.00    18.31     0.00    644    0.000    0.000
   1.000000    2     -85.51     0.00    15.48    -0.00    305    0.000    0.000
   0.938000    1     -97.19    -0.02    17.28    -0.02    224    0.000    0.000
   0.938000    2     -85.51     0.08    13.78     0.08    724    0.000    0.000
   0.879000    1     -97.19     0.05    15.88     0.05    361    0.000    0.000
   0.879000    2     -85.51     0.17    13.00     0.17    588    0.000    0.000
   0.823000    1     -97.19    -0.03    16.26    -0.03    517    0.000    0.000
   0.823000    2     -85.51     0.20    13.50     0.20    431    0.000    0.000
   0.771000    1     -97.19    -0.06    15.50    -0.06    547    0.000    0.000
   0.771000    2     -85.51     0.23    13.69     0.23    400    0.000    0.000
   0.722000    1     -97.19    -0.16    15.93    -0.16    465    0.000    0.000
   0.722000    2     -85.51     0.31    13.97     0.31    484    0.000    0.000
   0.676000    1     -97.19    -0.05    15.65    -0.05    212    0.000    0.000
   0.676000    2     -85.51     0.32    14.05     0.32    737    0.000    0.000
   0.633000    1     -97.19     0.26    14.38     0.26    300    0.000    0.000
   0.633000    2     -85.51     0.50    12.62     0.50    645    0.000    0.000
   0.592000    1     -97.19    -0.00    14.88    -0.00    417    0.000    0.000
   0.592000    2     -85.51     0.63    13.01     0.63    531    0.000    0.000
   0.554000    1     -97.19     0.10    14.59     0.10    262    0.000    0.000
   0.554000    2     -85.51     0.90    12.70     0.90    684    0.000    0.000
   0.518000    1     -97.19    -0.11    14.70    -0.11    280    0.000    0.000
   0.518000    2     -85.51     1.06    12.37     1.06    667    0.000    0.000
   0.484000    1     -97.19    -0.51    14.82    -0.51    175    0.000    0.000
   0.484000    2     -85.51     0.42    11.15     0.42    761    0.000    0.000
   0.452000    1     -97.19    -0.21    14.49    -0.21    423    0.000    0.000
   0.452000    2     -85.51     0.54    12.34     0.54    520    0.000    0.000
   0.422000    1     -97.19    -0.38    14.26    -0.38    520    0.000    0.000
   0.422000    2     -85.51     1.22    12.06     1.22    424    0.000    0.000
   0.394000    1     -97.19    -0.12    14.50    -0.12    144    0.000    0.000
   0.394000    2     -85.51     0.87    12.88     0.87    795    0.000    0.000
   0.368000    1     -97.19     0.27    14.13     0.27    200    0.000    0.000
   0.368000    2     -85.51     1.38    11.82     1.38    708    0.000    0.000
   0.343000    1     -97.19    -0.28    14.01    -0.28    243    0.000    0.000
   0.343000    2     -85.51     0.71    12.02     0.71    689    0.000    0.000
   0.319000    1     -97.19    -0.55    14.17    -0.55    354    0.000    0.000
   0.319000    2     -85.51     0.66    12.28     0.66    576    0.000    0.000
   0.297000    1     -97.19    -0.51    14.07    -0.51    136    0.000    0.000
   0.297000    2     -85.51     1.38    12.27     1.38    766    0.000    0.000
   0.276000    1     -97.19    -0.60    14.22    -0.60    137    0.000    0.000
   0.276000    2     -85.51     0.74    12.63     0.74    722    0.000    0.000
   0.276000    3     -73.82     4.77     9.94     4.77     83    0.000    0.000
   0.257000    1     -97.19    -1.28    14.16    -1.28     95    0.000    0.000
   0.257000    2     -85.51     0.31    12.69     0.31    734    0.000    0.000
   0.257000    3     -73.82     5.26    10.82     5.26    120    0.000    0.000
   0.239000    2     -85.51     0.38    12.66     0.38    666    0.000    0.000
   0.239000    3     -73.82     4.88    10.85     4.88    233    0.000    0.000
   0.221000    1     -97.19    -1.08    13.54    -1.08    116    0.000    0.000
   0.221000    2     -85.51     0.01    12.40     0.01    681    0.000    0.000
   0.221000    3     -73.82     7.17    10.59     7.16    133    0.000    0.000
   0.205000    1     -97.19    -0.95    13.87    -0.95     51    0.000    0.000
   0.205000    2     -85.51     0.47    12.44     0.47    592    0.000    0.000
   0.205000    3     -73.82     6.50    10.46     6.50    282    0.000    0.000
   0.190000    2     -85.51    -0.04    12.73    -0.04    636    0.000    0.000
   0.190000    3     -73.82     6.02    10.99     6.02    252    0.000    0.000
   0.175000    2     -85.51     0.30    12.35     0.30    505    0.000    0.000
   0.175000    3     -73.82     7.05    10.73     7.05    330    0.000    0.000
   0.175000    4     -62.14    17.35     8.78     8.78     81    0.000    0.000
   0.162000    2     -85.51     0.00    12.28     0.00    519    0.000    0.000
   0.162000    3     -73.82     7.49    10.71     7.49    329    0.000    0.000
   0.162000    4     -62.14    16.81     8.86     8.86     66    0.000    0.000
   0.149000    2     -85.51     0.52    12.26     0.52    533    0.000    0.000
   0.149000    3     -73.82     7.71    10.87     7.70    307    0.000    0.000
   0.149000    4     -62.14    16.76     9.02     9.02     65    0.000    0.000
   0.137000    2     -85.51     1.17    12.20     1.17    342    0.000    0.000
   0.137000    3     -73.82     6.83    11.05     6.83    433    0.000    0.000
   0.137000    4     -62.14    15.90     9.45     9.45    126    0.000    0.000
   0.126000    2     -85.51     0.41    12.05     0.41    403    0.000    0.000
   0.126000    3     -73.82     8.23    10.85     8.23    343    0.000    0.000
   0.126000    4     -62.14    17.52     9.40     9.40    126    0.000    0.000
   0.115000    2     -85.51     1.85    11.89     1.85    216    0.000    0.000
   0.115000    3     -73.82     8.17    10.87     8.17    342    0.000    0.000
   0.115000    4     -62.14    14.76     9.71     9.71    202    0.000    0.000
   0.115000    5     -50.45    27.14     8.35     8.35    100    0.000    0.000
   0.105000    2     -85.51     3.20    11.68     3.20    188    0.000    0.000
   0.105000    3     -73.82     4.80    10.79     4.80    335    0.000    0.000
   0.105000    4     -62.14    16.98     9.59     9.59    247    0.000    0.000
   0.105000    5     -50.45    26.92     8.50     8.50    132    0.000    0.000
   0.096000    2     -85.51    -0.05    11.61    -0.05    142    0.000    0.000
   0.096000    3     -73.82     7.74    10.73     7.74    339    0.000    0.000
   0.096000    4     -62.14    17.26     9.74     9.74    261    0.000    0.000
   0.096000    5     -50.45    27.25     8.55     8.55    117    0.000    0.000
   0.087000    3     -73.82     7.76    10.66     7.76    116    0.000    0.000
   0.087000    4     -62.14    16.94     9.70     9.70    194    0.000    0.000
   0.087000    5     -50.45    27.00     8.75     8.75    241    0.000    0.000
   0.087000    6     -38.77    34.70     7.83     7.83    192    0.000    0.000
   0.087000    7     -27.09    47.70     6.81     6.81    103    0.000    0.000
   0.079000    3     -73.82     6.74    10.44     6.74    146    0.000    0.000
   0.079000    4     -62.14    17.34     9.53     9.53    229    0.000    0.000
   0.079000    5     -50.45    27.52     8.65     8.65    206    0.000    0.000
   0.079000    6     -38.77    37.82     7.70     7.70    138    0.000    0.000
   0.079000    7     -27.09    48.58     6.81     6.81    107    0.000    0.000
   0.079000    8     -15.40    57.05     5.94     5.94     51    0.000    0.000
   0.071000    2     -85.51    -0.93    10.98    -0.93     61    0.000    0.000
   0.071000    3     -73.82     5.92    10.30     5.92    198    0.000    0.000
   0.071000    4     -62.14    16.56     9.46     9.46    191    0.000    0.000
   0.071000    5     -50.45    26.95     8.66     8.66    166    0.000    0.000
   0.071000    6     -38.77    38.54     7.84     7.84    169    0.000    0.000
   0.071000    7     -27.09    49.80     6.96     6.96    101    0.000    0.000
   0.064000    3     -73.82     6.84    10.07     6.84    123    0.000    0.000
   0.064000    4     -62.14    19.11     9.32     9.32    222    0.000    0.000
   0.064000    5     -50.45    28.13     8.63     8.63    263    0.000    0.000
   0.064000    6     -38.77    37.32     7.89     7.89    189    0.000    0.000
   0.064000    7     -27.09    51.25     7.25     7.25     88    0.000    0.000
   0.057000    3     -73.82     8.01     9.90     7.99     84    0.000    0.000
   0.057000    4     -62.14    17.14     9.21     9.21    164    0.000    0.000
   0.057000    5     -50.45    27.44     8.60     8.60    228    0.000    0.000
   0.057000    6     -38.77    39.37     7.97     7.97    166    0.000    0.000
   0.057000    7     -27.09    49.56     7.34     7.34    109    0.000    0.000
   0.057000    8     -15.40    60.03     6.68     6.68     81    0.000    0.000
   0.057000    9      -3.72    73.77     5.97     5.97     52    0.000    0.000
   0.050000    5     -50.45    27.98     8.44     8.44     60    0.000    0.000
   0.050000    6     -38.77    40.43     7.81     7.81     64    0.000    0.000
   0.050000    7     -27.09    52.67     7.19     7.19     80    0.000    0.000
   0.050000    8     -15.40    60.73     6.63     6.63     91    0.000    0.000
   0.050000    9      -3.72    73.16     6.07     6.07    103    0.000    0.000
   0.050000   10       7.97    84.15     5.50     5.50     87    0.000    0.000
   0.050000   11      19.65    95.87     4.90     4.90     96    0.000    0.000
   0.050000   12      31.33   106.79     4.32     4.32     85    0.000    0.000
   0.050000   13      43.02   116.74     3.75     3.75     90    0.000    0.000
   0.050000   14      54.70   128.81     3.23     3.23     71    0.000    0.000
   0.044000    4     -62.14    18.48     8.61     8.61     87    0.000    0.000
   0.044000    5     -50.45    28.80     8.15     8.15    147    0.000    0.000
   0.044000    6     -38.77    38.41     7.69     7.69    133    0.000    0.000
   0.044000    7     -27.09    48.56     7.14     7.14     76    0.000    0.000
   0.044000    8     -15.40    61.01     6.61     6.61     65    0.000    0.000
   0.044000    9      -3.72    73.11     6.08     6.08     70    0.000    0.000
   0.044000   10       7.97    83.21     5.57     5.57     59    0.000    0.000
   0.044000   11      19.65    93.38     5.05     5.05     64    0.000    0.000
   0.044000   12      31.33   106.67     4.57     4.57     65    0.000    0.000
   0.044000   13      43.02   116.51     4.04     4.04     55    0.000    0.000
   0.044000   14      54.70   128.47     3.52     3.52     54    0.000    0.000
   0.039000    5     -50.45    28.13     7.91     7.91     52    0.000    0.000
   0.039000    6     -38.77    39.94     7.42     7.42     76    0.000    0.000
   0.039000    7     -27.09    49.17     6.98     6.98     76    0.000    0.000
   0.039000    8     -15.40    60.27     6.52     6.52     77    0.000    0.000
   0.039000    9      -3.72    73.26     6.09     6.09     92    0.000    0.000
   0.039000   10       7.97    81.20     5.70     5.70    118    0.000    0.000
   0.039000   11      19.65    92.47     5.23     5.23     97    0.000    0.000
   0.039000   12      31.33   105.18     4.73     4.73     71    0.000    0.000
   0.039000   13      43.02   117.36     4.28     4.28     78    0.000    0.000
   0.039000   16      78.07   151.26     2.92     2.92     52    0.000    0.000
   0.033000    8     -15.40    60.20     6.32     6.32     60    0.000    0.000
   0.033000    9      -3.72    70.78     5.95     5.95     70    0.000    0.000
   0.033000   10       7.97    85.20     5.51     5.51    104    0.000    0.000
   0.033000   11      19.65    95.27     5.12     5.12    108    0.000    0.000
   0.033000   12      31.33   105.08     4.74     4.74    108    0.000    0.000
   0.033000   13      43.02   117.79     4.38     4.38    108    0.000    0.000
   0.033000   14      54.70   129.13     4.01     4.01     98    0.000    0.000
   0.033000   15      66.39   138.76     3.64     3.64    103    0.000    0.000
   0.033000   16      78.07   150.03     3.26     3.26     65    0.000    0.000
   0.028000   11      19.65    95.19     5.02     5.02     88    0.000    0.000
   0.028000   12      31.33   106.93     4.71     4.71    117    0.000    0.000
   0.028000   13      43.02   118.38     4.38     4.38    132    0.000    0.000
   0.028000   14      54.70   129.01     4.07     4.07    151    0.000    0.000
   0.028000   15      66.39   139.76     3.76     3.76    151    0.000    0.000
   0.028000   16      78.07   151.67     3.41     3.41     91    0.000    0.000
   0.028000   17      89.76   163.70     3.09     3.09     72    0.000    0.000
   0.023000   11      19.65    92.38     4.93     4.93     66    0.000    0.000
   0.023000   12      31.33   104.34     4.66     4.66     70    0.000    0.000
   0.023000   13      43.02   115.99     4.37     4.37     84    0.000    0.000
   0.023000   14      54.70   127.13     4.11     4.11     83    0.000    0.000
   0.023000   15      66.39   136.58     3.84     3.84    100    0.000    0.000
   0.023000   16      78.07   150.83     3.60     3.60     87    0.000    0.000
   0.023000   17      89.76   162.18     3.32     3.32     69    0.000    0.000
   0.019000   11      19.65    91.23     4.71     4.71     51    0.000    0.000
   0.019000   12      31.33   102.48     4.50     4.50     69    0.000    0.000
   0.019000   13      43.02   113.86     4.27     4.27     95    0.000    0.000
   0.019000   14      54.70   123.15     4.05     4.05    127    0.000    0.000
   0.019000   15      66.39   137.75     3.84     3.84    150    0.000    0.000
   0.019000   16      78.07   146.93     3.62     3.62    137    0.000    0.000
   0.019000   17      89.76   160.92     3.41     3.41    117    0.000    0.000
   0.019000   18     101.44   171.74     3.21     3.21     83    0.000    0.000
   0.015000   11      19.65    93.20     4.53     4.53     63    0.000    0.000
   0.015000   12      31.33   106.36     4.33     4.33     89    0.000    0.000
   0.015000   13      43.02   114.98     4.16     4.16    120    0.000    0.000
   0.015000   14      54.70   127.99     4.00     4.00     76    0.000    0.000
   0.015000   15      66.39   139.85     3.82     3.82     81    0.000    0.000
   0.015000   16      78.07   150.20     3.64     3.64    120    0.000    0.000
   0.015000   17      89.76   159.45     3.48     3.48    110    0.000    0.000
   0.015000   18     101.44   172.05     3.29     3.29     72    0.000    0.000
   0.011000   14      54.70   128.13     3.88     3.88     83    0.000    0.000
   0.011000   15      66.39   137.62     3.76     3.76     98    0.000    0.000
   0.011000   16      78.07   151.20     3.63     3.63    125    0.000    0.000
   0.011000   17      89.76   161.28     3.50     3.50    134    0.000    0.000
   0.011000   18     101.44   173.71     3.38     3.38    126    0.000    0.000
   0.011000   19     113.12   183.76     3.26     3.26     89    0.000    0.000
   0.007000   16      78.07   150.93     3.50     3.50     90    0.000    0.000
   0.007000   17      89.76   162.43     3.42     3.42     93    0.000    0.000
   0.007000   18     101.44   172.50     3.34     3.34    105    0.000    0.000
   0.007000   19     113.12   186.82     3.26     3.26     98    0.000    0.000
   0.007000   20     124.81   197.08     3.17     3.17     82    0.000    0.000
   0.007000   21     136.49   207.56     3.09     3.09     77    0.000    0.000
   0.007000   22     148.18   219.23     3.02     3.02     50    0.000    0.000
   0.007000   23     159.86   232.11     2.93     2.93     52    0.000    0.000
   0.003000   15      66.39   138.26     3.31     3.31     67    0.000    0.000
   0.003000   16      78.07   150.68     3.27     3.27     69    0.000    0.000
   0.003000   17      89.76   159.86     3.24     3.24     60    0.000    0.000
   0.003000   18     101.44   173.20     3.20     3.20     99    0.000    0.000
   0.003000   19     113.12   184.10     3.17     3.17     80    0.000    0.000
   0.003000   20     124.81   196.34     3.13     3.13     98    0.000    0.000
   0.003000   21     136.49   207.92     3.10     3.10     82    0.000    0.000
   0.003000   22     148.18   217.01     3.07     3.07     62    0.000    0.000
   0.000000   20     124.81   196.74     2.97     2.97     59    0.000    0.000


# Part 3: Bin-averaged summary:
# bin  energy gap  <dGg> <dGg norm> pts  <c1**2> <c2**2> <r_xy>
   1    -97.19    -0.16     0.00   6823   0.000   0.000   0.000
   2    -85.51     0.58     0.74  18375   0.000   0.000   0.000
   3    -73.82     6.84     7.01   4528   0.000   0.000   0.000
   4    -62.14     9.43     9.60   2261   0.000   0.000   0.000
   5    -50.45     8.55     8.71   1712   0.000   0.000   0.000
   6    -38.77     7.80     7.96   1127   0.000   0.000   0.000
   7    -27.09     7.05     7.21    740   0.000   0.000   0.000
   8    -15.40     6.49     6.65    425   0.000   0.000   0.000
   9     -3.72     6.04     6.20    387   0.000   0.000   0.000
  10      7.97     5.58     5.74    368   0.000   0.000   0.000
  11     19.65     4.97     5.13    633   0.000   0.000   0.000
  12     31.33     4.58     4.74    674   0.000   0.000   0.000
  13     43.02     4.22     4.38    762   0.000   0.000   0.000
  14     54.70     3.92     4.08    743   0.000   0.000   0.000
  15     66.39     3.74     3.90    750   0.000   0.000   0.000
  16     78.07     3.49     3.65    836   0.000   0.000   0.000
  17     89.76     3.38     3.54    655   0.000   0.000   0.000
  18    101.44     3.29     3.45    485   0.000   0.000   0.000
  19    113.12     3.23     3.39    267   0.000   0.000   0.000
  20    124.81     3.11     3.27    239   0.000   0.000   0.000
  21    136.49     3.10     3.26    159   0.000   0.000   0.000
  22    148.18     3.04     3.21    112   0.000   0.000   0.000
  23    159.86     2.93     3.09     52   0.000   0.000   0.000


# Part 4: Termodynamic integration:
# lambda(1)      dGti    sum(dGti) 
   1.000000    0.000    0.000
   0.938000   19.012    1.117
   0.879000   17.022    2.092
   0.823000   16.026    2.995
   0.771000   16.208    3.832
   0.722000   15.998    4.612
   0.676000   15.822    5.323
   0.633000   15.117    5.952
   0.592000   14.151    6.532
   0.554000   14.133    7.052
   0.518000   13.250    7.521
   0.484000   12.788    7.963
   0.452000   13.186    8.387
   0.422000   13.321    8.778
   0.394000   12.756    9.125
   0.368000   12.026    9.420
   0.343000   10.652    9.693
   0.319000   11.228    9.968
   0.297000   11.695   10.205
   0.276000    9.815   10.413
   0.257000   10.037   10.601
   0.239000    9.710   10.760
   0.221000    7.965   10.905
   0.205000    8.119   11.018
   0.190000    6.022   11.116
   0.175000    7.058   11.193
   0.162000    3.134   11.232
   0.149000    2.936   11.274
   0.137000    3.519   11.295
   0.126000    0.036   11.296
   0.115000    0.150   11.256
   0.105000   -7.413   11.176
   0.096000   -8.579   11.091
   0.087000  -10.446   10.932
   0.079000  -24.787   10.721
   0.071000  -28.091   10.514
   0.064000  -23.578   10.340
   0.057000  -26.230   10.124
   0.050000  -35.325    9.712
   0.044000  -82.533    9.265
   0.039000  -66.329    8.881
   0.033000  -87.427    8.306
   0.028000 -104.011    7.730
   0.023000 -126.442    7.062
   0.019000 -141.065    6.491
   0.015000 -144.092    5.917
   0.011000 -143.119    5.295
   0.007000 -167.744    4.543
   0.003000 -208.299    3.703
   0.000000 -211.558    2.919


# Part 5: Overlap sampling Lu et al:
# lambda(1)      dG    sum(dG) 
   1.000000    0.000    0.000
   0.938000    1.117    1.117
   0.879000    0.975    2.092
   0.823000    0.903    2.994
   0.771000    0.838    3.832
   0.722000    0.780    4.612
   0.676000    0.711    5.323
   0.633000    0.630    5.953
   0.592000    0.580    6.532
   0.554000    0.520    7.053
   0.518000    0.469    7.522
   0.484000    0.442    7.964
   0.452000    0.424    8.387
   0.422000    0.392    8.779
   0.394000    0.347    9.126
   0.368000    0.295    9.421
   0.343000    0.273    9.694
   0.319000    0.275    9.970
   0.297000    0.237   10.206
   0.276000    0.209   10.415
   0.257000    0.187   10.603
   0.239000    0.160   10.762
   0.221000    0.145   10.907
   0.205000    0.113   11.021
   0.190000    0.098   11.118
   0.175000    0.077   11.196
   0.162000    0.040   11.235
   0.149000    0.042   11.277
   0.137000    0.022   11.299
   0.126000    0.001   11.300
   0.115000   -0.037   11.263
   0.105000   -0.081   11.181
   0.096000   -0.085   11.096
   0.087000   -0.157   10.939
   0.079000   -0.210   10.729
   0.071000   -0.207   10.522
   0.064000   -0.176   10.346
   0.057000   -0.213   10.133
   0.050000   -0.403    9.730
   0.044000   -0.445    9.285
   0.039000   -0.385    8.900
   0.033000   -0.577    8.323
   0.028000   -0.578    7.745
   0.023000   -0.658    7.087
   0.019000   -0.578    6.509
   0.015000   -0.572    5.936
   0.011000   -0.622    5.314
   0.007000   -0.749    4.566
   0.003000   -0.838    3.728
   0.000000   -0.773    2.955


# lambda(1)      dG    sum(dG) 
# Part 6: BAR Bennet:
   1.000000    0.000    0.000
   0.938000    1.117    1.117
   0.879000    0.975    2.092
   0.823000    0.903    2.995
   0.771000    0.837    3.832
   0.722000    0.780    4.612
   0.676000    0.712    5.324
   0.633000    0.629    5.953
   0.592000    0.580    6.533
   0.554000    0.520    7.053
   0.518000    0.469    7.522
   0.484000    0.442    7.964
   0.452000    0.424    8.388
   0.422000    0.391    8.779
   0.394000    0.347    9.126
   0.368000    0.295    9.421
   0.343000    0.274    9.695
   0.319000    0.275    9.970
   0.297000    0.237   10.207
   0.276000    0.209   10.415
   0.257000    0.188   10.603
   0.239000    0.159   10.762
   0.221000    0.145   10.907
   0.205000    0.113   11.021
   0.190000    0.098   11.119
   0.175000    0.077   11.196
   0.162000    0.040   11.235
   0.149000    0.042   11.278
   0.137000    0.022   11.299
   0.126000    0.001   11.301
   0.115000   -0.039   11.262
   0.105000   -0.079   11.183
   0.096000   -0.085   11.097
   0.087000   -0.158   10.940
   0.079000   -0.211   10.729
   0.071000   -0.206   10.523
   0.064000   -0.174   10.349
   0.057000   -0.215   10.134
   0.050000   -0.409    9.724
   0.044000   -0.446    9.278
   0.039000   -0.384    8.895
   0.033000   -0.575    8.320
   0.028000   -0.577    7.744
   0.023000   -0.667    7.077
   0.019000   -0.570    6.507
   0.015000   -0.574    5.933
   0.011000   -0.621    5.312
   0.007000   -0.750    4.561
   0.003000   -0.837    3.724
   0.000000   -0.779    2.945
