--------------------------------------------------------------------------------
Welcome to qprep version: 6.0.1
 
This version was compiled using: GCC version 9.4.0
 
And using the following compiler options: 
-mtune=generic -march=x86-64 -O3 -Wall -std=legacy -ffree-line-length-none -fcray-pointer -fall-intrinsics -fpre-include=/usr/include/finclude/math-vector-fortran.h

 
For command line options type qprep --help  or qprep -h at the terminal.
 
If you are using the interactive mode you can type "help"
at the prompt. To quit type "quit".
--------------------------------------------------------------------------------

qprep> 
Reading molecular library R2A.lib

name  atoms  net Q  bonds  rules   imps Q-grps
R2A      28   1.00     27      0      6    none, creating default

Accumulated no. of library entries loaded =   1

qprep> 
Reading molecular library OPLSAAM.lib

name  atoms  net Q  bonds  rules   imps Q-grps
ALA      10   0.00      9      0      2      3
ARG      24   1.00     23      0      6      4
ARN      23   0.00     22      0      4      4
ASN      14   0.00     13      0      4      5
ASP      12  -1.00     11      0      3      3
ASH      13   0.00     12      0      3      3
CYS      11   0.00     10      0      2      3
CYX      10   0.00      9      0      2      3
GLN      17   0.00     16      0      4      6
GLU      15  -1.00     14      0      3      4
GLH      16   0.00     15      0      3      4
GLY       7   0.00      6      0      2      2
HID      17  -0.00     17      0      6      3
HIE      17  -0.00     17      0      6      3
HIP      18   1.00     18      0      7      3
ILE      19   0.00     18      0      2      6
LEU      19   0.00     18      0      2      6
LYS      22   1.00     21      0      2      6
LYN      21   0.00     20      0      2      6
MET      17   0.00     16      0      2      4
PHE      20   0.00     20      0      8      8
PRO      14   0.00     14      0      2      4
SER      11   0.00     10      0      2      3
THR      14   0.00     13      0      2      4
TRP      24   0.00     25      0     11      8
TYR      21   0.00     21      0      8      8
VAL      16   0.00     15      0      2      5
ACE       6  -0.00      5      0      1      2
NMA       6   0.00      5      0      1      1
NALA     12   1.00     11      0      1      3
NARG     26   2.00     25      0      5      4
NARN     25   1.00     24      0      5      4
NASN     16   1.00     15      0      3      5
NASP     14   0.00     13      0      2      3
NASH     15   1.00     14      0      2      3
NCYS     13   1.00     12      0      1      3
NCYX     12   1.00     11      0      1      3
NGLN     19   1.00     18      0      3      6
NGLU     17   0.00     16      0      2      4
NGLH     18   1.00     17      0      2      4
NGLY      9   1.00      8      0      1      2
NHID     19   1.00     19      0      5      3
NHIE     19   1.00     19      0      5      3
NHIP     20   2.00     20      0      6      3
NILE     21   1.00     20      0      1      6
NLEU     21   1.00     20      0      1      6
NLYS     24   2.00     23      0      1      6
NLYN     23   1.00     22      0      1      6
NMET     19   1.00     18      0      1      4
NPHE     22   1.00     22      0      7      8
NPRO     16   1.00     16      0      1      4
NSER     13   1.00     12      0      1      3
NTHR     16   1.00     15      0      1      4
NTRP     26   1.00     27      0     10      8
NTYR     23   1.00     23      0      7      8
NVAL     18   1.00     17      0      1      5
CALA     11  -1.00     10      0      2      2
CARG     25  -0.00     24      0      6      3
CARN     24  -1.00     23      0      5      3
CASN     15  -1.00     14      0      4      4
CASP     13  -2.00     12      0      3      2
CASH     14  -1.00     13      0      3      2
CCYS     12  -1.00     11      0      2      2
CCYX     11  -1.00     10      0      2      2
CGLN     18  -1.00     17      0      4      5
CGLU     16  -2.00     15      0      3      3
CGLH     17  -1.00     16      0      3      3
CGLY      8  -1.00      7      0      2      1
CHID     18  -1.00     18      0      6      2
CHIE     18  -1.00     18      0      6      2
CHIP     19  -0.00     19      0      7      2
CILE     20  -1.00     19      0      2      5
CLEU     20  -1.00     19      0      2      5
CLYS     23   0.00     22      0      2      5
CLYN     22  -1.00     21      0      2      5
CMET     18  -1.00     17      0      2      3
CPHE     21  -1.00     21      0      8      7
CPRO     15  -1.00     15      0      2      3
CSER     12  -1.00     11      0      2      2
CTHR     15  -1.00     14      0      2      3
CTRP     25  -1.00     26      0     11      7
CTYR     22  -1.00     22      0      8      7
CVAL     17  -1.00     16      0      2      4
TIP3      3   0.00      3      0      0      1
HOH       3   0.00      3      0      0      1
WAT       3   0.00      3      0      0      1
SOL       3   0.00      3      0      0      1
Na+       1   1.00      0      0      0      1
SOD       1   1.00      0      0      0      1
Cl-       1  -1.00      0      0      0      1
CLA       1  -1.00      0      0      0      1
ZN        1   2.00      0      0      0      1
MG2       7   2.00     18      0      0      1
PO4       6  -2.00      5      0      0      1
POPC     52   0.00     51      0      3     18
DUM       1   0.00      0      0      0      1

Accumulated no. of library entries loaded =  97

qprep> 
Reading force field parameter file.
Forcefield type:               AMBER
Lennard-Jones combination rule:GEOMETRIC
Scaling of 1-4 electrostatics: 0.500
Cut-off rule:                  switching atoms
Improper potential:            PERIODIC
Improper generation:           EXPLICIT
Coulomb constant:              332.0716
Read   96 atom types
Read    0 atom type alias names
Read    0 LJ type 2 pairs
Read  177 bond types
Read   47 unique bond parameters
>>>>> WARNING: No SYBYL bond type for one or more bond types.
Read  463 angle types
Read   78  unique angle parameters
Read 1479 torsion types
Read  215 unique torsion parameters
Read  107 improper types
Force field parameters successfully read.

qprep> 
PDB file contains  1052 atoms.
The number of atoms in the topology will be  1052
molecule    1: MET     1 - GLY    64

Successfully read PDB file with    1 molecules,
   64 residues total (   64 in solute).
 1052 atoms total ( 1052 in solute).

Sequence listing:

MET  LYS  THR  GLU  TRP  PRO  GLU  LEU  VAL  GLY  LYN  SER  VAL  ALA  ALA  ALA 
LYS  LYN  VAL  ILE  LEU  GLN  ASP  LYS  PRO  GLU  ALA  GLN  ILE  ILE  VAL  LEU 
PRO  VAL  GLY  THR  ILE  VAL  THR  MET  GLU  TYR  R2A  ILE  ASP  ARG  VAL  ARG 
LEU  PHE  VAL  ASH  LYN  LEU  ASH  ASN  ILE  ALA  GLN  VAL  PRO  ARG  VAL  GLY 

qprep> 
Simulation sphere center                =      2.638   9.425   8.870
Simulation radius                       =     25.000
qprep> 
Solvation sphere center                 =      2.638   9.425   8.870
Radius of sphere in solvent file        =     25.000
Library entry used to generate solvent  =       HOH 
No. of molecules in solvent file           =       1772
No. of solvent molecules in the sphere:******
Minimum distance to solute heavy atoms (solvent_pack):  2.40 A
No. of solvent molecules to add to the system:  1772
qprep> Assigned  6368 atom types.
Assigned  6368 atomic charges.
Made      1059 solute bonds.
Made         0 extra bonds.
Made      5316 solvent bonds.
Made      1941 solute angles.
Made      1772 solvent angles.
Made      3925 solute torsions.
Made         0 solvent torsions.
Made       179 solute impropers.
Made         0 solvent impropers.
Made      2820 entries in the 1-4 neighbour list.
Made         9 entries in the long-range 1-4 neighbour list.
Made     10087 entries in list of excluded neighbours.
Made         1 entries in list of long-range excluded neighbours.
Made         0 solute hydrogens.
Made         0 solvent hydrogens.
Made      288 solute  charge groups comprising a total of   1010 atoms.
Made     1772 solvent charge groups comprising a total of   5316 atoms.
Skipped    12excluded charge groups comprising a total of     42 atoms.
Effective water radius                     : 24.45
Topology successfully generated.
qprep> 
---------------------------- Writing topology file ---------------------------
solute atoms                :   1052
solvent atoms               :   5316
coordinates                 :  19104
integer atom codes          :   6368
solute bonds                :   1059
solvent bonds               :   5316
bond parameters             :     27
solute angles               :   1941
solvent angles              :   1772
angle parameters            :     48
torsions                    :   3925
torsion parameters          :    161
impropers                   :    179
improper parameters         :     25
charges                     :   6368
total charge of not excluded:   1.00
charge groups               :   2060
atom type parameters        :     96
polar LJ pairs              :      0
neighbour list              :   2820
long-range neighbour list   :      9
neighbour exclusion list    :  10087
long-range exclusions       :      1
residues                    :   1836
molecules                   :   1773
Atom type names             :     96
SYBYL type information      :     96
excluded atom list          :     42

qprep> 

PDB file successfully written.

qprep> ---------------------------- Reading topology file ---------------------------
MKC_p                                                                           

No. of solute atoms     =       1052
No. of solvent atoms    =       5316
No. of coordinates      =      19104
No. of atom type codes  =       6368
No. of solute bonds     =       1059
No. of solvent bonds    =       5316
No. of solute angles    =       1941
No. of solvent angles   =       1772
No. of solute torsions  =       3925
No. of solvent torsions =          0
No. of solute impropers =        179
No. of solvent impropers=          0
No. of atomic charges   =       6368
No. of solute chargegrps=        288
No. of solvent chargegps=       1772
Charge group cut-off    : Switching atoms
vdW  rule [ 1=G / 2=A ] =          1
El-static 1-4 damping   =      0.500
Coulomb constant        =   332.0716
No. of atom types       =         96
No. of LJ type 2 pairs  =          0
No. of heavy atoms      =       2277
No. of 1-4 neighbours   =       2820
No. long-range 1-4 nbrs =          9
No. of nbor exclusions  =      10087
No. of long-range excls =          1
No. of residues         =       1836
No of solute residues   =         64
No. of molecules        =       1773
Atom type names         =         96
SYBYL atom types        =         96
Boundary: sphere
Exclusion radius        =     25.000
Eff. solvent radius     =     24.450
Solute center           =      2.638     9.425     8.870
Solvent center          =      2.638     9.425     8.870
No. of excluded atoms   =         42
Molecular topology read successfully.

qprep> The current mask contains  6368 atoms.
Mask cleared.
qprep> The current mask contains     0 atoms.
  6326 atoms added to mask which now contains  6326 atoms.
qprep> 

PDB file successfully written.

qprep> 